<?xml version="1.0" encoding="UTF-8"?>
<testsuite name="tourGuide.TestPerformance" tests="2" skipped="0" failures="0" errors="0" timestamp="2022-09-30T10:29:20" hostname="ALIENWARE-M15R4" time="113.212">
  <properties/>
  <testcase name="highVolumeTrackLocation" classname="tourGuide.TestPerformance" time="1.08"/>
  <testcase name="highVolumeGetRewards" classname="tourGuide.TestPerformance" time="112.131"/>
  <system-out><![CDATA[12:29:20.628 [Test worker] INFO tourGuide.service.TourGuideService - TestMode enabled
12:29:20.636 [Test worker] DEBUG tourGuide.service.TourGuideService - Initializing users
12:29:21.254 [Test worker] DEBUG tourGuide.service.TourGuideService - Created 100000 internal test users.
12:29:21.254 [Test worker] DEBUG tourGuide.service.TourGuideService - Finished initializing users
12:29:21.275 [pool-1-thread-1] DEBUG tourGuide.tracker.Tracker - Begin Tracker. Tracking 100000 users.
highVolumeTrackLocation: Time Elapsed: 0 seconds.
12:29:21.590 [Test worker] INFO tourGuide.service.TourGuideService - TestMode enabled
12:29:21.590 [Test worker] DEBUG tourGuide.service.TourGuideService - Initializing users
12:29:22.055 [Test worker] DEBUG tourGuide.service.TourGuideService - Created 100000 internal test users.
12:29:22.055 [Test worker] DEBUG tourGuide.service.TourGuideService - Finished initializing users
12:29:22.062 [pool-2-thread-1] DEBUG tourGuide.tracker.Tracker - Begin Tracker. Tracking 100000 users.
highVolumeGetRewards: Time Elapsed: 112 seconds.
]]></system-out>
  <system-err><![CDATA[sept. 30, 2022 12:29:20 PM org.javamoney.moneta.DefaultMonetaryContextFactory createMonetaryContextNonNullConfig
INFOS: Using custom MathContext: precision=256, roundingMode=HALF_EVEN
Exception in thread "Thread-23" java.lang.NumberFormatException: For input string: "-18,977676"
	at sun.misc.FloatingDecimal.readJavaFormatString(FloatingDecimal.java:2043)
	at sun.misc.FloatingDecimal.parseDouble(FloatingDecimal.java:110)
	at java.lang.Double.parseDouble(Double.java:538)
	at gpsUtil.GpsUtil.getUserLocation(GpsUtil.java:30)
	at tourGuide.service.TourGuideService.trackUserLocation(TourGuideService.java:84)
	at tourGuide.service.TourGuideService$1.run(TourGuideService.java:115)
Exception in thread "Thread-29" java.lang.NumberFormatException: For input string: "62,604277"
	at sun.misc.FloatingDecimal.readJavaFormatString(FloatingDecimal.java:2043)
	at sun.misc.FloatingDecimal.parseDouble(FloatingDecimal.java:110)
	at java.lang.Double.parseDouble(Double.java:538)
	at gpsUtil.GpsUtil.getUserLocation(GpsUtil.java:30)
	at tourGuide.service.TourGuideService.trackUserLocation(TourGuideService.java:84)
	at tourGuide.service.TourGuideService$1.run(TourGuideService.java:115)
Exception in thread "Thread-13" java.lang.NumberFormatException: For input string: "58,208728"
	at sun.misc.FloatingDecimal.readJavaFormatString(FloatingDecimal.java:2043)
	at sun.misc.FloatingDecimal.parseDouble(FloatingDecimal.java:110)
	at java.lang.Double.parseDouble(Double.java:538)
	at gpsUtil.GpsUtil.getUserLocation(GpsUtil.java:30)
	at tourGuide.service.TourGuideService.trackUserLocation(TourGuideService.java:84)
	at tourGuide.service.TourGuideService$1.run(TourGuideService.java:115)
Exception in thread "Thread-30" java.lang.NumberFormatException: For input string: "14,930951"
	at sun.misc.FloatingDecimal.readJavaFormatString(FloatingDecimal.java:2043)
	at sun.misc.FloatingDecimal.parseDouble(FloatingDecimal.java:110)
	at java.lang.Double.parseDouble(Double.java:538)
	at gpsUtil.GpsUtil.getUserLocation(GpsUtil.java:30)
	at tourGuide.service.TourGuideService.trackUserLocation(TourGuideService.java:84)
	at tourGuide.service.TourGuideService$1.run(TourGuideService.java:115)
Exception in thread "Thread-53" java.lang.NumberFormatException: For input string: "147,545236"
	at sun.misc.FloatingDecimal.readJavaFormatString(FloatingDecimal.java:2043)
	at sun.misc.FloatingDecimal.parseDouble(FloatingDecimal.java:110)
	at java.lang.Double.parseDouble(Double.java:538)
	at gpsUtil.GpsUtil.getUserLocation(GpsUtil.java:30)
	at tourGuide.service.TourGuideService.trackUserLocation(TourGuideService.java:84)
	at tourGuide.service.TourGuideService$1.run(TourGuideService.java:115)
Exception in thread "Thread-17" java.lang.NumberFormatException: For input string: "115,922358"
	at sun.misc.FloatingDecimal.readJavaFormatString(FloatingDecimal.java:2043)
	at sun.misc.FloatingDecimal.parseDouble(FloatingDecimal.java:110)
	at java.lang.Double.parseDouble(Double.java:538)
	at gpsUtil.GpsUtil.getUserLocation(GpsUtil.java:30)
	at tourGuide.service.TourGuideService.trackUserLocation(TourGuideService.java:84)
	at tourGuide.service.TourGuideService$1.run(TourGuideService.java:115)
Exception in thread "Thread-32" java.lang.NumberFormatException: For input string: "-60,768832"
	at sun.misc.FloatingDecimal.readJavaFormatString(FloatingDecimal.java:2043)
	at sun.misc.FloatingDecimal.parseDouble(FloatingDecimal.java:110)
	at java.lang.Double.parseDouble(Double.java:538)
	at gpsUtil.GpsUtil.getUserLocation(GpsUtil.java:30)
	at tourGuide.service.TourGuideService.trackUserLocation(TourGuideService.java:84)
	at tourGuide.service.TourGuideService$1.run(TourGuideService.java:115)
Exception in thread "Thread-12" java.lang.NumberFormatException: For input string: "-10,946770"
	at sun.misc.FloatingDecimal.readJavaFormatString(FloatingDecimal.java:2043)
	at sun.misc.FloatingDecimal.parseDouble(FloatingDecimal.java:110)
	at java.lang.Double.parseDouble(Double.java:538)
	at gpsUtil.GpsUtil.getUserLocation(GpsUtil.java:30)
	at tourGuide.service.TourGuideService.trackUserLocation(TourGuideService.java:84)
	at tourGuide.service.TourGuideService$1.run(TourGuideService.java:115)
Exception in thread "Thread-18" java.lang.NumberFormatException: For input string: "-103,822032"
	at sun.misc.FloatingDecimal.readJavaFormatString(FloatingDecimal.java:2043)
	at sun.misc.FloatingDecimal.parseDouble(FloatingDecimal.java:110)
	at java.lang.Double.parseDouble(Double.java:538)
	at gpsUtil.GpsUtil.getUserLocation(GpsUtil.java:30)
	at tourGuide.service.TourGuideService.trackUserLocation(TourGuideService.java:84)
	at tourGuide.service.TourGuideService$1.run(TourGuideService.java:115)
Exception in thread "Thread-24" java.lang.NumberFormatException: For input string: "16,538179"
	at sun.misc.FloatingDecimal.readJavaFormatString(FloatingDecimal.java:2043)
	at sun.misc.FloatingDecimal.parseDouble(FloatingDecimal.java:110)
	at java.lang.Double.parseDouble(Double.java:538)
	at gpsUtil.GpsUtil.getUserLocation(GpsUtil.java:30)
	at tourGuide.service.TourGuideService.trackUserLocation(TourGuideService.java:84)
	at tourGuide.service.TourGuideService$1.run(TourGuideService.java:115)
Exception in thread "Thread-25" java.lang.NumberFormatException: For input string: "121,690460"
	at sun.misc.FloatingDecimal.readJavaFormatString(FloatingDecimal.java:2043)
	at sun.misc.FloatingDecimal.parseDouble(FloatingDecimal.java:110)
	at java.lang.Double.parseDouble(Double.java:538)
	at gpsUtil.GpsUtil.getUserLocation(GpsUtil.java:30)
	at tourGuide.service.TourGuideService.trackUserLocation(TourGuideService.java:84)
	at tourGuide.service.TourGuideService$1.run(TourGuideService.java:115)
Exception in thread "Thread-21" java.lang.NumberFormatException: For input string: "140,697193"
	at sun.misc.FloatingDecimal.readJavaFormatString(FloatingDecimal.java:2043)
	at sun.misc.FloatingDecimal.parseDouble(FloatingDecimal.java:110)
	at java.lang.Double.parseDouble(Double.java:538)
	at gpsUtil.GpsUtil.getUserLocation(GpsUtil.java:30)
	at tourGuide.service.TourGuideService.trackUserLocation(TourGuideService.java:84)
	at tourGuide.service.TourGuideService$1.run(TourGuideService.java:115)
Exception in thread "Thread-38" java.lang.NumberFormatException: For input string: "99,257365"
	at sun.misc.FloatingDecimal.readJavaFormatString(FloatingDecimal.java:2043)
	at sun.misc.FloatingDecimal.parseDouble(FloatingDecimal.java:110)
	at java.lang.Double.parseDouble(Double.java:538)
	at gpsUtil.GpsUtil.getUserLocation(GpsUtil.java:30)
	at tourGuide.service.TourGuideService.trackUserLocation(TourGuideService.java:84)
	at tourGuide.service.TourGuideService$1.run(TourGuideService.java:115)
Exception in thread "Thread-33" java.lang.NumberFormatException: For input string: "8,977606"
	at sun.misc.FloatingDecimal.readJavaFormatString(FloatingDecimal.java:2043)
	at sun.misc.FloatingDecimal.parseDouble(FloatingDecimal.java:110)
	at java.lang.Double.parseDouble(Double.java:538)
	at gpsUtil.GpsUtil.getUserLocation(GpsUtil.java:30)
	at tourGuide.service.TourGuideService.trackUserLocation(TourGuideService.java:84)
	at tourGuide.service.TourGuideService$1.run(TourGuideService.java:115)
Exception in thread "Thread-59" java.lang.NumberFormatException: For input string: "-112,154953"
	at sun.misc.FloatingDecimal.readJavaFormatString(FloatingDecimal.java:2043)
	at sun.misc.FloatingDecimal.parseDouble(FloatingDecimal.java:110)
	at java.lang.Double.parseDouble(Double.java:538)
	at gpsUtil.GpsUtil.getUserLocation(GpsUtil.java:30)
	at tourGuide.service.TourGuideService.trackUserLocation(TourGuideService.java:84)
	at tourGuide.service.TourGuideService$1.run(TourGuideService.java:115)
Exception in thread "Thread-62" java.lang.NumberFormatException: For input string: "-113,663468"
	at sun.misc.FloatingDecimal.readJavaFormatString(FloatingDecimal.java:2043)
	at sun.misc.FloatingDecimal.parseDouble(FloatingDecimal.java:110)
	at java.lang.Double.parseDouble(Double.java:538)
	at gpsUtil.GpsUtil.getUserLocation(GpsUtil.java:30)
	at tourGuide.service.TourGuideService.trackUserLocation(TourGuideService.java:84)
	at tourGuide.service.TourGuideService$1.run(TourGuideService.java:115)
Exception in thread "Thread-19" java.lang.NumberFormatException: For input string: "-21,954829"
	at sun.misc.FloatingDecimal.readJavaFormatString(FloatingDecimal.java:2043)
	at sun.misc.FloatingDecimal.parseDouble(FloatingDecimal.java:110)
	at java.lang.Double.parseDouble(Double.java:538)
	at gpsUtil.GpsUtil.getUserLocation(GpsUtil.java:30)
	at tourGuide.service.TourGuideService.trackUserLocation(TourGuideService.java:84)
	at tourGuide.service.TourGuideService$1.run(TourGuideService.java:115)
Exception in thread "Thread-42" java.lang.NumberFormatException: For input string: "-48,885355"
	at sun.misc.FloatingDecimal.readJavaFormatString(FloatingDecimal.java:2043)
	at sun.misc.FloatingDecimal.parseDouble(FloatingDecimal.java:110)
	at java.lang.Double.parseDouble(Double.java:538)
	at gpsUtil.GpsUtil.getUserLocation(GpsUtil.java:30)
	at tourGuide.service.TourGuideService.trackUserLocation(TourGuideService.java:84)
	at tourGuide.service.TourGuideService$1.run(TourGuideService.java:115)
Exception in thread "Thread-41" java.lang.NumberFormatException: For input string: "-19,790676"
	at sun.misc.FloatingDecimal.readJavaFormatString(FloatingDecimal.java:2043)
	at sun.misc.FloatingDecimal.parseDouble(FloatingDecimal.java:110)
	at java.lang.Double.parseDouble(Double.java:538)
	at gpsUtil.GpsUtil.getUserLocation(GpsUtil.java:30)
	at tourGuide.service.TourGuideService.trackUserLocation(TourGuideService.java:84)
	at tourGuide.service.TourGuideService$1.run(TourGuideService.java:115)
Exception in thread "Thread-58" java.lang.NumberFormatException: For input string: "-128,040650"
	at sun.misc.FloatingDecimal.readJavaFormatString(FloatingDecimal.java:2043)
	at sun.misc.FloatingDecimal.parseDouble(FloatingDecimal.java:110)
	at java.lang.Double.parseDouble(Double.java:538)
	at gpsUtil.GpsUtil.getUserLocation(GpsUtil.java:30)
	at tourGuide.service.TourGuideService.trackUserLocation(TourGuideService.java:84)
	at tourGuide.service.TourGuideService$1.run(TourGuideService.java:115)
Exception in thread "Thread-64" java.lang.NumberFormatException: For input string: "32,172133"
	at sun.misc.FloatingDecimal.readJavaFormatString(FloatingDecimal.java:2043)
	at sun.misc.FloatingDecimal.parseDouble(FloatingDecimal.java:110)
	at java.lang.Double.parseDouble(Double.java:538)
	at gpsUtil.GpsUtil.getUserLocation(GpsUtil.java:30)
	at tourGuide.service.TourGuideService.trackUserLocation(TourGuideService.java:84)
	at tourGuide.service.TourGuideService$1.run(TourGuideService.java:115)
Exception in thread "Thread-8" java.lang.NumberFormatException: For input string: "48,121326"
	at sun.misc.FloatingDecimal.readJavaFormatString(FloatingDecimal.java:2043)
	at sun.misc.FloatingDecimal.parseDouble(FloatingDecimal.java:110)
	at java.lang.Double.parseDouble(Double.java:538)
	at gpsUtil.GpsUtil.getUserLocation(GpsUtil.java:30)
	at tourGuide.service.TourGuideService.trackUserLocation(TourGuideService.java:84)
	at tourGuide.service.TourGuideService$1.run(TourGuideService.java:115)
Exception in thread "Thread-107" java.lang.NumberFormatException: For input string: "-44,957308"
	at sun.misc.FloatingDecimal.readJavaFormatString(FloatingDecimal.java:2043)
	at sun.misc.FloatingDecimal.parseDouble(FloatingDecimal.java:110)
	at java.lang.Double.parseDouble(Double.java:538)
	at gpsUtil.GpsUtil.getUserLocation(GpsUtil.java:30)
	at tourGuide.service.TourGuideService.trackUserLocation(TourGuideService.java:84)
	at tourGuide.service.TourGuideService$1.run(TourGuideService.java:115)
Exception in thread "Thread-15" java.lang.NumberFormatException: For input string: "67,623285"
	at sun.misc.FloatingDecimal.readJavaFormatString(FloatingDecimal.java:2043)
	at sun.misc.FloatingDecimal.parseDouble(FloatingDecimal.java:110)
	at java.lang.Double.parseDouble(Double.java:538)
	at gpsUtil.GpsUtil.getUserLocation(GpsUtil.java:30)
	at tourGuide.service.TourGuideService.trackUserLocation(TourGuideService.java:84)
	at tourGuide.service.TourGuideService$1.run(TourGuideService.java:115)
Exception in thread "Thread-45" java.lang.NumberFormatException: For input string: "-42,503921"
	at sun.misc.FloatingDecimal.readJavaFormatString(FloatingDecimal.java:2043)
	at sun.misc.FloatingDecimal.parseDouble(FloatingDecimal.java:110)
	at java.lang.Double.parseDouble(Double.java:538)
	at gpsUtil.GpsUtil.getUserLocation(GpsUtil.java:30)
	at tourGuide.service.TourGuideService.trackUserLocation(TourGuideService.java:84)
	at tourGuide.service.TourGuideService$1.run(TourGuideService.java:115)
Exception in thread "Thread-111" java.lang.NumberFormatException: For input string: "-29,060030"
	at sun.misc.FloatingDecimal.readJavaFormatString(FloatingDecimal.java:2043)
	at sun.misc.FloatingDecimal.parseDouble(FloatingDecimal.java:110)
	at java.lang.Double.parseDouble(Double.java:538)
	at gpsUtil.GpsUtil.getUserLocation(GpsUtil.java:30)
	at tourGuide.service.TourGuideService.trackUserLocation(TourGuideService.java:84)
	at tourGuide.service.TourGuideService$1.run(TourGuideService.java:115)
Exception in thread "Thread-104" java.lang.NumberFormatException: For input string: "-69,011565"
	at sun.misc.FloatingDecimal.readJavaFormatString(FloatingDecimal.java:2043)
	at sun.misc.FloatingDecimal.parseDouble(FloatingDecimal.java:110)
	at java.lang.Double.parseDouble(Double.java:538)
	at gpsUtil.GpsUtil.getUserLocation(GpsUtil.java:30)
	at tourGuide.service.TourGuideService.trackUserLocation(TourGuideService.java:84)
	at tourGuide.service.TourGuideService$1.run(TourGuideService.java:115)
Exception in thread "Thread-22" java.lang.NumberFormatException: For input string: "33,580098"
	at sun.misc.FloatingDecimal.readJavaFormatString(FloatingDecimal.java:2043)
	at sun.misc.FloatingDecimal.parseDouble(FloatingDecimal.java:110)
	at java.lang.Double.parseDouble(Double.java:538)
	at gpsUtil.GpsUtil.getUserLocation(GpsUtil.java:30)
	at tourGuide.service.TourGuideService.trackUserLocation(TourGuideService.java:84)
	at tourGuide.service.TourGuideService$1.run(TourGuideService.java:115)
Exception in thread "Thread-95" java.lang.NumberFormatException: For input string: "16,669451"
	at sun.misc.FloatingDecimal.readJavaFormatString(FloatingDecimal.java:2043)
	at sun.misc.FloatingDecimal.parseDouble(FloatingDecimal.java:110)
	at java.lang.Double.parseDouble(Double.java:538)
	at gpsUtil.GpsUtil.getUserLocation(GpsUtil.java:30)
	at tourGuide.service.TourGuideService.trackUserLocation(TourGuideService.java:84)
	at tourGuide.service.TourGuideService$1.run(TourGuideService.java:115)
Exception in thread "Thread-93" java.lang.NumberFormatException: For input string: "38,797978"
	at sun.misc.FloatingDecimal.readJavaFormatString(FloatingDecimal.java:2043)
	at sun.misc.FloatingDecimal.parseDouble(FloatingDecimal.java:110)
	at java.lang.Double.parseDouble(Double.java:538)
	at gpsUtil.GpsUtil.getUserLocation(GpsUtil.java:30)
	at tourGuide.service.TourGuideService.trackUserLocation(TourGuideService.java:84)
	at tourGuide.service.TourGuideService$1.run(TourGuideService.java:115)
Exception in thread "Thread-84" java.lang.NumberFormatException: For input string: "-136,910280"
	at sun.misc.FloatingDecimal.readJavaFormatString(FloatingDecimal.java:2043)
	at sun.misc.FloatingDecimal.parseDouble(FloatingDecimal.java:110)
	at java.lang.Double.parseDouble(Double.java:538)
	at gpsUtil.GpsUtil.getUserLocation(GpsUtil.java:30)
	at tourGuide.service.TourGuideService.trackUserLocation(TourGuideService.java:84)
	at tourGuide.service.TourGuideService$1.run(TourGuideService.java:115)
Exception in thread "Thread-139" java.lang.NumberFormatException: For input string: "112,905756"
	at sun.misc.FloatingDecimal.readJavaFormatString(FloatingDecimal.java:2043)
	at sun.misc.FloatingDecimal.parseDouble(FloatingDecimal.java:110)
	at java.lang.Double.parseDouble(Double.java:538)
	at gpsUtil.GpsUtil.getUserLocation(GpsUtil.java:30)
	at tourGuide.service.TourGuideService.trackUserLocation(TourGuideService.java:84)
	at tourGuide.service.TourGuideService$1.run(TourGuideService.java:115)
Exception in thread "Thread-103" java.lang.NumberFormatException: For input string: "89,378019"
	at sun.misc.FloatingDecimal.readJavaFormatString(FloatingDecimal.java:2043)
	at sun.misc.FloatingDecimal.parseDouble(FloatingDecimal.java:110)
	at java.lang.Double.parseDouble(Double.java:538)
	at gpsUtil.GpsUtil.getUserLocation(GpsUtil.java:30)
	at tourGuide.service.TourGuideService.trackUserLocation(TourGuideService.java:84)
	at tourGuide.service.TourGuideService$1.run(TourGuideService.java:115)
Exception in thread "Thread-92" java.lang.NumberFormatException: For input string: "-107,129955"
	at sun.misc.FloatingDecimal.readJavaFormatString(FloatingDecimal.java:2043)
	at sun.misc.FloatingDecimal.parseDouble(FloatingDecimal.java:110)
	at java.lang.Double.parseDouble(Double.java:538)
	at gpsUtil.GpsUtil.getUserLocation(GpsUtil.java:30)
	at tourGuide.service.TourGuideService.trackUserLocation(TourGuideService.java:84)
	at tourGuide.service.TourGuideService$1.run(TourGuideService.java:115)
Exception in thread "Thread-85" java.lang.NumberFormatException: For input string: "-56,698702"
	at sun.misc.FloatingDecimal.readJavaFormatString(FloatingDecimal.java:2043)
	at sun.misc.FloatingDecimal.parseDouble(FloatingDecimal.java:110)
	at java.lang.Double.parseDouble(Double.java:538)
	at gpsUtil.GpsUtil.getUserLocation(GpsUtil.java:30)
	at tourGuide.service.TourGuideService.trackUserLocation(TourGuideService.java:84)
	at tourGuide.service.TourGuideService$1.run(TourGuideService.java:115)
Exception in thread "Thread-97" java.lang.NumberFormatException: For input string: "82,942029"
	at sun.misc.FloatingDecimal.readJavaFormatString(FloatingDecimal.java:2043)
	at sun.misc.FloatingDecimal.parseDouble(FloatingDecimal.java:110)
	at java.lang.Double.parseDouble(Double.java:538)
	at gpsUtil.GpsUtil.getUserLocation(GpsUtil.java:30)
	at tourGuide.service.TourGuideService.trackUserLocation(TourGuideService.java:84)
	at tourGuide.service.TourGuideService$1.run(TourGuideService.java:115)
Exception in thread "Thread-39" java.lang.NumberFormatException: For input string: "-164,951516"
	at sun.misc.FloatingDecimal.readJavaFormatString(FloatingDecimal.java:2043)
	at sun.misc.FloatingDecimal.parseDouble(FloatingDecimal.java:110)
	at java.lang.Double.parseDouble(Double.java:538)
	at gpsUtil.GpsUtil.getUserLocation(GpsUtil.java:30)
	at tourGuide.service.TourGuideService.trackUserLocation(TourGuideService.java:84)
	at tourGuide.service.TourGuideService$1.run(TourGuideService.java:115)
Exception in thread "Thread-34" java.lang.NumberFormatException: For input string: "-79,354627"
	at sun.misc.FloatingDecimal.readJavaFormatString(FloatingDecimal.java:2043)
	at sun.misc.FloatingDecimal.parseDouble(FloatingDecimal.java:110)
	at java.lang.Double.parseDouble(Double.java:538)
	at gpsUtil.GpsUtil.getUserLocation(GpsUtil.java:30)
	at tourGuide.service.TourGuideService.trackUserLocation(TourGuideService.java:84)
	at tourGuide.service.TourGuideService$1.run(TourGuideService.java:115)
Exception in thread "Thread-189" java.lang.NumberFormatException: For input string: "-31,989591"
	at sun.misc.FloatingDecimal.readJavaFormatString(FloatingDecimal.java:2043)
	at sun.misc.FloatingDecimal.parseDouble(FloatingDecimal.java:110)
	at java.lang.Double.parseDouble(Double.java:538)
	at gpsUtil.GpsUtil.getUserLocation(GpsUtil.java:30)
	at tourGuide.service.TourGuideService.trackUserLocation(TourGuideService.java:84)
	at tourGuide.service.TourGuideService$1.run(TourGuideService.java:115)
Exception in thread "Thread-196" java.lang.NumberFormatException: For input string: "24,683771"
	at sun.misc.FloatingDecimal.readJavaFormatString(FloatingDecimal.java:2043)
	at sun.misc.FloatingDecimal.parseDouble(FloatingDecimal.java:110)
	at java.lang.Double.parseDouble(Double.java:538)
	at gpsUtil.GpsUtil.getUserLocation(GpsUtil.java:30)
	at tourGuide.service.TourGuideService.trackUserLocation(TourGuideService.java:84)
	at tourGuide.service.TourGuideService$1.run(TourGuideService.java:115)
Exception in thread "Thread-201" java.lang.NumberFormatException: For input string: "-162,482091"
	at sun.misc.FloatingDecimal.readJavaFormatString(FloatingDecimal.java:2043)
	at sun.misc.FloatingDecimal.parseDouble(FloatingDecimal.java:110)
	at java.lang.Double.parseDouble(Double.java:538)
	at gpsUtil.GpsUtil.getUserLocation(GpsUtil.java:30)
	at tourGuide.service.TourGuideService.trackUserLocation(TourGuideService.java:84)
	at tourGuide.service.TourGuideService$1.run(TourGuideService.java:115)
Exception in thread "Thread-166" java.lang.NumberFormatException: For input string: "105,662968"
	at sun.misc.FloatingDecimal.readJavaFormatString(FloatingDecimal.java:2043)
	at sun.misc.FloatingDecimal.parseDouble(FloatingDecimal.java:110)
	at java.lang.Double.parseDouble(Double.java:538)
	at gpsUtil.GpsUtil.getUserLocation(GpsUtil.java:30)
	at tourGuide.service.TourGuideService.trackUserLocation(TourGuideService.java:84)
	at tourGuide.service.TourGuideService$1.run(TourGuideService.java:115)
Exception in thread "Thread-37" java.lang.NumberFormatException: For input string: "6,080010"
	at sun.misc.FloatingDecimal.readJavaFormatString(FloatingDecimal.java:2043)
	at sun.misc.FloatingDecimal.parseDouble(FloatingDecimal.java:110)
	at java.lang.Double.parseDouble(Double.java:538)
	at gpsUtil.GpsUtil.getUserLocation(GpsUtil.java:30)
	at tourGuide.service.TourGuideService.trackUserLocation(TourGuideService.java:84)
	at tourGuide.service.TourGuideService$1.run(TourGuideService.java:115)
Exception in thread "Thread-100" java.lang.NumberFormatException: For input string: "157,902421"
	at sun.misc.FloatingDecimal.readJavaFormatString(FloatingDecimal.java:2043)
	at sun.misc.FloatingDecimal.parseDouble(FloatingDecimal.java:110)
	at java.lang.Double.parseDouble(Double.java:538)
	at gpsUtil.GpsUtil.getUserLocation(GpsUtil.java:30)
	at tourGuide.service.TourGuideService.trackUserLocation(TourGuideService.java:84)
	at tourGuide.service.TourGuideService$1.run(TourGuideService.java:115)
Exception in thread "Thread-110" java.lang.NumberFormatException: For input string: "12,531727"
	at sun.misc.FloatingDecimal.readJavaFormatString(FloatingDecimal.java:2043)
	at sun.misc.FloatingDecimal.parseDouble(FloatingDecimal.java:110)
	at java.lang.Double.parseDouble(Double.java:538)
	at gpsUtil.GpsUtil.getUserLocation(GpsUtil.java:30)
	at tourGuide.service.TourGuideService.trackUserLocation(TourGuideService.java:84)
	at tourGuide.service.TourGuideService$1.run(TourGuideService.java:115)
Exception in thread "Thread-132" java.lang.NumberFormatException: For input string: "-108,414727"
	at sun.misc.FloatingDecimal.readJavaFormatString(FloatingDecimal.java:2043)
	at sun.misc.FloatingDecimal.parseDouble(FloatingDecimal.java:110)
	at java.lang.Double.parseDouble(Double.java:538)
	at gpsUtil.GpsUtil.getUserLocation(GpsUtil.java:30)
	at tourGuide.service.TourGuideService.trackUserLocation(TourGuideService.java:84)
	at tourGuide.service.TourGuideService$1.run(TourGuideService.java:115)
Exception in thread "Thread-35" java.lang.NumberFormatException: For input string: "-154,736174"
	at sun.misc.FloatingDecimal.readJavaFormatString(FloatingDecimal.java:2043)
	at sun.misc.FloatingDecimal.parseDouble(FloatingDecimal.java:110)
	at java.lang.Double.parseDouble(Double.java:538)
	at gpsUtil.GpsUtil.getUserLocation(GpsUtil.java:30)
	at tourGuide.service.TourGuideService.trackUserLocation(TourGuideService.java:84)
	at tourGuide.service.TourGuideService$1.run(TourGuideService.java:115)
Exception in thread "Thread-105" java.lang.NumberFormatException: For input string: "64,663349"
	at sun.misc.FloatingDecimal.readJavaFormatString(FloatingDecimal.java:2043)
	at sun.misc.FloatingDecimal.parseDouble(FloatingDecimal.java:110)
	at java.lang.Double.parseDouble(Double.java:538)
	at gpsUtil.GpsUtil.getUserLocation(GpsUtil.java:30)
	at tourGuide.service.TourGuideService.trackUserLocation(TourGuideService.java:84)
	at tourGuide.service.TourGuideService$1.run(TourGuideService.java:115)
Exception in thread "Thread-200" java.lang.NumberFormatException: For input string: "-139,356320"
	at sun.misc.FloatingDecimal.readJavaFormatString(FloatingDecimal.java:2043)
	at sun.misc.FloatingDecimal.parseDouble(FloatingDecimal.java:110)
	at java.lang.Double.parseDouble(Double.java:538)
	at gpsUtil.GpsUtil.getUserLocation(GpsUtil.java:30)
	at tourGuide.service.TourGuideService.trackUserLocation(TourGuideService.java:84)
	at tourGuide.service.TourGuideService$1.run(TourGuideService.java:115)
Exception in thread "Thread-113" java.lang.NumberFormatException: For input string: "-51,798989"
	at sun.misc.FloatingDecimal.readJavaFormatString(FloatingDecimal.java:2043)
	at sun.misc.FloatingDecimal.parseDouble(FloatingDecimal.java:110)
	at java.lang.Double.parseDouble(Double.java:538)
	at gpsUtil.GpsUtil.getUserLocation(GpsUtil.java:30)
	at tourGuide.service.TourGuideService.trackUserLocation(TourGuideService.java:84)
	at tourGuide.service.TourGuideService$1.run(TourGuideService.java:115)
Exception in thread "Thread-126" java.lang.NumberFormatException: For input string: "-130,717617"
	at sun.misc.FloatingDecimal.readJavaFormatString(FloatingDecimal.java:2043)
	at sun.misc.FloatingDecimal.parseDouble(FloatingDecimal.java:110)
	at java.lang.Double.parseDouble(Double.java:538)
	at gpsUtil.GpsUtil.getUserLocation(GpsUtil.java:30)
	at tourGuide.service.TourGuideService.trackUserLocation(TourGuideService.java:84)
	at tourGuide.service.TourGuideService$1.run(TourGuideService.java:115)
Exception in thread "Thread-234" java.lang.NumberFormatException: For input string: "-114,044864"
	at sun.misc.FloatingDecimal.readJavaFormatString(FloatingDecimal.java:2043)
	at sun.misc.FloatingDecimal.parseDouble(FloatingDecimal.java:110)
	at java.lang.Double.parseDouble(Double.java:538)
	at gpsUtil.GpsUtil.getUserLocation(GpsUtil.java:30)
	at tourGuide.service.TourGuideService.trackUserLocation(TourGuideService.java:84)
	at tourGuide.service.TourGuideService$1.run(TourGuideService.java:115)
Exception in thread "Thread-36" java.lang.NumberFormatException: For input string: "51,148330"
	at sun.misc.FloatingDecimal.readJavaFormatString(FloatingDecimal.java:2043)
	at sun.misc.FloatingDecimal.parseDouble(FloatingDecimal.java:110)
	at java.lang.Double.parseDouble(Double.java:538)
	at gpsUtil.GpsUtil.getUserLocation(GpsUtil.java:30)
	at tourGuide.service.TourGuideService.trackUserLocation(TourGuideService.java:84)
	at tourGuide.service.TourGuideService$1.run(TourGuideService.java:115)
Exception in thread "Thread-11" java.lang.NumberFormatException: For input string: "124,228758"
	at sun.misc.FloatingDecimal.readJavaFormatString(FloatingDecimal.java:2043)
	at sun.misc.FloatingDecimal.parseDouble(FloatingDecimal.java:110)
	at java.lang.Double.parseDouble(Double.java:538)
	at gpsUtil.GpsUtil.getUserLocation(GpsUtil.java:30)
	at tourGuide.service.TourGuideService.trackUserLocation(TourGuideService.java:84)
	at tourGuide.service.TourGuideService$1.run(TourGuideService.java:115)
Exception in thread "Thread-63" java.lang.NumberFormatException: For input string: "138,562773"
	at sun.misc.FloatingDecimal.readJavaFormatString(FloatingDecimal.java:2043)
	at sun.misc.FloatingDecimal.parseDouble(FloatingDecimal.java:110)
	at java.lang.Double.parseDouble(Double.java:538)
	at gpsUtil.GpsUtil.getUserLocation(GpsUtil.java:30)
	at tourGuide.service.TourGuideService.trackUserLocation(TourGuideService.java:84)
	at tourGuide.service.TourGuideService$1.run(TourGuideService.java:115)
Exception in thread "Thread-150" java.lang.NumberFormatException: For input string: "132,213888"
	at sun.misc.FloatingDecimal.readJavaFormatString(FloatingDecimal.java:2043)
	at sun.misc.FloatingDecimal.parseDouble(FloatingDecimal.java:110)
	at java.lang.Double.parseDouble(Double.java:538)
	at gpsUtil.GpsUtil.getUserLocation(GpsUtil.java:30)
	at tourGuide.service.TourGuideService.trackUserLocation(TourGuideService.java:84)
	at tourGuide.service.TourGuideService$1.run(TourGuideService.java:115)
Exception in thread "Thread-180" java.lang.NumberFormatException: For input string: "39,276188"
	at sun.misc.FloatingDecimal.readJavaFormatString(FloatingDecimal.java:2043)
	at sun.misc.FloatingDecimal.parseDouble(FloatingDecimal.java:110)
	at java.lang.Double.parseDouble(Double.java:538)
	at gpsUtil.GpsUtil.getUserLocation(GpsUtil.java:30)
	at tourGuide.service.TourGuideService.trackUserLocation(TourGuideService.java:84)
	at tourGuide.service.TourGuideService$1.run(TourGuideService.java:115)
Exception in thread "Thread-46" java.lang.NumberFormatException: For input string: "173,671445"
	at sun.misc.FloatingDecimal.readJavaFormatString(FloatingDecimal.java:2043)
	at sun.misc.FloatingDecimal.parseDouble(FloatingDecimal.java:110)
	at java.lang.Double.parseDouble(Double.java:538)
	at gpsUtil.GpsUtil.getUserLocation(GpsUtil.java:30)
	at tourGuide.service.TourGuideService.trackUserLocation(TourGuideService.java:84)
	at tourGuide.service.TourGuideService$1.run(TourGuideService.java:115)
Exception in thread "Thread-49" java.lang.NumberFormatException: For input string: "41,109242"
	at sun.misc.FloatingDecimal.readJavaFormatString(FloatingDecimal.java:2043)
	at sun.misc.FloatingDecimal.parseDouble(FloatingDecimal.java:110)
	at java.lang.Double.parseDouble(Double.java:538)
	at gpsUtil.GpsUtil.getUserLocation(GpsUtil.java:30)
	at tourGuide.service.TourGuideService.trackUserLocation(TourGuideService.java:84)
	at tourGuide.service.TourGuideService$1.run(TourGuideService.java:115)
Exception in thread "Thread-81" java.lang.NumberFormatException: For input string: "78,221537"
	at sun.misc.FloatingDecimal.readJavaFormatString(FloatingDecimal.java:2043)
	at sun.misc.FloatingDecimal.parseDouble(FloatingDecimal.java:110)
	at java.lang.Double.parseDouble(Double.java:538)
	at gpsUtil.GpsUtil.getUserLocation(GpsUtil.java:30)
	at tourGuide.service.TourGuideService.trackUserLocation(TourGuideService.java:84)
	at tourGuide.service.TourGuideService$1.run(TourGuideService.java:115)
Exception in thread "Thread-157" java.lang.NumberFormatException: For input string: "-133,178115"
	at sun.misc.FloatingDecimal.readJavaFormatString(FloatingDecimal.java:2043)
	at sun.misc.FloatingDecimal.parseDouble(FloatingDecimal.java:110)
	at java.lang.Double.parseDouble(Double.java:538)
	at gpsUtil.GpsUtil.getUserLocation(GpsUtil.java:30)
	at tourGuide.service.TourGuideService.trackUserLocation(TourGuideService.java:84)
	at tourGuide.service.TourGuideService$1.run(TourGuideService.java:115)
Exception in thread "Thread-264" java.lang.NumberFormatException: For input string: "156,202079"
	at sun.misc.FloatingDecimal.readJavaFormatString(FloatingDecimal.java:2043)
	at sun.misc.FloatingDecimal.parseDouble(FloatingDecimal.java:110)
	at java.lang.Double.parseDouble(Double.java:538)
	at gpsUtil.GpsUtil.getUserLocation(GpsUtil.java:30)
	at tourGuide.service.TourGuideService.trackUserLocation(TourGuideService.java:84)
	at tourGuide.service.TourGuideService$1.run(TourGuideService.java:115)
Exception in thread "Thread-75" java.lang.NumberFormatException: For input string: "58,588595"
	at sun.misc.FloatingDecimal.readJavaFormatString(FloatingDecimal.java:2043)
	at sun.misc.FloatingDecimal.parseDouble(FloatingDecimal.java:110)
	at java.lang.Double.parseDouble(Double.java:538)
	at gpsUtil.GpsUtil.getUserLocation(GpsUtil.java:30)
	at tourGuide.service.TourGuideService.trackUserLocation(TourGuideService.java:84)
	at tourGuide.service.TourGuideService$1.run(TourGuideService.java:115)
Exception in thread "Thread-222" java.lang.NumberFormatException: For input string: "151,252123"
	at sun.misc.FloatingDecimal.readJavaFormatString(FloatingDecimal.java:2043)
	at sun.misc.FloatingDecimal.parseDouble(FloatingDecimal.java:110)
	at java.lang.Double.parseDouble(Double.java:538)
	at gpsUtil.GpsUtil.getUserLocation(GpsUtil.java:30)
	at tourGuide.service.TourGuideService.trackUserLocation(TourGuideService.java:84)
	at tourGuide.service.TourGuideService$1.run(TourGuideService.java:115)
Exception in thread "Thread-9" java.lang.NumberFormatException: For input string: "147,698561"
	at sun.misc.FloatingDecimal.readJavaFormatString(FloatingDecimal.java:2043)
	at sun.misc.FloatingDecimal.parseDouble(FloatingDecimal.java:110)
	at java.lang.Double.parseDouble(Double.java:538)
	at gpsUtil.GpsUtil.getUserLocation(GpsUtil.java:30)
	at tourGuide.service.TourGuideService.trackUserLocation(TourGuideService.java:84)
	at tourGuide.service.TourGuideService$1.run(TourGuideService.java:115)
Exception in thread "Thread-55" java.lang.NumberFormatException: For input string: "97,477031"
	at sun.misc.FloatingDecimal.readJavaFormatString(FloatingDecimal.java:2043)
	at sun.misc.FloatingDecimal.parseDouble(FloatingDecimal.java:110)
	at java.lang.Double.parseDouble(Double.java:538)
	at gpsUtil.GpsUtil.getUserLocation(GpsUtil.java:30)
	at tourGuide.service.TourGuideService.trackUserLocation(TourGuideService.java:84)
	at tourGuide.service.TourGuideService$1.run(TourGuideService.java:115)
Exception in thread "Thread-101" java.lang.NumberFormatException: For input string: "-7,527276"
	at sun.misc.FloatingDecimal.readJavaFormatString(FloatingDecimal.java:2043)
	at sun.misc.FloatingDecimal.parseDouble(FloatingDecimal.java:110)
	at java.lang.Double.parseDouble(Double.java:538)
	at gpsUtil.GpsUtil.getUserLocation(GpsUtil.java:30)
	at tourGuide.service.TourGuideService.trackUserLocation(TourGuideService.java:84)
	at tourGuide.service.TourGuideService$1.run(TourGuideService.java:115)
Exception in thread "Thread-205" java.lang.NumberFormatException: For input string: "4,147643"
	at sun.misc.FloatingDecimal.readJavaFormatString(FloatingDecimal.java:2043)
	at sun.misc.FloatingDecimal.parseDouble(FloatingDecimal.java:110)
	at java.lang.Double.parseDouble(Double.java:538)
	at gpsUtil.GpsUtil.getUserLocation(GpsUtil.java:30)
	at tourGuide.service.TourGuideService.trackUserLocation(TourGuideService.java:84)
	at tourGuide.service.TourGuideService$1.run(TourGuideService.java:115)
Exception in thread "Thread-288" java.lang.NumberFormatException: For input string: "-56,284951"
	at sun.misc.FloatingDecimal.readJavaFormatString(FloatingDecimal.java:2043)
	at sun.misc.FloatingDecimal.parseDouble(FloatingDecimal.java:110)
	at java.lang.Double.parseDouble(Double.java:538)
	at gpsUtil.GpsUtil.getUserLocation(GpsUtil.java:30)
	at tourGuide.service.TourGuideService.trackUserLocation(TourGuideService.java:84)
	at tourGuide.service.TourGuideService$1.run(TourGuideService.java:115)
Exception in thread "Thread-178" java.lang.NumberFormatException: For input string: "117,826549"
	at sun.misc.FloatingDecimal.readJavaFormatString(FloatingDecimal.java:2043)
	at sun.misc.FloatingDecimal.parseDouble(FloatingDecimal.java:110)
	at java.lang.Double.parseDouble(Double.java:538)
	at gpsUtil.GpsUtil.getUserLocation(GpsUtil.java:30)
	at tourGuide.service.TourGuideService.trackUserLocation(TourGuideService.java:84)
	at tourGuide.service.TourGuideService$1.run(TourGuideService.java:115)
Exception in thread "Thread-271" java.lang.NumberFormatException: For input string: "-1,110846"
	at sun.misc.FloatingDecimal.readJavaFormatString(FloatingDecimal.java:2043)
	at sun.misc.FloatingDecimal.parseDouble(FloatingDecimal.java:110)
	at java.lang.Double.parseDouble(Double.java:538)
	at gpsUtil.GpsUtil.getUserLocation(GpsUtil.java:30)
	at tourGuide.service.TourGuideService.trackUserLocation(TourGuideService.java:84)
	at tourGuide.service.TourGuideService$1.run(TourGuideService.java:115)
Exception in thread "Thread-141" java.lang.NumberFormatException: For input string: "-84,632586"
	at sun.misc.FloatingDecimal.readJavaFormatString(FloatingDecimal.java:2043)
	at sun.misc.FloatingDecimal.parseDouble(FloatingDecimal.java:110)
	at java.lang.Double.parseDouble(Double.java:538)
	at gpsUtil.GpsUtil.getUserLocation(GpsUtil.java:30)
	at tourGuide.service.TourGuideService.trackUserLocation(TourGuideService.java:84)
	at tourGuide.service.TourGuideService$1.run(TourGuideService.java:115)
Exception in thread "Thread-47" java.lang.NumberFormatException: For input string: "131,431556"
	at sun.misc.FloatingDecimal.readJavaFormatString(FloatingDecimal.java:2043)
	at sun.misc.FloatingDecimal.parseDouble(FloatingDecimal.java:110)
	at java.lang.Double.parseDouble(Double.java:538)
	at gpsUtil.GpsUtil.getUserLocation(GpsUtil.java:30)
	at tourGuide.service.TourGuideService.trackUserLocation(TourGuideService.java:84)
	at tourGuide.service.TourGuideService$1.run(TourGuideService.java:115)
Exception in thread "Thread-79" java.lang.NumberFormatException: For input string: "137,496991"
	at sun.misc.FloatingDecimal.readJavaFormatString(FloatingDecimal.java:2043)
	at sun.misc.FloatingDecimal.parseDouble(FloatingDecimal.java:110)
	at java.lang.Double.parseDouble(Double.java:538)
	at gpsUtil.GpsUtil.getUserLocation(GpsUtil.java:30)
	at tourGuide.service.TourGuideService.trackUserLocation(TourGuideService.java:84)
	at tourGuide.service.TourGuideService$1.run(TourGuideService.java:115)
Exception in thread "Thread-168" java.lang.NumberFormatException: For input string: "-112,686795"
	at sun.misc.FloatingDecimal.readJavaFormatString(FloatingDecimal.java:2043)
	at sun.misc.FloatingDecimal.parseDouble(FloatingDecimal.java:110)
	at java.lang.Double.parseDouble(Double.java:538)
	at gpsUtil.GpsUtil.getUserLocation(GpsUtil.java:30)
	at tourGuide.service.TourGuideService.trackUserLocation(TourGuideService.java:84)
	at tourGuide.service.TourGuideService$1.run(TourGuideService.java:115)
Exception in thread "Thread-291" java.lang.NumberFormatException: For input string: "-23,924823"
	at sun.misc.FloatingDecimal.readJavaFormatString(FloatingDecimal.java:2043)
	at sun.misc.FloatingDecimal.parseDouble(FloatingDecimal.java:110)
	at java.lang.Double.parseDouble(Double.java:538)
	at gpsUtil.GpsUtil.getUserLocation(GpsUtil.java:30)
	at tourGuide.service.TourGuideService.trackUserLocation(TourGuideService.java:84)
	at tourGuide.service.TourGuideService$1.run(TourGuideService.java:115)
Exception in thread "Thread-57" java.lang.NumberFormatException: For input string: "-145,815187"
	at sun.misc.FloatingDecimal.readJavaFormatString(FloatingDecimal.java:2043)
	at sun.misc.FloatingDecimal.parseDouble(FloatingDecimal.java:110)
	at java.lang.Double.parseDouble(Double.java:538)
	at gpsUtil.GpsUtil.getUserLocation(GpsUtil.java:30)
	at tourGuide.service.TourGuideService.trackUserLocation(TourGuideService.java:84)
	at tourGuide.service.TourGuideService$1.run(TourGuideService.java:115)
Exception in thread "Thread-322" java.lang.NumberFormatException: For input string: "-75,545442"
	at sun.misc.FloatingDecimal.readJavaFormatString(FloatingDecimal.java:2043)
	at sun.misc.FloatingDecimal.parseDouble(FloatingDecimal.java:110)
	at java.lang.Double.parseDouble(Double.java:538)
	at gpsUtil.GpsUtil.getUserLocation(GpsUtil.java:30)
	at tourGuide.service.TourGuideService.trackUserLocation(TourGuideService.java:84)
	at tourGuide.service.TourGuideService$1.run(TourGuideService.java:115)
Exception in thread "Thread-237" java.lang.NumberFormatException: For input string: "153,246129"
	at sun.misc.FloatingDecimal.readJavaFormatString(FloatingDecimal.java:2043)
	at sun.misc.FloatingDecimal.parseDouble(FloatingDecimal.java:110)
	at java.lang.Double.parseDouble(Double.java:538)
	at gpsUtil.GpsUtil.getUserLocation(GpsUtil.java:30)
	at tourGuide.service.TourGuideService.trackUserLocation(TourGuideService.java:84)
	at tourGuide.service.TourGuideService$1.run(TourGuideService.java:115)
Exception in thread "Thread-51" java.lang.NumberFormatException: For input string: "-92,801008"
	at sun.misc.FloatingDecimal.readJavaFormatString(FloatingDecimal.java:2043)
	at sun.misc.FloatingDecimal.parseDouble(FloatingDecimal.java:110)
	at java.lang.Double.parseDouble(Double.java:538)
	at gpsUtil.GpsUtil.getUserLocation(GpsUtil.java:30)
	at tourGuide.service.TourGuideService.trackUserLocation(TourGuideService.java:84)
	at tourGuide.service.TourGuideService$1.run(TourGuideService.java:115)
Exception in thread "Thread-307" java.lang.NumberFormatException: For input string: "81,476414"
	at sun.misc.FloatingDecimal.readJavaFormatString(FloatingDecimal.java:2043)
	at sun.misc.FloatingDecimal.parseDouble(FloatingDecimal.java:110)
	at java.lang.Double.parseDouble(Double.java:538)
	at gpsUtil.GpsUtil.getUserLocation(GpsUtil.java:30)
	at tourGuide.service.TourGuideService.trackUserLocation(TourGuideService.java:84)
	at tourGuide.service.TourGuideService$1.run(TourGuideService.java:115)
Exception in thread "Thread-76" java.lang.NumberFormatException: For input string: "-52,949974"
	at sun.misc.FloatingDecimal.readJavaFormatString(FloatingDecimal.java:2043)
	at sun.misc.FloatingDecimal.parseDouble(FloatingDecimal.java:110)
	at java.lang.Double.parseDouble(Double.java:538)
	at gpsUtil.GpsUtil.getUserLocation(GpsUtil.java:30)
	at tourGuide.service.TourGuideService.trackUserLocation(TourGuideService.java:84)
	at tourGuide.service.TourGuideService$1.run(TourGuideService.java:115)
Exception in thread "Thread-213" java.lang.NumberFormatException: For input string: "17,811330"
	at sun.misc.FloatingDecimal.readJavaFormatString(FloatingDecimal.java:2043)
	at sun.misc.FloatingDecimal.parseDouble(FloatingDecimal.java:110)
	at java.lang.Double.parseDouble(Double.java:538)
	at gpsUtil.GpsUtil.getUserLocation(GpsUtil.java:30)
	at tourGuide.service.TourGuideService.trackUserLocation(TourGuideService.java:84)
	at tourGuide.service.TourGuideService$1.run(TourGuideService.java:115)
Exception in thread "Thread-276" java.lang.NumberFormatException: For input string: "-178,029830"
	at sun.misc.FloatingDecimal.readJavaFormatString(FloatingDecimal.java:2043)
	at sun.misc.FloatingDecimal.parseDouble(FloatingDecimal.java:110)
	at java.lang.Double.parseDouble(Double.java:538)
	at gpsUtil.GpsUtil.getUserLocation(GpsUtil.java:30)
	at tourGuide.service.TourGuideService.trackUserLocation(TourGuideService.java:84)
	at tourGuide.service.TourGuideService$1.run(TourGuideService.java:115)
Exception in thread "Thread-192" java.lang.NumberFormatException: For input string: "-73,935683"
	at sun.misc.FloatingDecimal.readJavaFormatString(FloatingDecimal.java:2043)
	at sun.misc.FloatingDecimal.parseDouble(FloatingDecimal.java:110)
	at java.lang.Double.parseDouble(Double.java:538)
	at gpsUtil.GpsUtil.getUserLocation(GpsUtil.java:30)
	at tourGuide.service.TourGuideService.trackUserLocation(TourGuideService.java:84)
	at tourGuide.service.TourGuideService$1.run(TourGuideService.java:115)
Exception in thread "Thread-133" java.lang.NumberFormatException: For input string: "-120,422271"
	at sun.misc.FloatingDecimal.readJavaFormatString(FloatingDecimal.java:2043)
	at sun.misc.FloatingDecimal.parseDouble(FloatingDecimal.java:110)
	at java.lang.Double.parseDouble(Double.java:538)
	at gpsUtil.GpsUtil.getUserLocation(GpsUtil.java:30)
	at tourGuide.service.TourGuideService.trackUserLocation(TourGuideService.java:84)
	at tourGuide.service.TourGuideService$1.run(TourGuideService.java:115)
Exception in thread "Thread-245" java.lang.NumberFormatException: For input string: "148,789763"
	at sun.misc.FloatingDecimal.readJavaFormatString(FloatingDecimal.java:2043)
	at sun.misc.FloatingDecimal.parseDouble(FloatingDecimal.java:110)
	at java.lang.Double.parseDouble(Double.java:538)
	at gpsUtil.GpsUtil.getUserLocation(GpsUtil.java:30)
	at tourGuide.service.TourGuideService.trackUserLocation(TourGuideService.java:84)
	at tourGuide.service.TourGuideService$1.run(TourGuideService.java:115)
Exception in thread "Thread-287" java.lang.NumberFormatException: For input string: "32,332718"
	at sun.misc.FloatingDecimal.readJavaFormatString(FloatingDecimal.java:2043)
	at sun.misc.FloatingDecimal.parseDouble(FloatingDecimal.java:110)
	at java.lang.Double.parseDouble(Double.java:538)
	at gpsUtil.GpsUtil.getUserLocation(GpsUtil.java:30)
	at tourGuide.service.TourGuideService.trackUserLocation(TourGuideService.java:84)
	at tourGuide.service.TourGuideService$1.run(TourGuideService.java:115)
Exception in thread "Thread-263" java.lang.NumberFormatException: For input string: "0,860406"
	at sun.misc.FloatingDecimal.readJavaFormatString(FloatingDecimal.java:2043)
	at sun.misc.FloatingDecimal.parseDouble(FloatingDecimal.java:110)
	at java.lang.Double.parseDouble(Double.java:538)
	at gpsUtil.GpsUtil.getUserLocation(GpsUtil.java:30)
	at tourGuide.service.TourGuideService.trackUserLocation(TourGuideService.java:84)
	at tourGuide.service.TourGuideService$1.run(TourGuideService.java:115)
Exception in thread "Thread-317" java.lang.NumberFormatException: For input string: "178,578667"
	at sun.misc.FloatingDecimal.readJavaFormatString(FloatingDecimal.java:2043)
	at sun.misc.FloatingDecimal.parseDouble(FloatingDecimal.java:110)
	at java.lang.Double.parseDouble(Double.java:538)
	at gpsUtil.GpsUtil.getUserLocation(GpsUtil.java:30)
	at tourGuide.service.TourGuideService.trackUserLocation(TourGuideService.java:84)
	at tourGuide.service.TourGuideService$1.run(TourGuideService.java:115)
Exception in thread "Thread-283" java.lang.NumberFormatException: For input string: "-36,732396"
	at sun.misc.FloatingDecimal.readJavaFormatString(FloatingDecimal.java:2043)
	at sun.misc.FloatingDecimal.parseDouble(FloatingDecimal.java:110)
	at java.lang.Double.parseDouble(Double.java:538)
	at gpsUtil.GpsUtil.getUserLocation(GpsUtil.java:30)
	at tourGuide.service.TourGuideService.trackUserLocation(TourGuideService.java:84)
	at tourGuide.service.TourGuideService$1.run(TourGuideService.java:115)
Exception in thread "Thread-238" java.lang.NumberFormatException: For input string: "109,995369"
	at sun.misc.FloatingDecimal.readJavaFormatString(FloatingDecimal.java:2043)
	at sun.misc.FloatingDecimal.parseDouble(FloatingDecimal.java:110)
	at java.lang.Double.parseDouble(Double.java:538)
	at gpsUtil.GpsUtil.getUserLocation(GpsUtil.java:30)
	at tourGuide.service.TourGuideService.trackUserLocation(TourGuideService.java:84)
	at tourGuide.service.TourGuideService$1.run(TourGuideService.java:115)
Exception in thread "Thread-214" java.lang.NumberFormatException: For input string: "-15,432079"
	at sun.misc.FloatingDecimal.readJavaFormatString(FloatingDecimal.java:2043)
	at sun.misc.FloatingDecimal.parseDouble(FloatingDecimal.java:110)
	at java.lang.Double.parseDouble(Double.java:538)
	at gpsUtil.GpsUtil.getUserLocation(GpsUtil.java:30)
	at tourGuide.service.TourGuideService.trackUserLocation(TourGuideService.java:84)
	at tourGuide.service.TourGuideService$1.run(TourGuideService.java:115)
Exception in thread "Thread-164" java.lang.NumberFormatException: For input string: "52,668920"
	at sun.misc.FloatingDecimal.readJavaFormatString(FloatingDecimal.java:2043)
	at sun.misc.FloatingDecimal.parseDouble(FloatingDecimal.java:110)
	at java.lang.Double.parseDouble(Double.java:538)
	at gpsUtil.GpsUtil.getUserLocation(GpsUtil.java:30)
	at tourGuide.service.TourGuideService.trackUserLocation(TourGuideService.java:84)
	at tourGuide.service.TourGuideService$1.run(TourGuideService.java:115)
Exception in thread "Thread-297" java.lang.NumberFormatException: For input string: "-168,527989"
	at sun.misc.FloatingDecimal.readJavaFormatString(FloatingDecimal.java:2043)
	at sun.misc.FloatingDecimal.parseDouble(FloatingDecimal.java:110)
	at java.lang.Double.parseDouble(Double.java:538)
	at gpsUtil.GpsUtil.getUserLocation(GpsUtil.java:30)
	at tourGuide.service.TourGuideService.trackUserLocation(TourGuideService.java:84)
	at tourGuide.service.TourGuideService$1.run(TourGuideService.java:115)
Exception in thread "Thread-123" java.lang.NumberFormatException: For input string: "-120,075187"
	at sun.misc.FloatingDecimal.readJavaFormatString(FloatingDecimal.java:2043)
	at sun.misc.FloatingDecimal.parseDouble(FloatingDecimal.java:110)
	at java.lang.Double.parseDouble(Double.java:538)
	at gpsUtil.GpsUtil.getUserLocation(GpsUtil.java:30)
	at tourGuide.service.TourGuideService.trackUserLocation(TourGuideService.java:84)
	at tourGuide.service.TourGuideService$1.run(TourGuideService.java:115)
Exception in thread "Thread-73" java.lang.NumberFormatException: For input string: "158,202925"
	at sun.misc.FloatingDecimal.readJavaFormatString(FloatingDecimal.java:2043)
	at sun.misc.FloatingDecimal.parseDouble(FloatingDecimal.java:110)
	at java.lang.Double.parseDouble(Double.java:538)
	at gpsUtil.GpsUtil.getUserLocation(GpsUtil.java:30)
	at tourGuide.service.TourGuideService.trackUserLocation(TourGuideService.java:84)
	at tourGuide.service.TourGuideService$1.run(TourGuideService.java:115)
Exception in thread "Thread-44" java.lang.NumberFormatException: For input string: "-139,237703"
	at sun.misc.FloatingDecimal.readJavaFormatString(FloatingDecimal.java:2043)
	at sun.misc.FloatingDecimal.parseDouble(FloatingDecimal.java:110)
	at java.lang.Double.parseDouble(Double.java:538)
	at gpsUtil.GpsUtil.getUserLocation(GpsUtil.java:30)
	at tourGuide.service.TourGuideService.trackUserLocation(TourGuideService.java:84)
	at tourGuide.service.TourGuideService$1.run(TourGuideService.java:115)
Exception in thread "Thread-184" java.lang.NumberFormatException: For input string: "144,352353"
	at sun.misc.FloatingDecimal.readJavaFormatString(FloatingDecimal.java:2043)
	at sun.misc.FloatingDecimal.parseDouble(FloatingDecimal.java:110)
	at java.lang.Double.parseDouble(Double.java:538)
	at gpsUtil.GpsUtil.getUserLocation(GpsUtil.java:30)
	at tourGuide.service.TourGuideService.trackUserLocation(TourGuideService.java:84)
	at tourGuide.service.TourGuideService$1.run(TourGuideService.java:115)
Exception in thread "Thread-78" java.lang.NumberFormatException: For input string: "65,623147"
	at sun.misc.FloatingDecimal.readJavaFormatString(FloatingDecimal.java:2043)
	at sun.misc.FloatingDecimal.parseDouble(FloatingDecimal.java:110)
	at java.lang.Double.parseDouble(Double.java:538)
	at gpsUtil.GpsUtil.getUserLocation(GpsUtil.java:30)
	at tourGuide.service.TourGuideService.trackUserLocation(TourGuideService.java:84)
	at tourGuide.service.TourGuideService$1.run(TourGuideService.java:115)
Exception in thread "Thread-190" java.lang.NumberFormatException: For input string: "34,016057"
	at sun.misc.FloatingDecimal.readJavaFormatString(FloatingDecimal.java:2043)
	at sun.misc.FloatingDecimal.parseDouble(FloatingDecimal.java:110)
	at java.lang.Double.parseDouble(Double.java:538)
	at gpsUtil.GpsUtil.getUserLocation(GpsUtil.java:30)
	at tourGuide.service.TourGuideService.trackUserLocation(TourGuideService.java:84)
	at tourGuide.service.TourGuideService$1.run(TourGuideService.java:115)
Exception in thread "Thread-265" java.lang.NumberFormatException: For input string: "80,632521"
	at sun.misc.FloatingDecimal.readJavaFormatString(FloatingDecimal.java:2043)
	at sun.misc.FloatingDecimal.parseDouble(FloatingDecimal.java:110)
	at java.lang.Double.parseDouble(Double.java:538)
	at gpsUtil.GpsUtil.getUserLocation(GpsUtil.java:30)
	at tourGuide.service.TourGuideService.trackUserLocation(TourGuideService.java:84)
	at tourGuide.service.TourGuideService$1.run(TourGuideService.java:115)
Exception in thread "Thread-240" java.lang.NumberFormatException: For input string: "126,424822"
	at sun.misc.FloatingDecimal.readJavaFormatString(FloatingDecimal.java:2043)
	at sun.misc.FloatingDecimal.parseDouble(FloatingDecimal.java:110)
	at java.lang.Double.parseDouble(Double.java:538)
	at gpsUtil.GpsUtil.getUserLocation(GpsUtil.java:30)
	at tourGuide.service.TourGuideService.trackUserLocation(TourGuideService.java:84)
	at tourGuide.service.TourGuideService$1.run(TourGuideService.java:115)
Exception in thread "Thread-370" java.lang.NumberFormatException: For input string: "161,242924"
	at sun.misc.FloatingDecimal.readJavaFormatString(FloatingDecimal.java:2043)
	at sun.misc.FloatingDecimal.parseDouble(FloatingDecimal.java:110)
	at java.lang.Double.parseDouble(Double.java:538)
	at gpsUtil.GpsUtil.getUserLocation(GpsUtil.java:30)
	at tourGuide.service.TourGuideService.trackUserLocation(TourGuideService.java:84)
	at tourGuide.service.TourGuideService$1.run(TourGuideService.java:115)
Exception in thread "Thread-371" java.lang.NumberFormatException: For input string: "121,920635"
	at sun.misc.FloatingDecimal.readJavaFormatString(FloatingDecimal.java:2043)
	at sun.misc.FloatingDecimal.parseDouble(FloatingDecimal.java:110)
	at java.lang.Double.parseDouble(Double.java:538)
	at gpsUtil.GpsUtil.getUserLocation(GpsUtil.java:30)
	at tourGuide.service.TourGuideService.trackUserLocation(TourGuideService.java:84)
	at tourGuide.service.TourGuideService$1.run(TourGuideService.java:115)
Exception in thread "Thread-304" java.lang.NumberFormatException: For input string: "-157,638242"
	at sun.misc.FloatingDecimal.readJavaFormatString(FloatingDecimal.java:2043)
	at sun.misc.FloatingDecimal.parseDouble(FloatingDecimal.java:110)
	at java.lang.Double.parseDouble(Double.java:538)
	at gpsUtil.GpsUtil.getUserLocation(GpsUtil.java:30)
	at tourGuide.service.TourGuideService.trackUserLocation(TourGuideService.java:84)
	at tourGuide.service.TourGuideService$1.run(TourGuideService.java:115)
Exception in thread "Thread-289" java.lang.NumberFormatException: For input string: "36,357328"
	at sun.misc.FloatingDecimal.readJavaFormatString(FloatingDecimal.java:2043)
	at sun.misc.FloatingDecimal.parseDouble(FloatingDecimal.java:110)
	at java.lang.Double.parseDouble(Double.java:538)
	at gpsUtil.GpsUtil.getUserLocation(GpsUtil.java:30)
	at tourGuide.service.TourGuideService.trackUserLocation(TourGuideService.java:84)
	at tourGuide.service.TourGuideService$1.run(TourGuideService.java:115)
Exception in thread "Thread-82" java.lang.NumberFormatException: For input string: "-171,545949"
	at sun.misc.FloatingDecimal.readJavaFormatString(FloatingDecimal.java:2043)
	at sun.misc.FloatingDecimal.parseDouble(FloatingDecimal.java:110)
	at java.lang.Double.parseDouble(Double.java:538)
	at gpsUtil.GpsUtil.getUserLocation(GpsUtil.java:30)
	at tourGuide.service.TourGuideService.trackUserLocation(TourGuideService.java:84)
	at tourGuide.service.TourGuideService$1.run(TourGuideService.java:115)
Exception in thread "Thread-241" java.lang.NumberFormatException: For input string: "-147,997367"
	at sun.misc.FloatingDecimal.readJavaFormatString(FloatingDecimal.java:2043)
	at sun.misc.FloatingDecimal.parseDouble(FloatingDecimal.java:110)
	at java.lang.Double.parseDouble(Double.java:538)
	at gpsUtil.GpsUtil.getUserLocation(GpsUtil.java:30)
	at tourGuide.service.TourGuideService.trackUserLocation(TourGuideService.java:84)
	at tourGuide.service.TourGuideService$1.run(TourGuideService.java:115)
Exception in thread "Thread-251" java.lang.NumberFormatException: For input string: "-64,732861"
	at sun.misc.FloatingDecimal.readJavaFormatString(FloatingDecimal.java:2043)
	at sun.misc.FloatingDecimal.parseDouble(FloatingDecimal.java:110)
	at java.lang.Double.parseDouble(Double.java:538)
	at gpsUtil.GpsUtil.getUserLocation(GpsUtil.java:30)
	at tourGuide.service.TourGuideService.trackUserLocation(TourGuideService.java:84)
	at tourGuide.service.TourGuideService$1.run(TourGuideService.java:115)
Exception in thread "Thread-209" java.lang.NumberFormatException: For input string: "151,975191"
	at sun.misc.FloatingDecimal.readJavaFormatString(FloatingDecimal.java:2043)
	at sun.misc.FloatingDecimal.parseDouble(FloatingDecimal.java:110)
	at java.lang.Double.parseDouble(Double.java:538)
	at gpsUtil.GpsUtil.getUserLocation(GpsUtil.java:30)
	at tourGuide.service.TourGuideService.trackUserLocation(TourGuideService.java:84)
	at tourGuide.service.TourGuideService$1.run(TourGuideService.java:115)
Exception in thread "Thread-327" java.lang.NumberFormatException: For input string: "17,383424"
	at sun.misc.FloatingDecimal.readJavaFormatString(FloatingDecimal.java:2043)
	at sun.misc.FloatingDecimal.parseDouble(FloatingDecimal.java:110)
	at java.lang.Double.parseDouble(Double.java:538)
	at gpsUtil.GpsUtil.getUserLocation(GpsUtil.java:30)
	at tourGuide.service.TourGuideService.trackUserLocation(TourGuideService.java:84)
	at tourGuide.service.TourGuideService$1.run(TourGuideService.java:115)
Exception in thread "Thread-56" java.lang.NumberFormatException: For input string: "103,879554"
	at sun.misc.FloatingDecimal.readJavaFormatString(FloatingDecimal.java:2043)
	at sun.misc.FloatingDecimal.parseDouble(FloatingDecimal.java:110)
	at java.lang.Double.parseDouble(Double.java:538)
	at gpsUtil.GpsUtil.getUserLocation(GpsUtil.java:30)
	at tourGuide.service.TourGuideService.trackUserLocation(TourGuideService.java:84)
	at tourGuide.service.TourGuideService$1.run(TourGuideService.java:115)
Exception in thread "Thread-54" java.lang.NumberFormatException: For input string: "-24,507553"
	at sun.misc.FloatingDecimal.readJavaFormatString(FloatingDecimal.java:2043)
	at sun.misc.FloatingDecimal.parseDouble(FloatingDecimal.java:110)
	at java.lang.Double.parseDouble(Double.java:538)
	at gpsUtil.GpsUtil.getUserLocation(GpsUtil.java:30)
	at tourGuide.service.TourGuideService.trackUserLocation(TourGuideService.java:84)
	at tourGuide.service.TourGuideService$1.run(TourGuideService.java:115)
Exception in thread "Thread-87" java.lang.NumberFormatException: For input string: "-20,869673"
	at sun.misc.FloatingDecimal.readJavaFormatString(FloatingDecimal.java:2043)
	at sun.misc.FloatingDecimal.parseDouble(FloatingDecimal.java:110)
	at java.lang.Double.parseDouble(Double.java:538)
	at gpsUtil.GpsUtil.getUserLocation(GpsUtil.java:30)
	at tourGuide.service.TourGuideService.trackUserLocation(TourGuideService.java:84)
	at tourGuide.service.TourGuideService$1.run(TourGuideService.java:115)
Exception in thread "Thread-223" java.lang.NumberFormatException: For input string: "-64,766616"
	at sun.misc.FloatingDecimal.readJavaFormatString(FloatingDecimal.java:2043)
	at sun.misc.FloatingDecimal.parseDouble(FloatingDecimal.java:110)
	at java.lang.Double.parseDouble(Double.java:538)
	at gpsUtil.GpsUtil.getUserLocation(GpsUtil.java:30)
	at tourGuide.service.TourGuideService.trackUserLocation(TourGuideService.java:84)
	at tourGuide.service.TourGuideService$1.run(TourGuideService.java:115)
Exception in thread "Thread-284" java.lang.NumberFormatException: For input string: "99,794324"
	at sun.misc.FloatingDecimal.readJavaFormatString(FloatingDecimal.java:2043)
	at sun.misc.FloatingDecimal.parseDouble(FloatingDecimal.java:110)
	at java.lang.Double.parseDouble(Double.java:538)
	at gpsUtil.GpsUtil.getUserLocation(GpsUtil.java:30)
	at tourGuide.service.TourGuideService.trackUserLocation(TourGuideService.java:84)
	at tourGuide.service.TourGuideService$1.run(TourGuideService.java:115)
Exception in thread "Thread-60" java.lang.NumberFormatException: For input string: "-67,674445"
	at sun.misc.FloatingDecimal.readJavaFormatString(FloatingDecimal.java:2043)
	at sun.misc.FloatingDecimal.parseDouble(FloatingDecimal.java:110)
	at java.lang.Double.parseDouble(Double.java:538)
	at gpsUtil.GpsUtil.getUserLocation(GpsUtil.java:30)
	at tourGuide.service.TourGuideService.trackUserLocation(TourGuideService.java:84)
	at tourGuide.service.TourGuideService$1.run(TourGuideService.java:115)
Exception in thread "Thread-269" java.lang.NumberFormatException: For input string: "-109,443573"
	at sun.misc.FloatingDecimal.readJavaFormatString(FloatingDecimal.java:2043)
	at sun.misc.FloatingDecimal.parseDouble(FloatingDecimal.java:110)
	at java.lang.Double.parseDouble(Double.java:538)
	at gpsUtil.GpsUtil.getUserLocation(GpsUtil.java:30)
	at tourGuide.service.TourGuideService.trackUserLocation(TourGuideService.java:84)
	at tourGuide.service.TourGuideService$1.run(TourGuideService.java:115)
Exception in thread "Thread-219" java.lang.NumberFormatException: For input string: "-22,590244"
	at sun.misc.FloatingDecimal.readJavaFormatString(FloatingDecimal.java:2043)
	at sun.misc.FloatingDecimal.parseDouble(FloatingDecimal.java:110)
	at java.lang.Double.parseDouble(Double.java:538)
	at gpsUtil.GpsUtil.getUserLocation(GpsUtil.java:30)
	at tourGuide.service.TourGuideService.trackUserLocation(TourGuideService.java:84)
	at tourGuide.service.TourGuideService$1.run(TourGuideService.java:115)
Exception in thread "Thread-396" java.lang.NumberFormatException: For input string: "179,198052"
	at sun.misc.FloatingDecimal.readJavaFormatString(FloatingDecimal.java:2043)
	at sun.misc.FloatingDecimal.parseDouble(FloatingDecimal.java:110)
	at java.lang.Double.parseDouble(Double.java:538)
	at gpsUtil.GpsUtil.getUserLocation(GpsUtil.java:30)
	at tourGuide.service.TourGuideService.trackUserLocation(TourGuideService.java:84)
	at tourGuide.service.TourGuideService$1.run(TourGuideService.java:115)
Exception in thread "Thread-332" java.lang.NumberFormatException: For input string: "115,569218"
	at sun.misc.FloatingDecimal.readJavaFormatString(FloatingDecimal.java:2043)
	at sun.misc.FloatingDecimal.parseDouble(FloatingDecimal.java:110)
	at java.lang.Double.parseDouble(Double.java:538)
	at gpsUtil.GpsUtil.getUserLocation(GpsUtil.java:30)
	at tourGuide.service.TourGuideService.trackUserLocation(TourGuideService.java:84)
	at tourGuide.service.TourGuideService$1.run(TourGuideService.java:115)
Exception in thread "Thread-344" java.lang.NumberFormatException: For input string: "122,813152"
	at sun.misc.FloatingDecimal.readJavaFormatString(FloatingDecimal.java:2043)
	at sun.misc.FloatingDecimal.parseDouble(FloatingDecimal.java:110)
	at java.lang.Double.parseDouble(Double.java:538)
	at gpsUtil.GpsUtil.getUserLocation(GpsUtil.java:30)
	at tourGuide.service.TourGuideService.trackUserLocation(TourGuideService.java:84)
	at tourGuide.service.TourGuideService$1.run(TourGuideService.java:115)
Exception in thread "Thread-89" java.lang.NumberFormatException: For input string: "177,971569"
	at sun.misc.FloatingDecimal.readJavaFormatString(FloatingDecimal.java:2043)
	at sun.misc.FloatingDecimal.parseDouble(FloatingDecimal.java:110)
	at java.lang.Double.parseDouble(Double.java:538)
	at gpsUtil.GpsUtil.getUserLocation(GpsUtil.java:30)
	at tourGuide.service.TourGuideService.trackUserLocation(TourGuideService.java:84)
	at tourGuide.service.TourGuideService$1.run(TourGuideService.java:115)
Exception in thread "Thread-171" java.lang.NumberFormatException: For input string: "93,104298"
	at sun.misc.FloatingDecimal.readJavaFormatString(FloatingDecimal.java:2043)
	at sun.misc.FloatingDecimal.parseDouble(FloatingDecimal.java:110)
	at java.lang.Double.parseDouble(Double.java:538)
	at gpsUtil.GpsUtil.getUserLocation(GpsUtil.java:30)
	at tourGuide.service.TourGuideService.trackUserLocation(TourGuideService.java:84)
	at tourGuide.service.TourGuideService$1.run(TourGuideService.java:115)
Exception in thread "Thread-122" java.lang.NumberFormatException: For input string: "-60,221191"
	at sun.misc.FloatingDecimal.readJavaFormatString(FloatingDecimal.java:2043)
	at sun.misc.FloatingDecimal.parseDouble(FloatingDecimal.java:110)
	at java.lang.Double.parseDouble(Double.java:538)
	at gpsUtil.GpsUtil.getUserLocation(GpsUtil.java:30)
	at tourGuide.service.TourGuideService.trackUserLocation(TourGuideService.java:84)
	at tourGuide.service.TourGuideService$1.run(TourGuideService.java:115)
Exception in thread "Thread-294" java.lang.NumberFormatException: For input string: "-173,261796"
	at sun.misc.FloatingDecimal.readJavaFormatString(FloatingDecimal.java:2043)
	at sun.misc.FloatingDecimal.parseDouble(FloatingDecimal.java:110)
	at java.lang.Double.parseDouble(Double.java:538)
	at gpsUtil.GpsUtil.getUserLocation(GpsUtil.java:30)
	at tourGuide.service.TourGuideService.trackUserLocation(TourGuideService.java:84)
	at tourGuide.service.TourGuideService$1.run(TourGuideService.java:115)
Exception in thread "Thread-417" java.lang.NumberFormatException: For input string: "-159,355293"
	at sun.misc.FloatingDecimal.readJavaFormatString(FloatingDecimal.java:2043)
	at sun.misc.FloatingDecimal.parseDouble(FloatingDecimal.java:110)
	at java.lang.Double.parseDouble(Double.java:538)
	at gpsUtil.GpsUtil.getUserLocation(GpsUtil.java:30)
	at tourGuide.service.TourGuideService.trackUserLocation(TourGuideService.java:84)
	at tourGuide.service.TourGuideService$1.run(TourGuideService.java:115)
Exception in thread "Thread-306" java.lang.NumberFormatException: For input string: "-89,968472"
	at sun.misc.FloatingDecimal.readJavaFormatString(FloatingDecimal.java:2043)
	at sun.misc.FloatingDecimal.parseDouble(FloatingDecimal.java:110)
	at java.lang.Double.parseDouble(Double.java:538)
	at gpsUtil.GpsUtil.getUserLocation(GpsUtil.java:30)
	at tourGuide.service.TourGuideService.trackUserLocation(TourGuideService.java:84)
	at tourGuide.service.TourGuideService$1.run(TourGuideService.java:115)
Exception in thread "Thread-326" java.lang.NumberFormatException: For input string: "113,006256"
	at sun.misc.FloatingDecimal.readJavaFormatString(FloatingDecimal.java:2043)
	at sun.misc.FloatingDecimal.parseDouble(FloatingDecimal.java:110)
	at java.lang.Double.parseDouble(Double.java:538)
	at gpsUtil.GpsUtil.getUserLocation(GpsUtil.java:30)
	at tourGuide.service.TourGuideService.trackUserLocation(TourGuideService.java:84)
	at tourGuide.service.TourGuideService$1.run(TourGuideService.java:115)
Exception in thread "Thread-96" java.lang.NumberFormatException: For input string: "35,675675"
	at sun.misc.FloatingDecimal.readJavaFormatString(FloatingDecimal.java:2043)
	at sun.misc.FloatingDecimal.parseDouble(FloatingDecimal.java:110)
	at java.lang.Double.parseDouble(Double.java:538)
	at gpsUtil.GpsUtil.getUserLocation(GpsUtil.java:30)
	at tourGuide.service.TourGuideService.trackUserLocation(TourGuideService.java:84)
	at tourGuide.service.TourGuideService$1.run(TourGuideService.java:115)
Exception in thread "Thread-138" java.lang.NumberFormatException: For input string: "-52,250739"
	at sun.misc.FloatingDecimal.readJavaFormatString(FloatingDecimal.java:2043)
	at sun.misc.FloatingDecimal.parseDouble(FloatingDecimal.java:110)
	at java.lang.Double.parseDouble(Double.java:538)
	at gpsUtil.GpsUtil.getUserLocation(GpsUtil.java:30)
	at tourGuide.service.TourGuideService.trackUserLocation(TourGuideService.java:84)
	at tourGuide.service.TourGuideService$1.run(TourGuideService.java:115)
Exception in thread "Thread-83" java.lang.NumberFormatException: For input string: "-57,904728"
	at sun.misc.FloatingDecimal.readJavaFormatString(FloatingDecimal.java:2043)
	at sun.misc.FloatingDecimal.parseDouble(FloatingDecimal.java:110)
	at java.lang.Double.parseDouble(Double.java:538)
	at gpsUtil.GpsUtil.getUserLocation(GpsUtil.java:30)
	at tourGuide.service.TourGuideService.trackUserLocation(TourGuideService.java:84)
	at tourGuide.service.TourGuideService$1.run(TourGuideService.java:115)
Exception in thread "Thread-173" java.lang.NumberFormatException: For input string: "126,275536"
	at sun.misc.FloatingDecimal.readJavaFormatString(FloatingDecimal.java:2043)
	at sun.misc.FloatingDecimal.parseDouble(FloatingDecimal.java:110)
	at java.lang.Double.parseDouble(Double.java:538)
	at gpsUtil.GpsUtil.getUserLocation(GpsUtil.java:30)
	at tourGuide.service.TourGuideService.trackUserLocation(TourGuideService.java:84)
	at tourGuide.service.TourGuideService$1.run(TourGuideService.java:115)
Exception in thread "Thread-108" java.lang.NumberFormatException: For input string: "-79,522851"
	at sun.misc.FloatingDecimal.readJavaFormatString(FloatingDecimal.java:2043)
	at sun.misc.FloatingDecimal.parseDouble(FloatingDecimal.java:110)
	at java.lang.Double.parseDouble(Double.java:538)
	at gpsUtil.GpsUtil.getUserLocation(GpsUtil.java:30)
	at tourGuide.service.TourGuideService.trackUserLocation(TourGuideService.java:84)
	at tourGuide.service.TourGuideService$1.run(TourGuideService.java:115)
Exception in thread "Thread-259" java.lang.NumberFormatException: For input string: "-7,482581"
	at sun.misc.FloatingDecimal.readJavaFormatString(FloatingDecimal.java:2043)
	at sun.misc.FloatingDecimal.parseDouble(FloatingDecimal.java:110)
	at java.lang.Double.parseDouble(Double.java:538)
	at gpsUtil.GpsUtil.getUserLocation(GpsUtil.java:30)
	at tourGuide.service.TourGuideService.trackUserLocation(TourGuideService.java:84)
	at tourGuide.service.TourGuideService$1.run(TourGuideService.java:115)
Exception in thread "Thread-243" java.lang.NumberFormatException: For input string: "-115,274006"
	at sun.misc.FloatingDecimal.readJavaFormatString(FloatingDecimal.java:2043)
	at sun.misc.FloatingDecimal.parseDouble(FloatingDecimal.java:110)
	at java.lang.Double.parseDouble(Double.java:538)
	at gpsUtil.GpsUtil.getUserLocation(GpsUtil.java:30)
	at tourGuide.service.TourGuideService.trackUserLocation(TourGuideService.java:84)
	at tourGuide.service.TourGuideService$1.run(TourGuideService.java:115)
Exception in thread "Thread-407" java.lang.NumberFormatException: For input string: "74,065987"
	at sun.misc.FloatingDecimal.readJavaFormatString(FloatingDecimal.java:2043)
	at sun.misc.FloatingDecimal.parseDouble(FloatingDecimal.java:110)
	at java.lang.Double.parseDouble(Double.java:538)
	at gpsUtil.GpsUtil.getUserLocation(GpsUtil.java:30)
	at tourGuide.service.TourGuideService.trackUserLocation(TourGuideService.java:84)
	at tourGuide.service.TourGuideService$1.run(TourGuideService.java:115)
Exception in thread "Thread-174" java.lang.NumberFormatException: For input string: "93,908946"
	at sun.misc.FloatingDecimal.readJavaFormatString(FloatingDecimal.java:2043)
	at sun.misc.FloatingDecimal.parseDouble(FloatingDecimal.java:110)
	at java.lang.Double.parseDouble(Double.java:538)
	at gpsUtil.GpsUtil.getUserLocation(GpsUtil.java:30)
	at tourGuide.service.TourGuideService.trackUserLocation(TourGuideService.java:84)
	at tourGuide.service.TourGuideService$1.run(TourGuideService.java:115)
Exception in thread "Thread-179" java.lang.NumberFormatException: For input string: "-116,974619"
	at sun.misc.FloatingDecimal.readJavaFormatString(FloatingDecimal.java:2043)
	at sun.misc.FloatingDecimal.parseDouble(FloatingDecimal.java:110)
	at java.lang.Double.parseDouble(Double.java:538)
	at gpsUtil.GpsUtil.getUserLocation(GpsUtil.java:30)
	at tourGuide.service.TourGuideService.trackUserLocation(TourGuideService.java:84)
	at tourGuide.service.TourGuideService$1.run(TourGuideService.java:115)
Exception in thread "Thread-28" java.lang.NumberFormatException: For input string: "-167,959927"
	at sun.misc.FloatingDecimal.readJavaFormatString(FloatingDecimal.java:2043)
	at sun.misc.FloatingDecimal.parseDouble(FloatingDecimal.java:110)
	at java.lang.Double.parseDouble(Double.java:538)
	at gpsUtil.GpsUtil.getUserLocation(GpsUtil.java:30)
	at tourGuide.service.TourGuideService.trackUserLocation(TourGuideService.java:84)
	at tourGuide.service.TourGuideService$1.run(TourGuideService.java:115)
Exception in thread "Thread-338" java.lang.NumberFormatException: For input string: "161,049144"
	at sun.misc.FloatingDecimal.readJavaFormatString(FloatingDecimal.java:2043)
	at sun.misc.FloatingDecimal.parseDouble(FloatingDecimal.java:110)
	at java.lang.Double.parseDouble(Double.java:538)
	at gpsUtil.GpsUtil.getUserLocation(GpsUtil.java:30)
	at tourGuide.service.TourGuideService.trackUserLocation(TourGuideService.java:84)
	at tourGuide.service.TourGuideService$1.run(TourGuideService.java:115)
Exception in thread "Thread-50" java.lang.NumberFormatException: For input string: "40,130984"
	at sun.misc.FloatingDecimal.readJavaFormatString(FloatingDecimal.java:2043)
	at sun.misc.FloatingDecimal.parseDouble(FloatingDecimal.java:110)
	at java.lang.Double.parseDouble(Double.java:538)
	at gpsUtil.GpsUtil.getUserLocation(GpsUtil.java:30)
	at tourGuide.service.TourGuideService.trackUserLocation(TourGuideService.java:84)
	at tourGuide.service.TourGuideService$1.run(TourGuideService.java:115)
Exception in thread "Thread-118" java.lang.NumberFormatException: For input string: "-163,345369"
	at sun.misc.FloatingDecimal.readJavaFormatString(FloatingDecimal.java:2043)
	at sun.misc.FloatingDecimal.parseDouble(FloatingDecimal.java:110)
	at java.lang.Double.parseDouble(Double.java:538)
	at gpsUtil.GpsUtil.getUserLocation(GpsUtil.java:30)
	at tourGuide.service.TourGuideService.trackUserLocation(TourGuideService.java:84)
	at tourGuide.service.TourGuideService$1.run(TourGuideService.java:115)
Exception in thread "Thread-186" java.lang.NumberFormatException: For input string: "34,965576"
	at sun.misc.FloatingDecimal.readJavaFormatString(FloatingDecimal.java:2043)
	at sun.misc.FloatingDecimal.parseDouble(FloatingDecimal.java:110)
	at java.lang.Double.parseDouble(Double.java:538)
	at gpsUtil.GpsUtil.getUserLocation(GpsUtil.java:30)
	at tourGuide.service.TourGuideService.trackUserLocation(TourGuideService.java:84)
	at tourGuide.service.TourGuideService$1.run(TourGuideService.java:115)
Exception in thread "Thread-14" java.lang.NumberFormatException: For input string: "-111,718572"
	at sun.misc.FloatingDecimal.readJavaFormatString(FloatingDecimal.java:2043)
	at sun.misc.FloatingDecimal.parseDouble(FloatingDecimal.java:110)
	at java.lang.Double.parseDouble(Double.java:538)
	at gpsUtil.GpsUtil.getUserLocation(GpsUtil.java:30)
	at tourGuide.service.TourGuideService.trackUserLocation(TourGuideService.java:84)
	at tourGuide.service.TourGuideService$1.run(TourGuideService.java:115)
Exception in thread "Thread-71" java.lang.NumberFormatException: For input string: "-143,812958"
	at sun.misc.FloatingDecimal.readJavaFormatString(FloatingDecimal.java:2043)
	at sun.misc.FloatingDecimal.parseDouble(FloatingDecimal.java:110)
	at java.lang.Double.parseDouble(Double.java:538)
	at gpsUtil.GpsUtil.getUserLocation(GpsUtil.java:30)
	at tourGuide.service.TourGuideService.trackUserLocation(TourGuideService.java:84)
	at tourGuide.service.TourGuideService$1.run(TourGuideService.java:115)
Exception in thread "Thread-195" java.lang.NumberFormatException: For input string: "-65,869333"
	at sun.misc.FloatingDecimal.readJavaFormatString(FloatingDecimal.java:2043)
	at sun.misc.FloatingDecimal.parseDouble(FloatingDecimal.java:110)
	at java.lang.Double.parseDouble(Double.java:538)
	at gpsUtil.GpsUtil.getUserLocation(GpsUtil.java:30)
	at tourGuide.service.TourGuideService.trackUserLocation(TourGuideService.java:84)
	at tourGuide.service.TourGuideService$1.run(TourGuideService.java:115)
Exception in thread "Thread-77" java.lang.NumberFormatException: For input string: "144,666637"
	at sun.misc.FloatingDecimal.readJavaFormatString(FloatingDecimal.java:2043)
	at sun.misc.FloatingDecimal.parseDouble(FloatingDecimal.java:110)
	at java.lang.Double.parseDouble(Double.java:538)
	at gpsUtil.GpsUtil.getUserLocation(GpsUtil.java:30)
	at tourGuide.service.TourGuideService.trackUserLocation(TourGuideService.java:84)
	at tourGuide.service.TourGuideService$1.run(TourGuideService.java:115)
Exception in thread "Thread-31" java.lang.NumberFormatException: For input string: "-6,926429"
	at sun.misc.FloatingDecimal.readJavaFormatString(FloatingDecimal.java:2043)
	at sun.misc.FloatingDecimal.parseDouble(FloatingDecimal.java:110)
	at java.lang.Double.parseDouble(Double.java:538)
	at gpsUtil.GpsUtil.getUserLocation(GpsUtil.java:30)
	at tourGuide.service.TourGuideService.trackUserLocation(TourGuideService.java:84)
	at tourGuide.service.TourGuideService$1.run(TourGuideService.java:115)
Exception in thread "Thread-183" java.lang.NumberFormatException: For input string: "177,765768"
	at sun.misc.FloatingDecimal.readJavaFormatString(FloatingDecimal.java:2043)
	at sun.misc.FloatingDecimal.parseDouble(FloatingDecimal.java:110)
	at java.lang.Double.parseDouble(Double.java:538)
	at gpsUtil.GpsUtil.getUserLocation(GpsUtil.java:30)
	at tourGuide.service.TourGuideService.trackUserLocation(TourGuideService.java:84)
	at tourGuide.service.TourGuideService$1.run(TourGuideService.java:115)
Exception in thread "Thread-20" java.lang.NumberFormatException: For input string: "-108,857208"
	at sun.misc.FloatingDecimal.readJavaFormatString(FloatingDecimal.java:2043)
	at sun.misc.FloatingDecimal.parseDouble(FloatingDecimal.java:110)
	at java.lang.Double.parseDouble(Double.java:538)
	at gpsUtil.GpsUtil.getUserLocation(GpsUtil.java:30)
	at tourGuide.service.TourGuideService.trackUserLocation(TourGuideService.java:84)
	at tourGuide.service.TourGuideService$1.run(TourGuideService.java:115)
Exception in thread "Thread-244" java.lang.NumberFormatException: For input string: "-136,925969"
	at sun.misc.FloatingDecimal.readJavaFormatString(FloatingDecimal.java:2043)
	at sun.misc.FloatingDecimal.parseDouble(FloatingDecimal.java:110)
	at java.lang.Double.parseDouble(Double.java:538)
	at gpsUtil.GpsUtil.getUserLocation(GpsUtil.java:30)
	at tourGuide.service.TourGuideService.trackUserLocation(TourGuideService.java:84)
	at tourGuide.service.TourGuideService$1.run(TourGuideService.java:115)
Exception in thread "Thread-369" java.lang.NumberFormatException: For input string: "-53,875983"
	at sun.misc.FloatingDecimal.readJavaFormatString(FloatingDecimal.java:2043)
	at sun.misc.FloatingDecimal.parseDouble(FloatingDecimal.java:110)
	at java.lang.Double.parseDouble(Double.java:538)
	at gpsUtil.GpsUtil.getUserLocation(GpsUtil.java:30)
	at tourGuide.service.TourGuideService.trackUserLocation(TourGuideService.java:84)
	at tourGuide.service.TourGuideService$1.run(TourGuideService.java:115)
Exception in thread "Thread-281" java.lang.NumberFormatException: For input string: "-93,493566"
	at sun.misc.FloatingDecimal.readJavaFormatString(FloatingDecimal.java:2043)
	at sun.misc.FloatingDecimal.parseDouble(FloatingDecimal.java:110)
	at java.lang.Double.parseDouble(Double.java:538)
	at gpsUtil.GpsUtil.getUserLocation(GpsUtil.java:30)
	at tourGuide.service.TourGuideService.trackUserLocation(TourGuideService.java:84)
	at tourGuide.service.TourGuideService$1.run(TourGuideService.java:115)
Exception in thread "Thread-321" java.lang.NumberFormatException: For input string: "151,619901"
	at sun.misc.FloatingDecimal.readJavaFormatString(FloatingDecimal.java:2043)
	at sun.misc.FloatingDecimal.parseDouble(FloatingDecimal.java:110)
	at java.lang.Double.parseDouble(Double.java:538)
	at gpsUtil.GpsUtil.getUserLocation(GpsUtil.java:30)
	at tourGuide.service.TourGuideService.trackUserLocation(TourGuideService.java:84)
	at tourGuide.service.TourGuideService$1.run(TourGuideService.java:115)
Exception in thread "Thread-423" java.lang.NumberFormatException: For input string: "-45,781249"
	at sun.misc.FloatingDecimal.readJavaFormatString(FloatingDecimal.java:2043)
	at sun.misc.FloatingDecimal.parseDouble(FloatingDecimal.java:110)
	at java.lang.Double.parseDouble(Double.java:538)
	at gpsUtil.GpsUtil.getUserLocation(GpsUtil.java:30)
	at tourGuide.service.TourGuideService.trackUserLocation(TourGuideService.java:84)
	at tourGuide.service.TourGuideService$1.run(TourGuideService.java:115)
Exception in thread "Thread-43" java.lang.NumberFormatException: For input string: "-82,191781"
	at sun.misc.FloatingDecimal.readJavaFormatString(FloatingDecimal.java:2043)
	at sun.misc.FloatingDecimal.parseDouble(FloatingDecimal.java:110)
	at java.lang.Double.parseDouble(Double.java:538)
	at gpsUtil.GpsUtil.getUserLocation(GpsUtil.java:30)
	at tourGuide.service.TourGuideService.trackUserLocation(TourGuideService.java:84)
	at tourGuide.service.TourGuideService$1.run(TourGuideService.java:115)
Exception in thread "Thread-456" java.lang.NumberFormatException: For input string: "137,652103"
	at sun.misc.FloatingDecimal.readJavaFormatString(FloatingDecimal.java:2043)
	at sun.misc.FloatingDecimal.parseDouble(FloatingDecimal.java:110)
	at java.lang.Double.parseDouble(Double.java:538)
	at gpsUtil.GpsUtil.getUserLocation(GpsUtil.java:30)
	at tourGuide.service.TourGuideService.trackUserLocation(TourGuideService.java:84)
	at tourGuide.service.TourGuideService$1.run(TourGuideService.java:115)
Exception in thread "Thread-187" java.lang.NumberFormatException: For input string: "-135,075744"
	at sun.misc.FloatingDecimal.readJavaFormatString(FloatingDecimal.java:2043)
	at sun.misc.FloatingDecimal.parseDouble(FloatingDecimal.java:110)
	at java.lang.Double.parseDouble(Double.java:538)
	at gpsUtil.GpsUtil.getUserLocation(GpsUtil.java:30)
	at tourGuide.service.TourGuideService.trackUserLocation(TourGuideService.java:84)
	at tourGuide.service.TourGuideService$1.run(TourGuideService.java:115)
Exception in thread "Thread-236" java.lang.NumberFormatException: For input string: "70,371399"
	at sun.misc.FloatingDecimal.readJavaFormatString(FloatingDecimal.java:2043)
	at sun.misc.FloatingDecimal.parseDouble(FloatingDecimal.java:110)
	at java.lang.Double.parseDouble(Double.java:538)
	at gpsUtil.GpsUtil.getUserLocation(GpsUtil.java:30)
	at tourGuide.service.TourGuideService.trackUserLocation(TourGuideService.java:84)
	at tourGuide.service.TourGuideService$1.run(TourGuideService.java:115)
Exception in thread "Thread-443" java.lang.NumberFormatException: For input string: "-46,974728"
	at sun.misc.FloatingDecimal.readJavaFormatString(FloatingDecimal.java:2043)
	at sun.misc.FloatingDecimal.parseDouble(FloatingDecimal.java:110)
	at java.lang.Double.parseDouble(Double.java:538)
	at gpsUtil.GpsUtil.getUserLocation(GpsUtil.java:30)
	at tourGuide.service.TourGuideService.trackUserLocation(TourGuideService.java:84)
	at tourGuide.service.TourGuideService$1.run(TourGuideService.java:115)
Exception in thread "Thread-310" java.lang.NumberFormatException: For input string: "-4,998867"
	at sun.misc.FloatingDecimal.readJavaFormatString(FloatingDecimal.java:2043)
	at sun.misc.FloatingDecimal.parseDouble(FloatingDecimal.java:110)
	at java.lang.Double.parseDouble(Double.java:538)
	at gpsUtil.GpsUtil.getUserLocation(GpsUtil.java:30)
	at tourGuide.service.TourGuideService.trackUserLocation(TourGuideService.java:84)
	at tourGuide.service.TourGuideService$1.run(TourGuideService.java:115)
Exception in thread "Thread-52" java.lang.NumberFormatException: For input string: "172,781119"
	at sun.misc.FloatingDecimal.readJavaFormatString(FloatingDecimal.java:2043)
	at sun.misc.FloatingDecimal.parseDouble(FloatingDecimal.java:110)
	at java.lang.Double.parseDouble(Double.java:538)
	at gpsUtil.GpsUtil.getUserLocation(GpsUtil.java:30)
	at tourGuide.service.TourGuideService.trackUserLocation(TourGuideService.java:84)
	at tourGuide.service.TourGuideService$1.run(TourGuideService.java:115)
Exception in thread "Thread-130" java.lang.NumberFormatException: For input string: "-116,152475"
	at sun.misc.FloatingDecimal.readJavaFormatString(FloatingDecimal.java:2043)
	at sun.misc.FloatingDecimal.parseDouble(FloatingDecimal.java:110)
	at java.lang.Double.parseDouble(Double.java:538)
	at gpsUtil.GpsUtil.getUserLocation(GpsUtil.java:30)
	at tourGuide.service.TourGuideService.trackUserLocation(TourGuideService.java:84)
	at tourGuide.service.TourGuideService$1.run(TourGuideService.java:115)
Exception in thread "Thread-302" java.lang.NumberFormatException: For input string: "-58,418512"
	at sun.misc.FloatingDecimal.readJavaFormatString(FloatingDecimal.java:2043)
	at sun.misc.FloatingDecimal.parseDouble(FloatingDecimal.java:110)
	at java.lang.Double.parseDouble(Double.java:538)
	at gpsUtil.GpsUtil.getUserLocation(GpsUtil.java:30)
	at tourGuide.service.TourGuideService.trackUserLocation(TourGuideService.java:84)
	at tourGuide.service.TourGuideService$1.run(TourGuideService.java:115)
Exception in thread "Thread-474" java.lang.NumberFormatException: For input string: "54,140769"
	at sun.misc.FloatingDecimal.readJavaFormatString(FloatingDecimal.java:2043)
	at sun.misc.FloatingDecimal.parseDouble(FloatingDecimal.java:110)
	at java.lang.Double.parseDouble(Double.java:538)
	at gpsUtil.GpsUtil.getUserLocation(GpsUtil.java:30)
	at tourGuide.service.TourGuideService.trackUserLocation(TourGuideService.java:84)
	at tourGuide.service.TourGuideService$1.run(TourGuideService.java:115)
Exception in thread "Thread-346" java.lang.NumberFormatException: For input string: "116,122957"
	at sun.misc.FloatingDecimal.readJavaFormatString(FloatingDecimal.java:2043)
	at sun.misc.FloatingDecimal.parseDouble(FloatingDecimal.java:110)
	at java.lang.Double.parseDouble(Double.java:538)
	at gpsUtil.GpsUtil.getUserLocation(GpsUtil.java:30)
	at tourGuide.service.TourGuideService.trackUserLocation(TourGuideService.java:84)
	at tourGuide.service.TourGuideService$1.run(TourGuideService.java:115)
Exception in thread "Thread-260" java.lang.NumberFormatException: For input string: "88,363535"
	at sun.misc.FloatingDecimal.readJavaFormatString(FloatingDecimal.java:2043)
	at sun.misc.FloatingDecimal.parseDouble(FloatingDecimal.java:110)
	at java.lang.Double.parseDouble(Double.java:538)
	at gpsUtil.GpsUtil.getUserLocation(GpsUtil.java:30)
	at tourGuide.service.TourGuideService.trackUserLocation(TourGuideService.java:84)
	at tourGuide.service.TourGuideService$1.run(TourGuideService.java:115)
Exception in thread "Thread-88" java.lang.NumberFormatException: For input string: "22,223763"
	at sun.misc.FloatingDecimal.readJavaFormatString(FloatingDecimal.java:2043)
	at sun.misc.FloatingDecimal.parseDouble(FloatingDecimal.java:110)
	at java.lang.Double.parseDouble(Double.java:538)
	at gpsUtil.GpsUtil.getUserLocation(GpsUtil.java:30)
	at tourGuide.service.TourGuideService.trackUserLocation(TourGuideService.java:84)
	at tourGuide.service.TourGuideService$1.run(TourGuideService.java:115)
Exception in thread "Thread-140" java.lang.NumberFormatException: For input string: "-24,995149"
	at sun.misc.FloatingDecimal.readJavaFormatString(FloatingDecimal.java:2043)
	at sun.misc.FloatingDecimal.parseDouble(FloatingDecimal.java:110)
	at java.lang.Double.parseDouble(Double.java:538)
	at gpsUtil.GpsUtil.getUserLocation(GpsUtil.java:30)
	at tourGuide.service.TourGuideService.trackUserLocation(TourGuideService.java:84)
	at tourGuide.service.TourGuideService$1.run(TourGuideService.java:115)
Exception in thread "Thread-145" java.lang.NumberFormatException: For input string: "-82,095590"
	at sun.misc.FloatingDecimal.readJavaFormatString(FloatingDecimal.java:2043)
	at sun.misc.FloatingDecimal.parseDouble(FloatingDecimal.java:110)
	at java.lang.Double.parseDouble(Double.java:538)
	at gpsUtil.GpsUtil.getUserLocation(GpsUtil.java:30)
	at tourGuide.service.TourGuideService.trackUserLocation(TourGuideService.java:84)
	at tourGuide.service.TourGuideService$1.run(TourGuideService.java:115)
Exception in thread "Thread-144" java.lang.NumberFormatException: For input string: "25,511475"
	at sun.misc.FloatingDecimal.readJavaFormatString(FloatingDecimal.java:2043)
	at sun.misc.FloatingDecimal.parseDouble(FloatingDecimal.java:110)
	at java.lang.Double.parseDouble(Double.java:538)
	at gpsUtil.GpsUtil.getUserLocation(GpsUtil.java:30)
	at tourGuide.service.TourGuideService.trackUserLocation(TourGuideService.java:84)
	at tourGuide.service.TourGuideService$1.run(TourGuideService.java:115)
Exception in thread "Thread-10" java.lang.NumberFormatException: For input string: "-103,130444"
	at sun.misc.FloatingDecimal.readJavaFormatString(FloatingDecimal.java:2043)
	at sun.misc.FloatingDecimal.parseDouble(FloatingDecimal.java:110)
	at java.lang.Double.parseDouble(Double.java:538)
	at gpsUtil.GpsUtil.getUserLocation(GpsUtil.java:30)
	at tourGuide.service.TourGuideService.trackUserLocation(TourGuideService.java:84)
	at tourGuide.service.TourGuideService$1.run(TourGuideService.java:115)
Exception in thread "Thread-493" java.lang.NumberFormatException: For input string: "13,929905"
	at sun.misc.FloatingDecimal.readJavaFormatString(FloatingDecimal.java:2043)
	at sun.misc.FloatingDecimal.parseDouble(FloatingDecimal.java:110)
	at java.lang.Double.parseDouble(Double.java:538)
	at gpsUtil.GpsUtil.getUserLocation(GpsUtil.java:30)
	at tourGuide.service.TourGuideService.trackUserLocation(TourGuideService.java:84)
	at tourGuide.service.TourGuideService$1.run(TourGuideService.java:115)
Exception in thread "Thread-356" java.lang.NumberFormatException: For input string: "-37,954812"
	at sun.misc.FloatingDecimal.readJavaFormatString(FloatingDecimal.java:2043)
	at sun.misc.FloatingDecimal.parseDouble(FloatingDecimal.java:110)
	at java.lang.Double.parseDouble(Double.java:538)
	at gpsUtil.GpsUtil.getUserLocation(GpsUtil.java:30)
	at tourGuide.service.TourGuideService.trackUserLocation(TourGuideService.java:84)
	at tourGuide.service.TourGuideService$1.run(TourGuideService.java:115)
Exception in thread "Thread-359" java.lang.NumberFormatException: For input string: "80,611443"
	at sun.misc.FloatingDecimal.readJavaFormatString(FloatingDecimal.java:2043)
	at sun.misc.FloatingDecimal.parseDouble(FloatingDecimal.java:110)
	at java.lang.Double.parseDouble(Double.java:538)
	at gpsUtil.GpsUtil.getUserLocation(GpsUtil.java:30)
	at tourGuide.service.TourGuideService.trackUserLocation(TourGuideService.java:84)
	at tourGuide.service.TourGuideService$1.run(TourGuideService.java:115)
Exception in thread "Thread-268" java.lang.NumberFormatException: For input string: "-145,058261"
	at sun.misc.FloatingDecimal.readJavaFormatString(FloatingDecimal.java:2043)
	at sun.misc.FloatingDecimal.parseDouble(FloatingDecimal.java:110)
	at java.lang.Double.parseDouble(Double.java:538)
	at gpsUtil.GpsUtil.getUserLocation(GpsUtil.java:30)
	at tourGuide.service.TourGuideService.trackUserLocation(TourGuideService.java:84)
	at tourGuide.service.TourGuideService$1.run(TourGuideService.java:115)
Exception in thread "Thread-318" java.lang.NumberFormatException: For input string: "-94,484209"
	at sun.misc.FloatingDecimal.readJavaFormatString(FloatingDecimal.java:2043)
	at sun.misc.FloatingDecimal.parseDouble(FloatingDecimal.java:110)
	at java.lang.Double.parseDouble(Double.java:538)
	at gpsUtil.GpsUtil.getUserLocation(GpsUtil.java:30)
	at tourGuide.service.TourGuideService.trackUserLocation(TourGuideService.java:84)
	at tourGuide.service.TourGuideService$1.run(TourGuideService.java:115)
Exception in thread "Thread-165" java.lang.NumberFormatException: For input string: "-126,506554"
	at sun.misc.FloatingDecimal.readJavaFormatString(FloatingDecimal.java:2043)
	at sun.misc.FloatingDecimal.parseDouble(FloatingDecimal.java:110)
	at java.lang.Double.parseDouble(Double.java:538)
	at gpsUtil.GpsUtil.getUserLocation(GpsUtil.java:30)
	at tourGuide.service.TourGuideService.trackUserLocation(TourGuideService.java:84)
	at tourGuide.service.TourGuideService$1.run(TourGuideService.java:115)
Exception in thread "Thread-402" java.lang.NumberFormatException: For input string: "-5,031930"
	at sun.misc.FloatingDecimal.readJavaFormatString(FloatingDecimal.java:2043)
	at sun.misc.FloatingDecimal.parseDouble(FloatingDecimal.java:110)
	at java.lang.Double.parseDouble(Double.java:538)
	at gpsUtil.GpsUtil.getUserLocation(GpsUtil.java:30)
	at tourGuide.service.TourGuideService.trackUserLocation(TourGuideService.java:84)
	at tourGuide.service.TourGuideService$1.run(TourGuideService.java:115)
Exception in thread "Thread-94" java.lang.NumberFormatException: For input string: "-114,908847"
	at sun.misc.FloatingDecimal.readJavaFormatString(FloatingDecimal.java:2043)
	at sun.misc.FloatingDecimal.parseDouble(FloatingDecimal.java:110)
	at java.lang.Double.parseDouble(Double.java:538)
	at gpsUtil.GpsUtil.getUserLocation(GpsUtil.java:30)
	at tourGuide.service.TourGuideService.trackUserLocation(TourGuideService.java:84)
	at tourGuide.service.TourGuideService$1.run(TourGuideService.java:115)
Exception in thread "Thread-483" java.lang.NumberFormatException: For input string: "-99,776454"
	at sun.misc.FloatingDecimal.readJavaFormatString(FloatingDecimal.java:2043)
	at sun.misc.FloatingDecimal.parseDouble(FloatingDecimal.java:110)
	at java.lang.Double.parseDouble(Double.java:538)
	at gpsUtil.GpsUtil.getUserLocation(GpsUtil.java:30)
	at tourGuide.service.TourGuideService.trackUserLocation(TourGuideService.java:84)
	at tourGuide.service.TourGuideService$1.run(TourGuideService.java:115)
Exception in thread "Thread-167" java.lang.NumberFormatException: For input string: "-90,611025"
	at sun.misc.FloatingDecimal.readJavaFormatString(FloatingDecimal.java:2043)
	at sun.misc.FloatingDecimal.parseDouble(FloatingDecimal.java:110)
	at java.lang.Double.parseDouble(Double.java:538)
	at gpsUtil.GpsUtil.getUserLocation(GpsUtil.java:30)
	at tourGuide.service.TourGuideService.trackUserLocation(TourGuideService.java:84)
	at tourGuide.service.TourGuideService$1.run(TourGuideService.java:115)
Exception in thread "Thread-339" java.lang.NumberFormatException: For input string: "169,086531"
	at sun.misc.FloatingDecimal.readJavaFormatString(FloatingDecimal.java:2043)
	at sun.misc.FloatingDecimal.parseDouble(FloatingDecimal.java:110)
	at java.lang.Double.parseDouble(Double.java:538)
	at gpsUtil.GpsUtil.getUserLocation(GpsUtil.java:30)
	at tourGuide.service.TourGuideService.trackUserLocation(TourGuideService.java:84)
	at tourGuide.service.TourGuideService$1.run(TourGuideService.java:115)
Exception in thread "Thread-256" java.lang.NumberFormatException: For input string: "104,319247"
	at sun.misc.FloatingDecimal.readJavaFormatString(FloatingDecimal.java:2043)
	at sun.misc.FloatingDecimal.parseDouble(FloatingDecimal.java:110)
	at java.lang.Double.parseDouble(Double.java:538)
	at gpsUtil.GpsUtil.getUserLocation(GpsUtil.java:30)
	at tourGuide.service.TourGuideService.trackUserLocation(TourGuideService.java:84)
	at tourGuide.service.TourGuideService$1.run(TourGuideService.java:115)
Exception in thread "Thread-121" java.lang.NumberFormatException: For input string: "-151,948962"
	at sun.misc.FloatingDecimal.readJavaFormatString(FloatingDecimal.java:2043)
	at sun.misc.FloatingDecimal.parseDouble(FloatingDecimal.java:110)
	at java.lang.Double.parseDouble(Double.java:538)
	at gpsUtil.GpsUtil.getUserLocation(GpsUtil.java:30)
	at tourGuide.service.TourGuideService.trackUserLocation(TourGuideService.java:84)
	at tourGuide.service.TourGuideService$1.run(TourGuideService.java:115)
Exception in thread "Thread-169" java.lang.NumberFormatException: For input string: "-53,521141"
	at sun.misc.FloatingDecimal.readJavaFormatString(FloatingDecimal.java:2043)
	at sun.misc.FloatingDecimal.parseDouble(FloatingDecimal.java:110)
	at java.lang.Double.parseDouble(Double.java:538)
	at gpsUtil.GpsUtil.getUserLocation(GpsUtil.java:30)
	at tourGuide.service.TourGuideService.trackUserLocation(TourGuideService.java:84)
	at tourGuide.service.TourGuideService$1.run(TourGuideService.java:115)
Exception in thread "Thread-208" java.lang.NumberFormatException: For input string: "-166,736826"
	at sun.misc.FloatingDecimal.readJavaFormatString(FloatingDecimal.java:2043)
	at sun.misc.FloatingDecimal.parseDouble(FloatingDecimal.java:110)
	at java.lang.Double.parseDouble(Double.java:538)
	at gpsUtil.GpsUtil.getUserLocation(GpsUtil.java:30)
	at tourGuide.service.TourGuideService.trackUserLocation(TourGuideService.java:84)
	at tourGuide.service.TourGuideService$1.run(TourGuideService.java:115)
Exception in thread "Thread-188" java.lang.NumberFormatException: For input string: "-41,005408"
	at sun.misc.FloatingDecimal.readJavaFormatString(FloatingDecimal.java:2043)
	at sun.misc.FloatingDecimal.parseDouble(FloatingDecimal.java:110)
	at java.lang.Double.parseDouble(Double.java:538)
	at gpsUtil.GpsUtil.getUserLocation(GpsUtil.java:30)
	at tourGuide.service.TourGuideService.trackUserLocation(TourGuideService.java:84)
	at tourGuide.service.TourGuideService$1.run(TourGuideService.java:115)
Exception in thread "Thread-16" java.lang.NumberFormatException: For input string: "143,442757"
	at sun.misc.FloatingDecimal.readJavaFormatString(FloatingDecimal.java:2043)
	at sun.misc.FloatingDecimal.parseDouble(FloatingDecimal.java:110)
	at java.lang.Double.parseDouble(Double.java:538)
	at gpsUtil.GpsUtil.getUserLocation(GpsUtil.java:30)
	at tourGuide.service.TourGuideService.trackUserLocation(TourGuideService.java:84)
	at tourGuide.service.TourGuideService$1.run(TourGuideService.java:115)
Exception in thread "Thread-176" java.lang.NumberFormatException: For input string: "135,266951"
	at sun.misc.FloatingDecimal.readJavaFormatString(FloatingDecimal.java:2043)
	at sun.misc.FloatingDecimal.parseDouble(FloatingDecimal.java:110)
	at java.lang.Double.parseDouble(Double.java:538)
	at gpsUtil.GpsUtil.getUserLocation(GpsUtil.java:30)
	at tourGuide.service.TourGuideService.trackUserLocation(TourGuideService.java:84)
	at tourGuide.service.TourGuideService$1.run(TourGuideService.java:115)
Exception in thread "Thread-216" java.lang.NumberFormatException: For input string: "120,721195"
	at sun.misc.FloatingDecimal.readJavaFormatString(FloatingDecimal.java:2043)
	at sun.misc.FloatingDecimal.parseDouble(FloatingDecimal.java:110)
	at java.lang.Double.parseDouble(Double.java:538)
	at gpsUtil.GpsUtil.getUserLocation(GpsUtil.java:30)
	at tourGuide.service.TourGuideService.trackUserLocation(TourGuideService.java:84)
	at tourGuide.service.TourGuideService$1.run(TourGuideService.java:115)
Exception in thread "Thread-438" java.lang.NumberFormatException: For input string: "-33,222315"
	at sun.misc.FloatingDecimal.readJavaFormatString(FloatingDecimal.java:2043)
	at sun.misc.FloatingDecimal.parseDouble(FloatingDecimal.java:110)
	at java.lang.Double.parseDouble(Double.java:538)
	at gpsUtil.GpsUtil.getUserLocation(GpsUtil.java:30)
	at tourGuide.service.TourGuideService.trackUserLocation(TourGuideService.java:84)
	at tourGuide.service.TourGuideService$1.run(TourGuideService.java:115)
Exception in thread "Thread-160" java.lang.NumberFormatException: For input string: "-108,505285"
	at sun.misc.FloatingDecimal.readJavaFormatString(FloatingDecimal.java:2043)
	at sun.misc.FloatingDecimal.parseDouble(FloatingDecimal.java:110)
	at java.lang.Double.parseDouble(Double.java:538)
	at gpsUtil.GpsUtil.getUserLocation(GpsUtil.java:30)
	at tourGuide.service.TourGuideService.trackUserLocation(TourGuideService.java:84)
	at tourGuide.service.TourGuideService$1.run(TourGuideService.java:115)
Exception in thread "Thread-242" java.lang.NumberFormatException: For input string: "25,282503"
	at sun.misc.FloatingDecimal.readJavaFormatString(FloatingDecimal.java:2043)
	at sun.misc.FloatingDecimal.parseDouble(FloatingDecimal.java:110)
	at java.lang.Double.parseDouble(Double.java:538)
	at gpsUtil.GpsUtil.getUserLocation(GpsUtil.java:30)
	at tourGuide.service.TourGuideService.trackUserLocation(TourGuideService.java:84)
	at tourGuide.service.TourGuideService$1.run(TourGuideService.java:115)
Exception in thread "Thread-246" java.lang.NumberFormatException: For input string: "-60,607334"
	at sun.misc.FloatingDecimal.readJavaFormatString(FloatingDecimal.java:2043)
	at sun.misc.FloatingDecimal.parseDouble(FloatingDecimal.java:110)
	at java.lang.Double.parseDouble(Double.java:538)
	at gpsUtil.GpsUtil.getUserLocation(GpsUtil.java:30)
	at tourGuide.service.TourGuideService.trackUserLocation(TourGuideService.java:84)
	at tourGuide.service.TourGuideService$1.run(TourGuideService.java:115)
Exception in thread "Thread-506" java.lang.NumberFormatException: For input string: "132,589999"
	at sun.misc.FloatingDecimal.readJavaFormatString(FloatingDecimal.java:2043)
	at sun.misc.FloatingDecimal.parseDouble(FloatingDecimal.java:110)
	at java.lang.Double.parseDouble(Double.java:538)
	at gpsUtil.GpsUtil.getUserLocation(GpsUtil.java:30)
	at tourGuide.service.TourGuideService.trackUserLocation(TourGuideService.java:84)
	at tourGuide.service.TourGuideService$1.run(TourGuideService.java:115)
Exception in thread "Thread-119" java.lang.NumberFormatException: For input string: "171,091841"
	at sun.misc.FloatingDecimal.readJavaFormatString(FloatingDecimal.java:2043)
	at sun.misc.FloatingDecimal.parseDouble(FloatingDecimal.java:110)
	at java.lang.Double.parseDouble(Double.java:538)
	at gpsUtil.GpsUtil.getUserLocation(GpsUtil.java:30)
	at tourGuide.service.TourGuideService.trackUserLocation(TourGuideService.java:84)
	at tourGuide.service.TourGuideService$1.run(TourGuideService.java:115)
Exception in thread "Thread-112" java.lang.NumberFormatException: For input string: "33,432607"
	at sun.misc.FloatingDecimal.readJavaFormatString(FloatingDecimal.java:2043)
	at sun.misc.FloatingDecimal.parseDouble(FloatingDecimal.java:110)
	at java.lang.Double.parseDouble(Double.java:538)
	at gpsUtil.GpsUtil.getUserLocation(GpsUtil.java:30)
	at tourGuide.service.TourGuideService.trackUserLocation(TourGuideService.java:84)
	at tourGuide.service.TourGuideService$1.run(TourGuideService.java:115)
Exception in thread "Thread-117" java.lang.NumberFormatException: For input string: "-173,604456"
	at sun.misc.FloatingDecimal.readJavaFormatString(FloatingDecimal.java:2043)
	at sun.misc.FloatingDecimal.parseDouble(FloatingDecimal.java:110)
	at java.lang.Double.parseDouble(Double.java:538)
	at gpsUtil.GpsUtil.getUserLocation(GpsUtil.java:30)
	at tourGuide.service.TourGuideService.trackUserLocation(TourGuideService.java:84)
	at tourGuide.service.TourGuideService$1.run(TourGuideService.java:115)
Exception in thread "Thread-232" java.lang.NumberFormatException: For input string: "51,081749"
	at sun.misc.FloatingDecimal.readJavaFormatString(FloatingDecimal.java:2043)
	at sun.misc.FloatingDecimal.parseDouble(FloatingDecimal.java:110)
	at java.lang.Double.parseDouble(Double.java:538)
	at gpsUtil.GpsUtil.getUserLocation(GpsUtil.java:30)
	at tourGuide.service.TourGuideService.trackUserLocation(TourGuideService.java:84)
	at tourGuide.service.TourGuideService$1.run(TourGuideService.java:115)
Exception in thread "Thread-40" java.lang.NumberFormatException: For input string: "127,261503"
	at sun.misc.FloatingDecimal.readJavaFormatString(FloatingDecimal.java:2043)
	at sun.misc.FloatingDecimal.parseDouble(FloatingDecimal.java:110)
	at java.lang.Double.parseDouble(Double.java:538)
	at gpsUtil.GpsUtil.getUserLocation(GpsUtil.java:30)
	at tourGuide.service.TourGuideService.trackUserLocation(TourGuideService.java:84)
	at tourGuide.service.TourGuideService$1.run(TourGuideService.java:115)
Exception in thread "Thread-337" java.lang.NumberFormatException: For input string: "-104,161461"
	at sun.misc.FloatingDecimal.readJavaFormatString(FloatingDecimal.java:2043)
	at sun.misc.FloatingDecimal.parseDouble(FloatingDecimal.java:110)
	at java.lang.Double.parseDouble(Double.java:538)
	at gpsUtil.GpsUtil.getUserLocation(GpsUtil.java:30)
	at tourGuide.service.TourGuideService.trackUserLocation(TourGuideService.java:84)
	at tourGuide.service.TourGuideService$1.run(TourGuideService.java:115)
Exception in thread "Thread-206" java.lang.NumberFormatException: For input string: "87,417337"
	at sun.misc.FloatingDecimal.readJavaFormatString(FloatingDecimal.java:2043)
	at sun.misc.FloatingDecimal.parseDouble(FloatingDecimal.java:110)
	at java.lang.Double.parseDouble(Double.java:538)
	at gpsUtil.GpsUtil.getUserLocation(GpsUtil.java:30)
	at tourGuide.service.TourGuideService.trackUserLocation(TourGuideService.java:84)
	at tourGuide.service.TourGuideService$1.run(TourGuideService.java:115)
Exception in thread "Thread-7" java.lang.NumberFormatException: For input string: "131,112338"
	at sun.misc.FloatingDecimal.readJavaFormatString(FloatingDecimal.java:2043)
	at sun.misc.FloatingDecimal.parseDouble(FloatingDecimal.java:110)
	at java.lang.Double.parseDouble(Double.java:538)
	at gpsUtil.GpsUtil.getUserLocation(GpsUtil.java:30)
	at tourGuide.service.TourGuideService.trackUserLocation(TourGuideService.java:84)
	at tourGuide.service.TourGuideService$1.run(TourGuideService.java:115)
Exception in thread "Thread-432" java.lang.NumberFormatException: For input string: "-117,755247"
	at sun.misc.FloatingDecimal.readJavaFormatString(FloatingDecimal.java:2043)
	at sun.misc.FloatingDecimal.parseDouble(FloatingDecimal.java:110)
	at java.lang.Double.parseDouble(Double.java:538)
	at gpsUtil.GpsUtil.getUserLocation(GpsUtil.java:30)
	at tourGuide.service.TourGuideService.trackUserLocation(TourGuideService.java:84)
	at tourGuide.service.TourGuideService$1.run(TourGuideService.java:115)
Exception in thread "Thread-26" java.lang.NumberFormatException: For input string: "77,745109"
	at sun.misc.FloatingDecimal.readJavaFormatString(FloatingDecimal.java:2043)
	at sun.misc.FloatingDecimal.parseDouble(FloatingDecimal.java:110)
	at java.lang.Double.parseDouble(Double.java:538)
	at gpsUtil.GpsUtil.getUserLocation(GpsUtil.java:30)
	at tourGuide.service.TourGuideService.trackUserLocation(TourGuideService.java:84)
	at tourGuide.service.TourGuideService$1.run(TourGuideService.java:115)
Exception in thread "Thread-433" java.lang.NumberFormatException: For input string: "84,763683"
	at sun.misc.FloatingDecimal.readJavaFormatString(FloatingDecimal.java:2043)
	at sun.misc.FloatingDecimal.parseDouble(FloatingDecimal.java:110)
	at java.lang.Double.parseDouble(Double.java:538)
	at gpsUtil.GpsUtil.getUserLocation(GpsUtil.java:30)
	at tourGuide.service.TourGuideService.trackUserLocation(TourGuideService.java:84)
	at tourGuide.service.TourGuideService$1.run(TourGuideService.java:115)
Exception in thread "Thread-154" java.lang.NumberFormatException: For input string: "114,022757"
	at sun.misc.FloatingDecimal.readJavaFormatString(FloatingDecimal.java:2043)
	at sun.misc.FloatingDecimal.parseDouble(FloatingDecimal.java:110)
	at java.lang.Double.parseDouble(Double.java:538)
	at gpsUtil.GpsUtil.getUserLocation(GpsUtil.java:30)
	at tourGuide.service.TourGuideService.trackUserLocation(TourGuideService.java:84)
	at tourGuide.service.TourGuideService$1.run(TourGuideService.java:115)
Exception in thread "Thread-215" java.lang.NumberFormatException: For input string: "141,421817"
	at sun.misc.FloatingDecimal.readJavaFormatString(FloatingDecimal.java:2043)
	at sun.misc.FloatingDecimal.parseDouble(FloatingDecimal.java:110)
	at java.lang.Double.parseDouble(Double.java:538)
	at gpsUtil.GpsUtil.getUserLocation(GpsUtil.java:30)
	at tourGuide.service.TourGuideService.trackUserLocation(TourGuideService.java:84)
	at tourGuide.service.TourGuideService$1.run(TourGuideService.java:115)
Exception in thread "Thread-489" java.lang.NumberFormatException: For input string: "-162,982506"
	at sun.misc.FloatingDecimal.readJavaFormatString(FloatingDecimal.java:2043)
	at sun.misc.FloatingDecimal.parseDouble(FloatingDecimal.java:110)
	at java.lang.Double.parseDouble(Double.java:538)
	at gpsUtil.GpsUtil.getUserLocation(GpsUtil.java:30)
	at tourGuide.service.TourGuideService.trackUserLocation(TourGuideService.java:84)
	at tourGuide.service.TourGuideService$1.run(TourGuideService.java:115)
Exception in thread "Thread-450" java.lang.NumberFormatException: For input string: "-124,676205"
	at sun.misc.FloatingDecimal.readJavaFormatString(FloatingDecimal.java:2043)
	at sun.misc.FloatingDecimal.parseDouble(FloatingDecimal.java:110)
	at java.lang.Double.parseDouble(Double.java:538)
	at gpsUtil.GpsUtil.getUserLocation(GpsUtil.java:30)
	at tourGuide.service.TourGuideService.trackUserLocation(TourGuideService.java:84)
	at tourGuide.service.TourGuideService$1.run(TourGuideService.java:115)
Exception in thread "Thread-501" java.lang.NumberFormatException: For input string: "69,871274"
	at sun.misc.FloatingDecimal.readJavaFormatString(FloatingDecimal.java:2043)
	at sun.misc.FloatingDecimal.parseDouble(FloatingDecimal.java:110)
	at java.lang.Double.parseDouble(Double.java:538)
	at gpsUtil.GpsUtil.getUserLocation(GpsUtil.java:30)
	at tourGuide.service.TourGuideService.trackUserLocation(TourGuideService.java:84)
	at tourGuide.service.TourGuideService$1.run(TourGuideService.java:115)
Exception in thread "Thread-185" java.lang.NumberFormatException: For input string: "133,344908"
	at sun.misc.FloatingDecimal.readJavaFormatString(FloatingDecimal.java:2043)
	at sun.misc.FloatingDecimal.parseDouble(FloatingDecimal.java:110)
	at java.lang.Double.parseDouble(Double.java:538)
	at gpsUtil.GpsUtil.getUserLocation(GpsUtil.java:30)
	at tourGuide.service.TourGuideService.trackUserLocation(TourGuideService.java:84)
	at tourGuide.service.TourGuideService$1.run(TourGuideService.java:115)
Exception in thread "Thread-381" java.lang.NumberFormatException: For input string: "-3,769649"
	at sun.misc.FloatingDecimal.readJavaFormatString(FloatingDecimal.java:2043)
	at sun.misc.FloatingDecimal.parseDouble(FloatingDecimal.java:110)
	at java.lang.Double.parseDouble(Double.java:538)
	at gpsUtil.GpsUtil.getUserLocation(GpsUtil.java:30)
	at tourGuide.service.TourGuideService.trackUserLocation(TourGuideService.java:84)
	at tourGuide.service.TourGuideService$1.run(TourGuideService.java:115)
Exception in thread "Thread-48" java.lang.NumberFormatException: For input string: "-143,466885"
	at sun.misc.FloatingDecimal.readJavaFormatString(FloatingDecimal.java:2043)
	at sun.misc.FloatingDecimal.parseDouble(FloatingDecimal.java:110)
	at java.lang.Double.parseDouble(Double.java:538)
	at gpsUtil.GpsUtil.getUserLocation(GpsUtil.java:30)
	at tourGuide.service.TourGuideService.trackUserLocation(TourGuideService.java:84)
	at tourGuide.service.TourGuideService$1.run(TourGuideService.java:115)
Exception in thread "Thread-231" java.lang.NumberFormatException: For input string: "-152,595405"
	at sun.misc.FloatingDecimal.readJavaFormatString(FloatingDecimal.java:2043)
	at sun.misc.FloatingDecimal.parseDouble(FloatingDecimal.java:110)
	at java.lang.Double.parseDouble(Double.java:538)
	at gpsUtil.GpsUtil.getUserLocation(GpsUtil.java:30)
	at tourGuide.service.TourGuideService.trackUserLocation(TourGuideService.java:84)
	at tourGuide.service.TourGuideService$1.run(TourGuideService.java:115)
Exception in thread "Thread-134" java.lang.NumberFormatException: For input string: "6,869005"
	at sun.misc.FloatingDecimal.readJavaFormatString(FloatingDecimal.java:2043)
	at sun.misc.FloatingDecimal.parseDouble(FloatingDecimal.java:110)
	at java.lang.Double.parseDouble(Double.java:538)
	at gpsUtil.GpsUtil.getUserLocation(GpsUtil.java:30)
	at tourGuide.service.TourGuideService.trackUserLocation(TourGuideService.java:84)
	at tourGuide.service.TourGuideService$1.run(TourGuideService.java:115)
Exception in thread "Thread-210" java.lang.NumberFormatException: For input string: "-116,300687"
	at sun.misc.FloatingDecimal.readJavaFormatString(FloatingDecimal.java:2043)
	at sun.misc.FloatingDecimal.parseDouble(FloatingDecimal.java:110)
	at java.lang.Double.parseDouble(Double.java:538)
	at gpsUtil.GpsUtil.getUserLocation(GpsUtil.java:30)
	at tourGuide.service.TourGuideService.trackUserLocation(TourGuideService.java:84)
	at tourGuide.service.TourGuideService$1.run(TourGuideService.java:115)
Exception in thread "Thread-198" java.lang.NumberFormatException: For input string: "-157,593628"
	at sun.misc.FloatingDecimal.readJavaFormatString(FloatingDecimal.java:2043)
	at sun.misc.FloatingDecimal.parseDouble(FloatingDecimal.java:110)
	at java.lang.Double.parseDouble(Double.java:538)
	at gpsUtil.GpsUtil.getUserLocation(GpsUtil.java:30)
	at tourGuide.service.TourGuideService.trackUserLocation(TourGuideService.java:84)
	at tourGuide.service.TourGuideService$1.run(TourGuideService.java:115)
Exception in thread "Thread-357" java.lang.NumberFormatException: For input string: "171,516469"
	at sun.misc.FloatingDecimal.readJavaFormatString(FloatingDecimal.java:2043)
	at sun.misc.FloatingDecimal.parseDouble(FloatingDecimal.java:110)
	at java.lang.Double.parseDouble(Double.java:538)
	at gpsUtil.GpsUtil.getUserLocation(GpsUtil.java:30)
	at tourGuide.service.TourGuideService.trackUserLocation(TourGuideService.java:84)
	at tourGuide.service.TourGuideService$1.run(TourGuideService.java:115)
Exception in thread "Thread-61" java.lang.NumberFormatException: For input string: "112,750360"
	at sun.misc.FloatingDecimal.readJavaFormatString(FloatingDecimal.java:2043)
	at sun.misc.FloatingDecimal.parseDouble(FloatingDecimal.java:110)
	at java.lang.Double.parseDouble(Double.java:538)
	at gpsUtil.GpsUtil.getUserLocation(GpsUtil.java:30)
	at tourGuide.service.TourGuideService.trackUserLocation(TourGuideService.java:84)
	at tourGuide.service.TourGuideService$1.run(TourGuideService.java:115)
Exception in thread "Thread-355" java.lang.NumberFormatException: For input string: "-113,504532"
	at sun.misc.FloatingDecimal.readJavaFormatString(FloatingDecimal.java:2043)
	at sun.misc.FloatingDecimal.parseDouble(FloatingDecimal.java:110)
	at java.lang.Double.parseDouble(Double.java:538)
	at gpsUtil.GpsUtil.getUserLocation(GpsUtil.java:30)
	at tourGuide.service.TourGuideService.trackUserLocation(TourGuideService.java:84)
	at tourGuide.service.TourGuideService$1.run(TourGuideService.java:115)
Exception in thread "Thread-109" java.lang.NumberFormatException: For input string: "168,383737"
	at sun.misc.FloatingDecimal.readJavaFormatString(FloatingDecimal.java:2043)
	at sun.misc.FloatingDecimal.parseDouble(FloatingDecimal.java:110)
	at java.lang.Double.parseDouble(Double.java:538)
	at gpsUtil.GpsUtil.getUserLocation(GpsUtil.java:30)
	at tourGuide.service.TourGuideService.trackUserLocation(TourGuideService.java:84)
	at tourGuide.service.TourGuideService$1.run(TourGuideService.java:115)
Exception in thread "Thread-421" java.lang.NumberFormatException: For input string: "38,512187"
	at sun.misc.FloatingDecimal.readJavaFormatString(FloatingDecimal.java:2043)
	at sun.misc.FloatingDecimal.parseDouble(FloatingDecimal.java:110)
	at java.lang.Double.parseDouble(Double.java:538)
	at gpsUtil.GpsUtil.getUserLocation(GpsUtil.java:30)
	at tourGuide.service.TourGuideService.trackUserLocation(TourGuideService.java:84)
	at tourGuide.service.TourGuideService$1.run(TourGuideService.java:115)
Exception in thread "Thread-351" java.lang.NumberFormatException: For input string: "-2,690276"
	at sun.misc.FloatingDecimal.readJavaFormatString(FloatingDecimal.java:2043)
	at sun.misc.FloatingDecimal.parseDouble(FloatingDecimal.java:110)
	at java.lang.Double.parseDouble(Double.java:538)
	at gpsUtil.GpsUtil.getUserLocation(GpsUtil.java:30)
	at tourGuide.service.TourGuideService.trackUserLocation(TourGuideService.java:84)
	at tourGuide.service.TourGuideService$1.run(TourGuideService.java:115)
Exception in thread "Thread-380" java.lang.NumberFormatException: For input string: "-23,753015"
	at sun.misc.FloatingDecimal.readJavaFormatString(FloatingDecimal.java:2043)
	at sun.misc.FloatingDecimal.parseDouble(FloatingDecimal.java:110)
	at java.lang.Double.parseDouble(Double.java:538)
	at gpsUtil.GpsUtil.getUserLocation(GpsUtil.java:30)
	at tourGuide.service.TourGuideService.trackUserLocation(TourGuideService.java:84)
	at tourGuide.service.TourGuideService$1.run(TourGuideService.java:115)
Exception in thread "Thread-436" java.lang.NumberFormatException: For input string: "130,807912"
	at sun.misc.FloatingDecimal.readJavaFormatString(FloatingDecimal.java:2043)
	at sun.misc.FloatingDecimal.parseDouble(FloatingDecimal.java:110)
	at java.lang.Double.parseDouble(Double.java:538)
	at gpsUtil.GpsUtil.getUserLocation(GpsUtil.java:30)
	at tourGuide.service.TourGuideService.trackUserLocation(TourGuideService.java:84)
	at tourGuide.service.TourGuideService$1.run(TourGuideService.java:115)
Exception in thread "Thread-460" java.lang.NumberFormatException: For input string: "74,533549"
	at sun.misc.FloatingDecimal.readJavaFormatString(FloatingDecimal.java:2043)
	at sun.misc.FloatingDecimal.parseDouble(FloatingDecimal.java:110)
	at java.lang.Double.parseDouble(Double.java:538)
	at gpsUtil.GpsUtil.getUserLocation(GpsUtil.java:30)
	at tourGuide.service.TourGuideService.trackUserLocation(TourGuideService.java:84)
	at tourGuide.service.TourGuideService$1.run(TourGuideService.java:115)
Exception in thread "Thread-361" java.lang.NumberFormatException: For input string: "-31,840765"
	at sun.misc.FloatingDecimal.readJavaFormatString(FloatingDecimal.java:2043)
	at sun.misc.FloatingDecimal.parseDouble(FloatingDecimal.java:110)
	at java.lang.Double.parseDouble(Double.java:538)
	at gpsUtil.GpsUtil.getUserLocation(GpsUtil.java:30)
	at tourGuide.service.TourGuideService.trackUserLocation(TourGuideService.java:84)
	at tourGuide.service.TourGuideService$1.run(TourGuideService.java:115)
Exception in thread "Thread-373" java.lang.NumberFormatException: For input string: "-147,039663"
	at sun.misc.FloatingDecimal.readJavaFormatString(FloatingDecimal.java:2043)
	at sun.misc.FloatingDecimal.parseDouble(FloatingDecimal.java:110)
	at java.lang.Double.parseDouble(Double.java:538)
	at gpsUtil.GpsUtil.getUserLocation(GpsUtil.java:30)
	at tourGuide.service.TourGuideService.trackUserLocation(TourGuideService.java:84)
	at tourGuide.service.TourGuideService$1.run(TourGuideService.java:115)
Exception in thread "Thread-452" java.lang.NumberFormatException: For input string: "-117,493348"
	at sun.misc.FloatingDecimal.readJavaFormatString(FloatingDecimal.java:2043)
	at sun.misc.FloatingDecimal.parseDouble(FloatingDecimal.java:110)
	at java.lang.Double.parseDouble(Double.java:538)
	at gpsUtil.GpsUtil.getUserLocation(GpsUtil.java:30)
	at tourGuide.service.TourGuideService.trackUserLocation(TourGuideService.java:84)
	at tourGuide.service.TourGuideService$1.run(TourGuideService.java:115)
Exception in thread "Thread-131" java.lang.NumberFormatException: For input string: "-125,609588"
	at sun.misc.FloatingDecimal.readJavaFormatString(FloatingDecimal.java:2043)
	at sun.misc.FloatingDecimal.parseDouble(FloatingDecimal.java:110)
	at java.lang.Double.parseDouble(Double.java:538)
	at gpsUtil.GpsUtil.getUserLocation(GpsUtil.java:30)
	at tourGuide.service.TourGuideService.trackUserLocation(TourGuideService.java:84)
	at tourGuide.service.TourGuideService$1.run(TourGuideService.java:115)
Exception in thread "Thread-503" java.lang.NumberFormatException: For input string: "-86,361414"
	at sun.misc.FloatingDecimal.readJavaFormatString(FloatingDecimal.java:2043)
	at sun.misc.FloatingDecimal.parseDouble(FloatingDecimal.java:110)
	at java.lang.Double.parseDouble(Double.java:538)
	at gpsUtil.GpsUtil.getUserLocation(GpsUtil.java:30)
	at tourGuide.service.TourGuideService.trackUserLocation(TourGuideService.java:84)
	at tourGuide.service.TourGuideService$1.run(TourGuideService.java:115)
Exception in thread "Thread-69" java.lang.NumberFormatException: For input string: "-71,486701"
	at sun.misc.FloatingDecimal.readJavaFormatString(FloatingDecimal.java:2043)
	at sun.misc.FloatingDecimal.parseDouble(FloatingDecimal.java:110)
	at java.lang.Double.parseDouble(Double.java:538)
	at gpsUtil.GpsUtil.getUserLocation(GpsUtil.java:30)
	at tourGuide.service.TourGuideService.trackUserLocation(TourGuideService.java:84)
	at tourGuide.service.TourGuideService$1.run(TourGuideService.java:115)
Exception in thread "Thread-301" java.lang.NumberFormatException: For input string: "-136,224755"
	at sun.misc.FloatingDecimal.readJavaFormatString(FloatingDecimal.java:2043)
	at sun.misc.FloatingDecimal.parseDouble(FloatingDecimal.java:110)
	at java.lang.Double.parseDouble(Double.java:538)
	at gpsUtil.GpsUtil.getUserLocation(GpsUtil.java:30)
	at tourGuide.service.TourGuideService.trackUserLocation(TourGuideService.java:84)
	at tourGuide.service.TourGuideService$1.run(TourGuideService.java:115)
Exception in thread "Thread-72" java.lang.NumberFormatException: For input string: "69,091681"
	at sun.misc.FloatingDecimal.readJavaFormatString(FloatingDecimal.java:2043)
	at sun.misc.FloatingDecimal.parseDouble(FloatingDecimal.java:110)
	at java.lang.Double.parseDouble(Double.java:538)
	at gpsUtil.GpsUtil.getUserLocation(GpsUtil.java:30)
	at tourGuide.service.TourGuideService.trackUserLocation(TourGuideService.java:84)
	at tourGuide.service.TourGuideService$1.run(TourGuideService.java:115)
Exception in thread "Thread-181" java.lang.NumberFormatException: For input string: "18,055565"
	at sun.misc.FloatingDecimal.readJavaFormatString(FloatingDecimal.java:2043)
	at sun.misc.FloatingDecimal.parseDouble(FloatingDecimal.java:110)
	at java.lang.Double.parseDouble(Double.java:538)
	at gpsUtil.GpsUtil.getUserLocation(GpsUtil.java:30)
	at tourGuide.service.TourGuideService.trackUserLocation(TourGuideService.java:84)
	at tourGuide.service.TourGuideService$1.run(TourGuideService.java:115)
Exception in thread "Thread-300" java.lang.NumberFormatException: For input string: "106,240522"
	at sun.misc.FloatingDecimal.readJavaFormatString(FloatingDecimal.java:2043)
	at sun.misc.FloatingDecimal.parseDouble(FloatingDecimal.java:110)
	at java.lang.Double.parseDouble(Double.java:538)
	at gpsUtil.GpsUtil.getUserLocation(GpsUtil.java:30)
	at tourGuide.service.TourGuideService.trackUserLocation(TourGuideService.java:84)
	at tourGuide.service.TourGuideService$1.run(TourGuideService.java:115)
Exception in thread "Thread-277" java.lang.NumberFormatException: For input string: "35,809641"
	at sun.misc.FloatingDecimal.readJavaFormatString(FloatingDecimal.java:2043)
	at sun.misc.FloatingDecimal.parseDouble(FloatingDecimal.java:110)
	at java.lang.Double.parseDouble(Double.java:538)
	at gpsUtil.GpsUtil.getUserLocation(GpsUtil.java:30)
	at tourGuide.service.TourGuideService.trackUserLocation(TourGuideService.java:84)
	at tourGuide.service.TourGuideService$1.run(TourGuideService.java:115)
Exception in thread "Thread-292" java.lang.NumberFormatException: For input string: "-55,830414"
	at sun.misc.FloatingDecimal.readJavaFormatString(FloatingDecimal.java:2043)
	at sun.misc.FloatingDecimal.parseDouble(FloatingDecimal.java:110)
	at java.lang.Double.parseDouble(Double.java:538)
	at gpsUtil.GpsUtil.getUserLocation(GpsUtil.java:30)
	at tourGuide.service.TourGuideService.trackUserLocation(TourGuideService.java:84)
	at tourGuide.service.TourGuideService$1.run(TourGuideService.java:115)
Exception in thread "Thread-299" java.lang.NumberFormatException: For input string: "-121,234142"
	at sun.misc.FloatingDecimal.readJavaFormatString(FloatingDecimal.java:2043)
	at sun.misc.FloatingDecimal.parseDouble(FloatingDecimal.java:110)
	at java.lang.Double.parseDouble(Double.java:538)
	at gpsUtil.GpsUtil.getUserLocation(GpsUtil.java:30)
	at tourGuide.service.TourGuideService.trackUserLocation(TourGuideService.java:84)
	at tourGuide.service.TourGuideService$1.run(TourGuideService.java:115)
Exception in thread "Thread-324" java.lang.NumberFormatException: For input string: "126,567915"
	at sun.misc.FloatingDecimal.readJavaFormatString(FloatingDecimal.java:2043)
	at sun.misc.FloatingDecimal.parseDouble(FloatingDecimal.java:110)
	at java.lang.Double.parseDouble(Double.java:538)
	at gpsUtil.GpsUtil.getUserLocation(GpsUtil.java:30)
	at tourGuide.service.TourGuideService.trackUserLocation(TourGuideService.java:84)
	at tourGuide.service.TourGuideService$1.run(TourGuideService.java:115)
Exception in thread "Thread-444" java.lang.NumberFormatException: For input string: "112,592245"
	at sun.misc.FloatingDecimal.readJavaFormatString(FloatingDecimal.java:2043)
	at sun.misc.FloatingDecimal.parseDouble(FloatingDecimal.java:110)
	at java.lang.Double.parseDouble(Double.java:538)
	at gpsUtil.GpsUtil.getUserLocation(GpsUtil.java:30)
	at tourGuide.service.TourGuideService.trackUserLocation(TourGuideService.java:84)
	at tourGuide.service.TourGuideService$1.run(TourGuideService.java:115)
Exception in thread "Thread-70" java.lang.NumberFormatException: For input string: "37,766494"
	at sun.misc.FloatingDecimal.readJavaFormatString(FloatingDecimal.java:2043)
	at sun.misc.FloatingDecimal.parseDouble(FloatingDecimal.java:110)
	at java.lang.Double.parseDouble(Double.java:538)
	at gpsUtil.GpsUtil.getUserLocation(GpsUtil.java:30)
	at tourGuide.service.TourGuideService.trackUserLocation(TourGuideService.java:84)
	at tourGuide.service.TourGuideService$1.run(TourGuideService.java:115)
Exception in thread "Thread-275" java.lang.NumberFormatException: For input string: "65,447662"
	at sun.misc.FloatingDecimal.readJavaFormatString(FloatingDecimal.java:2043)
	at sun.misc.FloatingDecimal.parseDouble(FloatingDecimal.java:110)
	at java.lang.Double.parseDouble(Double.java:538)
	at gpsUtil.GpsUtil.getUserLocation(GpsUtil.java:30)
	at tourGuide.service.TourGuideService.trackUserLocation(TourGuideService.java:84)
	at tourGuide.service.TourGuideService$1.run(TourGuideService.java:115)
Exception in thread "Thread-199" java.lang.NumberFormatException: For input string: "163,904334"
	at sun.misc.FloatingDecimal.readJavaFormatString(FloatingDecimal.java:2043)
	at sun.misc.FloatingDecimal.parseDouble(FloatingDecimal.java:110)
	at java.lang.Double.parseDouble(Double.java:538)
	at gpsUtil.GpsUtil.getUserLocation(GpsUtil.java:30)
	at tourGuide.service.TourGuideService.trackUserLocation(TourGuideService.java:84)
	at tourGuide.service.TourGuideService$1.run(TourGuideService.java:115)
Exception in thread "Thread-250" java.lang.NumberFormatException: For input string: "50,775845"
	at sun.misc.FloatingDecimal.readJavaFormatString(FloatingDecimal.java:2043)
	at sun.misc.FloatingDecimal.parseDouble(FloatingDecimal.java:110)
	at java.lang.Double.parseDouble(Double.java:538)
	at gpsUtil.GpsUtil.getUserLocation(GpsUtil.java:30)
	at tourGuide.service.TourGuideService.trackUserLocation(TourGuideService.java:84)
	at tourGuide.service.TourGuideService$1.run(TourGuideService.java:115)
Exception in thread "Thread-472" java.lang.NumberFormatException: For input string: "-11,037136"
	at sun.misc.FloatingDecimal.readJavaFormatString(FloatingDecimal.java:2043)
	at sun.misc.FloatingDecimal.parseDouble(FloatingDecimal.java:110)
	at java.lang.Double.parseDouble(Double.java:538)
	at gpsUtil.GpsUtil.getUserLocation(GpsUtil.java:30)
	at tourGuide.service.TourGuideService.trackUserLocation(TourGuideService.java:84)
	at tourGuide.service.TourGuideService$1.run(TourGuideService.java:115)
Exception in thread "Thread-254" java.lang.NumberFormatException: For input string: "167,903844"
	at sun.misc.FloatingDecimal.readJavaFormatString(FloatingDecimal.java:2043)
	at sun.misc.FloatingDecimal.parseDouble(FloatingDecimal.java:110)
	at java.lang.Double.parseDouble(Double.java:538)
	at gpsUtil.GpsUtil.getUserLocation(GpsUtil.java:30)
	at tourGuide.service.TourGuideService.trackUserLocation(TourGuideService.java:84)
	at tourGuide.service.TourGuideService$1.run(TourGuideService.java:115)
Exception in thread "Thread-98" java.lang.NumberFormatException: For input string: "84,881863"
	at sun.misc.FloatingDecimal.readJavaFormatString(FloatingDecimal.java:2043)
	at sun.misc.FloatingDecimal.parseDouble(FloatingDecimal.java:110)
	at java.lang.Double.parseDouble(Double.java:538)
	at gpsUtil.GpsUtil.getUserLocation(GpsUtil.java:30)
	at tourGuide.service.TourGuideService.trackUserLocation(TourGuideService.java:84)
	at tourGuide.service.TourGuideService$1.run(TourGuideService.java:115)
Exception in thread "Thread-128" java.lang.NumberFormatException: For input string: "173,069331"
	at sun.misc.FloatingDecimal.readJavaFormatString(FloatingDecimal.java:2043)
	at sun.misc.FloatingDecimal.parseDouble(FloatingDecimal.java:110)
	at java.lang.Double.parseDouble(Double.java:538)
	at gpsUtil.GpsUtil.getUserLocation(GpsUtil.java:30)
	at tourGuide.service.TourGuideService.trackUserLocation(TourGuideService.java:84)
	at tourGuide.service.TourGuideService$1.run(TourGuideService.java:115)
Exception in thread "Thread-434" java.lang.NumberFormatException: For input string: "119,914632"
	at sun.misc.FloatingDecimal.readJavaFormatString(FloatingDecimal.java:2043)
	at sun.misc.FloatingDecimal.parseDouble(FloatingDecimal.java:110)
	at java.lang.Double.parseDouble(Double.java:538)
	at gpsUtil.GpsUtil.getUserLocation(GpsUtil.java:30)
	at tourGuide.service.TourGuideService.trackUserLocation(TourGuideService.java:84)
	at tourGuide.service.TourGuideService$1.run(TourGuideService.java:115)
Exception in thread "Thread-136" java.lang.NumberFormatException: For input string: "-179,837882"
	at sun.misc.FloatingDecimal.readJavaFormatString(FloatingDecimal.java:2043)
	at sun.misc.FloatingDecimal.parseDouble(FloatingDecimal.java:110)
	at java.lang.Double.parseDouble(Double.java:538)
	at gpsUtil.GpsUtil.getUserLocation(GpsUtil.java:30)
	at tourGuide.service.TourGuideService.trackUserLocation(TourGuideService.java:84)
	at tourGuide.service.TourGuideService$1.run(TourGuideService.java:115)
Exception in thread "Thread-202" java.lang.NumberFormatException: For input string: "114,451257"
	at sun.misc.FloatingDecimal.readJavaFormatString(FloatingDecimal.java:2043)
	at sun.misc.FloatingDecimal.parseDouble(FloatingDecimal.java:110)
	at java.lang.Double.parseDouble(Double.java:538)
	at gpsUtil.GpsUtil.getUserLocation(GpsUtil.java:30)
	at tourGuide.service.TourGuideService.trackUserLocation(TourGuideService.java:84)
	at tourGuide.service.TourGuideService$1.run(TourGuideService.java:115)
Exception in thread "Thread-298" java.lang.NumberFormatException: For input string: "27,766449"
	at sun.misc.FloatingDecimal.readJavaFormatString(FloatingDecimal.java:2043)
	at sun.misc.FloatingDecimal.parseDouble(FloatingDecimal.java:110)
	at java.lang.Double.parseDouble(Double.java:538)
	at gpsUtil.GpsUtil.getUserLocation(GpsUtil.java:30)
	at tourGuide.service.TourGuideService.trackUserLocation(TourGuideService.java:84)
	at tourGuide.service.TourGuideService$1.run(TourGuideService.java:115)
Exception in thread "Thread-266" java.lang.NumberFormatException: For input string: "-63,217870"
	at sun.misc.FloatingDecimal.readJavaFormatString(FloatingDecimal.java:2043)
	at sun.misc.FloatingDecimal.parseDouble(FloatingDecimal.java:110)
	at java.lang.Double.parseDouble(Double.java:538)
	at gpsUtil.GpsUtil.getUserLocation(GpsUtil.java:30)
	at tourGuide.service.TourGuideService.trackUserLocation(TourGuideService.java:84)
	at tourGuide.service.TourGuideService$1.run(TourGuideService.java:115)
Exception in thread "Thread-106" java.lang.NumberFormatException: For input string: "-42,650821"
	at sun.misc.FloatingDecimal.readJavaFormatString(FloatingDecimal.java:2043)
	at sun.misc.FloatingDecimal.parseDouble(FloatingDecimal.java:110)
	at java.lang.Double.parseDouble(Double.java:538)
	at gpsUtil.GpsUtil.getUserLocation(GpsUtil.java:30)
	at tourGuide.service.TourGuideService.trackUserLocation(TourGuideService.java:84)
	at tourGuide.service.TourGuideService$1.run(TourGuideService.java:115)
Exception in thread "Thread-428" java.lang.NumberFormatException: For input string: "5,184346"
	at sun.misc.FloatingDecimal.readJavaFormatString(FloatingDecimal.java:2043)
	at sun.misc.FloatingDecimal.parseDouble(FloatingDecimal.java:110)
	at java.lang.Double.parseDouble(Double.java:538)
	at gpsUtil.GpsUtil.getUserLocation(GpsUtil.java:30)
	at tourGuide.service.TourGuideService.trackUserLocation(TourGuideService.java:84)
	at tourGuide.service.TourGuideService$1.run(TourGuideService.java:115)
Exception in thread "Thread-296" java.lang.NumberFormatException: For input string: "10,841208"
	at sun.misc.FloatingDecimal.readJavaFormatString(FloatingDecimal.java:2043)
	at sun.misc.FloatingDecimal.parseDouble(FloatingDecimal.java:110)
	at java.lang.Double.parseDouble(Double.java:538)
	at gpsUtil.GpsUtil.getUserLocation(GpsUtil.java:30)
	at tourGuide.service.TourGuideService.trackUserLocation(TourGuideService.java:84)
	at tourGuide.service.TourGuideService$1.run(TourGuideService.java:115)
Exception in thread "Thread-135" java.lang.NumberFormatException: For input string: "80,811811"
	at sun.misc.FloatingDecimal.readJavaFormatString(FloatingDecimal.java:2043)
	at sun.misc.FloatingDecimal.parseDouble(FloatingDecimal.java:110)
	at java.lang.Double.parseDouble(Double.java:538)
	at gpsUtil.GpsUtil.getUserLocation(GpsUtil.java:30)
	at tourGuide.service.TourGuideService.trackUserLocation(TourGuideService.java:84)
	at tourGuide.service.TourGuideService$1.run(TourGuideService.java:115)
Exception in thread "Thread-65" java.lang.NumberFormatException: For input string: "-73,529636"
	at sun.misc.FloatingDecimal.readJavaFormatString(FloatingDecimal.java:2043)
	at sun.misc.FloatingDecimal.parseDouble(FloatingDecimal.java:110)
	at java.lang.Double.parseDouble(Double.java:538)
	at gpsUtil.GpsUtil.getUserLocation(GpsUtil.java:30)
	at tourGuide.service.TourGuideService.trackUserLocation(TourGuideService.java:84)
	at tourGuide.service.TourGuideService$1.run(TourGuideService.java:115)
Exception in thread "Thread-495" java.lang.NumberFormatException: For input string: "17,944047"
	at sun.misc.FloatingDecimal.readJavaFormatString(FloatingDecimal.java:2043)
	at sun.misc.FloatingDecimal.parseDouble(FloatingDecimal.java:110)
	at java.lang.Double.parseDouble(Double.java:538)
	at gpsUtil.GpsUtil.getUserLocation(GpsUtil.java:30)
	at tourGuide.service.TourGuideService.trackUserLocation(TourGuideService.java:84)
	at tourGuide.service.TourGuideService$1.run(TourGuideService.java:115)
Exception in thread "Thread-229" java.lang.NumberFormatException: For input string: "28,152102"
	at sun.misc.FloatingDecimal.readJavaFormatString(FloatingDecimal.java:2043)
	at sun.misc.FloatingDecimal.parseDouble(FloatingDecimal.java:110)
	at java.lang.Double.parseDouble(Double.java:538)
	at gpsUtil.GpsUtil.getUserLocation(GpsUtil.java:30)
	at tourGuide.service.TourGuideService.trackUserLocation(TourGuideService.java:84)
	at tourGuide.service.TourGuideService$1.run(TourGuideService.java:115)
Exception in thread "Thread-272" java.lang.NumberFormatException: For input string: "-12,495142"
	at sun.misc.FloatingDecimal.readJavaFormatString(FloatingDecimal.java:2043)
	at sun.misc.FloatingDecimal.parseDouble(FloatingDecimal.java:110)
	at java.lang.Double.parseDouble(Double.java:538)
	at gpsUtil.GpsUtil.getUserLocation(GpsUtil.java:30)
	at tourGuide.service.TourGuideService.trackUserLocation(TourGuideService.java:84)
	at tourGuide.service.TourGuideService$1.run(TourGuideService.java:115)
Exception in thread "Thread-382" java.lang.NumberFormatException: For input string: "-52,828701"
	at sun.misc.FloatingDecimal.readJavaFormatString(FloatingDecimal.java:2043)
	at sun.misc.FloatingDecimal.parseDouble(FloatingDecimal.java:110)
	at java.lang.Double.parseDouble(Double.java:538)
	at gpsUtil.GpsUtil.getUserLocation(GpsUtil.java:30)
	at tourGuide.service.TourGuideService.trackUserLocation(TourGuideService.java:84)
	at tourGuide.service.TourGuideService$1.run(TourGuideService.java:115)
Exception in thread "Thread-445" java.lang.NumberFormatException: For input string: "-98,061174"
	at sun.misc.FloatingDecimal.readJavaFormatString(FloatingDecimal.java:2043)
	at sun.misc.FloatingDecimal.parseDouble(FloatingDecimal.java:110)
	at java.lang.Double.parseDouble(Double.java:538)
	at gpsUtil.GpsUtil.getUserLocation(GpsUtil.java:30)
	at tourGuide.service.TourGuideService.trackUserLocation(TourGuideService.java:84)
	at tourGuide.service.TourGuideService$1.run(TourGuideService.java:115)
Exception in thread "Thread-325" java.lang.NumberFormatException: For input string: "125,916426"
	at sun.misc.FloatingDecimal.readJavaFormatString(FloatingDecimal.java:2043)
	at sun.misc.FloatingDecimal.parseDouble(FloatingDecimal.java:110)
	at java.lang.Double.parseDouble(Double.java:538)
	at gpsUtil.GpsUtil.getUserLocation(GpsUtil.java:30)
	at tourGuide.service.TourGuideService.trackUserLocation(TourGuideService.java:84)
	at tourGuide.service.TourGuideService$1.run(TourGuideService.java:115)
Exception in thread "Thread-91" java.lang.NumberFormatException: For input string: "32,000293"
	at sun.misc.FloatingDecimal.readJavaFormatString(FloatingDecimal.java:2043)
	at sun.misc.FloatingDecimal.parseDouble(FloatingDecimal.java:110)
	at java.lang.Double.parseDouble(Double.java:538)
	at gpsUtil.GpsUtil.getUserLocation(GpsUtil.java:30)
	at tourGuide.service.TourGuideService.trackUserLocation(TourGuideService.java:84)
	at tourGuide.service.TourGuideService$1.run(TourGuideService.java:115)
Exception in thread "Thread-454" java.lang.NumberFormatException: For input string: "-27,898939"
	at sun.misc.FloatingDecimal.readJavaFormatString(FloatingDecimal.java:2043)
	at sun.misc.FloatingDecimal.parseDouble(FloatingDecimal.java:110)
	at java.lang.Double.parseDouble(Double.java:538)
	at gpsUtil.GpsUtil.getUserLocation(GpsUtil.java:30)
	at tourGuide.service.TourGuideService.trackUserLocation(TourGuideService.java:84)
	at tourGuide.service.TourGuideService$1.run(TourGuideService.java:115)
Exception in thread "Thread-161" java.lang.NumberFormatException: For input string: "119,574703"
	at sun.misc.FloatingDecimal.readJavaFormatString(FloatingDecimal.java:2043)
	at sun.misc.FloatingDecimal.parseDouble(FloatingDecimal.java:110)
	at java.lang.Double.parseDouble(Double.java:538)
	at gpsUtil.GpsUtil.getUserLocation(GpsUtil.java:30)
	at tourGuide.service.TourGuideService.trackUserLocation(TourGuideService.java:84)
	at tourGuide.service.TourGuideService$1.run(TourGuideService.java:115)
Exception in thread "Thread-129" java.lang.NumberFormatException: For input string: "38,370978"
	at sun.misc.FloatingDecimal.readJavaFormatString(FloatingDecimal.java:2043)
	at sun.misc.FloatingDecimal.parseDouble(FloatingDecimal.java:110)
	at java.lang.Double.parseDouble(Double.java:538)
	at gpsUtil.GpsUtil.getUserLocation(GpsUtil.java:30)
	at tourGuide.service.TourGuideService.trackUserLocation(TourGuideService.java:84)
	at tourGuide.service.TourGuideService$1.run(TourGuideService.java:115)
Exception in thread "Thread-379" java.lang.NumberFormatException: For input string: "-117,134704"
	at sun.misc.FloatingDecimal.readJavaFormatString(FloatingDecimal.java:2043)
	at sun.misc.FloatingDecimal.parseDouble(FloatingDecimal.java:110)
	at java.lang.Double.parseDouble(Double.java:538)
	at gpsUtil.GpsUtil.getUserLocation(GpsUtil.java:30)
	at tourGuide.service.TourGuideService.trackUserLocation(TourGuideService.java:84)
	at tourGuide.service.TourGuideService$1.run(TourGuideService.java:115)
Exception in thread "Thread-249" java.lang.NumberFormatException: For input string: "38,317380"
	at sun.misc.FloatingDecimal.readJavaFormatString(FloatingDecimal.java:2043)
	at sun.misc.FloatingDecimal.parseDouble(FloatingDecimal.java:110)
	at java.lang.Double.parseDouble(Double.java:538)
	at gpsUtil.GpsUtil.getUserLocation(GpsUtil.java:30)
	at tourGuide.service.TourGuideService.trackUserLocation(TourGuideService.java:84)
	at tourGuide.service.TourGuideService$1.run(TourGuideService.java:115)
Exception in thread "Thread-115" java.lang.NumberFormatException: For input string: "-157,185118"
	at sun.misc.FloatingDecimal.readJavaFormatString(FloatingDecimal.java:2043)
	at sun.misc.FloatingDecimal.parseDouble(FloatingDecimal.java:110)
	at java.lang.Double.parseDouble(Double.java:538)
	at gpsUtil.GpsUtil.getUserLocation(GpsUtil.java:30)
	at tourGuide.service.TourGuideService.trackUserLocation(TourGuideService.java:84)
	at tourGuide.service.TourGuideService$1.run(TourGuideService.java:115)
Exception in thread "Thread-425" java.lang.NumberFormatException: For input string: "118,585387"
	at sun.misc.FloatingDecimal.readJavaFormatString(FloatingDecimal.java:2043)
	at sun.misc.FloatingDecimal.parseDouble(FloatingDecimal.java:110)
	at java.lang.Double.parseDouble(Double.java:538)
	at gpsUtil.GpsUtil.getUserLocation(GpsUtil.java:30)
	at tourGuide.service.TourGuideService.trackUserLocation(TourGuideService.java:84)
	at tourGuide.service.TourGuideService$1.run(TourGuideService.java:115)
Exception in thread "Thread-336" java.lang.NumberFormatException: For input string: "-49,004059"
	at sun.misc.FloatingDecimal.readJavaFormatString(FloatingDecimal.java:2043)
	at sun.misc.FloatingDecimal.parseDouble(FloatingDecimal.java:110)
	at java.lang.Double.parseDouble(Double.java:538)
	at gpsUtil.GpsUtil.getUserLocation(GpsUtil.java:30)
	at tourGuide.service.TourGuideService.trackUserLocation(TourGuideService.java:84)
	at tourGuide.service.TourGuideService$1.run(TourGuideService.java:115)
Exception in thread "Thread-465" java.lang.NumberFormatException: For input string: "-55,212680"
	at sun.misc.FloatingDecimal.readJavaFormatString(FloatingDecimal.java:2043)
	at sun.misc.FloatingDecimal.parseDouble(FloatingDecimal.java:110)
	at java.lang.Double.parseDouble(Double.java:538)
	at gpsUtil.GpsUtil.getUserLocation(GpsUtil.java:30)
	at tourGuide.service.TourGuideService.trackUserLocation(TourGuideService.java:84)
	at tourGuide.service.TourGuideService$1.run(TourGuideService.java:115)
Exception in thread "Thread-27" java.lang.NumberFormatException: For input string: "-136,237199"
	at sun.misc.FloatingDecimal.readJavaFormatString(FloatingDecimal.java:2043)
	at sun.misc.FloatingDecimal.parseDouble(FloatingDecimal.java:110)
	at java.lang.Double.parseDouble(Double.java:538)
	at gpsUtil.GpsUtil.getUserLocation(GpsUtil.java:30)
	at tourGuide.service.TourGuideService.trackUserLocation(TourGuideService.java:84)
	at tourGuide.service.TourGuideService$1.run(TourGuideService.java:115)
Exception in thread "Thread-488" java.lang.NumberFormatException: For input string: "-160,507038"
	at sun.misc.FloatingDecimal.readJavaFormatString(FloatingDecimal.java:2043)
	at sun.misc.FloatingDecimal.parseDouble(FloatingDecimal.java:110)
	at java.lang.Double.parseDouble(Double.java:538)
	at gpsUtil.GpsUtil.getUserLocation(GpsUtil.java:30)
	at tourGuide.service.TourGuideService.trackUserLocation(TourGuideService.java:84)
	at tourGuide.service.TourGuideService$1.run(TourGuideService.java:115)
Exception in thread "Thread-248" java.lang.NumberFormatException: For input string: "-52,966138"
	at sun.misc.FloatingDecimal.readJavaFormatString(FloatingDecimal.java:2043)
	at sun.misc.FloatingDecimal.parseDouble(FloatingDecimal.java:110)
	at java.lang.Double.parseDouble(Double.java:538)
	at gpsUtil.GpsUtil.getUserLocation(GpsUtil.java:30)
	at tourGuide.service.TourGuideService.trackUserLocation(TourGuideService.java:84)
	at tourGuide.service.TourGuideService$1.run(TourGuideService.java:115)
Exception in thread "Thread-329" java.lang.NumberFormatException: For input string: "163,307572"
	at sun.misc.FloatingDecimal.readJavaFormatString(FloatingDecimal.java:2043)
	at sun.misc.FloatingDecimal.parseDouble(FloatingDecimal.java:110)
	at java.lang.Double.parseDouble(Double.java:538)
	at gpsUtil.GpsUtil.getUserLocation(GpsUtil.java:30)
	at tourGuide.service.TourGuideService.trackUserLocation(TourGuideService.java:84)
	at tourGuide.service.TourGuideService$1.run(TourGuideService.java:115)
Exception in thread "Thread-385" java.lang.NumberFormatException: For input string: "151,320622"
	at sun.misc.FloatingDecimal.readJavaFormatString(FloatingDecimal.java:2043)
	at sun.misc.FloatingDecimal.parseDouble(FloatingDecimal.java:110)
	at java.lang.Double.parseDouble(Double.java:538)
	at gpsUtil.GpsUtil.getUserLocation(GpsUtil.java:30)
	at tourGuide.service.TourGuideService.trackUserLocation(TourGuideService.java:84)
	at tourGuide.service.TourGuideService$1.run(TourGuideService.java:115)
Exception in thread "Thread-464" java.lang.NumberFormatException: For input string: "7,588321"
	at sun.misc.FloatingDecimal.readJavaFormatString(FloatingDecimal.java:2043)
	at sun.misc.FloatingDecimal.parseDouble(FloatingDecimal.java:110)
	at java.lang.Double.parseDouble(Double.java:538)
	at gpsUtil.GpsUtil.getUserLocation(GpsUtil.java:30)
	at tourGuide.service.TourGuideService.trackUserLocation(TourGuideService.java:84)
	at tourGuide.service.TourGuideService$1.run(TourGuideService.java:115)
Exception in thread "Thread-153" java.lang.NumberFormatException: For input string: "-131,950171"
	at sun.misc.FloatingDecimal.readJavaFormatString(FloatingDecimal.java:2043)
	at sun.misc.FloatingDecimal.parseDouble(FloatingDecimal.java:110)
	at java.lang.Double.parseDouble(Double.java:538)
	at gpsUtil.GpsUtil.getUserLocation(GpsUtil.java:30)
	at tourGuide.service.TourGuideService.trackUserLocation(TourGuideService.java:84)
	at tourGuide.service.TourGuideService$1.run(TourGuideService.java:115)
Exception in thread "Thread-504" java.lang.NumberFormatException: For input string: "-125,263126"
	at sun.misc.FloatingDecimal.readJavaFormatString(FloatingDecimal.java:2043)
	at sun.misc.FloatingDecimal.parseDouble(FloatingDecimal.java:110)
	at java.lang.Double.parseDouble(Double.java:538)
	at gpsUtil.GpsUtil.getUserLocation(GpsUtil.java:30)
	at tourGuide.service.TourGuideService.trackUserLocation(TourGuideService.java:84)
	at tourGuide.service.TourGuideService$1.run(TourGuideService.java:115)
Exception in thread "Thread-473" java.lang.NumberFormatException: For input string: "-67,205232"
	at sun.misc.FloatingDecimal.readJavaFormatString(FloatingDecimal.java:2043)
	at sun.misc.FloatingDecimal.parseDouble(FloatingDecimal.java:110)
	at java.lang.Double.parseDouble(Double.java:538)
	at gpsUtil.GpsUtil.getUserLocation(GpsUtil.java:30)
	at tourGuide.service.TourGuideService.trackUserLocation(TourGuideService.java:84)
	at tourGuide.service.TourGuideService$1.run(TourGuideService.java:115)
Exception in thread "Thread-253" java.lang.NumberFormatException: For input string: "157,583065"
	at sun.misc.FloatingDecimal.readJavaFormatString(FloatingDecimal.java:2043)
	at sun.misc.FloatingDecimal.parseDouble(FloatingDecimal.java:110)
	at java.lang.Double.parseDouble(Double.java:538)
	at gpsUtil.GpsUtil.getUserLocation(GpsUtil.java:30)
	at tourGuide.service.TourGuideService.trackUserLocation(TourGuideService.java:84)
	at tourGuide.service.TourGuideService$1.run(TourGuideService.java:115)
Exception in thread "Thread-323" java.lang.NumberFormatException: For input string: "151,633917"
	at sun.misc.FloatingDecimal.readJavaFormatString(FloatingDecimal.java:2043)
	at sun.misc.FloatingDecimal.parseDouble(FloatingDecimal.java:110)
	at java.lang.Double.parseDouble(Double.java:538)
	at gpsUtil.GpsUtil.getUserLocation(GpsUtil.java:30)
	at tourGuide.service.TourGuideService.trackUserLocation(TourGuideService.java:84)
	at tourGuide.service.TourGuideService$1.run(TourGuideService.java:115)
Exception in thread "Thread-482" java.lang.NumberFormatException: For input string: "-160,819835"
	at sun.misc.FloatingDecimal.readJavaFormatString(FloatingDecimal.java:2043)
	at sun.misc.FloatingDecimal.parseDouble(FloatingDecimal.java:110)
	at java.lang.Double.parseDouble(Double.java:538)
	at gpsUtil.GpsUtil.getUserLocation(GpsUtil.java:30)
	at tourGuide.service.TourGuideService.trackUserLocation(TourGuideService.java:84)
	at tourGuide.service.TourGuideService$1.run(TourGuideService.java:115)
Exception in thread "Thread-400" java.lang.NumberFormatException: For input string: "-66,683777"
	at sun.misc.FloatingDecimal.readJavaFormatString(FloatingDecimal.java:2043)
	at sun.misc.FloatingDecimal.parseDouble(FloatingDecimal.java:110)
	at java.lang.Double.parseDouble(Double.java:538)
	at gpsUtil.GpsUtil.getUserLocation(GpsUtil.java:30)
	at tourGuide.service.TourGuideService.trackUserLocation(TourGuideService.java:84)
	at tourGuide.service.TourGuideService$1.run(TourGuideService.java:115)
Exception in thread "Thread-102" java.lang.NumberFormatException: For input string: "35,054325"
	at sun.misc.FloatingDecimal.readJavaFormatString(FloatingDecimal.java:2043)
	at sun.misc.FloatingDecimal.parseDouble(FloatingDecimal.java:110)
	at java.lang.Double.parseDouble(Double.java:538)
	at gpsUtil.GpsUtil.getUserLocation(GpsUtil.java:30)
	at tourGuide.service.TourGuideService.trackUserLocation(TourGuideService.java:84)
	at tourGuide.service.TourGuideService$1.run(TourGuideService.java:115)
Exception in thread "Thread-470" java.lang.NumberFormatException: For input string: "40,456874"
	at sun.misc.FloatingDecimal.readJavaFormatString(FloatingDecimal.java:2043)
	at sun.misc.FloatingDecimal.parseDouble(FloatingDecimal.java:110)
	at java.lang.Double.parseDouble(Double.java:538)
	at gpsUtil.GpsUtil.getUserLocation(GpsUtil.java:30)
	at tourGuide.service.TourGuideService.trackUserLocation(TourGuideService.java:84)
	at tourGuide.service.TourGuideService$1.run(TourGuideService.java:115)
Exception in thread "Thread-247" java.lang.NumberFormatException: For input string: "50,705758"
	at sun.misc.FloatingDecimal.readJavaFormatString(FloatingDecimal.java:2043)
	at sun.misc.FloatingDecimal.parseDouble(FloatingDecimal.java:110)
	at java.lang.Double.parseDouble(Double.java:538)
	at gpsUtil.GpsUtil.getUserLocation(GpsUtil.java:30)
	at tourGuide.service.TourGuideService.trackUserLocation(TourGuideService.java:84)
	at tourGuide.service.TourGuideService$1.run(TourGuideService.java:115)
Exception in thread "Thread-358" java.lang.NumberFormatException: For input string: "-165,983559"
	at sun.misc.FloatingDecimal.readJavaFormatString(FloatingDecimal.java:2043)
	at sun.misc.FloatingDecimal.parseDouble(FloatingDecimal.java:110)
	at java.lang.Double.parseDouble(Double.java:538)
	at gpsUtil.GpsUtil.getUserLocation(GpsUtil.java:30)
	at tourGuide.service.TourGuideService.trackUserLocation(TourGuideService.java:84)
	at tourGuide.service.TourGuideService$1.run(TourGuideService.java:115)
Exception in thread "Thread-430" java.lang.NumberFormatException: For input string: "169,145617"
	at sun.misc.FloatingDecimal.readJavaFormatString(FloatingDecimal.java:2043)
	at sun.misc.FloatingDecimal.parseDouble(FloatingDecimal.java:110)
	at java.lang.Double.parseDouble(Double.java:538)
	at gpsUtil.GpsUtil.getUserLocation(GpsUtil.java:30)
	at tourGuide.service.TourGuideService.trackUserLocation(TourGuideService.java:84)
	at tourGuide.service.TourGuideService$1.run(TourGuideService.java:115)
Exception in thread "Thread-146" java.lang.NumberFormatException: For input string: "-49,577214"
	at sun.misc.FloatingDecimal.readJavaFormatString(FloatingDecimal.java:2043)
	at sun.misc.FloatingDecimal.parseDouble(FloatingDecimal.java:110)
	at java.lang.Double.parseDouble(Double.java:538)
	at gpsUtil.GpsUtil.getUserLocation(GpsUtil.java:30)
	at tourGuide.service.TourGuideService.trackUserLocation(TourGuideService.java:84)
	at tourGuide.service.TourGuideService$1.run(TourGuideService.java:115)
Exception in thread "Thread-191" java.lang.NumberFormatException: For input string: "-155,944652"
	at sun.misc.FloatingDecimal.readJavaFormatString(FloatingDecimal.java:2043)
	at sun.misc.FloatingDecimal.parseDouble(FloatingDecimal.java:110)
	at java.lang.Double.parseDouble(Double.java:538)
	at gpsUtil.GpsUtil.getUserLocation(GpsUtil.java:30)
	at tourGuide.service.TourGuideService.trackUserLocation(TourGuideService.java:84)
	at tourGuide.service.TourGuideService$1.run(TourGuideService.java:115)
Exception in thread "Thread-309" java.lang.NumberFormatException: For input string: "-131,035389"
	at sun.misc.FloatingDecimal.readJavaFormatString(FloatingDecimal.java:2043)
	at sun.misc.FloatingDecimal.parseDouble(FloatingDecimal.java:110)
	at java.lang.Double.parseDouble(Double.java:538)
	at gpsUtil.GpsUtil.getUserLocation(GpsUtil.java:30)
	at tourGuide.service.TourGuideService.trackUserLocation(TourGuideService.java:84)
	at tourGuide.service.TourGuideService$1.run(TourGuideService.java:115)
Exception in thread "Thread-367" java.lang.NumberFormatException: For input string: "-43,634088"
	at sun.misc.FloatingDecimal.readJavaFormatString(FloatingDecimal.java:2043)
	at sun.misc.FloatingDecimal.parseDouble(FloatingDecimal.java:110)
	at java.lang.Double.parseDouble(Double.java:538)
	at gpsUtil.GpsUtil.getUserLocation(GpsUtil.java:30)
	at tourGuide.service.TourGuideService.trackUserLocation(TourGuideService.java:84)
	at tourGuide.service.TourGuideService$1.run(TourGuideService.java:115)
Exception in thread "Thread-311" java.lang.NumberFormatException: For input string: "0,137943"
	at sun.misc.FloatingDecimal.readJavaFormatString(FloatingDecimal.java:2043)
	at sun.misc.FloatingDecimal.parseDouble(FloatingDecimal.java:110)
	at java.lang.Double.parseDouble(Double.java:538)
	at gpsUtil.GpsUtil.getUserLocation(GpsUtil.java:30)
	at tourGuide.service.TourGuideService.trackUserLocation(TourGuideService.java:84)
	at tourGuide.service.TourGuideService$1.run(TourGuideService.java:115)
Exception in thread "Thread-340" java.lang.NumberFormatException: For input string: "-110,367123"
	at sun.misc.FloatingDecimal.readJavaFormatString(FloatingDecimal.java:2043)
	at sun.misc.FloatingDecimal.parseDouble(FloatingDecimal.java:110)
	at java.lang.Double.parseDouble(Double.java:538)
	at gpsUtil.GpsUtil.getUserLocation(GpsUtil.java:30)
	at tourGuide.service.TourGuideService.trackUserLocation(TourGuideService.java:84)
	at tourGuide.service.TourGuideService$1.run(TourGuideService.java:115)
Exception in thread "Thread-374" java.lang.NumberFormatException: For input string: "-9,785522"
	at sun.misc.FloatingDecimal.readJavaFormatString(FloatingDecimal.java:2043)
	at sun.misc.FloatingDecimal.parseDouble(FloatingDecimal.java:110)
	at java.lang.Double.parseDouble(Double.java:538)
	at gpsUtil.GpsUtil.getUserLocation(GpsUtil.java:30)
	at tourGuide.service.TourGuideService.trackUserLocation(TourGuideService.java:84)
	at tourGuide.service.TourGuideService$1.run(TourGuideService.java:115)
Exception in thread "Thread-255" java.lang.NumberFormatException: For input string: "141,079530"
	at sun.misc.FloatingDecimal.readJavaFormatString(FloatingDecimal.java:2043)
	at sun.misc.FloatingDecimal.parseDouble(FloatingDecimal.java:110)
	at java.lang.Double.parseDouble(Double.java:538)
	at gpsUtil.GpsUtil.getUserLocation(GpsUtil.java:30)
	at tourGuide.service.TourGuideService.trackUserLocation(TourGuideService.java:84)
	at tourGuide.service.TourGuideService$1.run(TourGuideService.java:115)
Exception in thread "Thread-239" java.lang.NumberFormatException: For input string: "-169,158967"
	at sun.misc.FloatingDecimal.readJavaFormatString(FloatingDecimal.java:2043)
	at sun.misc.FloatingDecimal.parseDouble(FloatingDecimal.java:110)
	at java.lang.Double.parseDouble(Double.java:538)
	at gpsUtil.GpsUtil.getUserLocation(GpsUtil.java:30)
	at tourGuide.service.TourGuideService.trackUserLocation(TourGuideService.java:84)
	at tourGuide.service.TourGuideService$1.run(TourGuideService.java:115)
Exception in thread "Thread-399" java.lang.NumberFormatException: For input string: "-65,114295"
	at sun.misc.FloatingDecimal.readJavaFormatString(FloatingDecimal.java:2043)
	at sun.misc.FloatingDecimal.parseDouble(FloatingDecimal.java:110)
	at java.lang.Double.parseDouble(Double.java:538)
	at gpsUtil.GpsUtil.getUserLocation(GpsUtil.java:30)
	at tourGuide.service.TourGuideService.trackUserLocation(TourGuideService.java:84)
	at tourGuide.service.TourGuideService$1.run(TourGuideService.java:115)
Exception in thread "Thread-502" java.lang.NumberFormatException: For input string: "-135,409157"
	at sun.misc.FloatingDecimal.readJavaFormatString(FloatingDecimal.java:2043)
	at sun.misc.FloatingDecimal.parseDouble(FloatingDecimal.java:110)
	at java.lang.Double.parseDouble(Double.java:538)
	at gpsUtil.GpsUtil.getUserLocation(GpsUtil.java:30)
	at tourGuide.service.TourGuideService.trackUserLocation(TourGuideService.java:84)
	at tourGuide.service.TourGuideService$1.run(TourGuideService.java:115)
Exception in thread "Thread-127" java.lang.NumberFormatException: For input string: "-142,402732"
	at sun.misc.FloatingDecimal.readJavaFormatString(FloatingDecimal.java:2043)
	at sun.misc.FloatingDecimal.parseDouble(FloatingDecimal.java:110)
	at java.lang.Double.parseDouble(Double.java:538)
	at gpsUtil.GpsUtil.getUserLocation(GpsUtil.java:30)
	at tourGuide.service.TourGuideService.trackUserLocation(TourGuideService.java:84)
	at tourGuide.service.TourGuideService$1.run(TourGuideService.java:115)
Exception in thread "Thread-366" java.lang.NumberFormatException: For input string: "57,189210"
	at sun.misc.FloatingDecimal.readJavaFormatString(FloatingDecimal.java:2043)
	at sun.misc.FloatingDecimal.parseDouble(FloatingDecimal.java:110)
	at java.lang.Double.parseDouble(Double.java:538)
	at gpsUtil.GpsUtil.getUserLocation(GpsUtil.java:30)
	at tourGuide.service.TourGuideService.trackUserLocation(TourGuideService.java:84)
	at tourGuide.service.TourGuideService$1.run(TourGuideService.java:115)
Exception in thread "Thread-505" java.lang.NumberFormatException: For input string: "-126,391110"
	at sun.misc.FloatingDecimal.readJavaFormatString(FloatingDecimal.java:2043)
	at sun.misc.FloatingDecimal.parseDouble(FloatingDecimal.java:110)
	at java.lang.Double.parseDouble(Double.java:538)
	at gpsUtil.GpsUtil.getUserLocation(GpsUtil.java:30)
	at tourGuide.service.TourGuideService.trackUserLocation(TourGuideService.java:84)
	at tourGuide.service.TourGuideService$1.run(TourGuideService.java:115)
Exception in thread "Thread-448" java.lang.NumberFormatException: For input string: "-127,005018"
	at sun.misc.FloatingDecimal.readJavaFormatString(FloatingDecimal.java:2043)
	at sun.misc.FloatingDecimal.parseDouble(FloatingDecimal.java:110)
	at java.lang.Double.parseDouble(Double.java:538)
	at gpsUtil.GpsUtil.getUserLocation(GpsUtil.java:30)
	at tourGuide.service.TourGuideService.trackUserLocation(TourGuideService.java:84)
	at tourGuide.service.TourGuideService$1.run(TourGuideService.java:115)
Exception in thread "Thread-137" java.lang.NumberFormatException: For input string: "23,935007"
	at sun.misc.FloatingDecimal.readJavaFormatString(FloatingDecimal.java:2043)
	at sun.misc.FloatingDecimal.parseDouble(FloatingDecimal.java:110)
	at java.lang.Double.parseDouble(Double.java:538)
	at gpsUtil.GpsUtil.getUserLocation(GpsUtil.java:30)
	at tourGuide.service.TourGuideService.trackUserLocation(TourGuideService.java:84)
	at tourGuide.service.TourGuideService$1.run(TourGuideService.java:115)
Exception in thread "Thread-497" java.lang.NumberFormatException: For input string: "92,546614"
	at sun.misc.FloatingDecimal.readJavaFormatString(FloatingDecimal.java:2043)
	at sun.misc.FloatingDecimal.parseDouble(FloatingDecimal.java:110)
	at java.lang.Double.parseDouble(Double.java:538)
	at gpsUtil.GpsUtil.getUserLocation(GpsUtil.java:30)
	at tourGuide.service.TourGuideService.trackUserLocation(TourGuideService.java:84)
	at tourGuide.service.TourGuideService$1.run(TourGuideService.java:115)
Exception in thread "Thread-143" java.lang.NumberFormatException: For input string: "-76,995600"
	at sun.misc.FloatingDecimal.readJavaFormatString(FloatingDecimal.java:2043)
	at sun.misc.FloatingDecimal.parseDouble(FloatingDecimal.java:110)
	at java.lang.Double.parseDouble(Double.java:538)
	at gpsUtil.GpsUtil.getUserLocation(GpsUtil.java:30)
	at tourGuide.service.TourGuideService.trackUserLocation(TourGuideService.java:84)
	at tourGuide.service.TourGuideService$1.run(TourGuideService.java:115)
Exception in thread "Thread-261" java.lang.NumberFormatException: For input string: "97,925258"
	at sun.misc.FloatingDecimal.readJavaFormatString(FloatingDecimal.java:2043)
	at sun.misc.FloatingDecimal.parseDouble(FloatingDecimal.java:110)
	at java.lang.Double.parseDouble(Double.java:538)
	at gpsUtil.GpsUtil.getUserLocation(GpsUtil.java:30)
	at tourGuide.service.TourGuideService.trackUserLocation(TourGuideService.java:84)
	at tourGuide.service.TourGuideService$1.run(TourGuideService.java:115)
Exception in thread "Thread-316" java.lang.NumberFormatException: For input string: "70,833391"
	at sun.misc.FloatingDecimal.readJavaFormatString(FloatingDecimal.java:2043)
	at sun.misc.FloatingDecimal.parseDouble(FloatingDecimal.java:110)
	at java.lang.Double.parseDouble(Double.java:538)
	at gpsUtil.GpsUtil.getUserLocation(GpsUtil.java:30)
	at tourGuide.service.TourGuideService.trackUserLocation(TourGuideService.java:84)
	at tourGuide.service.TourGuideService$1.run(TourGuideService.java:115)
Exception in thread "Thread-424" java.lang.NumberFormatException: For input string: "165,474174"
	at sun.misc.FloatingDecimal.readJavaFormatString(FloatingDecimal.java:2043)
	at sun.misc.FloatingDecimal.parseDouble(FloatingDecimal.java:110)
	at java.lang.Double.parseDouble(Double.java:538)
	at gpsUtil.GpsUtil.getUserLocation(GpsUtil.java:30)
	at tourGuide.service.TourGuideService.trackUserLocation(TourGuideService.java:84)
	at tourGuide.service.TourGuideService$1.run(TourGuideService.java:115)
Exception in thread "Thread-365" java.lang.NumberFormatException: For input string: "51,239978"
	at sun.misc.FloatingDecimal.readJavaFormatString(FloatingDecimal.java:2043)
	at sun.misc.FloatingDecimal.parseDouble(FloatingDecimal.java:110)
	at java.lang.Double.parseDouble(Double.java:538)
	at gpsUtil.GpsUtil.getUserLocation(GpsUtil.java:30)
	at tourGuide.service.TourGuideService.trackUserLocation(TourGuideService.java:84)
	at tourGuide.service.TourGuideService$1.run(TourGuideService.java:115)
Exception in thread "Thread-197" java.lang.NumberFormatException: For input string: "89,232396"
	at sun.misc.FloatingDecimal.readJavaFormatString(FloatingDecimal.java:2043)
	at sun.misc.FloatingDecimal.parseDouble(FloatingDecimal.java:110)
	at java.lang.Double.parseDouble(Double.java:538)
	at gpsUtil.GpsUtil.getUserLocation(GpsUtil.java:30)
	at tourGuide.service.TourGuideService.trackUserLocation(TourGuideService.java:84)
	at tourGuide.service.TourGuideService$1.run(TourGuideService.java:115)
Exception in thread "Thread-204" java.lang.NumberFormatException: For input string: "-152,321932"
	at sun.misc.FloatingDecimal.readJavaFormatString(FloatingDecimal.java:2043)
	at sun.misc.FloatingDecimal.parseDouble(FloatingDecimal.java:110)
	at java.lang.Double.parseDouble(Double.java:538)
	at gpsUtil.GpsUtil.getUserLocation(GpsUtil.java:30)
	at tourGuide.service.TourGuideService.trackUserLocation(TourGuideService.java:84)
	at tourGuide.service.TourGuideService$1.run(TourGuideService.java:115)
Exception in thread "Thread-320" java.lang.NumberFormatException: For input string: "-69,523499"
	at sun.misc.FloatingDecimal.readJavaFormatString(FloatingDecimal.java:2043)
	at sun.misc.FloatingDecimal.parseDouble(FloatingDecimal.java:110)
	at java.lang.Double.parseDouble(Double.java:538)
	at gpsUtil.GpsUtil.getUserLocation(GpsUtil.java:30)
	at tourGuide.service.TourGuideService.trackUserLocation(TourGuideService.java:84)
	at tourGuide.service.TourGuideService$1.run(TourGuideService.java:115)
Exception in thread "Thread-333" java.lang.NumberFormatException: For input string: "65,208184"
	at sun.misc.FloatingDecimal.readJavaFormatString(FloatingDecimal.java:2043)
	at sun.misc.FloatingDecimal.parseDouble(FloatingDecimal.java:110)
	at java.lang.Double.parseDouble(Double.java:538)
	at gpsUtil.GpsUtil.getUserLocation(GpsUtil.java:30)
	at tourGuide.service.TourGuideService.trackUserLocation(TourGuideService.java:84)
	at tourGuide.service.TourGuideService$1.run(TourGuideService.java:115)
Exception in thread "Thread-279" java.lang.NumberFormatException: For input string: "108,399354"
	at sun.misc.FloatingDecimal.readJavaFormatString(FloatingDecimal.java:2043)
	at sun.misc.FloatingDecimal.parseDouble(FloatingDecimal.java:110)
	at java.lang.Double.parseDouble(Double.java:538)
	at gpsUtil.GpsUtil.getUserLocation(GpsUtil.java:30)
	at tourGuide.service.TourGuideService.trackUserLocation(TourGuideService.java:84)
	at tourGuide.service.TourGuideService$1.run(TourGuideService.java:115)
Exception in thread "Thread-335" java.lang.NumberFormatException: For input string: "131,805431"
	at sun.misc.FloatingDecimal.readJavaFormatString(FloatingDecimal.java:2043)
	at sun.misc.FloatingDecimal.parseDouble(FloatingDecimal.java:110)
	at java.lang.Double.parseDouble(Double.java:538)
	at gpsUtil.GpsUtil.getUserLocation(GpsUtil.java:30)
	at tourGuide.service.TourGuideService.trackUserLocation(TourGuideService.java:84)
	at tourGuide.service.TourGuideService$1.run(TourGuideService.java:115)
Exception in thread "Thread-224" java.lang.NumberFormatException: For input string: "-74,371981"
	at sun.misc.FloatingDecimal.readJavaFormatString(FloatingDecimal.java:2043)
	at sun.misc.FloatingDecimal.parseDouble(FloatingDecimal.java:110)
	at java.lang.Double.parseDouble(Double.java:538)
	at gpsUtil.GpsUtil.getUserLocation(GpsUtil.java:30)
	at tourGuide.service.TourGuideService.trackUserLocation(TourGuideService.java:84)
	at tourGuide.service.TourGuideService$1.run(TourGuideService.java:115)
Exception in thread "Thread-455" java.lang.NumberFormatException: For input string: "-95,097910"
	at sun.misc.FloatingDecimal.readJavaFormatString(FloatingDecimal.java:2043)
	at sun.misc.FloatingDecimal.parseDouble(FloatingDecimal.java:110)
	at java.lang.Double.parseDouble(Double.java:538)
	at gpsUtil.GpsUtil.getUserLocation(GpsUtil.java:30)
	at tourGuide.service.TourGuideService.trackUserLocation(TourGuideService.java:84)
	at tourGuide.service.TourGuideService$1.run(TourGuideService.java:115)
Exception in thread "Thread-349" java.lang.NumberFormatException: For input string: "-130,040045"
	at sun.misc.FloatingDecimal.readJavaFormatString(FloatingDecimal.java:2043)
	at sun.misc.FloatingDecimal.parseDouble(FloatingDecimal.java:110)
	at java.lang.Double.parseDouble(Double.java:538)
	at gpsUtil.GpsUtil.getUserLocation(GpsUtil.java:30)
	at tourGuide.service.TourGuideService.trackUserLocation(TourGuideService.java:84)
	at tourGuide.service.TourGuideService$1.run(TourGuideService.java:115)
Exception in thread "Thread-235" java.lang.NumberFormatException: For input string: "99,065916"
	at sun.misc.FloatingDecimal.readJavaFormatString(FloatingDecimal.java:2043)
	at sun.misc.FloatingDecimal.parseDouble(FloatingDecimal.java:110)
	at java.lang.Double.parseDouble(Double.java:538)
	at gpsUtil.GpsUtil.getUserLocation(GpsUtil.java:30)
	at tourGuide.service.TourGuideService.trackUserLocation(TourGuideService.java:84)
	at tourGuide.service.TourGuideService$1.run(TourGuideService.java:115)
Exception in thread "Thread-345" java.lang.NumberFormatException: For input string: "-126,643271"
	at sun.misc.FloatingDecimal.readJavaFormatString(FloatingDecimal.java:2043)
	at sun.misc.FloatingDecimal.parseDouble(FloatingDecimal.java:110)
	at java.lang.Double.parseDouble(Double.java:538)
	at gpsUtil.GpsUtil.getUserLocation(GpsUtil.java:30)
	at tourGuide.service.TourGuideService.trackUserLocation(TourGuideService.java:84)
	at tourGuide.service.TourGuideService$1.run(TourGuideService.java:115)
Exception in thread "Thread-393" java.lang.NumberFormatException: For input string: "-73,456742"
	at sun.misc.FloatingDecimal.readJavaFormatString(FloatingDecimal.java:2043)
	at sun.misc.FloatingDecimal.parseDouble(FloatingDecimal.java:110)
	at java.lang.Double.parseDouble(Double.java:538)
	at gpsUtil.GpsUtil.getUserLocation(GpsUtil.java:30)
	at tourGuide.service.TourGuideService.trackUserLocation(TourGuideService.java:84)
	at tourGuide.service.TourGuideService$1.run(TourGuideService.java:115)
Exception in thread "Thread-496" java.lang.NumberFormatException: For input string: "-38,678963"
	at sun.misc.FloatingDecimal.readJavaFormatString(FloatingDecimal.java:2043)
	at sun.misc.FloatingDecimal.parseDouble(FloatingDecimal.java:110)
	at java.lang.Double.parseDouble(Double.java:538)
	at gpsUtil.GpsUtil.getUserLocation(GpsUtil.java:30)
	at tourGuide.service.TourGuideService.trackUserLocation(TourGuideService.java:84)
	at tourGuide.service.TourGuideService$1.run(TourGuideService.java:115)
Exception in thread "Thread-463" java.lang.NumberFormatException: For input string: "171,853827"
	at sun.misc.FloatingDecimal.readJavaFormatString(FloatingDecimal.java:2043)
	at sun.misc.FloatingDecimal.parseDouble(FloatingDecimal.java:110)
	at java.lang.Double.parseDouble(Double.java:538)
	at gpsUtil.GpsUtil.getUserLocation(GpsUtil.java:30)
	at tourGuide.service.TourGuideService.trackUserLocation(TourGuideService.java:84)
	at tourGuide.service.TourGuideService$1.run(TourGuideService.java:115)
Exception in thread "Thread-170" java.lang.NumberFormatException: For input string: "128,744638"
	at sun.misc.FloatingDecimal.readJavaFormatString(FloatingDecimal.java:2043)
	at sun.misc.FloatingDecimal.parseDouble(FloatingDecimal.java:110)
	at java.lang.Double.parseDouble(Double.java:538)
	at gpsUtil.GpsUtil.getUserLocation(GpsUtil.java:30)
	at tourGuide.service.TourGuideService.trackUserLocation(TourGuideService.java:84)
	at tourGuide.service.TourGuideService$1.run(TourGuideService.java:115)
Exception in thread "Thread-487" java.lang.NumberFormatException: For input string: "-90,884643"
	at sun.misc.FloatingDecimal.readJavaFormatString(FloatingDecimal.java:2043)
	at sun.misc.FloatingDecimal.parseDouble(FloatingDecimal.java:110)
	at java.lang.Double.parseDouble(Double.java:538)
	at gpsUtil.GpsUtil.getUserLocation(GpsUtil.java:30)
	at tourGuide.service.TourGuideService.trackUserLocation(TourGuideService.java:84)
	at tourGuide.service.TourGuideService$1.run(TourGuideService.java:115)
Exception in thread "Thread-225" java.lang.NumberFormatException: For input string: "112,322652"
	at sun.misc.FloatingDecimal.readJavaFormatString(FloatingDecimal.java:2043)
	at sun.misc.FloatingDecimal.parseDouble(FloatingDecimal.java:110)
	at java.lang.Double.parseDouble(Double.java:538)
	at gpsUtil.GpsUtil.getUserLocation(GpsUtil.java:30)
	at tourGuide.service.TourGuideService.trackUserLocation(TourGuideService.java:84)
	at tourGuide.service.TourGuideService$1.run(TourGuideService.java:115)
Exception in thread "Thread-398" java.lang.NumberFormatException: For input string: "116,134499"
	at sun.misc.FloatingDecimal.readJavaFormatString(FloatingDecimal.java:2043)
	at sun.misc.FloatingDecimal.parseDouble(FloatingDecimal.java:110)
	at java.lang.Double.parseDouble(Double.java:538)
	at gpsUtil.GpsUtil.getUserLocation(GpsUtil.java:30)
	at tourGuide.service.TourGuideService.trackUserLocation(TourGuideService.java:84)
	at tourGuide.service.TourGuideService$1.run(TourGuideService.java:115)
Exception in thread "Thread-262" java.lang.NumberFormatException: For input string: "24,295246"
	at sun.misc.FloatingDecimal.readJavaFormatString(FloatingDecimal.java:2043)
	at sun.misc.FloatingDecimal.parseDouble(FloatingDecimal.java:110)
	at java.lang.Double.parseDouble(Double.java:538)
	at gpsUtil.GpsUtil.getUserLocation(GpsUtil.java:30)
	at tourGuide.service.TourGuideService.trackUserLocation(TourGuideService.java:84)
	at tourGuide.service.TourGuideService$1.run(TourGuideService.java:115)
Exception in thread "Thread-142" java.lang.NumberFormatException: For input string: "132,507908"
	at sun.misc.FloatingDecimal.readJavaFormatString(FloatingDecimal.java:2043)
	at sun.misc.FloatingDecimal.parseDouble(FloatingDecimal.java:110)
	at java.lang.Double.parseDouble(Double.java:538)
	at gpsUtil.GpsUtil.getUserLocation(GpsUtil.java:30)
	at tourGuide.service.TourGuideService.trackUserLocation(TourGuideService.java:84)
	at tourGuide.service.TourGuideService$1.run(TourGuideService.java:115)
Exception in thread "Thread-278" java.lang.NumberFormatException: For input string: "-116,853276"
	at sun.misc.FloatingDecimal.readJavaFormatString(FloatingDecimal.java:2043)
	at sun.misc.FloatingDecimal.parseDouble(FloatingDecimal.java:110)
	at java.lang.Double.parseDouble(Double.java:538)
	at gpsUtil.GpsUtil.getUserLocation(GpsUtil.java:30)
	at tourGuide.service.TourGuideService.trackUserLocation(TourGuideService.java:84)
	at tourGuide.service.TourGuideService$1.run(TourGuideService.java:115)
Exception in thread "Thread-207" java.lang.NumberFormatException: For input string: "-64,781066"
	at sun.misc.FloatingDecimal.readJavaFormatString(FloatingDecimal.java:2043)
	at sun.misc.FloatingDecimal.parseDouble(FloatingDecimal.java:110)
	at java.lang.Double.parseDouble(Double.java:538)
	at gpsUtil.GpsUtil.getUserLocation(GpsUtil.java:30)
	at tourGuide.service.TourGuideService.trackUserLocation(TourGuideService.java:84)
	at tourGuide.service.TourGuideService$1.run(TourGuideService.java:115)
Exception in thread "Thread-392" java.lang.NumberFormatException: For input string: "158,314888"
	at sun.misc.FloatingDecimal.readJavaFormatString(FloatingDecimal.java:2043)
	at sun.misc.FloatingDecimal.parseDouble(FloatingDecimal.java:110)
	at java.lang.Double.parseDouble(Double.java:538)
	at gpsUtil.GpsUtil.getUserLocation(GpsUtil.java:30)
	at tourGuide.service.TourGuideService.trackUserLocation(TourGuideService.java:84)
	at tourGuide.service.TourGuideService$1.run(TourGuideService.java:115)
Exception in thread "Thread-383" java.lang.NumberFormatException: For input string: "111,079011"
	at sun.misc.FloatingDecimal.readJavaFormatString(FloatingDecimal.java:2043)
	at sun.misc.FloatingDecimal.parseDouble(FloatingDecimal.java:110)
	at java.lang.Double.parseDouble(Double.java:538)
	at gpsUtil.GpsUtil.getUserLocation(GpsUtil.java:30)
	at tourGuide.service.TourGuideService.trackUserLocation(TourGuideService.java:84)
	at tourGuide.service.TourGuideService$1.run(TourGuideService.java:115)
Exception in thread "Thread-273" java.lang.NumberFormatException: For input string: "-46,633136"
	at sun.misc.FloatingDecimal.readJavaFormatString(FloatingDecimal.java:2043)
	at sun.misc.FloatingDecimal.parseDouble(FloatingDecimal.java:110)
	at java.lang.Double.parseDouble(Double.java:538)
	at gpsUtil.GpsUtil.getUserLocation(GpsUtil.java:30)
	at tourGuide.service.TourGuideService.trackUserLocation(TourGuideService.java:84)
	at tourGuide.service.TourGuideService$1.run(TourGuideService.java:115)
Exception in thread "Thread-406" java.lang.NumberFormatException: For input string: "118,569176"
	at sun.misc.FloatingDecimal.readJavaFormatString(FloatingDecimal.java:2043)
	at sun.misc.FloatingDecimal.parseDouble(FloatingDecimal.java:110)
	at java.lang.Double.parseDouble(Double.java:538)
	at gpsUtil.GpsUtil.getUserLocation(GpsUtil.java:30)
	at tourGuide.service.TourGuideService.trackUserLocation(TourGuideService.java:84)
	at tourGuide.service.TourGuideService$1.run(TourGuideService.java:115)
Exception in thread "Thread-267" java.lang.NumberFormatException: For input string: "163,195566"
	at sun.misc.FloatingDecimal.readJavaFormatString(FloatingDecimal.java:2043)
	at sun.misc.FloatingDecimal.parseDouble(FloatingDecimal.java:110)
	at java.lang.Double.parseDouble(Double.java:538)
	at gpsUtil.GpsUtil.getUserLocation(GpsUtil.java:30)
	at tourGuide.service.TourGuideService.trackUserLocation(TourGuideService.java:84)
	at tourGuide.service.TourGuideService$1.run(TourGuideService.java:115)
Exception in thread "Thread-293" java.lang.NumberFormatException: For input string: "-104,513436"
	at sun.misc.FloatingDecimal.readJavaFormatString(FloatingDecimal.java:2043)
	at sun.misc.FloatingDecimal.parseDouble(FloatingDecimal.java:110)
	at java.lang.Double.parseDouble(Double.java:538)
	at gpsUtil.GpsUtil.getUserLocation(GpsUtil.java:30)
	at tourGuide.service.TourGuideService.trackUserLocation(TourGuideService.java:84)
	at tourGuide.service.TourGuideService$1.run(TourGuideService.java:115)
Exception in thread "Thread-227" java.lang.NumberFormatException: For input string: "-33,011230"
	at sun.misc.FloatingDecimal.readJavaFormatString(FloatingDecimal.java:2043)
	at sun.misc.FloatingDecimal.parseDouble(FloatingDecimal.java:110)
	at java.lang.Double.parseDouble(Double.java:538)
	at gpsUtil.GpsUtil.getUserLocation(GpsUtil.java:30)
	at tourGuide.service.TourGuideService.trackUserLocation(TourGuideService.java:84)
	at tourGuide.service.TourGuideService$1.run(TourGuideService.java:115)
Exception in thread "Thread-151" java.lang.NumberFormatException: For input string: "-54,361482"
	at sun.misc.FloatingDecimal.readJavaFormatString(FloatingDecimal.java:2043)
	at sun.misc.FloatingDecimal.parseDouble(FloatingDecimal.java:110)
	at java.lang.Double.parseDouble(Double.java:538)
	at gpsUtil.GpsUtil.getUserLocation(GpsUtil.java:30)
	at tourGuide.service.TourGuideService.trackUserLocation(TourGuideService.java:84)
	at tourGuide.service.TourGuideService$1.run(TourGuideService.java:115)
Exception in thread "Thread-348" java.lang.NumberFormatException: For input string: "84,627008"
	at sun.misc.FloatingDecimal.readJavaFormatString(FloatingDecimal.java:2043)
	at sun.misc.FloatingDecimal.parseDouble(FloatingDecimal.java:110)
	at java.lang.Double.parseDouble(Double.java:538)
	at gpsUtil.GpsUtil.getUserLocation(GpsUtil.java:30)
	at tourGuide.service.TourGuideService.trackUserLocation(TourGuideService.java:84)
	at tourGuide.service.TourGuideService$1.run(TourGuideService.java:115)
Exception in thread "Thread-212" java.lang.NumberFormatException: For input string: "-57,268041"
	at sun.misc.FloatingDecimal.readJavaFormatString(FloatingDecimal.java:2043)
	at sun.misc.FloatingDecimal.parseDouble(FloatingDecimal.java:110)
	at java.lang.Double.parseDouble(Double.java:538)
	at gpsUtil.GpsUtil.getUserLocation(GpsUtil.java:30)
	at tourGuide.service.TourGuideService.trackUserLocation(TourGuideService.java:84)
	at tourGuide.service.TourGuideService$1.run(TourGuideService.java:115)
Exception in thread "Thread-220" java.lang.NumberFormatException: For input string: "142,830486"
	at sun.misc.FloatingDecimal.readJavaFormatString(FloatingDecimal.java:2043)
	at sun.misc.FloatingDecimal.parseDouble(FloatingDecimal.java:110)
	at java.lang.Double.parseDouble(Double.java:538)
	at gpsUtil.GpsUtil.getUserLocation(GpsUtil.java:30)
	at tourGuide.service.TourGuideService.trackUserLocation(TourGuideService.java:84)
	at tourGuide.service.TourGuideService$1.run(TourGuideService.java:115)
Exception in thread "Thread-453" java.lang.NumberFormatException: For input string: "147,711269"
	at sun.misc.FloatingDecimal.readJavaFormatString(FloatingDecimal.java:2043)
	at sun.misc.FloatingDecimal.parseDouble(FloatingDecimal.java:110)
	at java.lang.Double.parseDouble(Double.java:538)
	at gpsUtil.GpsUtil.getUserLocation(GpsUtil.java:30)
	at tourGuide.service.TourGuideService.trackUserLocation(TourGuideService.java:84)
	at tourGuide.service.TourGuideService$1.run(TourGuideService.java:115)
Exception in thread "Thread-486" java.lang.NumberFormatException: For input string: "-25,771011"
	at sun.misc.FloatingDecimal.readJavaFormatString(FloatingDecimal.java:2043)
	at sun.misc.FloatingDecimal.parseDouble(FloatingDecimal.java:110)
	at java.lang.Double.parseDouble(Double.java:538)
	at gpsUtil.GpsUtil.getUserLocation(GpsUtil.java:30)
	at tourGuide.service.TourGuideService.trackUserLocation(TourGuideService.java:84)
	at tourGuide.service.TourGuideService$1.run(TourGuideService.java:115)
Exception in thread "Thread-462" java.lang.NumberFormatException: For input string: "114,376772"
	at sun.misc.FloatingDecimal.readJavaFormatString(FloatingDecimal.java:2043)
	at sun.misc.FloatingDecimal.parseDouble(FloatingDecimal.java:110)
	at java.lang.Double.parseDouble(Double.java:538)
	at gpsUtil.GpsUtil.getUserLocation(GpsUtil.java:30)
	at tourGuide.service.TourGuideService.trackUserLocation(TourGuideService.java:84)
	at tourGuide.service.TourGuideService$1.run(TourGuideService.java:115)
Exception in thread "Thread-375" java.lang.NumberFormatException: For input string: "-27,404604"
	at sun.misc.FloatingDecimal.readJavaFormatString(FloatingDecimal.java:2043)
	at sun.misc.FloatingDecimal.parseDouble(FloatingDecimal.java:110)
	at java.lang.Double.parseDouble(Double.java:538)
	at gpsUtil.GpsUtil.getUserLocation(GpsUtil.java:30)
	at tourGuide.service.TourGuideService.trackUserLocation(TourGuideService.java:84)
	at tourGuide.service.TourGuideService$1.run(TourGuideService.java:115)
Exception in thread "Thread-353" java.lang.NumberFormatException: For input string: "132,676844"
	at sun.misc.FloatingDecimal.readJavaFormatString(FloatingDecimal.java:2043)
	at sun.misc.FloatingDecimal.parseDouble(FloatingDecimal.java:110)
	at java.lang.Double.parseDouble(Double.java:538)
	at gpsUtil.GpsUtil.getUserLocation(GpsUtil.java:30)
	at tourGuide.service.TourGuideService.trackUserLocation(TourGuideService.java:84)
	at tourGuide.service.TourGuideService$1.run(TourGuideService.java:115)
Exception in thread "Thread-290" java.lang.NumberFormatException: For input string: "56,051755"
	at sun.misc.FloatingDecimal.readJavaFormatString(FloatingDecimal.java:2043)
	at sun.misc.FloatingDecimal.parseDouble(FloatingDecimal.java:110)
	at java.lang.Double.parseDouble(Double.java:538)
	at gpsUtil.GpsUtil.getUserLocation(GpsUtil.java:30)
	at tourGuide.service.TourGuideService.trackUserLocation(TourGuideService.java:84)
	at tourGuide.service.TourGuideService$1.run(TourGuideService.java:115)
Exception in thread "Thread-458" java.lang.NumberFormatException: For input string: "-105,647691"
	at sun.misc.FloatingDecimal.readJavaFormatString(FloatingDecimal.java:2043)
	at sun.misc.FloatingDecimal.parseDouble(FloatingDecimal.java:110)
	at java.lang.Double.parseDouble(Double.java:538)
	at gpsUtil.GpsUtil.getUserLocation(GpsUtil.java:30)
	at tourGuide.service.TourGuideService.trackUserLocation(TourGuideService.java:84)
	at tourGuide.service.TourGuideService$1.run(TourGuideService.java:115)
Exception in thread "Thread-394" java.lang.NumberFormatException: For input string: "39,510169"
	at sun.misc.FloatingDecimal.readJavaFormatString(FloatingDecimal.java:2043)
	at sun.misc.FloatingDecimal.parseDouble(FloatingDecimal.java:110)
	at java.lang.Double.parseDouble(Double.java:538)
	at gpsUtil.GpsUtil.getUserLocation(GpsUtil.java:30)
	at tourGuide.service.TourGuideService.trackUserLocation(TourGuideService.java:84)
	at tourGuide.service.TourGuideService$1.run(TourGuideService.java:115)
Exception in thread "Thread-305" java.lang.NumberFormatException: For input string: "48,322048"
	at sun.misc.FloatingDecimal.readJavaFormatString(FloatingDecimal.java:2043)
	at sun.misc.FloatingDecimal.parseDouble(FloatingDecimal.java:110)
	at java.lang.Double.parseDouble(Double.java:538)
	at gpsUtil.GpsUtil.getUserLocation(GpsUtil.java:30)
	at tourGuide.service.TourGuideService.trackUserLocation(TourGuideService.java:84)
	at tourGuide.service.TourGuideService$1.run(TourGuideService.java:115)
Exception in thread "Thread-401" java.lang.NumberFormatException: For input string: "-94,006459"
	at sun.misc.FloatingDecimal.readJavaFormatString(FloatingDecimal.java:2043)
	at sun.misc.FloatingDecimal.parseDouble(FloatingDecimal.java:110)
	at java.lang.Double.parseDouble(Double.java:538)
	at gpsUtil.GpsUtil.getUserLocation(GpsUtil.java:30)
	at tourGuide.service.TourGuideService.trackUserLocation(TourGuideService.java:84)
	at tourGuide.service.TourGuideService$1.run(TourGuideService.java:115)
Exception in thread "Thread-114" java.lang.NumberFormatException: For input string: "68,966359"
	at sun.misc.FloatingDecimal.readJavaFormatString(FloatingDecimal.java:2043)
	at sun.misc.FloatingDecimal.parseDouble(FloatingDecimal.java:110)
	at java.lang.Double.parseDouble(Double.java:538)
	at gpsUtil.GpsUtil.getUserLocation(GpsUtil.java:30)
	at tourGuide.service.TourGuideService.trackUserLocation(TourGuideService.java:84)
	at tourGuide.service.TourGuideService$1.run(TourGuideService.java:115)
Exception in thread "Thread-372" java.lang.NumberFormatException: For input string: "-62,716722"
	at sun.misc.FloatingDecimal.readJavaFormatString(FloatingDecimal.java:2043)
	at sun.misc.FloatingDecimal.parseDouble(FloatingDecimal.java:110)
	at java.lang.Double.parseDouble(Double.java:538)
	at gpsUtil.GpsUtil.getUserLocation(GpsUtil.java:30)
	at tourGuide.service.TourGuideService.trackUserLocation(TourGuideService.java:84)
	at tourGuide.service.TourGuideService$1.run(TourGuideService.java:115)
Exception in thread "Thread-422" java.lang.NumberFormatException: For input string: "56,819892"
	at sun.misc.FloatingDecimal.readJavaFormatString(FloatingDecimal.java:2043)
	at sun.misc.FloatingDecimal.parseDouble(FloatingDecimal.java:110)
	at java.lang.Double.parseDouble(Double.java:538)
	at gpsUtil.GpsUtil.getUserLocation(GpsUtil.java:30)
	at tourGuide.service.TourGuideService.trackUserLocation(TourGuideService.java:84)
	at tourGuide.service.TourGuideService$1.run(TourGuideService.java:115)
Exception in thread "Thread-459" java.lang.NumberFormatException: For input string: "-135,990719"
	at sun.misc.FloatingDecimal.readJavaFormatString(FloatingDecimal.java:2043)
	at sun.misc.FloatingDecimal.parseDouble(FloatingDecimal.java:110)
	at java.lang.Double.parseDouble(Double.java:538)
	at gpsUtil.GpsUtil.getUserLocation(GpsUtil.java:30)
	at tourGuide.service.TourGuideService.trackUserLocation(TourGuideService.java:84)
	at tourGuide.service.TourGuideService$1.run(TourGuideService.java:115)
Exception in thread "Thread-252" java.lang.NumberFormatException: For input string: "-93,923475"
	at sun.misc.FloatingDecimal.readJavaFormatString(FloatingDecimal.java:2043)
	at sun.misc.FloatingDecimal.parseDouble(FloatingDecimal.java:110)
	at java.lang.Double.parseDouble(Double.java:538)
	at gpsUtil.GpsUtil.getUserLocation(GpsUtil.java:30)
	at tourGuide.service.TourGuideService.trackUserLocation(TourGuideService.java:84)
	at tourGuide.service.TourGuideService$1.run(TourGuideService.java:115)
Exception in thread "Thread-350" java.lang.NumberFormatException: For input string: "86,318981"
	at sun.misc.FloatingDecimal.readJavaFormatString(FloatingDecimal.java:2043)
	at sun.misc.FloatingDecimal.parseDouble(FloatingDecimal.java:110)
	at java.lang.Double.parseDouble(Double.java:538)
	at gpsUtil.GpsUtil.getUserLocation(GpsUtil.java:30)
	at tourGuide.service.TourGuideService.trackUserLocation(TourGuideService.java:84)
	at tourGuide.service.TourGuideService$1.run(TourGuideService.java:115)
Exception in thread "Thread-156" java.lang.NumberFormatException: For input string: "-98,795282"
	at sun.misc.FloatingDecimal.readJavaFormatString(FloatingDecimal.java:2043)
	at sun.misc.FloatingDecimal.parseDouble(FloatingDecimal.java:110)
	at java.lang.Double.parseDouble(Double.java:538)
	at gpsUtil.GpsUtil.getUserLocation(GpsUtil.java:30)
	at tourGuide.service.TourGuideService.trackUserLocation(TourGuideService.java:84)
	at tourGuide.service.TourGuideService$1.run(TourGuideService.java:115)
Exception in thread "Thread-397" java.lang.NumberFormatException: For input string: "106,712371"
	at sun.misc.FloatingDecimal.readJavaFormatString(FloatingDecimal.java:2043)
	at sun.misc.FloatingDecimal.parseDouble(FloatingDecimal.java:110)
	at java.lang.Double.parseDouble(Double.java:538)
	at gpsUtil.GpsUtil.getUserLocation(GpsUtil.java:30)
	at tourGuide.service.TourGuideService.trackUserLocation(TourGuideService.java:84)
	at tourGuide.service.TourGuideService$1.run(TourGuideService.java:115)
Exception in thread "Thread-194" java.lang.NumberFormatException: For input string: "-130,684758"
	at sun.misc.FloatingDecimal.readJavaFormatString(FloatingDecimal.java:2043)
	at sun.misc.FloatingDecimal.parseDouble(FloatingDecimal.java:110)
	at java.lang.Double.parseDouble(Double.java:538)
	at gpsUtil.GpsUtil.getUserLocation(GpsUtil.java:30)
	at tourGuide.service.TourGuideService.trackUserLocation(TourGuideService.java:84)
	at tourGuide.service.TourGuideService$1.run(TourGuideService.java:115)
Exception in thread "Thread-378" java.lang.NumberFormatException: For input string: "-14,672891"
	at sun.misc.FloatingDecimal.readJavaFormatString(FloatingDecimal.java:2043)
	at sun.misc.FloatingDecimal.parseDouble(FloatingDecimal.java:110)
	at java.lang.Double.parseDouble(Double.java:538)
	at gpsUtil.GpsUtil.getUserLocation(GpsUtil.java:30)
	at tourGuide.service.TourGuideService.trackUserLocation(TourGuideService.java:84)
	at tourGuide.service.TourGuideService$1.run(TourGuideService.java:115)
Exception in thread "Thread-147" java.lang.NumberFormatException: For input string: "-166,215021"
	at sun.misc.FloatingDecimal.readJavaFormatString(FloatingDecimal.java:2043)
	at sun.misc.FloatingDecimal.parseDouble(FloatingDecimal.java:110)
	at java.lang.Double.parseDouble(Double.java:538)
	at gpsUtil.GpsUtil.getUserLocation(GpsUtil.java:30)
	at tourGuide.service.TourGuideService.trackUserLocation(TourGuideService.java:84)
	at tourGuide.service.TourGuideService$1.run(TourGuideService.java:115)
Exception in thread "Thread-449" java.lang.NumberFormatException: For input string: "-122,268416"
	at sun.misc.FloatingDecimal.readJavaFormatString(FloatingDecimal.java:2043)
	at sun.misc.FloatingDecimal.parseDouble(FloatingDecimal.java:110)
	at java.lang.Double.parseDouble(Double.java:538)
	at gpsUtil.GpsUtil.getUserLocation(GpsUtil.java:30)
	at tourGuide.service.TourGuideService.trackUserLocation(TourGuideService.java:84)
	at tourGuide.service.TourGuideService$1.run(TourGuideService.java:115)
Exception in thread "Thread-203" java.lang.NumberFormatException: For input string: "-116,044603"
	at sun.misc.FloatingDecimal.readJavaFormatString(FloatingDecimal.java:2043)
	at sun.misc.FloatingDecimal.parseDouble(FloatingDecimal.java:110)
	at java.lang.Double.parseDouble(Double.java:538)
	at gpsUtil.GpsUtil.getUserLocation(GpsUtil.java:30)
	at tourGuide.service.TourGuideService.trackUserLocation(TourGuideService.java:84)
	at tourGuide.service.TourGuideService$1.run(TourGuideService.java:115)
Exception in thread "Thread-67" java.lang.NumberFormatException: For input string: "-137,616027"
	at sun.misc.FloatingDecimal.readJavaFormatString(FloatingDecimal.java:2043)
	at sun.misc.FloatingDecimal.parseDouble(FloatingDecimal.java:110)
	at java.lang.Double.parseDouble(Double.java:538)
	at gpsUtil.GpsUtil.getUserLocation(GpsUtil.java:30)
	at tourGuide.service.TourGuideService.trackUserLocation(TourGuideService.java:84)
	at tourGuide.service.TourGuideService$1.run(TourGuideService.java:115)
Exception in thread "Thread-319" java.lang.NumberFormatException: For input string: "8,260949"
	at sun.misc.FloatingDecimal.readJavaFormatString(FloatingDecimal.java:2043)
	at sun.misc.FloatingDecimal.parseDouble(FloatingDecimal.java:110)
	at java.lang.Double.parseDouble(Double.java:538)
	at gpsUtil.GpsUtil.getUserLocation(GpsUtil.java:30)
	at tourGuide.service.TourGuideService.trackUserLocation(TourGuideService.java:84)
	at tourGuide.service.TourGuideService$1.run(TourGuideService.java:115)
Exception in thread "Thread-286" java.lang.NumberFormatException: For input string: "-79,852193"
	at sun.misc.FloatingDecimal.readJavaFormatString(FloatingDecimal.java:2043)
	at sun.misc.FloatingDecimal.parseDouble(FloatingDecimal.java:110)
	at java.lang.Double.parseDouble(Double.java:538)
	at gpsUtil.GpsUtil.getUserLocation(GpsUtil.java:30)
	at tourGuide.service.TourGuideService.trackUserLocation(TourGuideService.java:84)
	at tourGuide.service.TourGuideService$1.run(TourGuideService.java:115)
Exception in thread "Thread-429" java.lang.NumberFormatException: For input string: "108,344638"
	at sun.misc.FloatingDecimal.readJavaFormatString(FloatingDecimal.java:2043)
	at sun.misc.FloatingDecimal.parseDouble(FloatingDecimal.java:110)
	at java.lang.Double.parseDouble(Double.java:538)
	at gpsUtil.GpsUtil.getUserLocation(GpsUtil.java:30)
	at tourGuide.service.TourGuideService.trackUserLocation(TourGuideService.java:84)
	at tourGuide.service.TourGuideService$1.run(TourGuideService.java:115)
Exception in thread "Thread-387" java.lang.NumberFormatException: For input string: "91,517761"
	at sun.misc.FloatingDecimal.readJavaFormatString(FloatingDecimal.java:2043)
	at sun.misc.FloatingDecimal.parseDouble(FloatingDecimal.java:110)
	at java.lang.Double.parseDouble(Double.java:538)
	at gpsUtil.GpsUtil.getUserLocation(GpsUtil.java:30)
	at tourGuide.service.TourGuideService.trackUserLocation(TourGuideService.java:84)
	at tourGuide.service.TourGuideService$1.run(TourGuideService.java:115)
Exception in thread "Thread-354" java.lang.NumberFormatException: For input string: "63,685300"
	at sun.misc.FloatingDecimal.readJavaFormatString(FloatingDecimal.java:2043)
	at sun.misc.FloatingDecimal.parseDouble(FloatingDecimal.java:110)
	at java.lang.Double.parseDouble(Double.java:538)
	at gpsUtil.GpsUtil.getUserLocation(GpsUtil.java:30)
	at tourGuide.service.TourGuideService.trackUserLocation(TourGuideService.java:84)
	at tourGuide.service.TourGuideService$1.run(TourGuideService.java:115)
Exception in thread "Thread-217" java.lang.NumberFormatException: For input string: "-139,325009"
	at sun.misc.FloatingDecimal.readJavaFormatString(FloatingDecimal.java:2043)
	at sun.misc.FloatingDecimal.parseDouble(FloatingDecimal.java:110)
	at java.lang.Double.parseDouble(Double.java:538)
	at gpsUtil.GpsUtil.getUserLocation(GpsUtil.java:30)
	at tourGuide.service.TourGuideService.trackUserLocation(TourGuideService.java:84)
	at tourGuide.service.TourGuideService$1.run(TourGuideService.java:115)
Exception in thread "Thread-312" java.lang.NumberFormatException: For input string: "40,463569"
	at sun.misc.FloatingDecimal.readJavaFormatString(FloatingDecimal.java:2043)
	at sun.misc.FloatingDecimal.parseDouble(FloatingDecimal.java:110)
	at java.lang.Double.parseDouble(Double.java:538)
	at gpsUtil.GpsUtil.getUserLocation(GpsUtil.java:30)
	at tourGuide.service.TourGuideService.trackUserLocation(TourGuideService.java:84)
	at tourGuide.service.TourGuideService$1.run(TourGuideService.java:115)
Exception in thread "Thread-120" java.lang.NumberFormatException: For input string: "-12,644710"
	at sun.misc.FloatingDecimal.readJavaFormatString(FloatingDecimal.java:2043)
	at sun.misc.FloatingDecimal.parseDouble(FloatingDecimal.java:110)
	at java.lang.Double.parseDouble(Double.java:538)
	at gpsUtil.GpsUtil.getUserLocation(GpsUtil.java:30)
	at tourGuide.service.TourGuideService.trackUserLocation(TourGuideService.java:84)
	at tourGuide.service.TourGuideService$1.run(TourGuideService.java:115)
Exception in thread "Thread-347" java.lang.NumberFormatException: For input string: "46,319631"
	at sun.misc.FloatingDecimal.readJavaFormatString(FloatingDecimal.java:2043)
	at sun.misc.FloatingDecimal.parseDouble(FloatingDecimal.java:110)
	at java.lang.Double.parseDouble(Double.java:538)
	at gpsUtil.GpsUtil.getUserLocation(GpsUtil.java:30)
	at tourGuide.service.TourGuideService.trackUserLocation(TourGuideService.java:84)
	at tourGuide.service.TourGuideService$1.run(TourGuideService.java:115)
Exception in thread "Thread-377" java.lang.NumberFormatException: For input string: "133,439037"
	at sun.misc.FloatingDecimal.readJavaFormatString(FloatingDecimal.java:2043)
	at sun.misc.FloatingDecimal.parseDouble(FloatingDecimal.java:110)
	at java.lang.Double.parseDouble(Double.java:538)
	at gpsUtil.GpsUtil.getUserLocation(GpsUtil.java:30)
	at tourGuide.service.TourGuideService.trackUserLocation(TourGuideService.java:84)
	at tourGuide.service.TourGuideService$1.run(TourGuideService.java:115)
Exception in thread "Thread-280" java.lang.NumberFormatException: For input string: "-88,325241"
	at sun.misc.FloatingDecimal.readJavaFormatString(FloatingDecimal.java:2043)
	at sun.misc.FloatingDecimal.parseDouble(FloatingDecimal.java:110)
	at java.lang.Double.parseDouble(Double.java:538)
	at gpsUtil.GpsUtil.getUserLocation(GpsUtil.java:30)
	at tourGuide.service.TourGuideService.trackUserLocation(TourGuideService.java:84)
	at tourGuide.service.TourGuideService$1.run(TourGuideService.java:115)
Exception in thread "Thread-386" java.lang.NumberFormatException: For input string: "-169,733224"
	at sun.misc.FloatingDecimal.readJavaFormatString(FloatingDecimal.java:2043)
	at sun.misc.FloatingDecimal.parseDouble(FloatingDecimal.java:110)
	at java.lang.Double.parseDouble(Double.java:538)
	at gpsUtil.GpsUtil.getUserLocation(GpsUtil.java:30)
	at tourGuide.service.TourGuideService.trackUserLocation(TourGuideService.java:84)
	at tourGuide.service.TourGuideService$1.run(TourGuideService.java:115)
Exception in thread "Thread-427" java.lang.NumberFormatException: For input string: "-77,814490"
	at sun.misc.FloatingDecimal.readJavaFormatString(FloatingDecimal.java:2043)
	at sun.misc.FloatingDecimal.parseDouble(FloatingDecimal.java:110)
	at java.lang.Double.parseDouble(Double.java:538)
	at gpsUtil.GpsUtil.getUserLocation(GpsUtil.java:30)
	at tourGuide.service.TourGuideService.trackUserLocation(TourGuideService.java:84)
	at tourGuide.service.TourGuideService$1.run(TourGuideService.java:115)
Exception in thread "Thread-274" java.lang.NumberFormatException: For input string: "-137,375739"
	at sun.misc.FloatingDecimal.readJavaFormatString(FloatingDecimal.java:2043)
	at sun.misc.FloatingDecimal.parseDouble(FloatingDecimal.java:110)
	at java.lang.Double.parseDouble(Double.java:538)
	at gpsUtil.GpsUtil.getUserLocation(GpsUtil.java:30)
	at tourGuide.service.TourGuideService.trackUserLocation(TourGuideService.java:84)
	at tourGuide.service.TourGuideService$1.run(TourGuideService.java:115)
Exception in thread "Thread-90" java.lang.NumberFormatException: For input string: "-61,589806"
	at sun.misc.FloatingDecimal.readJavaFormatString(FloatingDecimal.java:2043)
	at sun.misc.FloatingDecimal.parseDouble(FloatingDecimal.java:110)
	at java.lang.Double.parseDouble(Double.java:538)
	at gpsUtil.GpsUtil.getUserLocation(GpsUtil.java:30)
	at tourGuide.service.TourGuideService.trackUserLocation(TourGuideService.java:84)
	at tourGuide.service.TourGuideService$1.run(TourGuideService.java:115)
Exception in thread "Thread-405" java.lang.NumberFormatException: For input string: "68,192699"
	at sun.misc.FloatingDecimal.readJavaFormatString(FloatingDecimal.java:2043)
	at sun.misc.FloatingDecimal.parseDouble(FloatingDecimal.java:110)
	at java.lang.Double.parseDouble(Double.java:538)
	at gpsUtil.GpsUtil.getUserLocation(GpsUtil.java:30)
	at tourGuide.service.TourGuideService.trackUserLocation(TourGuideService.java:84)
	at tourGuide.service.TourGuideService$1.run(TourGuideService.java:115)
Exception in thread "Thread-451" java.lang.NumberFormatException: For input string: "98,154703"
	at sun.misc.FloatingDecimal.readJavaFormatString(FloatingDecimal.java:2043)
	at sun.misc.FloatingDecimal.parseDouble(FloatingDecimal.java:110)
	at java.lang.Double.parseDouble(Double.java:538)
	at gpsUtil.GpsUtil.getUserLocation(GpsUtil.java:30)
	at tourGuide.service.TourGuideService.trackUserLocation(TourGuideService.java:84)
	at tourGuide.service.TourGuideService$1.run(TourGuideService.java:115)
Exception in thread "Thread-282" java.lang.NumberFormatException: For input string: "105,385983"
	at sun.misc.FloatingDecimal.readJavaFormatString(FloatingDecimal.java:2043)
	at sun.misc.FloatingDecimal.parseDouble(FloatingDecimal.java:110)
	at java.lang.Double.parseDouble(Double.java:538)
	at gpsUtil.GpsUtil.getUserLocation(GpsUtil.java:30)
	at tourGuide.service.TourGuideService.trackUserLocation(TourGuideService.java:84)
	at tourGuide.service.TourGuideService$1.run(TourGuideService.java:115)
Exception in thread "Thread-331" java.lang.NumberFormatException: For input string: "-74,841366"
	at sun.misc.FloatingDecimal.readJavaFormatString(FloatingDecimal.java:2043)
	at sun.misc.FloatingDecimal.parseDouble(FloatingDecimal.java:110)
	at java.lang.Double.parseDouble(Double.java:538)
	at gpsUtil.GpsUtil.getUserLocation(GpsUtil.java:30)
	at tourGuide.service.TourGuideService.trackUserLocation(TourGuideService.java:84)
	at tourGuide.service.TourGuideService$1.run(TourGuideService.java:115)
Exception in thread "Thread-408" java.lang.NumberFormatException: For input string: "169,188256"
	at sun.misc.FloatingDecimal.readJavaFormatString(FloatingDecimal.java:2043)
	at sun.misc.FloatingDecimal.parseDouble(FloatingDecimal.java:110)
	at java.lang.Double.parseDouble(Double.java:538)
	at gpsUtil.GpsUtil.getUserLocation(GpsUtil.java:30)
	at tourGuide.service.TourGuideService.trackUserLocation(TourGuideService.java:84)
	at tourGuide.service.TourGuideService$1.run(TourGuideService.java:115)
Exception in thread "Thread-152" java.lang.NumberFormatException: For input string: "29,350703"
	at sun.misc.FloatingDecimal.readJavaFormatString(FloatingDecimal.java:2043)
	at sun.misc.FloatingDecimal.parseDouble(FloatingDecimal.java:110)
	at java.lang.Double.parseDouble(Double.java:538)
	at gpsUtil.GpsUtil.getUserLocation(GpsUtil.java:30)
	at tourGuide.service.TourGuideService.trackUserLocation(TourGuideService.java:84)
	at tourGuide.service.TourGuideService$1.run(TourGuideService.java:115)
Exception in thread "Thread-226" java.lang.NumberFormatException: For input string: "-30,695919"
	at sun.misc.FloatingDecimal.readJavaFormatString(FloatingDecimal.java:2043)
	at sun.misc.FloatingDecimal.parseDouble(FloatingDecimal.java:110)
	at java.lang.Double.parseDouble(Double.java:538)
	at gpsUtil.GpsUtil.getUserLocation(GpsUtil.java:30)
	at tourGuide.service.TourGuideService.trackUserLocation(TourGuideService.java:84)
	at tourGuide.service.TourGuideService$1.run(TourGuideService.java:115)
Exception in thread "Thread-343" java.lang.NumberFormatException: For input string: "135,168820"
	at sun.misc.FloatingDecimal.readJavaFormatString(FloatingDecimal.java:2043)
	at sun.misc.FloatingDecimal.parseDouble(FloatingDecimal.java:110)
	at java.lang.Double.parseDouble(Double.java:538)
	at gpsUtil.GpsUtil.getUserLocation(GpsUtil.java:30)
	at tourGuide.service.TourGuideService.trackUserLocation(TourGuideService.java:84)
	at tourGuide.service.TourGuideService$1.run(TourGuideService.java:115)
Exception in thread "Thread-218" java.lang.NumberFormatException: For input string: "31,482552"
	at sun.misc.FloatingDecimal.readJavaFormatString(FloatingDecimal.java:2043)
	at sun.misc.FloatingDecimal.parseDouble(FloatingDecimal.java:110)
	at java.lang.Double.parseDouble(Double.java:538)
	at gpsUtil.GpsUtil.getUserLocation(GpsUtil.java:30)
	at tourGuide.service.TourGuideService.trackUserLocation(TourGuideService.java:84)
	at tourGuide.service.TourGuideService$1.run(TourGuideService.java:115)
Exception in thread "Thread-80" java.lang.NumberFormatException: For input string: "153,768577"
	at sun.misc.FloatingDecimal.readJavaFormatString(FloatingDecimal.java:2043)
	at sun.misc.FloatingDecimal.parseDouble(FloatingDecimal.java:110)
	at java.lang.Double.parseDouble(Double.java:538)
	at gpsUtil.GpsUtil.getUserLocation(GpsUtil.java:30)
	at tourGuide.service.TourGuideService.trackUserLocation(TourGuideService.java:84)
	at tourGuide.service.TourGuideService$1.run(TourGuideService.java:115)
Exception in thread "Thread-362" java.lang.NumberFormatException: For input string: "19,208459"
	at sun.misc.FloatingDecimal.readJavaFormatString(FloatingDecimal.java:2043)
	at sun.misc.FloatingDecimal.parseDouble(FloatingDecimal.java:110)
	at java.lang.Double.parseDouble(Double.java:538)
	at gpsUtil.GpsUtil.getUserLocation(GpsUtil.java:30)
	at tourGuide.service.TourGuideService.trackUserLocation(TourGuideService.java:84)
	at tourGuide.service.TourGuideService$1.run(TourGuideService.java:115)
Exception in thread "Thread-490" java.lang.NumberFormatException: For input string: "-20,210689"
	at sun.misc.FloatingDecimal.readJavaFormatString(FloatingDecimal.java:2043)
	at sun.misc.FloatingDecimal.parseDouble(FloatingDecimal.java:110)
	at java.lang.Double.parseDouble(Double.java:538)
	at gpsUtil.GpsUtil.getUserLocation(GpsUtil.java:30)
	at tourGuide.service.TourGuideService.trackUserLocation(TourGuideService.java:84)
	at tourGuide.service.TourGuideService$1.run(TourGuideService.java:115)
Exception in thread "Thread-163" java.lang.NumberFormatException: For input string: "-77,597983"
	at sun.misc.FloatingDecimal.readJavaFormatString(FloatingDecimal.java:2043)
	at sun.misc.FloatingDecimal.parseDouble(FloatingDecimal.java:110)
	at java.lang.Double.parseDouble(Double.java:538)
	at gpsUtil.GpsUtil.getUserLocation(GpsUtil.java:30)
	at tourGuide.service.TourGuideService.trackUserLocation(TourGuideService.java:84)
	at tourGuide.service.TourGuideService$1.run(TourGuideService.java:115)
Exception in thread "Thread-155" java.lang.NumberFormatException: For input string: "-101,683362"
	at sun.misc.FloatingDecimal.readJavaFormatString(FloatingDecimal.java:2043)
	at sun.misc.FloatingDecimal.parseDouble(FloatingDecimal.java:110)
	at java.lang.Double.parseDouble(Double.java:538)
	at gpsUtil.GpsUtil.getUserLocation(GpsUtil.java:30)
	at tourGuide.service.TourGuideService.trackUserLocation(TourGuideService.java:84)
	at tourGuide.service.TourGuideService$1.run(TourGuideService.java:115)
Exception in thread "Thread-494" java.lang.NumberFormatException: For input string: "3,425950"
	at sun.misc.FloatingDecimal.readJavaFormatString(FloatingDecimal.java:2043)
	at sun.misc.FloatingDecimal.parseDouble(FloatingDecimal.java:110)
	at java.lang.Double.parseDouble(Double.java:538)
	at gpsUtil.GpsUtil.getUserLocation(GpsUtil.java:30)
	at tourGuide.service.TourGuideService.trackUserLocation(TourGuideService.java:84)
	at tourGuide.service.TourGuideService$1.run(TourGuideService.java:115)
Exception in thread "Thread-467" java.lang.NumberFormatException: For input string: "-124,664841"
	at sun.misc.FloatingDecimal.readJavaFormatString(FloatingDecimal.java:2043)
	at sun.misc.FloatingDecimal.parseDouble(FloatingDecimal.java:110)
	at java.lang.Double.parseDouble(Double.java:538)
	at gpsUtil.GpsUtil.getUserLocation(GpsUtil.java:30)
	at tourGuide.service.TourGuideService.trackUserLocation(TourGuideService.java:84)
	at tourGuide.service.TourGuideService$1.run(TourGuideService.java:115)
Exception in thread "Thread-484" java.lang.NumberFormatException: For input string: "-27,880270"
	at sun.misc.FloatingDecimal.readJavaFormatString(FloatingDecimal.java:2043)
	at sun.misc.FloatingDecimal.parseDouble(FloatingDecimal.java:110)
	at java.lang.Double.parseDouble(Double.java:538)
	at gpsUtil.GpsUtil.getUserLocation(GpsUtil.java:30)
	at tourGuide.service.TourGuideService.trackUserLocation(TourGuideService.java:84)
	at tourGuide.service.TourGuideService$1.run(TourGuideService.java:115)
Exception in thread "Thread-66" java.lang.NumberFormatException: For input string: "-174,205193"
	at sun.misc.FloatingDecimal.readJavaFormatString(FloatingDecimal.java:2043)
	at sun.misc.FloatingDecimal.parseDouble(FloatingDecimal.java:110)
	at java.lang.Double.parseDouble(Double.java:538)
	at gpsUtil.GpsUtil.getUserLocation(GpsUtil.java:30)
	at tourGuide.service.TourGuideService.trackUserLocation(TourGuideService.java:84)
	at tourGuide.service.TourGuideService$1.run(TourGuideService.java:115)
Exception in thread "Thread-211" java.lang.NumberFormatException: For input string: "-139,115653"
	at sun.misc.FloatingDecimal.readJavaFormatString(FloatingDecimal.java:2043)
	at sun.misc.FloatingDecimal.parseDouble(FloatingDecimal.java:110)
	at java.lang.Double.parseDouble(Double.java:538)
	at gpsUtil.GpsUtil.getUserLocation(GpsUtil.java:30)
	at tourGuide.service.TourGuideService.trackUserLocation(TourGuideService.java:84)
	at tourGuide.service.TourGuideService$1.run(TourGuideService.java:115)
Exception in thread "Thread-74" java.lang.NumberFormatException: For input string: "170,000478"
	at sun.misc.FloatingDecimal.readJavaFormatString(FloatingDecimal.java:2043)
	at sun.misc.FloatingDecimal.parseDouble(FloatingDecimal.java:110)
	at java.lang.Double.parseDouble(Double.java:538)
	at gpsUtil.GpsUtil.getUserLocation(GpsUtil.java:30)
	at tourGuide.service.TourGuideService.trackUserLocation(TourGuideService.java:84)
	at tourGuide.service.TourGuideService$1.run(TourGuideService.java:115)
Exception in thread "Thread-314" java.lang.NumberFormatException: For input string: "-120,558371"
	at sun.misc.FloatingDecimal.readJavaFormatString(FloatingDecimal.java:2043)
	at sun.misc.FloatingDecimal.parseDouble(FloatingDecimal.java:110)
	at java.lang.Double.parseDouble(Double.java:538)
	at gpsUtil.GpsUtil.getUserLocation(GpsUtil.java:30)
	at tourGuide.service.TourGuideService.trackUserLocation(TourGuideService.java:84)
	at tourGuide.service.TourGuideService$1.run(TourGuideService.java:115)
Exception in thread "Thread-162" java.lang.NumberFormatException: For input string: "-71,431349"
	at sun.misc.FloatingDecimal.readJavaFormatString(FloatingDecimal.java:2043)
	at sun.misc.FloatingDecimal.parseDouble(FloatingDecimal.java:110)
	at java.lang.Double.parseDouble(Double.java:538)
	at gpsUtil.GpsUtil.getUserLocation(GpsUtil.java:30)
	at tourGuide.service.TourGuideService.trackUserLocation(TourGuideService.java:84)
	at tourGuide.service.TourGuideService$1.run(TourGuideService.java:115)
Exception in thread "Thread-418" java.lang.NumberFormatException: For input string: "175,746522"
	at sun.misc.FloatingDecimal.readJavaFormatString(FloatingDecimal.java:2043)
	at sun.misc.FloatingDecimal.parseDouble(FloatingDecimal.java:110)
	at java.lang.Double.parseDouble(Double.java:538)
	at gpsUtil.GpsUtil.getUserLocation(GpsUtil.java:30)
	at tourGuide.service.TourGuideService.trackUserLocation(TourGuideService.java:84)
	at tourGuide.service.TourGuideService$1.run(TourGuideService.java:115)
Exception in thread "Thread-419" java.lang.NumberFormatException: For input string: "-54,816255"
	at sun.misc.FloatingDecimal.readJavaFormatString(FloatingDecimal.java:2043)
	at sun.misc.FloatingDecimal.parseDouble(FloatingDecimal.java:110)
	at java.lang.Double.parseDouble(Double.java:538)
	at gpsUtil.GpsUtil.getUserLocation(GpsUtil.java:30)
	at tourGuide.service.TourGuideService.trackUserLocation(TourGuideService.java:84)
	at tourGuide.service.TourGuideService$1.run(TourGuideService.java:115)
Exception in thread "Thread-426" java.lang.NumberFormatException: For input string: "-96,225039"
	at sun.misc.FloatingDecimal.readJavaFormatString(FloatingDecimal.java:2043)
	at sun.misc.FloatingDecimal.parseDouble(FloatingDecimal.java:110)
	at java.lang.Double.parseDouble(Double.java:538)
	at gpsUtil.GpsUtil.getUserLocation(GpsUtil.java:30)
	at tourGuide.service.TourGuideService.trackUserLocation(TourGuideService.java:84)
	at tourGuide.service.TourGuideService$1.run(TourGuideService.java:115)
Exception in thread "Thread-475" java.lang.NumberFormatException: For input string: "129,326197"
	at sun.misc.FloatingDecimal.readJavaFormatString(FloatingDecimal.java:2043)
	at sun.misc.FloatingDecimal.parseDouble(FloatingDecimal.java:110)
	at java.lang.Double.parseDouble(Double.java:538)
	at gpsUtil.GpsUtil.getUserLocation(GpsUtil.java:30)
	at tourGuide.service.TourGuideService.trackUserLocation(TourGuideService.java:84)
	at tourGuide.service.TourGuideService$1.run(TourGuideService.java:115)
Exception in thread "Thread-466" java.lang.NumberFormatException: For input string: "98,150926"
	at sun.misc.FloatingDecimal.readJavaFormatString(FloatingDecimal.java:2043)
	at sun.misc.FloatingDecimal.parseDouble(FloatingDecimal.java:110)
	at java.lang.Double.parseDouble(Double.java:538)
	at gpsUtil.GpsUtil.getUserLocation(GpsUtil.java:30)
	at tourGuide.service.TourGuideService.trackUserLocation(TourGuideService.java:84)
	at tourGuide.service.TourGuideService$1.run(TourGuideService.java:115)
Exception in thread "Thread-469" java.lang.NumberFormatException: For input string: "111,208540"
	at sun.misc.FloatingDecimal.readJavaFormatString(FloatingDecimal.java:2043)
	at sun.misc.FloatingDecimal.parseDouble(FloatingDecimal.java:110)
	at java.lang.Double.parseDouble(Double.java:538)
	at gpsUtil.GpsUtil.getUserLocation(GpsUtil.java:30)
	at tourGuide.service.TourGuideService.trackUserLocation(TourGuideService.java:84)
	at tourGuide.service.TourGuideService$1.run(TourGuideService.java:115)
Exception in thread "Thread-447" java.lang.NumberFormatException: For input string: "68,941886"
	at sun.misc.FloatingDecimal.readJavaFormatString(FloatingDecimal.java:2043)
	at sun.misc.FloatingDecimal.parseDouble(FloatingDecimal.java:110)
	at java.lang.Double.parseDouble(Double.java:538)
	at gpsUtil.GpsUtil.getUserLocation(GpsUtil.java:30)
	at tourGuide.service.TourGuideService.trackUserLocation(TourGuideService.java:84)
	at tourGuide.service.TourGuideService$1.run(TourGuideService.java:115)
Exception in thread "Thread-193" java.lang.NumberFormatException: For input string: "36,263181"
	at sun.misc.FloatingDecimal.readJavaFormatString(FloatingDecimal.java:2043)
	at sun.misc.FloatingDecimal.parseDouble(FloatingDecimal.java:110)
	at java.lang.Double.parseDouble(Double.java:538)
	at gpsUtil.GpsUtil.getUserLocation(GpsUtil.java:30)
	at tourGuide.service.TourGuideService.trackUserLocation(TourGuideService.java:84)
	at tourGuide.service.TourGuideService$1.run(TourGuideService.java:115)
Exception in thread "Thread-257" java.lang.NumberFormatException: For input string: "51,928786"
	at sun.misc.FloatingDecimal.readJavaFormatString(FloatingDecimal.java:2043)
	at sun.misc.FloatingDecimal.parseDouble(FloatingDecimal.java:110)
	at java.lang.Double.parseDouble(Double.java:538)
	at gpsUtil.GpsUtil.getUserLocation(GpsUtil.java:30)
	at tourGuide.service.TourGuideService.trackUserLocation(TourGuideService.java:84)
	at tourGuide.service.TourGuideService$1.run(TourGuideService.java:115)
Exception in thread "Thread-285" java.lang.NumberFormatException: For input string: "129,231868"
	at sun.misc.FloatingDecimal.readJavaFormatString(FloatingDecimal.java:2043)
	at sun.misc.FloatingDecimal.parseDouble(FloatingDecimal.java:110)
	at java.lang.Double.parseDouble(Double.java:538)
	at gpsUtil.GpsUtil.getUserLocation(GpsUtil.java:30)
	at tourGuide.service.TourGuideService.trackUserLocation(TourGuideService.java:84)
	at tourGuide.service.TourGuideService$1.run(TourGuideService.java:115)
Exception in thread "Thread-341" java.lang.NumberFormatException: For input string: "-149,895745"
	at sun.misc.FloatingDecimal.readJavaFormatString(FloatingDecimal.java:2043)
	at sun.misc.FloatingDecimal.parseDouble(FloatingDecimal.java:110)
	at java.lang.Double.parseDouble(Double.java:538)
	at gpsUtil.GpsUtil.getUserLocation(GpsUtil.java:30)
	at tourGuide.service.TourGuideService.trackUserLocation(TourGuideService.java:84)
	at tourGuide.service.TourGuideService$1.run(TourGuideService.java:115)
Exception in thread "Thread-477" java.lang.NumberFormatException: For input string: "-67,869041"
	at sun.misc.FloatingDecimal.readJavaFormatString(FloatingDecimal.java:2043)
	at sun.misc.FloatingDecimal.parseDouble(FloatingDecimal.java:110)
	at java.lang.Double.parseDouble(Double.java:538)
	at gpsUtil.GpsUtil.getUserLocation(GpsUtil.java:30)
	at tourGuide.service.TourGuideService.trackUserLocation(TourGuideService.java:84)
	at tourGuide.service.TourGuideService$1.run(TourGuideService.java:115)
Exception in thread "Thread-221" java.lang.NumberFormatException: For input string: "17,443844"
	at sun.misc.FloatingDecimal.readJavaFormatString(FloatingDecimal.java:2043)
	at sun.misc.FloatingDecimal.parseDouble(FloatingDecimal.java:110)
	at java.lang.Double.parseDouble(Double.java:538)
	at gpsUtil.GpsUtil.getUserLocation(GpsUtil.java:30)
	at tourGuide.service.TourGuideService.trackUserLocation(TourGuideService.java:84)
	at tourGuide.service.TourGuideService$1.run(TourGuideService.java:115)
Exception in thread "Thread-149" java.lang.NumberFormatException: For input string: "28,801968"
	at sun.misc.FloatingDecimal.readJavaFormatString(FloatingDecimal.java:2043)
	at sun.misc.FloatingDecimal.parseDouble(FloatingDecimal.java:110)
	at java.lang.Double.parseDouble(Double.java:538)
	at gpsUtil.GpsUtil.getUserLocation(GpsUtil.java:30)
	at tourGuide.service.TourGuideService.trackUserLocation(TourGuideService.java:84)
	at tourGuide.service.TourGuideService$1.run(TourGuideService.java:115)
Exception in thread "Thread-124" java.lang.NumberFormatException: For input string: "98,966297"
	at sun.misc.FloatingDecimal.readJavaFormatString(FloatingDecimal.java:2043)
	at sun.misc.FloatingDecimal.parseDouble(FloatingDecimal.java:110)
	at java.lang.Double.parseDouble(Double.java:538)
	at gpsUtil.GpsUtil.getUserLocation(GpsUtil.java:30)
	at tourGuide.service.TourGuideService.trackUserLocation(TourGuideService.java:84)
	at tourGuide.service.TourGuideService$1.run(TourGuideService.java:115)
Exception in thread "Thread-116" java.lang.NumberFormatException: For input string: "8,654318"
	at sun.misc.FloatingDecimal.readJavaFormatString(FloatingDecimal.java:2043)
	at sun.misc.FloatingDecimal.parseDouble(FloatingDecimal.java:110)
	at java.lang.Double.parseDouble(Double.java:538)
	at gpsUtil.GpsUtil.getUserLocation(GpsUtil.java:30)
	at tourGuide.service.TourGuideService.trackUserLocation(TourGuideService.java:84)
	at tourGuide.service.TourGuideService$1.run(TourGuideService.java:115)
Exception in thread "Thread-125" java.lang.NumberFormatException: For input string: "-157,253133"
	at sun.misc.FloatingDecimal.readJavaFormatString(FloatingDecimal.java:2043)
	at sun.misc.FloatingDecimal.parseDouble(FloatingDecimal.java:110)
	at java.lang.Double.parseDouble(Double.java:538)
	at gpsUtil.GpsUtil.getUserLocation(GpsUtil.java:30)
	at tourGuide.service.TourGuideService.trackUserLocation(TourGuideService.java:84)
	at tourGuide.service.TourGuideService$1.run(TourGuideService.java:115)
Exception in thread "Thread-388" java.lang.NumberFormatException: For input string: "-51,995642"
	at sun.misc.FloatingDecimal.readJavaFormatString(FloatingDecimal.java:2043)
	at sun.misc.FloatingDecimal.parseDouble(FloatingDecimal.java:110)
	at java.lang.Double.parseDouble(Double.java:538)
	at gpsUtil.GpsUtil.getUserLocation(GpsUtil.java:30)
	at tourGuide.service.TourGuideService.trackUserLocation(TourGuideService.java:84)
	at tourGuide.service.TourGuideService$1.run(TourGuideService.java:115)
Exception in thread "Thread-404" java.lang.NumberFormatException: For input string: "-175,407884"
	at sun.misc.FloatingDecimal.readJavaFormatString(FloatingDecimal.java:2043)
	at sun.misc.FloatingDecimal.parseDouble(FloatingDecimal.java:110)
	at java.lang.Double.parseDouble(Double.java:538)
	at gpsUtil.GpsUtil.getUserLocation(GpsUtil.java:30)
	at tourGuide.service.TourGuideService.trackUserLocation(TourGuideService.java:84)
	at tourGuide.service.TourGuideService$1.run(TourGuideService.java:115)
Exception in thread "Thread-68" java.lang.NumberFormatException: For input string: "24,466462"
	at sun.misc.FloatingDecimal.readJavaFormatString(FloatingDecimal.java:2043)
	at sun.misc.FloatingDecimal.parseDouble(FloatingDecimal.java:110)
	at java.lang.Double.parseDouble(Double.java:538)
	at gpsUtil.GpsUtil.getUserLocation(GpsUtil.java:30)
	at tourGuide.service.TourGuideService.trackUserLocation(TourGuideService.java:84)
	at tourGuide.service.TourGuideService$1.run(TourGuideService.java:115)
Exception in thread "Thread-148" java.lang.NumberFormatException: For input string: "137,496424"
	at sun.misc.FloatingDecimal.readJavaFormatString(FloatingDecimal.java:2043)
	at sun.misc.FloatingDecimal.parseDouble(FloatingDecimal.java:110)
	at java.lang.Double.parseDouble(Double.java:538)
	at gpsUtil.GpsUtil.getUserLocation(GpsUtil.java:30)
	at tourGuide.service.TourGuideService.trackUserLocation(TourGuideService.java:84)
	at tourGuide.service.TourGuideService$1.run(TourGuideService.java:115)
Exception in thread "Thread-258" java.lang.NumberFormatException: For input string: "176,777553"
	at sun.misc.FloatingDecimal.readJavaFormatString(FloatingDecimal.java:2043)
	at sun.misc.FloatingDecimal.parseDouble(FloatingDecimal.java:110)
	at java.lang.Double.parseDouble(Double.java:538)
	at gpsUtil.GpsUtil.getUserLocation(GpsUtil.java:30)
	at tourGuide.service.TourGuideService.trackUserLocation(TourGuideService.java:84)
	at tourGuide.service.TourGuideService$1.run(TourGuideService.java:115)
Exception in thread "Thread-177" java.lang.NumberFormatException: For input string: "-159,430046"
	at sun.misc.FloatingDecimal.readJavaFormatString(FloatingDecimal.java:2043)
	at sun.misc.FloatingDecimal.parseDouble(FloatingDecimal.java:110)
	at java.lang.Double.parseDouble(Double.java:538)
	at gpsUtil.GpsUtil.getUserLocation(GpsUtil.java:30)
	at tourGuide.service.TourGuideService.trackUserLocation(TourGuideService.java:84)
	at tourGuide.service.TourGuideService$1.run(TourGuideService.java:115)
Exception in thread "Thread-228" java.lang.NumberFormatException: For input string: "179,945632"
	at sun.misc.FloatingDecimal.readJavaFormatString(FloatingDecimal.java:2043)
	at sun.misc.FloatingDecimal.parseDouble(FloatingDecimal.java:110)
	at java.lang.Double.parseDouble(Double.java:538)
	at gpsUtil.GpsUtil.getUserLocation(GpsUtil.java:30)
	at tourGuide.service.TourGuideService.trackUserLocation(TourGuideService.java:84)
	at tourGuide.service.TourGuideService$1.run(TourGuideService.java:115)
Exception in thread "Thread-334" java.lang.NumberFormatException: For input string: "144,486363"
	at sun.misc.FloatingDecimal.readJavaFormatString(FloatingDecimal.java:2043)
	at sun.misc.FloatingDecimal.parseDouble(FloatingDecimal.java:110)
	at java.lang.Double.parseDouble(Double.java:538)
	at gpsUtil.GpsUtil.getUserLocation(GpsUtil.java:30)
	at tourGuide.service.TourGuideService.trackUserLocation(TourGuideService.java:84)
	at tourGuide.service.TourGuideService$1.run(TourGuideService.java:115)
Exception in thread "Thread-303" java.lang.NumberFormatException: For input string: "-178,470850"
	at sun.misc.FloatingDecimal.readJavaFormatString(FloatingDecimal.java:2043)
	at sun.misc.FloatingDecimal.parseDouble(FloatingDecimal.java:110)
	at java.lang.Double.parseDouble(Double.java:538)
	at gpsUtil.GpsUtil.getUserLocation(GpsUtil.java:30)
	at tourGuide.service.TourGuideService.trackUserLocation(TourGuideService.java:84)
	at tourGuide.service.TourGuideService$1.run(TourGuideService.java:115)
Exception in thread "Thread-230" java.lang.NumberFormatException: For input string: "63,920726"
	at sun.misc.FloatingDecimal.readJavaFormatString(FloatingDecimal.java:2043)
	at sun.misc.FloatingDecimal.parseDouble(FloatingDecimal.java:110)
	at java.lang.Double.parseDouble(Double.java:538)
	at gpsUtil.GpsUtil.getUserLocation(GpsUtil.java:30)
	at tourGuide.service.TourGuideService.trackUserLocation(TourGuideService.java:84)
	at tourGuide.service.TourGuideService$1.run(TourGuideService.java:115)
Exception in thread "Thread-390" java.lang.NumberFormatException: For input string: "-46,597046"
	at sun.misc.FloatingDecimal.readJavaFormatString(FloatingDecimal.java:2043)
	at sun.misc.FloatingDecimal.parseDouble(FloatingDecimal.java:110)
	at java.lang.Double.parseDouble(Double.java:538)
	at gpsUtil.GpsUtil.getUserLocation(GpsUtil.java:30)
	at tourGuide.service.TourGuideService.trackUserLocation(TourGuideService.java:84)
	at tourGuide.service.TourGuideService$1.run(TourGuideService.java:115)
Exception in thread "Thread-158" java.lang.NumberFormatException: For input string: "158,599111"
	at sun.misc.FloatingDecimal.readJavaFormatString(FloatingDecimal.java:2043)
	at sun.misc.FloatingDecimal.parseDouble(FloatingDecimal.java:110)
	at java.lang.Double.parseDouble(Double.java:538)
	at gpsUtil.GpsUtil.getUserLocation(GpsUtil.java:30)
	at tourGuide.service.TourGuideService.trackUserLocation(TourGuideService.java:84)
	at tourGuide.service.TourGuideService$1.run(TourGuideService.java:115)
Exception in thread "Thread-412" java.lang.NumberFormatException: For input string: "91,424354"
	at sun.misc.FloatingDecimal.readJavaFormatString(FloatingDecimal.java:2043)
	at sun.misc.FloatingDecimal.parseDouble(FloatingDecimal.java:110)
	at java.lang.Double.parseDouble(Double.java:538)
	at gpsUtil.GpsUtil.getUserLocation(GpsUtil.java:30)
	at tourGuide.service.TourGuideService.trackUserLocation(TourGuideService.java:84)
	at tourGuide.service.TourGuideService$1.run(TourGuideService.java:115)
Exception in thread "Thread-295" java.lang.NumberFormatException: For input string: "98,993157"
	at sun.misc.FloatingDecimal.readJavaFormatString(FloatingDecimal.java:2043)
	at sun.misc.FloatingDecimal.parseDouble(FloatingDecimal.java:110)
	at java.lang.Double.parseDouble(Double.java:538)
	at gpsUtil.GpsUtil.getUserLocation(GpsUtil.java:30)
	at tourGuide.service.TourGuideService.trackUserLocation(TourGuideService.java:84)
	at tourGuide.service.TourGuideService$1.run(TourGuideService.java:115)
Exception in thread "Thread-159" java.lang.NumberFormatException: For input string: "166,844400"
	at sun.misc.FloatingDecimal.readJavaFormatString(FloatingDecimal.java:2043)
	at sun.misc.FloatingDecimal.parseDouble(FloatingDecimal.java:110)
	at java.lang.Double.parseDouble(Double.java:538)
	at gpsUtil.GpsUtil.getUserLocation(GpsUtil.java:30)
	at tourGuide.service.TourGuideService.trackUserLocation(TourGuideService.java:84)
	at tourGuide.service.TourGuideService$1.run(TourGuideService.java:115)
Exception in thread "Thread-182" java.lang.NumberFormatException: For input string: "-125,494616"
	at sun.misc.FloatingDecimal.readJavaFormatString(FloatingDecimal.java:2043)
	at sun.misc.FloatingDecimal.parseDouble(FloatingDecimal.java:110)
	at java.lang.Double.parseDouble(Double.java:538)
	at gpsUtil.GpsUtil.getUserLocation(GpsUtil.java:30)
	at tourGuide.service.TourGuideService.trackUserLocation(TourGuideService.java:84)
	at tourGuide.service.TourGuideService$1.run(TourGuideService.java:115)
Exception in thread "Thread-492" java.lang.NumberFormatException: For input string: "-119,762094"
	at sun.misc.FloatingDecimal.readJavaFormatString(FloatingDecimal.java:2043)
	at sun.misc.FloatingDecimal.parseDouble(FloatingDecimal.java:110)
	at java.lang.Double.parseDouble(Double.java:538)
	at gpsUtil.GpsUtil.getUserLocation(GpsUtil.java:30)
	at tourGuide.service.TourGuideService.trackUserLocation(TourGuideService.java:84)
	at tourGuide.service.TourGuideService$1.run(TourGuideService.java:115)
Exception in thread "Thread-391" java.lang.NumberFormatException: For input string: "-0,092260"
	at sun.misc.FloatingDecimal.readJavaFormatString(FloatingDecimal.java:2043)
	at sun.misc.FloatingDecimal.parseDouble(FloatingDecimal.java:110)
	at java.lang.Double.parseDouble(Double.java:538)
	at gpsUtil.GpsUtil.getUserLocation(GpsUtil.java:30)
	at tourGuide.service.TourGuideService.trackUserLocation(TourGuideService.java:84)
	at tourGuide.service.TourGuideService$1.run(TourGuideService.java:115)
Exception in thread "Thread-172" java.lang.NumberFormatException: For input string: "37,012246"
	at sun.misc.FloatingDecimal.readJavaFormatString(FloatingDecimal.java:2043)
	at sun.misc.FloatingDecimal.parseDouble(FloatingDecimal.java:110)
	at java.lang.Double.parseDouble(Double.java:538)
	at gpsUtil.GpsUtil.getUserLocation(GpsUtil.java:30)
	at tourGuide.service.TourGuideService.trackUserLocation(TourGuideService.java:84)
	at tourGuide.service.TourGuideService$1.run(TourGuideService.java:115)
Exception in thread "Thread-99" java.lang.NumberFormatException: For input string: "-39,172551"
	at sun.misc.FloatingDecimal.readJavaFormatString(FloatingDecimal.java:2043)
	at sun.misc.FloatingDecimal.parseDouble(FloatingDecimal.java:110)
	at java.lang.Double.parseDouble(Double.java:538)
	at gpsUtil.GpsUtil.getUserLocation(GpsUtil.java:30)
	at tourGuide.service.TourGuideService.trackUserLocation(TourGuideService.java:84)
	at tourGuide.service.TourGuideService$1.run(TourGuideService.java:115)
Exception in thread "Thread-175" java.lang.NumberFormatException: For input string: "-133,727526"
	at sun.misc.FloatingDecimal.readJavaFormatString(FloatingDecimal.java:2043)
	at sun.misc.FloatingDecimal.parseDouble(FloatingDecimal.java:110)
	at java.lang.Double.parseDouble(Double.java:538)
	at gpsUtil.GpsUtil.getUserLocation(GpsUtil.java:30)
	at tourGuide.service.TourGuideService.trackUserLocation(TourGuideService.java:84)
	at tourGuide.service.TourGuideService$1.run(TourGuideService.java:115)
Exception in thread "Thread-442" java.lang.NumberFormatException: For input string: "8,299329"
	at sun.misc.FloatingDecimal.readJavaFormatString(FloatingDecimal.java:2043)
	at sun.misc.FloatingDecimal.parseDouble(FloatingDecimal.java:110)
	at java.lang.Double.parseDouble(Double.java:538)
	at gpsUtil.GpsUtil.getUserLocation(GpsUtil.java:30)
	at tourGuide.service.TourGuideService.trackUserLocation(TourGuideService.java:84)
	at tourGuide.service.TourGuideService$1.run(TourGuideService.java:115)
Exception in thread "Thread-415" java.lang.NumberFormatException: For input string: "29,687623"
	at sun.misc.FloatingDecimal.readJavaFormatString(FloatingDecimal.java:2043)
	at sun.misc.FloatingDecimal.parseDouble(FloatingDecimal.java:110)
	at java.lang.Double.parseDouble(Double.java:538)
	at gpsUtil.GpsUtil.getUserLocation(GpsUtil.java:30)
	at tourGuide.service.TourGuideService.trackUserLocation(TourGuideService.java:84)
	at tourGuide.service.TourGuideService$1.run(TourGuideService.java:115)
Exception in thread "Thread-471" java.lang.NumberFormatException: For input string: "134,823197"
	at sun.misc.FloatingDecimal.readJavaFormatString(FloatingDecimal.java:2043)
	at sun.misc.FloatingDecimal.parseDouble(FloatingDecimal.java:110)
	at java.lang.Double.parseDouble(Double.java:538)
	at gpsUtil.GpsUtil.getUserLocation(GpsUtil.java:30)
	at tourGuide.service.TourGuideService.trackUserLocation(TourGuideService.java:84)
	at tourGuide.service.TourGuideService$1.run(TourGuideService.java:115)
Exception in thread "Thread-431" java.lang.NumberFormatException: For input string: "-78,328314"
	at sun.misc.FloatingDecimal.readJavaFormatString(FloatingDecimal.java:2043)
	at sun.misc.FloatingDecimal.parseDouble(FloatingDecimal.java:110)
	at java.lang.Double.parseDouble(Double.java:538)
	at gpsUtil.GpsUtil.getUserLocation(GpsUtil.java:30)
	at tourGuide.service.TourGuideService.trackUserLocation(TourGuideService.java:84)
	at tourGuide.service.TourGuideService$1.run(TourGuideService.java:115)
Exception in thread "Thread-86" java.lang.NumberFormatException: For input string: "-25,633828"
	at sun.misc.FloatingDecimal.readJavaFormatString(FloatingDecimal.java:2043)
	at sun.misc.FloatingDecimal.parseDouble(FloatingDecimal.java:110)
	at java.lang.Double.parseDouble(Double.java:538)
	at gpsUtil.GpsUtil.getUserLocation(GpsUtil.java:30)
	at tourGuide.service.TourGuideService.trackUserLocation(TourGuideService.java:84)
	at tourGuide.service.TourGuideService$1.run(TourGuideService.java:115)
Exception in thread "Thread-437" java.lang.NumberFormatException: For input string: "140,575324"
	at sun.misc.FloatingDecimal.readJavaFormatString(FloatingDecimal.java:2043)
	at sun.misc.FloatingDecimal.parseDouble(FloatingDecimal.java:110)
	at java.lang.Double.parseDouble(Double.java:538)
	at gpsUtil.GpsUtil.getUserLocation(GpsUtil.java:30)
	at tourGuide.service.TourGuideService.trackUserLocation(TourGuideService.java:84)
	at tourGuide.service.TourGuideService$1.run(TourGuideService.java:115)
Exception in thread "Thread-364" java.lang.NumberFormatException: For input string: "-33,317040"
	at sun.misc.FloatingDecimal.readJavaFormatString(FloatingDecimal.java:2043)
	at sun.misc.FloatingDecimal.parseDouble(FloatingDecimal.java:110)
	at java.lang.Double.parseDouble(Double.java:538)
	at gpsUtil.GpsUtil.getUserLocation(GpsUtil.java:30)
	at tourGuide.service.TourGuideService.trackUserLocation(TourGuideService.java:84)
	at tourGuide.service.TourGuideService$1.run(TourGuideService.java:115)
Exception in thread "Thread-389" java.lang.NumberFormatException: For input string: "-127,757810"
	at sun.misc.FloatingDecimal.readJavaFormatString(FloatingDecimal.java:2043)
	at sun.misc.FloatingDecimal.parseDouble(FloatingDecimal.java:110)
	at java.lang.Double.parseDouble(Double.java:538)
	at gpsUtil.GpsUtil.getUserLocation(GpsUtil.java:30)
	at tourGuide.service.TourGuideService.trackUserLocation(TourGuideService.java:84)
	at tourGuide.service.TourGuideService$1.run(TourGuideService.java:115)
Exception in thread "Thread-413" java.lang.NumberFormatException: For input string: "16,258926"
	at sun.misc.FloatingDecimal.readJavaFormatString(FloatingDecimal.java:2043)
	at sun.misc.FloatingDecimal.parseDouble(FloatingDecimal.java:110)
	at java.lang.Double.parseDouble(Double.java:538)
	at gpsUtil.GpsUtil.getUserLocation(GpsUtil.java:30)
	at tourGuide.service.TourGuideService.trackUserLocation(TourGuideService.java:84)
	at tourGuide.service.TourGuideService$1.run(TourGuideService.java:115)
Exception in thread "Thread-461" java.lang.NumberFormatException: For input string: "142,063226"
	at sun.misc.FloatingDecimal.readJavaFormatString(FloatingDecimal.java:2043)
	at sun.misc.FloatingDecimal.parseDouble(FloatingDecimal.java:110)
	at java.lang.Double.parseDouble(Double.java:538)
	at gpsUtil.GpsUtil.getUserLocation(GpsUtil.java:30)
	at tourGuide.service.TourGuideService.trackUserLocation(TourGuideService.java:84)
	at tourGuide.service.TourGuideService$1.run(TourGuideService.java:115)
Exception in thread "Thread-476" java.lang.NumberFormatException: For input string: "71,520527"
	at sun.misc.FloatingDecimal.readJavaFormatString(FloatingDecimal.java:2043)
	at sun.misc.FloatingDecimal.parseDouble(FloatingDecimal.java:110)
	at java.lang.Double.parseDouble(Double.java:538)
	at gpsUtil.GpsUtil.getUserLocation(GpsUtil.java:30)
	at tourGuide.service.TourGuideService.trackUserLocation(TourGuideService.java:84)
	at tourGuide.service.TourGuideService$1.run(TourGuideService.java:115)
Exception in thread "Thread-468" java.lang.NumberFormatException: For input string: "-163,800911"
	at sun.misc.FloatingDecimal.readJavaFormatString(FloatingDecimal.java:2043)
	at sun.misc.FloatingDecimal.parseDouble(FloatingDecimal.java:110)
	at java.lang.Double.parseDouble(Double.java:538)
	at gpsUtil.GpsUtil.getUserLocation(GpsUtil.java:30)
	at tourGuide.service.TourGuideService.trackUserLocation(TourGuideService.java:84)
	at tourGuide.service.TourGuideService$1.run(TourGuideService.java:115)
Exception in thread "Thread-411" java.lang.NumberFormatException: For input string: "-141,699631"
	at sun.misc.FloatingDecimal.readJavaFormatString(FloatingDecimal.java:2043)
	at sun.misc.FloatingDecimal.parseDouble(FloatingDecimal.java:110)
	at java.lang.Double.parseDouble(Double.java:538)
	at gpsUtil.GpsUtil.getUserLocation(GpsUtil.java:30)
	at tourGuide.service.TourGuideService.trackUserLocation(TourGuideService.java:84)
	at tourGuide.service.TourGuideService$1.run(TourGuideService.java:115)
Exception in thread "Thread-403" java.lang.NumberFormatException: For input string: "36,254450"
	at sun.misc.FloatingDecimal.readJavaFormatString(FloatingDecimal.java:2043)
	at sun.misc.FloatingDecimal.parseDouble(FloatingDecimal.java:110)
	at java.lang.Double.parseDouble(Double.java:538)
	at gpsUtil.GpsUtil.getUserLocation(GpsUtil.java:30)
	at tourGuide.service.TourGuideService.trackUserLocation(TourGuideService.java:84)
	at tourGuide.service.TourGuideService$1.run(TourGuideService.java:115)
Exception in thread "Thread-485" java.lang.NumberFormatException: For input string: "3,214593"
	at sun.misc.FloatingDecimal.readJavaFormatString(FloatingDecimal.java:2043)
	at sun.misc.FloatingDecimal.parseDouble(FloatingDecimal.java:110)
	at java.lang.Double.parseDouble(Double.java:538)
	at gpsUtil.GpsUtil.getUserLocation(GpsUtil.java:30)
	at tourGuide.service.TourGuideService.trackUserLocation(TourGuideService.java:84)
	at tourGuide.service.TourGuideService$1.run(TourGuideService.java:115)
Exception in thread "Thread-435" java.lang.NumberFormatException: For input string: "169,777546"
	at sun.misc.FloatingDecimal.readJavaFormatString(FloatingDecimal.java:2043)
	at sun.misc.FloatingDecimal.parseDouble(FloatingDecimal.java:110)
	at java.lang.Double.parseDouble(Double.java:538)
	at gpsUtil.GpsUtil.getUserLocation(GpsUtil.java:30)
	at tourGuide.service.TourGuideService.trackUserLocation(TourGuideService.java:84)
	at tourGuide.service.TourGuideService$1.run(TourGuideService.java:115)
Exception in thread "Thread-363" java.lang.NumberFormatException: For input string: "-178,665022"
	at sun.misc.FloatingDecimal.readJavaFormatString(FloatingDecimal.java:2043)
	at sun.misc.FloatingDecimal.parseDouble(FloatingDecimal.java:110)
	at java.lang.Double.parseDouble(Double.java:538)
	at gpsUtil.GpsUtil.getUserLocation(GpsUtil.java:30)
	at tourGuide.service.TourGuideService.trackUserLocation(TourGuideService.java:84)
	at tourGuide.service.TourGuideService$1.run(TourGuideService.java:115)
Exception in thread "Thread-441" java.lang.NumberFormatException: For input string: "-7,122166"
	at sun.misc.FloatingDecimal.readJavaFormatString(FloatingDecimal.java:2043)
	at sun.misc.FloatingDecimal.parseDouble(FloatingDecimal.java:110)
	at java.lang.Double.parseDouble(Double.java:538)
	at gpsUtil.GpsUtil.getUserLocation(GpsUtil.java:30)
	at tourGuide.service.TourGuideService.trackUserLocation(TourGuideService.java:84)
	at tourGuide.service.TourGuideService$1.run(TourGuideService.java:115)
Exception in thread "Thread-499" java.lang.NumberFormatException: For input string: "176,667795"
	at sun.misc.FloatingDecimal.readJavaFormatString(FloatingDecimal.java:2043)
	at sun.misc.FloatingDecimal.parseDouble(FloatingDecimal.java:110)
	at java.lang.Double.parseDouble(Double.java:538)
	at gpsUtil.GpsUtil.getUserLocation(GpsUtil.java:30)
	at tourGuide.service.TourGuideService.trackUserLocation(TourGuideService.java:84)
	at tourGuide.service.TourGuideService$1.run(TourGuideService.java:115)
Exception in thread "Thread-498" java.lang.NumberFormatException: For input string: "-80,674266"
	at sun.misc.FloatingDecimal.readJavaFormatString(FloatingDecimal.java:2043)
	at sun.misc.FloatingDecimal.parseDouble(FloatingDecimal.java:110)
	at java.lang.Double.parseDouble(Double.java:538)
	at gpsUtil.GpsUtil.getUserLocation(GpsUtil.java:30)
	at tourGuide.service.TourGuideService.trackUserLocation(TourGuideService.java:84)
	at tourGuide.service.TourGuideService$1.run(TourGuideService.java:115)
Exception in thread "Thread-491" java.lang.NumberFormatException: For input string: "-148,402044"
	at sun.misc.FloatingDecimal.readJavaFormatString(FloatingDecimal.java:2043)
	at sun.misc.FloatingDecimal.parseDouble(FloatingDecimal.java:110)
	at java.lang.Double.parseDouble(Double.java:538)
	at gpsUtil.GpsUtil.getUserLocation(GpsUtil.java:30)
	at tourGuide.service.TourGuideService.trackUserLocation(TourGuideService.java:84)
	at tourGuide.service.TourGuideService$1.run(TourGuideService.java:115)
Exception in thread "Thread-368" java.lang.NumberFormatException: For input string: "85,642841"
	at sun.misc.FloatingDecimal.readJavaFormatString(FloatingDecimal.java:2043)
	at sun.misc.FloatingDecimal.parseDouble(FloatingDecimal.java:110)
	at java.lang.Double.parseDouble(Double.java:538)
	at gpsUtil.GpsUtil.getUserLocation(GpsUtil.java:30)
	at tourGuide.service.TourGuideService.trackUserLocation(TourGuideService.java:84)
	at tourGuide.service.TourGuideService$1.run(TourGuideService.java:115)
Exception in thread "Thread-328" java.lang.NumberFormatException: For input string: "-126,352177"
	at sun.misc.FloatingDecimal.readJavaFormatString(FloatingDecimal.java:2043)
	at sun.misc.FloatingDecimal.parseDouble(FloatingDecimal.java:110)
	at java.lang.Double.parseDouble(Double.java:538)
	at gpsUtil.GpsUtil.getUserLocation(GpsUtil.java:30)
	at tourGuide.service.TourGuideService.trackUserLocation(TourGuideService.java:84)
	at tourGuide.service.TourGuideService$1.run(TourGuideService.java:115)
Exception in thread "Thread-410" java.lang.NumberFormatException: For input string: "69,553420"
	at sun.misc.FloatingDecimal.readJavaFormatString(FloatingDecimal.java:2043)
	at sun.misc.FloatingDecimal.parseDouble(FloatingDecimal.java:110)
	at java.lang.Double.parseDouble(Double.java:538)
	at gpsUtil.GpsUtil.getUserLocation(GpsUtil.java:30)
	at tourGuide.service.TourGuideService.trackUserLocation(TourGuideService.java:84)
	at tourGuide.service.TourGuideService$1.run(TourGuideService.java:115)
Exception in thread "Thread-395" java.lang.NumberFormatException: For input string: "81,474088"
	at sun.misc.FloatingDecimal.readJavaFormatString(FloatingDecimal.java:2043)
	at sun.misc.FloatingDecimal.parseDouble(FloatingDecimal.java:110)
	at java.lang.Double.parseDouble(Double.java:538)
	at gpsUtil.GpsUtil.getUserLocation(GpsUtil.java:30)
	at tourGuide.service.TourGuideService.trackUserLocation(TourGuideService.java:84)
	at tourGuide.service.TourGuideService$1.run(TourGuideService.java:115)
Exception in thread "Thread-376" java.lang.NumberFormatException: For input string: "-65,151003"
	at sun.misc.FloatingDecimal.readJavaFormatString(FloatingDecimal.java:2043)
	at sun.misc.FloatingDecimal.parseDouble(FloatingDecimal.java:110)
	at java.lang.Double.parseDouble(Double.java:538)
	at gpsUtil.GpsUtil.getUserLocation(GpsUtil.java:30)
	at tourGuide.service.TourGuideService.trackUserLocation(TourGuideService.java:84)
	at tourGuide.service.TourGuideService$1.run(TourGuideService.java:115)
Exception in thread "Thread-330" java.lang.NumberFormatException: For input string: "-102,253426"
	at sun.misc.FloatingDecimal.readJavaFormatString(FloatingDecimal.java:2043)
	at sun.misc.FloatingDecimal.parseDouble(FloatingDecimal.java:110)
	at java.lang.Double.parseDouble(Double.java:538)
	at gpsUtil.GpsUtil.getUserLocation(GpsUtil.java:30)
	at tourGuide.service.TourGuideService.trackUserLocation(TourGuideService.java:84)
	at tourGuide.service.TourGuideService$1.run(TourGuideService.java:115)
Exception in thread "Thread-315" java.lang.NumberFormatException: For input string: "52,497082"
	at sun.misc.FloatingDecimal.readJavaFormatString(FloatingDecimal.java:2043)
	at sun.misc.FloatingDecimal.parseDouble(FloatingDecimal.java:110)
	at java.lang.Double.parseDouble(Double.java:538)
	at gpsUtil.GpsUtil.getUserLocation(GpsUtil.java:30)
	at tourGuide.service.TourGuideService.trackUserLocation(TourGuideService.java:84)
	at tourGuide.service.TourGuideService$1.run(TourGuideService.java:115)
Exception in thread "Thread-352" java.lang.NumberFormatException: For input string: "-31,532228"
	at sun.misc.FloatingDecimal.readJavaFormatString(FloatingDecimal.java:2043)
	at sun.misc.FloatingDecimal.parseDouble(FloatingDecimal.java:110)
	at java.lang.Double.parseDouble(Double.java:538)
	at gpsUtil.GpsUtil.getUserLocation(GpsUtil.java:30)
	at tourGuide.service.TourGuideService.trackUserLocation(TourGuideService.java:84)
	at tourGuide.service.TourGuideService$1.run(TourGuideService.java:115)
Exception in thread "Thread-446" java.lang.NumberFormatException: For input string: "-166,727079"
	at sun.misc.FloatingDecimal.readJavaFormatString(FloatingDecimal.java:2043)
	at sun.misc.FloatingDecimal.parseDouble(FloatingDecimal.java:110)
	at java.lang.Double.parseDouble(Double.java:538)
	at gpsUtil.GpsUtil.getUserLocation(GpsUtil.java:30)
	at tourGuide.service.TourGuideService.trackUserLocation(TourGuideService.java:84)
	at tourGuide.service.TourGuideService$1.run(TourGuideService.java:115)
Exception in thread "Thread-478" java.lang.NumberFormatException: For input string: "105,131160"
	at sun.misc.FloatingDecimal.readJavaFormatString(FloatingDecimal.java:2043)
	at sun.misc.FloatingDecimal.parseDouble(FloatingDecimal.java:110)
	at java.lang.Double.parseDouble(Double.java:538)
	at gpsUtil.GpsUtil.getUserLocation(GpsUtil.java:30)
	at tourGuide.service.TourGuideService.trackUserLocation(TourGuideService.java:84)
	at tourGuide.service.TourGuideService$1.run(TourGuideService.java:115)
Exception in thread "Thread-416" java.lang.NumberFormatException: For input string: "-168,986658"
	at sun.misc.FloatingDecimal.readJavaFormatString(FloatingDecimal.java:2043)
	at sun.misc.FloatingDecimal.parseDouble(FloatingDecimal.java:110)
	at java.lang.Double.parseDouble(Double.java:538)
	at gpsUtil.GpsUtil.getUserLocation(GpsUtil.java:30)
	at tourGuide.service.TourGuideService.trackUserLocation(TourGuideService.java:84)
	at tourGuide.service.TourGuideService$1.run(TourGuideService.java:115)
Exception in thread "Thread-439" java.lang.NumberFormatException: For input string: "140,175068"
	at sun.misc.FloatingDecimal.readJavaFormatString(FloatingDecimal.java:2043)
	at sun.misc.FloatingDecimal.parseDouble(FloatingDecimal.java:110)
	at java.lang.Double.parseDouble(Double.java:538)
	at gpsUtil.GpsUtil.getUserLocation(GpsUtil.java:30)
	at tourGuide.service.TourGuideService.trackUserLocation(TourGuideService.java:84)
	at tourGuide.service.TourGuideService$1.run(TourGuideService.java:115)
Exception in thread "Thread-270" java.lang.NumberFormatException: For input string: "-12,790738"
	at sun.misc.FloatingDecimal.readJavaFormatString(FloatingDecimal.java:2043)
	at sun.misc.FloatingDecimal.parseDouble(FloatingDecimal.java:110)
	at java.lang.Double.parseDouble(Double.java:538)
	at gpsUtil.GpsUtil.getUserLocation(GpsUtil.java:30)
	at tourGuide.service.TourGuideService.trackUserLocation(TourGuideService.java:84)
	at tourGuide.service.TourGuideService$1.run(TourGuideService.java:115)
Exception in thread "Thread-384" java.lang.NumberFormatException: For input string: "-82,176488"
	at sun.misc.FloatingDecimal.readJavaFormatString(FloatingDecimal.java:2043)
	at sun.misc.FloatingDecimal.parseDouble(FloatingDecimal.java:110)
	at java.lang.Double.parseDouble(Double.java:538)
	at gpsUtil.GpsUtil.getUserLocation(GpsUtil.java:30)
	at tourGuide.service.TourGuideService.trackUserLocation(TourGuideService.java:84)
	at tourGuide.service.TourGuideService$1.run(TourGuideService.java:115)
Exception in thread "Thread-308" java.lang.NumberFormatException: For input string: "127,639403"
	at sun.misc.FloatingDecimal.readJavaFormatString(FloatingDecimal.java:2043)
	at sun.misc.FloatingDecimal.parseDouble(FloatingDecimal.java:110)
	at java.lang.Double.parseDouble(Double.java:538)
	at gpsUtil.GpsUtil.getUserLocation(GpsUtil.java:30)
	at tourGuide.service.TourGuideService.trackUserLocation(TourGuideService.java:84)
	at tourGuide.service.TourGuideService$1.run(TourGuideService.java:115)
Exception in thread "Thread-479" java.lang.NumberFormatException: For input string: "143,251914"
	at sun.misc.FloatingDecimal.readJavaFormatString(FloatingDecimal.java:2043)
	at sun.misc.FloatingDecimal.parseDouble(FloatingDecimal.java:110)
	at java.lang.Double.parseDouble(Double.java:538)
	at gpsUtil.GpsUtil.getUserLocation(GpsUtil.java:30)
	at tourGuide.service.TourGuideService.trackUserLocation(TourGuideService.java:84)
	at tourGuide.service.TourGuideService$1.run(TourGuideService.java:115)
Exception in thread "Thread-480" java.lang.NumberFormatException: For input string: "16,259812"
	at sun.misc.FloatingDecimal.readJavaFormatString(FloatingDecimal.java:2043)
	at sun.misc.FloatingDecimal.parseDouble(FloatingDecimal.java:110)
	at java.lang.Double.parseDouble(Double.java:538)
	at gpsUtil.GpsUtil.getUserLocation(GpsUtil.java:30)
	at tourGuide.service.TourGuideService.trackUserLocation(TourGuideService.java:84)
	at tourGuide.service.TourGuideService$1.run(TourGuideService.java:115)
Exception in thread "Thread-420" java.lang.NumberFormatException: For input string: "12,651927"
	at sun.misc.FloatingDecimal.readJavaFormatString(FloatingDecimal.java:2043)
	at sun.misc.FloatingDecimal.parseDouble(FloatingDecimal.java:110)
	at java.lang.Double.parseDouble(Double.java:538)
	at gpsUtil.GpsUtil.getUserLocation(GpsUtil.java:30)
	at tourGuide.service.TourGuideService.trackUserLocation(TourGuideService.java:84)
	at tourGuide.service.TourGuideService$1.run(TourGuideService.java:115)
Exception in thread "Thread-414" java.lang.NumberFormatException: For input string: "41,874034"
	at sun.misc.FloatingDecimal.readJavaFormatString(FloatingDecimal.java:2043)
	at sun.misc.FloatingDecimal.parseDouble(FloatingDecimal.java:110)
	at java.lang.Double.parseDouble(Double.java:538)
	at gpsUtil.GpsUtil.getUserLocation(GpsUtil.java:30)
	at tourGuide.service.TourGuideService.trackUserLocation(TourGuideService.java:84)
	at tourGuide.service.TourGuideService$1.run(TourGuideService.java:115)
Exception in thread "Thread-500" java.lang.NumberFormatException: For input string: "-69,049101"
	at sun.misc.FloatingDecimal.readJavaFormatString(FloatingDecimal.java:2043)
	at sun.misc.FloatingDecimal.parseDouble(FloatingDecimal.java:110)
	at java.lang.Double.parseDouble(Double.java:538)
	at gpsUtil.GpsUtil.getUserLocation(GpsUtil.java:30)
	at tourGuide.service.TourGuideService.trackUserLocation(TourGuideService.java:84)
	at tourGuide.service.TourGuideService$1.run(TourGuideService.java:115)
Exception in thread "Thread-342" java.lang.NumberFormatException: For input string: "-94,861345"
	at sun.misc.FloatingDecimal.readJavaFormatString(FloatingDecimal.java:2043)
	at sun.misc.FloatingDecimal.parseDouble(FloatingDecimal.java:110)
	at java.lang.Double.parseDouble(Double.java:538)
	at gpsUtil.GpsUtil.getUserLocation(GpsUtil.java:30)
	at tourGuide.service.TourGuideService.trackUserLocation(TourGuideService.java:84)
	at tourGuide.service.TourGuideService$1.run(TourGuideService.java:115)
Exception in thread "Thread-360" java.lang.NumberFormatException: For input string: "-70,541335"
	at sun.misc.FloatingDecimal.readJavaFormatString(FloatingDecimal.java:2043)
	at sun.misc.FloatingDecimal.parseDouble(FloatingDecimal.java:110)
	at java.lang.Double.parseDouble(Double.java:538)
	at gpsUtil.GpsUtil.getUserLocation(GpsUtil.java:30)
	at tourGuide.service.TourGuideService.trackUserLocation(TourGuideService.java:84)
	at tourGuide.service.TourGuideService$1.run(TourGuideService.java:115)
Exception in thread "Thread-409" java.lang.NumberFormatException: For input string: "-95,711226"
	at sun.misc.FloatingDecimal.readJavaFormatString(FloatingDecimal.java:2043)
	at sun.misc.FloatingDecimal.parseDouble(FloatingDecimal.java:110)
	at java.lang.Double.parseDouble(Double.java:538)
	at gpsUtil.GpsUtil.getUserLocation(GpsUtil.java:30)
	at tourGuide.service.TourGuideService.trackUserLocation(TourGuideService.java:84)
	at tourGuide.service.TourGuideService$1.run(TourGuideService.java:115)
Exception in thread "Thread-313" java.lang.NumberFormatException: For input string: "76,413202"
	at sun.misc.FloatingDecimal.readJavaFormatString(FloatingDecimal.java:2043)
	at sun.misc.FloatingDecimal.parseDouble(FloatingDecimal.java:110)
	at java.lang.Double.parseDouble(Double.java:538)
	at gpsUtil.GpsUtil.getUserLocation(GpsUtil.java:30)
	at tourGuide.service.TourGuideService.trackUserLocation(TourGuideService.java:84)
	at tourGuide.service.TourGuideService$1.run(TourGuideService.java:115)
Exception in thread "Thread-233" java.lang.NumberFormatException: For input string: "0,804409"
	at sun.misc.FloatingDecimal.readJavaFormatString(FloatingDecimal.java:2043)
	at sun.misc.FloatingDecimal.parseDouble(FloatingDecimal.java:110)
	at java.lang.Double.parseDouble(Double.java:538)
	at gpsUtil.GpsUtil.getUserLocation(GpsUtil.java:30)
	at tourGuide.service.TourGuideService.trackUserLocation(TourGuideService.java:84)
	at tourGuide.service.TourGuideService$1.run(TourGuideService.java:115)
Exception in thread "Thread-440" java.lang.NumberFormatException: For input string: "11,186493"
	at sun.misc.FloatingDecimal.readJavaFormatString(FloatingDecimal.java:2043)
	at sun.misc.FloatingDecimal.parseDouble(FloatingDecimal.java:110)
	at java.lang.Double.parseDouble(Double.java:538)
	at gpsUtil.GpsUtil.getUserLocation(GpsUtil.java:30)
	at tourGuide.service.TourGuideService.trackUserLocation(TourGuideService.java:84)
	at tourGuide.service.TourGuideService$1.run(TourGuideService.java:115)
Exception in thread "Thread-457" java.lang.NumberFormatException: For input string: "-26,196630"
	at sun.misc.FloatingDecimal.readJavaFormatString(FloatingDecimal.java:2043)
	at sun.misc.FloatingDecimal.parseDouble(FloatingDecimal.java:110)
	at java.lang.Double.parseDouble(Double.java:538)
	at gpsUtil.GpsUtil.getUserLocation(GpsUtil.java:30)
	at tourGuide.service.TourGuideService.trackUserLocation(TourGuideService.java:84)
	at tourGuide.service.TourGuideService$1.run(TourGuideService.java:115)
Exception in thread "Thread-481" java.lang.NumberFormatException: For input string: "74,369093"
	at sun.misc.FloatingDecimal.readJavaFormatString(FloatingDecimal.java:2043)
	at sun.misc.FloatingDecimal.parseDouble(FloatingDecimal.java:110)
	at java.lang.Double.parseDouble(Double.java:538)
	at gpsUtil.GpsUtil.getUserLocation(GpsUtil.java:30)
	at tourGuide.service.TourGuideService.trackUserLocation(TourGuideService.java:84)
	at tourGuide.service.TourGuideService$1.run(TourGuideService.java:115)
]]></system-err>
</testsuite>
