<?xml version="1.0" encoding="UTF-8"?>
<testsuite name="tourGuide.TestPerformance" tests="2" skipped="0" failures="0" errors="0" timestamp="2022-06-17T13:50:52" hostname="fv-az47-676" time="211.662">
  <properties/>
  <testcase name="highVolumeTrackLocation" classname="tourGuide.TestPerformance" time="100.304"/>
  <testcase name="highVolumeGetRewards" classname="tourGuide.TestPerformance" time="111.358"/>
  <system-out><![CDATA[13:50:52.661 [Test worker] INFO tourGuide.service.TourGuideService - TestMode enabled
13:50:52.661 [Test worker] DEBUG tourGuide.service.TourGuideService - Initializing users
13:50:53.546 [Test worker] DEBUG tourGuide.service.TourGuideService - Created 100000 internal test users.
13:50:53.548 [Test worker] DEBUG tourGuide.service.TourGuideService - Finished initializing users
13:50:53.572 [pool-6-thread-1] DEBUG tourGuide.tracker.Tracker - Begin Tracker. Tracking 100000 users.
highVolumeTrackLocation: Time Elapsed: 99 seconds.
13:52:32.965 [Test worker] INFO tourGuide.service.TourGuideService - TestMode enabled
13:52:32.965 [Test worker] DEBUG tourGuide.service.TourGuideService - Initializing users
13:52:33.365 [Test worker] DEBUG tourGuide.service.TourGuideService - Created 100000 internal test users.
13:52:33.365 [Test worker] DEBUG tourGuide.service.TourGuideService - Finished initializing users
13:52:33.372 [pool-7-thread-1] DEBUG tourGuide.tracker.Tracker - Begin Tracker. Tracking 100000 users.
highVolumeGetRewards: Time Elapsed: 111 seconds.
]]></system-out>
  <system-err><![CDATA[]]></system-err>
</testsuite>
