<?xml version="1.0" encoding="UTF-8"?>
<testsuite name="tourGuide.TestPerformance" tests="2" skipped="0" failures="0" errors="0" timestamp="2022-08-31T09:59:57" hostname="ALIENWARE-M15R4" time="118.021">
  <properties/>
  <testcase name="highVolumeTrackLocation" classname="tourGuide.TestPerformance" time="3.404"/>
  <testcase name="highVolumeGetRewards" classname="tourGuide.TestPerformance" time="114.617"/>
  <system-out><![CDATA[11:59:57.697 [Test worker] INFO tourGuide.service.TourGuideService - TestMode enabled
11:59:57.708 [Test worker] DEBUG tourGuide.service.TourGuideService - Initializing users
12:00:00.555 [Test worker] DEBUG tourGuide.service.TourGuideService - Created 100000 internal test users.
12:00:00.556 [Test worker] DEBUG tourGuide.service.TourGuideService - Finished initializing users
12:00:00.583 [pool-1-thread-1] DEBUG tourGuide.tracker.Tracker - Begin Tracker. Tracking 100000 users.
highVolumeTrackLocation: Time Elapsed: 0 seconds.
12:00:00.973 [Test worker] INFO tourGuide.service.TourGuideService - TestMode enabled
12:00:00.973 [Test worker] DEBUG tourGuide.service.TourGuideService - Initializing users
12:00:01.332 [Test worker] DEBUG tourGuide.service.TourGuideService - Created 100000 internal test users.
12:00:01.332 [Test worker] DEBUG tourGuide.service.TourGuideService - Finished initializing users
12:00:01.342 [pool-2-thread-1] DEBUG tourGuide.tracker.Tracker - Begin Tracker. Tracking 100000 users.
highVolumeGetRewards: Time Elapsed: 114 seconds.
]]></system-out>
  <system-err><![CDATA[aoÃ»t 31, 2022 11:59:57 AM org.javamoney.moneta.DefaultMonetaryContextFactory createMonetaryContextNonNullConfig
INFOS: Using custom MathContext: precision=256, roundingMode=HALF_EVEN
Exception in thread "Thread-29" java.lang.NumberFormatException: For input string: "-58,904830"
	at sun.misc.FloatingDecimal.readJavaFormatString(FloatingDecimal.java:2043)
	at sun.misc.FloatingDecimal.parseDouble(FloatingDecimal.java:110)
	at java.lang.Double.parseDouble(Double.java:538)
	at gpsUtil.GpsUtil.getUserLocation(GpsUtil.java:30)
	at tourGuide.service.TourGuideService.trackUserLocation(TourGuideService.java:84)
	at tourGuide.service.TourGuideService$1.run(TourGuideService.java:103)
Exception in thread "Thread-14" java.lang.NumberFormatException: For input string: "-166,883051"
	at sun.misc.FloatingDecimal.readJavaFormatString(FloatingDecimal.java:2043)
	at sun.misc.FloatingDecimal.parseDouble(FloatingDecimal.java:110)
	at java.lang.Double.parseDouble(Double.java:538)
	at gpsUtil.GpsUtil.getUserLocation(GpsUtil.java:30)
	at tourGuide.service.TourGuideService.trackUserLocation(TourGuideService.java:84)
	at tourGuide.service.TourGuideService$1.run(TourGuideService.java:103)
Exception in thread "Thread-21" java.lang.NumberFormatException: For input string: "58,700071"
	at sun.misc.FloatingDecimal.readJavaFormatString(FloatingDecimal.java:2043)
	at sun.misc.FloatingDecimal.parseDouble(FloatingDecimal.java:110)
	at java.lang.Double.parseDouble(Double.java:538)
	at gpsUtil.GpsUtil.getUserLocation(GpsUtil.java:30)
	at tourGuide.service.TourGuideService.trackUserLocation(TourGuideService.java:84)
	at tourGuide.service.TourGuideService$1.run(TourGuideService.java:103)
Exception in thread "Thread-42" java.lang.NumberFormatException: For input string: "-61,219394"
	at sun.misc.FloatingDecimal.readJavaFormatString(FloatingDecimal.java:2043)
	at sun.misc.FloatingDecimal.parseDouble(FloatingDecimal.java:110)
	at java.lang.Double.parseDouble(Double.java:538)
	at gpsUtil.GpsUtil.getUserLocation(GpsUtil.java:30)
	at tourGuide.service.TourGuideService.trackUserLocation(TourGuideService.java:84)
	at tourGuide.service.TourGuideService$1.run(TourGuideService.java:103)
Exception in thread "Thread-37" java.lang.NumberFormatException: For input string: "-22,200508"
	at sun.misc.FloatingDecimal.readJavaFormatString(FloatingDecimal.java:2043)
	at sun.misc.FloatingDecimal.parseDouble(FloatingDecimal.java:110)
	at java.lang.Double.parseDouble(Double.java:538)
	at gpsUtil.GpsUtil.getUserLocation(GpsUtil.java:30)
	at tourGuide.service.TourGuideService.trackUserLocation(TourGuideService.java:84)
	at tourGuide.service.TourGuideService$1.run(TourGuideService.java:103)
Exception in thread "Thread-36" java.lang.NumberFormatException: For input string: "29,726810"
	at sun.misc.FloatingDecimal.readJavaFormatString(FloatingDecimal.java:2043)
	at sun.misc.FloatingDecimal.parseDouble(FloatingDecimal.java:110)
	at java.lang.Double.parseDouble(Double.java:538)
	at gpsUtil.GpsUtil.getUserLocation(GpsUtil.java:30)
	at tourGuide.service.TourGuideService.trackUserLocation(TourGuideService.java:84)
	at tourGuide.service.TourGuideService$1.run(TourGuideService.java:103)
Exception in thread "Thread-15" java.lang.NumberFormatException: For input string: "131,450764"
	at sun.misc.FloatingDecimal.readJavaFormatString(FloatingDecimal.java:2043)
	at sun.misc.FloatingDecimal.parseDouble(FloatingDecimal.java:110)
	at java.lang.Double.parseDouble(Double.java:538)
	at gpsUtil.GpsUtil.getUserLocation(GpsUtil.java:30)
	at tourGuide.service.TourGuideService.trackUserLocation(TourGuideService.java:84)
	at tourGuide.service.TourGuideService$1.run(TourGuideService.java:103)
Exception in thread "Thread-23" java.lang.NumberFormatException: For input string: "102,243810"
	at sun.misc.FloatingDecimal.readJavaFormatString(FloatingDecimal.java:2043)
	at sun.misc.FloatingDecimal.parseDouble(FloatingDecimal.java:110)
	at java.lang.Double.parseDouble(Double.java:538)
	at gpsUtil.GpsUtil.getUserLocation(GpsUtil.java:30)
	at tourGuide.service.TourGuideService.trackUserLocation(TourGuideService.java:84)
	at tourGuide.service.TourGuideService$1.run(TourGuideService.java:103)
Exception in thread "Thread-49" java.lang.NumberFormatException: For input string: "76,361583"
	at sun.misc.FloatingDecimal.readJavaFormatString(FloatingDecimal.java:2043)
	at sun.misc.FloatingDecimal.parseDouble(FloatingDecimal.java:110)
	at java.lang.Double.parseDouble(Double.java:538)
	at gpsUtil.GpsUtil.getUserLocation(GpsUtil.java:30)
	at tourGuide.service.TourGuideService.trackUserLocation(TourGuideService.java:84)
	at tourGuide.service.TourGuideService$1.run(TourGuideService.java:103)
Exception in thread "Thread-22" java.lang.NumberFormatException: For input string: "-11,279739"
	at sun.misc.FloatingDecimal.readJavaFormatString(FloatingDecimal.java:2043)
	at sun.misc.FloatingDecimal.parseDouble(FloatingDecimal.java:110)
	at java.lang.Double.parseDouble(Double.java:538)
	at gpsUtil.GpsUtil.getUserLocation(GpsUtil.java:30)
	at tourGuide.service.TourGuideService.trackUserLocation(TourGuideService.java:84)
	at tourGuide.service.TourGuideService$1.run(TourGuideService.java:103)
Exception in thread "Thread-11" java.lang.NumberFormatException: For input string: "165,850513"
	at sun.misc.FloatingDecimal.readJavaFormatString(FloatingDecimal.java:2043)
	at sun.misc.FloatingDecimal.parseDouble(FloatingDecimal.java:110)
	at java.lang.Double.parseDouble(Double.java:538)
	at gpsUtil.GpsUtil.getUserLocation(GpsUtil.java:30)
	at tourGuide.service.TourGuideService.trackUserLocation(TourGuideService.java:84)
	at tourGuide.service.TourGuideService$1.run(TourGuideService.java:103)
Exception in thread "Thread-24" java.lang.NumberFormatException: For input string: "-91,722984"
	at sun.misc.FloatingDecimal.readJavaFormatString(FloatingDecimal.java:2043)
	at sun.misc.FloatingDecimal.parseDouble(FloatingDecimal.java:110)
	at java.lang.Double.parseDouble(Double.java:538)
	at gpsUtil.GpsUtil.getUserLocation(GpsUtil.java:30)
	at tourGuide.service.TourGuideService.trackUserLocation(TourGuideService.java:84)
	at tourGuide.service.TourGuideService$1.run(TourGuideService.java:103)
Exception in thread "Thread-19" java.lang.NumberFormatException: For input string: "-152,686226"
	at sun.misc.FloatingDecimal.readJavaFormatString(FloatingDecimal.java:2043)
	at sun.misc.FloatingDecimal.parseDouble(FloatingDecimal.java:110)
	at java.lang.Double.parseDouble(Double.java:538)
	at gpsUtil.GpsUtil.getUserLocation(GpsUtil.java:30)
	at tourGuide.service.TourGuideService.trackUserLocation(TourGuideService.java:84)
	at tourGuide.service.TourGuideService$1.run(TourGuideService.java:103)
Exception in thread "Thread-8" java.lang.NumberFormatException: For input string: "-108,605184"
	at sun.misc.FloatingDecimal.readJavaFormatString(FloatingDecimal.java:2043)
	at sun.misc.FloatingDecimal.parseDouble(FloatingDecimal.java:110)
	at java.lang.Double.parseDouble(Double.java:538)
	at gpsUtil.GpsUtil.getUserLocation(GpsUtil.java:30)
	at tourGuide.service.TourGuideService.trackUserLocation(TourGuideService.java:84)
	at tourGuide.service.TourGuideService$1.run(TourGuideService.java:103)
Exception in thread "Thread-38" java.lang.NumberFormatException: For input string: "-77,888528"
	at sun.misc.FloatingDecimal.readJavaFormatString(FloatingDecimal.java:2043)
	at sun.misc.FloatingDecimal.parseDouble(FloatingDecimal.java:110)
	at java.lang.Double.parseDouble(Double.java:538)
	at gpsUtil.GpsUtil.getUserLocation(GpsUtil.java:30)
	at tourGuide.service.TourGuideService.trackUserLocation(TourGuideService.java:84)
	at tourGuide.service.TourGuideService$1.run(TourGuideService.java:103)
Exception in thread "Thread-25" java.lang.NumberFormatException: For input string: "-77,519219"
	at sun.misc.FloatingDecimal.readJavaFormatString(FloatingDecimal.java:2043)
	at sun.misc.FloatingDecimal.parseDouble(FloatingDecimal.java:110)
	at java.lang.Double.parseDouble(Double.java:538)
	at gpsUtil.GpsUtil.getUserLocation(GpsUtil.java:30)
	at tourGuide.service.TourGuideService.trackUserLocation(TourGuideService.java:84)
	at tourGuide.service.TourGuideService$1.run(TourGuideService.java:103)
Exception in thread "Thread-34" java.lang.NumberFormatException: For input string: "74,594475"
	at sun.misc.FloatingDecimal.readJavaFormatString(FloatingDecimal.java:2043)
	at sun.misc.FloatingDecimal.parseDouble(FloatingDecimal.java:110)
	at java.lang.Double.parseDouble(Double.java:538)
	at gpsUtil.GpsUtil.getUserLocation(GpsUtil.java:30)
	at tourGuide.service.TourGuideService.trackUserLocation(TourGuideService.java:84)
	at tourGuide.service.TourGuideService$1.run(TourGuideService.java:103)
Exception in thread "Thread-47" java.lang.NumberFormatException: For input string: "150,588839"
	at sun.misc.FloatingDecimal.readJavaFormatString(FloatingDecimal.java:2043)
	at sun.misc.FloatingDecimal.parseDouble(FloatingDecimal.java:110)
	at java.lang.Double.parseDouble(Double.java:538)
	at gpsUtil.GpsUtil.getUserLocation(GpsUtil.java:30)
	at tourGuide.service.TourGuideService.trackUserLocation(TourGuideService.java:84)
	at tourGuide.service.TourGuideService$1.run(TourGuideService.java:103)
Exception in thread "Thread-9" java.lang.NumberFormatException: For input string: "-132,738176"
	at sun.misc.FloatingDecimal.readJavaFormatString(FloatingDecimal.java:2043)
	at sun.misc.FloatingDecimal.parseDouble(FloatingDecimal.java:110)
	at java.lang.Double.parseDouble(Double.java:538)
	at gpsUtil.GpsUtil.getUserLocation(GpsUtil.java:30)
	at tourGuide.service.TourGuideService.trackUserLocation(TourGuideService.java:84)
	at tourGuide.service.TourGuideService$1.run(TourGuideService.java:103)
Exception in thread "Thread-16" java.lang.NumberFormatException: For input string: "-28,765833"
	at sun.misc.FloatingDecimal.readJavaFormatString(FloatingDecimal.java:2043)
	at sun.misc.FloatingDecimal.parseDouble(FloatingDecimal.java:110)
	at java.lang.Double.parseDouble(Double.java:538)
	at gpsUtil.GpsUtil.getUserLocation(GpsUtil.java:30)
	at tourGuide.service.TourGuideService.trackUserLocation(TourGuideService.java:84)
	at tourGuide.service.TourGuideService$1.run(TourGuideService.java:103)
Exception in thread "Thread-35" java.lang.NumberFormatException: For input string: "41,618599"
	at sun.misc.FloatingDecimal.readJavaFormatString(FloatingDecimal.java:2043)
	at sun.misc.FloatingDecimal.parseDouble(FloatingDecimal.java:110)
	at java.lang.Double.parseDouble(Double.java:538)
	at gpsUtil.GpsUtil.getUserLocation(GpsUtil.java:30)
	at tourGuide.service.TourGuideService.trackUserLocation(TourGuideService.java:84)
	at tourGuide.service.TourGuideService$1.run(TourGuideService.java:103)
Exception in thread "Thread-12" java.lang.NumberFormatException: For input string: "179,162792"
	at sun.misc.FloatingDecimal.readJavaFormatString(FloatingDecimal.java:2043)
	at sun.misc.FloatingDecimal.parseDouble(FloatingDecimal.java:110)
	at java.lang.Double.parseDouble(Double.java:538)
	at gpsUtil.GpsUtil.getUserLocation(GpsUtil.java:30)
	at tourGuide.service.TourGuideService.trackUserLocation(TourGuideService.java:84)
	at tourGuide.service.TourGuideService$1.run(TourGuideService.java:103)
Exception in thread "Thread-33" java.lang.NumberFormatException: For input string: "-17,906427"
	at sun.misc.FloatingDecimal.readJavaFormatString(FloatingDecimal.java:2043)
	at sun.misc.FloatingDecimal.parseDouble(FloatingDecimal.java:110)
	at java.lang.Double.parseDouble(Double.java:538)
	at gpsUtil.GpsUtil.getUserLocation(GpsUtil.java:30)
	at tourGuide.service.TourGuideService.trackUserLocation(TourGuideService.java:84)
	at tourGuide.service.TourGuideService$1.run(TourGuideService.java:103)
Exception in thread "Thread-31" java.lang.NumberFormatException: For input string: "84,091928"
	at sun.misc.FloatingDecimal.readJavaFormatString(FloatingDecimal.java:2043)
	at sun.misc.FloatingDecimal.parseDouble(FloatingDecimal.java:110)
	at java.lang.Double.parseDouble(Double.java:538)
	at gpsUtil.GpsUtil.getUserLocation(GpsUtil.java:30)
	at tourGuide.service.TourGuideService.trackUserLocation(TourGuideService.java:84)
	at tourGuide.service.TourGuideService$1.run(TourGuideService.java:103)
Exception in thread "Thread-43" java.lang.NumberFormatException: For input string: "10,101862"
	at sun.misc.FloatingDecimal.readJavaFormatString(FloatingDecimal.java:2043)
	at sun.misc.FloatingDecimal.parseDouble(FloatingDecimal.java:110)
	at java.lang.Double.parseDouble(Double.java:538)
	at gpsUtil.GpsUtil.getUserLocation(GpsUtil.java:30)
	at tourGuide.service.TourGuideService.trackUserLocation(TourGuideService.java:84)
	at tourGuide.service.TourGuideService$1.run(TourGuideService.java:103)
Exception in thread "Thread-40" java.lang.NumberFormatException: For input string: "-68,405322"
	at sun.misc.FloatingDecimal.readJavaFormatString(FloatingDecimal.java:2043)
	at sun.misc.FloatingDecimal.parseDouble(FloatingDecimal.java:110)
	at java.lang.Double.parseDouble(Double.java:538)
	at gpsUtil.GpsUtil.getUserLocation(GpsUtil.java:30)
	at tourGuide.service.TourGuideService.trackUserLocation(TourGuideService.java:84)
	at tourGuide.service.TourGuideService$1.run(TourGuideService.java:103)
Exception in thread "Thread-10" java.lang.NumberFormatException: For input string: "140,142696"
	at sun.misc.FloatingDecimal.readJavaFormatString(FloatingDecimal.java:2043)
	at sun.misc.FloatingDecimal.parseDouble(FloatingDecimal.java:110)
	at java.lang.Double.parseDouble(Double.java:538)
	at gpsUtil.GpsUtil.getUserLocation(GpsUtil.java:30)
	at tourGuide.service.TourGuideService.trackUserLocation(TourGuideService.java:84)
	at tourGuide.service.TourGuideService$1.run(TourGuideService.java:103)
Exception in thread "Thread-7" java.lang.NumberFormatException: For input string: "-159,485433"
	at sun.misc.FloatingDecimal.readJavaFormatString(FloatingDecimal.java:2043)
	at sun.misc.FloatingDecimal.parseDouble(FloatingDecimal.java:110)
	at java.lang.Double.parseDouble(Double.java:538)
	at gpsUtil.GpsUtil.getUserLocation(GpsUtil.java:30)
	at tourGuide.service.TourGuideService.trackUserLocation(TourGuideService.java:84)
	at tourGuide.service.TourGuideService$1.run(TourGuideService.java:103)
Exception in thread "Thread-18" java.lang.NumberFormatException: For input string: "88,629523"
	at sun.misc.FloatingDecimal.readJavaFormatString(FloatingDecimal.java:2043)
	at sun.misc.FloatingDecimal.parseDouble(FloatingDecimal.java:110)
	at java.lang.Double.parseDouble(Double.java:538)
	at gpsUtil.GpsUtil.getUserLocation(GpsUtil.java:30)
	at tourGuide.service.TourGuideService.trackUserLocation(TourGuideService.java:84)
	at tourGuide.service.TourGuideService$1.run(TourGuideService.java:103)
Exception in thread "Thread-32" java.lang.NumberFormatException: For input string: "8,042796"
	at sun.misc.FloatingDecimal.readJavaFormatString(FloatingDecimal.java:2043)
	at sun.misc.FloatingDecimal.parseDouble(FloatingDecimal.java:110)
	at java.lang.Double.parseDouble(Double.java:538)
	at gpsUtil.GpsUtil.getUserLocation(GpsUtil.java:30)
	at tourGuide.service.TourGuideService.trackUserLocation(TourGuideService.java:84)
	at tourGuide.service.TourGuideService$1.run(TourGuideService.java:103)
Exception in thread "Thread-17" java.lang.NumberFormatException: For input string: "11,456117"
	at sun.misc.FloatingDecimal.readJavaFormatString(FloatingDecimal.java:2043)
	at sun.misc.FloatingDecimal.parseDouble(FloatingDecimal.java:110)
	at java.lang.Double.parseDouble(Double.java:538)
	at gpsUtil.GpsUtil.getUserLocation(GpsUtil.java:30)
	at tourGuide.service.TourGuideService.trackUserLocation(TourGuideService.java:84)
	at tourGuide.service.TourGuideService$1.run(TourGuideService.java:103)
Exception in thread "Thread-28" java.lang.NumberFormatException: For input string: "145,795382"
	at sun.misc.FloatingDecimal.readJavaFormatString(FloatingDecimal.java:2043)
	at sun.misc.FloatingDecimal.parseDouble(FloatingDecimal.java:110)
	at java.lang.Double.parseDouble(Double.java:538)
	at gpsUtil.GpsUtil.getUserLocation(GpsUtil.java:30)
	at tourGuide.service.TourGuideService.trackUserLocation(TourGuideService.java:84)
	at tourGuide.service.TourGuideService$1.run(TourGuideService.java:103)
Exception in thread "Thread-48" java.lang.NumberFormatException: For input string: "76,122490"
	at sun.misc.FloatingDecimal.readJavaFormatString(FloatingDecimal.java:2043)
	at sun.misc.FloatingDecimal.parseDouble(FloatingDecimal.java:110)
	at java.lang.Double.parseDouble(Double.java:538)
	at gpsUtil.GpsUtil.getUserLocation(GpsUtil.java:30)
	at tourGuide.service.TourGuideService.trackUserLocation(TourGuideService.java:84)
	at tourGuide.service.TourGuideService$1.run(TourGuideService.java:103)
Exception in thread "Thread-45" java.lang.NumberFormatException: For input string: "52,466162"
	at sun.misc.FloatingDecimal.readJavaFormatString(FloatingDecimal.java:2043)
	at sun.misc.FloatingDecimal.parseDouble(FloatingDecimal.java:110)
	at java.lang.Double.parseDouble(Double.java:538)
	at gpsUtil.GpsUtil.getUserLocation(GpsUtil.java:30)
	at tourGuide.service.TourGuideService.trackUserLocation(TourGuideService.java:84)
	at tourGuide.service.TourGuideService$1.run(TourGuideService.java:103)
Exception in thread "Thread-41" java.lang.NumberFormatException: For input string: "80,167068"
	at sun.misc.FloatingDecimal.readJavaFormatString(FloatingDecimal.java:2043)
	at sun.misc.FloatingDecimal.parseDouble(FloatingDecimal.java:110)
	at java.lang.Double.parseDouble(Double.java:538)
	at gpsUtil.GpsUtil.getUserLocation(GpsUtil.java:30)
	at tourGuide.service.TourGuideService.trackUserLocation(TourGuideService.java:84)
	at tourGuide.service.TourGuideService$1.run(TourGuideService.java:103)
Exception in thread "Thread-13" java.lang.NumberFormatException: For input string: "46,123149"
	at sun.misc.FloatingDecimal.readJavaFormatString(FloatingDecimal.java:2043)
	at sun.misc.FloatingDecimal.parseDouble(FloatingDecimal.java:110)
	at java.lang.Double.parseDouble(Double.java:538)
	at gpsUtil.GpsUtil.getUserLocation(GpsUtil.java:30)
	at tourGuide.service.TourGuideService.trackUserLocation(TourGuideService.java:84)
	at tourGuide.service.TourGuideService$1.run(TourGuideService.java:103)
Exception in thread "Thread-39" java.lang.NumberFormatException: For input string: "-19,653361"
	at sun.misc.FloatingDecimal.readJavaFormatString(FloatingDecimal.java:2043)
	at sun.misc.FloatingDecimal.parseDouble(FloatingDecimal.java:110)
	at java.lang.Double.parseDouble(Double.java:538)
	at gpsUtil.GpsUtil.getUserLocation(GpsUtil.java:30)
	at tourGuide.service.TourGuideService.trackUserLocation(TourGuideService.java:84)
	at tourGuide.service.TourGuideService$1.run(TourGuideService.java:103)
Exception in thread "Thread-30" java.lang.NumberFormatException: For input string: "-42,424431"
	at sun.misc.FloatingDecimal.readJavaFormatString(FloatingDecimal.java:2043)
	at sun.misc.FloatingDecimal.parseDouble(FloatingDecimal.java:110)
	at java.lang.Double.parseDouble(Double.java:538)
	at gpsUtil.GpsUtil.getUserLocation(GpsUtil.java:30)
	at tourGuide.service.TourGuideService.trackUserLocation(TourGuideService.java:84)
	at tourGuide.service.TourGuideService$1.run(TourGuideService.java:103)
Exception in thread "Thread-26" java.lang.NumberFormatException: For input string: "4,645985"
	at sun.misc.FloatingDecimal.readJavaFormatString(FloatingDecimal.java:2043)
	at sun.misc.FloatingDecimal.parseDouble(FloatingDecimal.java:110)
	at java.lang.Double.parseDouble(Double.java:538)
	at gpsUtil.GpsUtil.getUserLocation(GpsUtil.java:30)
	at tourGuide.service.TourGuideService.trackUserLocation(TourGuideService.java:84)
	at tourGuide.service.TourGuideService$1.run(TourGuideService.java:103)
Exception in thread "Thread-44" java.lang.NumberFormatException: For input string: "-68,093476"
	at sun.misc.FloatingDecimal.readJavaFormatString(FloatingDecimal.java:2043)
	at sun.misc.FloatingDecimal.parseDouble(FloatingDecimal.java:110)
	at java.lang.Double.parseDouble(Double.java:538)
	at gpsUtil.GpsUtil.getUserLocation(GpsUtil.java:30)
	at tourGuide.service.TourGuideService.trackUserLocation(TourGuideService.java:84)
	at tourGuide.service.TourGuideService$1.run(TourGuideService.java:103)
Exception in thread "Thread-46" java.lang.NumberFormatException: For input string: "-1,982062"
	at sun.misc.FloatingDecimal.readJavaFormatString(FloatingDecimal.java:2043)
	at sun.misc.FloatingDecimal.parseDouble(FloatingDecimal.java:110)
	at java.lang.Double.parseDouble(Double.java:538)
	at gpsUtil.GpsUtil.getUserLocation(GpsUtil.java:30)
	at tourGuide.service.TourGuideService.trackUserLocation(TourGuideService.java:84)
	at tourGuide.service.TourGuideService$1.run(TourGuideService.java:103)
Exception in thread "Thread-27" java.lang.NumberFormatException: For input string: "-23,821559"
	at sun.misc.FloatingDecimal.readJavaFormatString(FloatingDecimal.java:2043)
	at sun.misc.FloatingDecimal.parseDouble(FloatingDecimal.java:110)
	at java.lang.Double.parseDouble(Double.java:538)
	at gpsUtil.GpsUtil.getUserLocation(GpsUtil.java:30)
	at tourGuide.service.TourGuideService.trackUserLocation(TourGuideService.java:84)
	at tourGuide.service.TourGuideService$1.run(TourGuideService.java:103)
Exception in thread "Thread-20" java.lang.NumberFormatException: For input string: "59,087466"
	at sun.misc.FloatingDecimal.readJavaFormatString(FloatingDecimal.java:2043)
	at sun.misc.FloatingDecimal.parseDouble(FloatingDecimal.java:110)
	at java.lang.Double.parseDouble(Double.java:538)
	at gpsUtil.GpsUtil.getUserLocation(GpsUtil.java:30)
	at tourGuide.service.TourGuideService.trackUserLocation(TourGuideService.java:84)
	at tourGuide.service.TourGuideService$1.run(TourGuideService.java:103)
Exception in thread "Thread-54" java.lang.NumberFormatException: For input string: "91,555860"
	at sun.misc.FloatingDecimal.readJavaFormatString(FloatingDecimal.java:2043)
	at sun.misc.FloatingDecimal.parseDouble(FloatingDecimal.java:110)
	at java.lang.Double.parseDouble(Double.java:538)
	at gpsUtil.GpsUtil.getUserLocation(GpsUtil.java:30)
	at tourGuide.service.TourGuideService.trackUserLocation(TourGuideService.java:84)
	at tourGuide.service.TourGuideService$1.run(TourGuideService.java:103)
Exception in thread "Thread-61" java.lang.NumberFormatException: For input string: "-66,281255"
	at sun.misc.FloatingDecimal.readJavaFormatString(FloatingDecimal.java:2043)
	at sun.misc.FloatingDecimal.parseDouble(FloatingDecimal.java:110)
	at java.lang.Double.parseDouble(Double.java:538)
	at gpsUtil.GpsUtil.getUserLocation(GpsUtil.java:30)
	at tourGuide.service.TourGuideService.trackUserLocation(TourGuideService.java:84)
	at tourGuide.service.TourGuideService$1.run(TourGuideService.java:103)
Exception in thread "Thread-63" java.lang.NumberFormatException: For input string: "39,650175"
	at sun.misc.FloatingDecimal.readJavaFormatString(FloatingDecimal.java:2043)
	at sun.misc.FloatingDecimal.parseDouble(FloatingDecimal.java:110)
	at java.lang.Double.parseDouble(Double.java:538)
	at gpsUtil.GpsUtil.getUserLocation(GpsUtil.java:30)
	at tourGuide.service.TourGuideService.trackUserLocation(TourGuideService.java:84)
	at tourGuide.service.TourGuideService$1.run(TourGuideService.java:103)
Exception in thread "Thread-68" java.lang.NumberFormatException: For input string: "-63,428707"
	at sun.misc.FloatingDecimal.readJavaFormatString(FloatingDecimal.java:2043)
	at sun.misc.FloatingDecimal.parseDouble(FloatingDecimal.java:110)
	at java.lang.Double.parseDouble(Double.java:538)
	at gpsUtil.GpsUtil.getUserLocation(GpsUtil.java:30)
	at tourGuide.service.TourGuideService.trackUserLocation(TourGuideService.java:84)
	at tourGuide.service.TourGuideService$1.run(TourGuideService.java:103)
Exception in thread "Thread-73" java.lang.NumberFormatException: For input string: "-22,356780"
	at sun.misc.FloatingDecimal.readJavaFormatString(FloatingDecimal.java:2043)
	at sun.misc.FloatingDecimal.parseDouble(FloatingDecimal.java:110)
	at java.lang.Double.parseDouble(Double.java:538)
	at gpsUtil.GpsUtil.getUserLocation(GpsUtil.java:30)
	at tourGuide.service.TourGuideService.trackUserLocation(TourGuideService.java:84)
	at tourGuide.service.TourGuideService$1.run(TourGuideService.java:103)
Exception in thread "Thread-72" java.lang.NumberFormatException: For input string: "71,269657"
	at sun.misc.FloatingDecimal.readJavaFormatString(FloatingDecimal.java:2043)
	at sun.misc.FloatingDecimal.parseDouble(FloatingDecimal.java:110)
	at java.lang.Double.parseDouble(Double.java:538)
	at gpsUtil.GpsUtil.getUserLocation(GpsUtil.java:30)
	at tourGuide.service.TourGuideService.trackUserLocation(TourGuideService.java:84)
	at tourGuide.service.TourGuideService$1.run(TourGuideService.java:103)
Exception in thread "Thread-51" java.lang.NumberFormatException: For input string: "-166,421189"
	at sun.misc.FloatingDecimal.readJavaFormatString(FloatingDecimal.java:2043)
	at sun.misc.FloatingDecimal.parseDouble(FloatingDecimal.java:110)
	at java.lang.Double.parseDouble(Double.java:538)
	at gpsUtil.GpsUtil.getUserLocation(GpsUtil.java:30)
	at tourGuide.service.TourGuideService.trackUserLocation(TourGuideService.java:84)
	at tourGuide.service.TourGuideService$1.run(TourGuideService.java:103)
Exception in thread "Thread-99" java.lang.NumberFormatException: For input string: "113,628959"
	at sun.misc.FloatingDecimal.readJavaFormatString(FloatingDecimal.java:2043)
	at sun.misc.FloatingDecimal.parseDouble(FloatingDecimal.java:110)
	at java.lang.Double.parseDouble(Double.java:538)
	at gpsUtil.GpsUtil.getUserLocation(GpsUtil.java:30)
	at tourGuide.service.TourGuideService.trackUserLocation(TourGuideService.java:84)
	at tourGuide.service.TourGuideService$1.run(TourGuideService.java:103)
Exception in thread "Thread-185" java.lang.NumberFormatException: For input string: "-148,101121"
	at sun.misc.FloatingDecimal.readJavaFormatString(FloatingDecimal.java:2043)
	at sun.misc.FloatingDecimal.parseDouble(FloatingDecimal.java:110)
	at java.lang.Double.parseDouble(Double.java:538)
	at gpsUtil.GpsUtil.getUserLocation(GpsUtil.java:30)
	at tourGuide.service.TourGuideService.trackUserLocation(TourGuideService.java:84)
	at tourGuide.service.TourGuideService$1.run(TourGuideService.java:103)
Exception in thread "Thread-71" java.lang.NumberFormatException: For input string: "141,902428"
	at sun.misc.FloatingDecimal.readJavaFormatString(FloatingDecimal.java:2043)
	at sun.misc.FloatingDecimal.parseDouble(FloatingDecimal.java:110)
	at java.lang.Double.parseDouble(Double.java:538)
	at gpsUtil.GpsUtil.getUserLocation(GpsUtil.java:30)
	at tourGuide.service.TourGuideService.trackUserLocation(TourGuideService.java:84)
	at tourGuide.service.TourGuideService$1.run(TourGuideService.java:103)
Exception in thread "Thread-81" java.lang.NumberFormatException: For input string: "63,643461"
	at sun.misc.FloatingDecimal.readJavaFormatString(FloatingDecimal.java:2043)
	at sun.misc.FloatingDecimal.parseDouble(FloatingDecimal.java:110)
	at java.lang.Double.parseDouble(Double.java:538)
	at gpsUtil.GpsUtil.getUserLocation(GpsUtil.java:30)
	at tourGuide.service.TourGuideService.trackUserLocation(TourGuideService.java:84)
	at tourGuide.service.TourGuideService$1.run(TourGuideService.java:103)
Exception in thread "Thread-80" java.lang.NumberFormatException: For input string: "101,235728"
	at sun.misc.FloatingDecimal.readJavaFormatString(FloatingDecimal.java:2043)
	at sun.misc.FloatingDecimal.parseDouble(FloatingDecimal.java:110)
	at java.lang.Double.parseDouble(Double.java:538)
	at gpsUtil.GpsUtil.getUserLocation(GpsUtil.java:30)
	at tourGuide.service.TourGuideService.trackUserLocation(TourGuideService.java:84)
	at tourGuide.service.TourGuideService$1.run(TourGuideService.java:103)
Exception in thread "Thread-76" java.lang.NumberFormatException: For input string: "-75,808488"
	at sun.misc.FloatingDecimal.readJavaFormatString(FloatingDecimal.java:2043)
	at sun.misc.FloatingDecimal.parseDouble(FloatingDecimal.java:110)
	at java.lang.Double.parseDouble(Double.java:538)
	at gpsUtil.GpsUtil.getUserLocation(GpsUtil.java:30)
	at tourGuide.service.TourGuideService.trackUserLocation(TourGuideService.java:84)
	at tourGuide.service.TourGuideService$1.run(TourGuideService.java:103)
Exception in thread "Thread-70" java.lang.NumberFormatException: For input string: "176,739902"
	at sun.misc.FloatingDecimal.readJavaFormatString(FloatingDecimal.java:2043)
	at sun.misc.FloatingDecimal.parseDouble(FloatingDecimal.java:110)
	at java.lang.Double.parseDouble(Double.java:538)
	at gpsUtil.GpsUtil.getUserLocation(GpsUtil.java:30)
	at tourGuide.service.TourGuideService.trackUserLocation(TourGuideService.java:84)
	at tourGuide.service.TourGuideService$1.run(TourGuideService.java:103)
Exception in thread "Thread-53" java.lang.NumberFormatException: For input string: "146,173271"
	at sun.misc.FloatingDecimal.readJavaFormatString(FloatingDecimal.java:2043)
	at sun.misc.FloatingDecimal.parseDouble(FloatingDecimal.java:110)
	at java.lang.Double.parseDouble(Double.java:538)
	at gpsUtil.GpsUtil.getUserLocation(GpsUtil.java:30)
	at tourGuide.service.TourGuideService.trackUserLocation(TourGuideService.java:84)
	at tourGuide.service.TourGuideService$1.run(TourGuideService.java:103)
Exception in thread "Thread-94" java.lang.NumberFormatException: For input string: "82,983126"
	at sun.misc.FloatingDecimal.readJavaFormatString(FloatingDecimal.java:2043)
	at sun.misc.FloatingDecimal.parseDouble(FloatingDecimal.java:110)
	at java.lang.Double.parseDouble(Double.java:538)
	at gpsUtil.GpsUtil.getUserLocation(GpsUtil.java:30)
	at tourGuide.service.TourGuideService.trackUserLocation(TourGuideService.java:84)
	at tourGuide.service.TourGuideService$1.run(TourGuideService.java:103)
Exception in thread "Thread-66" java.lang.NumberFormatException: For input string: "56,165137"
	at sun.misc.FloatingDecimal.readJavaFormatString(FloatingDecimal.java:2043)
	at sun.misc.FloatingDecimal.parseDouble(FloatingDecimal.java:110)
	at java.lang.Double.parseDouble(Double.java:538)
	at gpsUtil.GpsUtil.getUserLocation(GpsUtil.java:30)
	at tourGuide.service.TourGuideService.trackUserLocation(TourGuideService.java:84)
	at tourGuide.service.TourGuideService$1.run(TourGuideService.java:103)
Exception in thread "Thread-120" java.lang.NumberFormatException: For input string: "129,254505"
	at sun.misc.FloatingDecimal.readJavaFormatString(FloatingDecimal.java:2043)
	at sun.misc.FloatingDecimal.parseDouble(FloatingDecimal.java:110)
	at java.lang.Double.parseDouble(Double.java:538)
	at gpsUtil.GpsUtil.getUserLocation(GpsUtil.java:30)
	at tourGuide.service.TourGuideService.trackUserLocation(TourGuideService.java:84)
	at tourGuide.service.TourGuideService$1.run(TourGuideService.java:103)
Exception in thread "Thread-112" java.lang.NumberFormatException: For input string: "-20,783895"
	at sun.misc.FloatingDecimal.readJavaFormatString(FloatingDecimal.java:2043)
	at sun.misc.FloatingDecimal.parseDouble(FloatingDecimal.java:110)
	at java.lang.Double.parseDouble(Double.java:538)
	at gpsUtil.GpsUtil.getUserLocation(GpsUtil.java:30)
	at tourGuide.service.TourGuideService.trackUserLocation(TourGuideService.java:84)
	at tourGuide.service.TourGuideService$1.run(TourGuideService.java:103)
Exception in thread "Thread-78" java.lang.NumberFormatException: For input string: "123,831181"
	at sun.misc.FloatingDecimal.readJavaFormatString(FloatingDecimal.java:2043)
	at sun.misc.FloatingDecimal.parseDouble(FloatingDecimal.java:110)
	at java.lang.Double.parseDouble(Double.java:538)
	at gpsUtil.GpsUtil.getUserLocation(GpsUtil.java:30)
	at tourGuide.service.TourGuideService.trackUserLocation(TourGuideService.java:84)
	at tourGuide.service.TourGuideService$1.run(TourGuideService.java:103)
Exception in thread "Thread-69" java.lang.NumberFormatException: For input string: "-85,210865"
	at sun.misc.FloatingDecimal.readJavaFormatString(FloatingDecimal.java:2043)
	at sun.misc.FloatingDecimal.parseDouble(FloatingDecimal.java:110)
	at java.lang.Double.parseDouble(Double.java:538)
	at gpsUtil.GpsUtil.getUserLocation(GpsUtil.java:30)
	at tourGuide.service.TourGuideService.trackUserLocation(TourGuideService.java:84)
	at tourGuide.service.TourGuideService$1.run(TourGuideService.java:103)
Exception in thread "Thread-105" java.lang.NumberFormatException: For input string: "-38,226189"
	at sun.misc.FloatingDecimal.readJavaFormatString(FloatingDecimal.java:2043)
	at sun.misc.FloatingDecimal.parseDouble(FloatingDecimal.java:110)
	at java.lang.Double.parseDouble(Double.java:538)
	at gpsUtil.GpsUtil.getUserLocation(GpsUtil.java:30)
	at tourGuide.service.TourGuideService.trackUserLocation(TourGuideService.java:84)
	at tourGuide.service.TourGuideService$1.run(TourGuideService.java:103)
Exception in thread "Thread-57" java.lang.NumberFormatException: For input string: "-115,064298"
	at sun.misc.FloatingDecimal.readJavaFormatString(FloatingDecimal.java:2043)
	at sun.misc.FloatingDecimal.parseDouble(FloatingDecimal.java:110)
	at java.lang.Double.parseDouble(Double.java:538)
	at gpsUtil.GpsUtil.getUserLocation(GpsUtil.java:30)
	at tourGuide.service.TourGuideService.trackUserLocation(TourGuideService.java:84)
	at tourGuide.service.TourGuideService$1.run(TourGuideService.java:103)
Exception in thread "Thread-137" java.lang.NumberFormatException: For input string: "150,542547"
	at sun.misc.FloatingDecimal.readJavaFormatString(FloatingDecimal.java:2043)
	at sun.misc.FloatingDecimal.parseDouble(FloatingDecimal.java:110)
	at java.lang.Double.parseDouble(Double.java:538)
	at gpsUtil.GpsUtil.getUserLocation(GpsUtil.java:30)
	at tourGuide.service.TourGuideService.trackUserLocation(TourGuideService.java:84)
	at tourGuide.service.TourGuideService$1.run(TourGuideService.java:103)
Exception in thread "Thread-113" java.lang.NumberFormatException: For input string: "-82,640959"
	at sun.misc.FloatingDecimal.readJavaFormatString(FloatingDecimal.java:2043)
	at sun.misc.FloatingDecimal.parseDouble(FloatingDecimal.java:110)
	at java.lang.Double.parseDouble(Double.java:538)
	at gpsUtil.GpsUtil.getUserLocation(GpsUtil.java:30)
	at tourGuide.service.TourGuideService.trackUserLocation(TourGuideService.java:84)
	at tourGuide.service.TourGuideService$1.run(TourGuideService.java:103)
Exception in thread "Thread-50" java.lang.NumberFormatException: For input string: "-32,680340"
	at sun.misc.FloatingDecimal.readJavaFormatString(FloatingDecimal.java:2043)
	at sun.misc.FloatingDecimal.parseDouble(FloatingDecimal.java:110)
	at java.lang.Double.parseDouble(Double.java:538)
	at gpsUtil.GpsUtil.getUserLocation(GpsUtil.java:30)
	at tourGuide.service.TourGuideService.trackUserLocation(TourGuideService.java:84)
	at tourGuide.service.TourGuideService$1.run(TourGuideService.java:103)
Exception in thread "Thread-171" java.lang.NumberFormatException: For input string: "-80,336092"
	at sun.misc.FloatingDecimal.readJavaFormatString(FloatingDecimal.java:2043)
	at sun.misc.FloatingDecimal.parseDouble(FloatingDecimal.java:110)
	at java.lang.Double.parseDouble(Double.java:538)
	at gpsUtil.GpsUtil.getUserLocation(GpsUtil.java:30)
	at tourGuide.service.TourGuideService.trackUserLocation(TourGuideService.java:84)
	at tourGuide.service.TourGuideService$1.run(TourGuideService.java:103)
Exception in thread "Thread-91" java.lang.NumberFormatException: For input string: "-158,297896"
	at sun.misc.FloatingDecimal.readJavaFormatString(FloatingDecimal.java:2043)
	at sun.misc.FloatingDecimal.parseDouble(FloatingDecimal.java:110)
	at java.lang.Double.parseDouble(Double.java:538)
	at gpsUtil.GpsUtil.getUserLocation(GpsUtil.java:30)
	at tourGuide.service.TourGuideService.trackUserLocation(TourGuideService.java:84)
	at tourGuide.service.TourGuideService$1.run(TourGuideService.java:103)
Exception in thread "Thread-163" java.lang.NumberFormatException: For input string: "-136,939751"
	at sun.misc.FloatingDecimal.readJavaFormatString(FloatingDecimal.java:2043)
	at sun.misc.FloatingDecimal.parseDouble(FloatingDecimal.java:110)
	at java.lang.Double.parseDouble(Double.java:538)
	at gpsUtil.GpsUtil.getUserLocation(GpsUtil.java:30)
	at tourGuide.service.TourGuideService.trackUserLocation(TourGuideService.java:84)
	at tourGuide.service.TourGuideService$1.run(TourGuideService.java:103)
Exception in thread "Thread-292" java.lang.NumberFormatException: For input string: "48,772079"
	at sun.misc.FloatingDecimal.readJavaFormatString(FloatingDecimal.java:2043)
	at sun.misc.FloatingDecimal.parseDouble(FloatingDecimal.java:110)
	at java.lang.Double.parseDouble(Double.java:538)
	at gpsUtil.GpsUtil.getUserLocation(GpsUtil.java:30)
	at tourGuide.service.TourGuideService.trackUserLocation(TourGuideService.java:84)
	at tourGuide.service.TourGuideService$1.run(TourGuideService.java:103)
Exception in thread "Thread-60" java.lang.NumberFormatException: For input string: "-52,071525"
	at sun.misc.FloatingDecimal.readJavaFormatString(FloatingDecimal.java:2043)
	at sun.misc.FloatingDecimal.parseDouble(FloatingDecimal.java:110)
	at java.lang.Double.parseDouble(Double.java:538)
	at gpsUtil.GpsUtil.getUserLocation(GpsUtil.java:30)
	at tourGuide.service.TourGuideService.trackUserLocation(TourGuideService.java:84)
	at tourGuide.service.TourGuideService$1.run(TourGuideService.java:103)
Exception in thread "Thread-88" java.lang.NumberFormatException: For input string: "-60,653277"
	at sun.misc.FloatingDecimal.readJavaFormatString(FloatingDecimal.java:2043)
	at sun.misc.FloatingDecimal.parseDouble(FloatingDecimal.java:110)
	at java.lang.Double.parseDouble(Double.java:538)
	at gpsUtil.GpsUtil.getUserLocation(GpsUtil.java:30)
	at tourGuide.service.TourGuideService.trackUserLocation(TourGuideService.java:84)
	at tourGuide.service.TourGuideService$1.run(TourGuideService.java:103)
Exception in thread "Thread-64" java.lang.NumberFormatException: For input string: "-26,340072"
	at sun.misc.FloatingDecimal.readJavaFormatString(FloatingDecimal.java:2043)
	at sun.misc.FloatingDecimal.parseDouble(FloatingDecimal.java:110)
	at java.lang.Double.parseDouble(Double.java:538)
	at gpsUtil.GpsUtil.getUserLocation(GpsUtil.java:30)
	at tourGuide.service.TourGuideService.trackUserLocation(TourGuideService.java:84)
	at tourGuide.service.TourGuideService$1.run(TourGuideService.java:103)
Exception in thread "Thread-146" java.lang.NumberFormatException: For input string: "85,398491"
	at sun.misc.FloatingDecimal.readJavaFormatString(FloatingDecimal.java:2043)
	at sun.misc.FloatingDecimal.parseDouble(FloatingDecimal.java:110)
	at java.lang.Double.parseDouble(Double.java:538)
	at gpsUtil.GpsUtil.getUserLocation(GpsUtil.java:30)
	at tourGuide.service.TourGuideService.trackUserLocation(TourGuideService.java:84)
	at tourGuide.service.TourGuideService$1.run(TourGuideService.java:103)
Exception in thread "Thread-106" java.lang.NumberFormatException: For input string: "161,921679"
	at sun.misc.FloatingDecimal.readJavaFormatString(FloatingDecimal.java:2043)
	at sun.misc.FloatingDecimal.parseDouble(FloatingDecimal.java:110)
	at java.lang.Double.parseDouble(Double.java:538)
	at gpsUtil.GpsUtil.getUserLocation(GpsUtil.java:30)
	at tourGuide.service.TourGuideService.trackUserLocation(TourGuideService.java:84)
	at tourGuide.service.TourGuideService$1.run(TourGuideService.java:103)
Exception in thread "Thread-147" java.lang.NumberFormatException: For input string: "176,265340"
	at sun.misc.FloatingDecimal.readJavaFormatString(FloatingDecimal.java:2043)
	at sun.misc.FloatingDecimal.parseDouble(FloatingDecimal.java:110)
	at java.lang.Double.parseDouble(Double.java:538)
	at gpsUtil.GpsUtil.getUserLocation(GpsUtil.java:30)
	at tourGuide.service.TourGuideService.trackUserLocation(TourGuideService.java:84)
	at tourGuide.service.TourGuideService$1.run(TourGuideService.java:103)
Exception in thread "Thread-85" java.lang.NumberFormatException: For input string: "-96,813670"
	at sun.misc.FloatingDecimal.readJavaFormatString(FloatingDecimal.java:2043)
	at sun.misc.FloatingDecimal.parseDouble(FloatingDecimal.java:110)
	at java.lang.Double.parseDouble(Double.java:538)
	at gpsUtil.GpsUtil.getUserLocation(GpsUtil.java:30)
	at tourGuide.service.TourGuideService.trackUserLocation(TourGuideService.java:84)
	at tourGuide.service.TourGuideService$1.run(TourGuideService.java:103)
Exception in thread "Thread-77" java.lang.NumberFormatException: For input string: "1,373230"
	at sun.misc.FloatingDecimal.readJavaFormatString(FloatingDecimal.java:2043)
	at sun.misc.FloatingDecimal.parseDouble(FloatingDecimal.java:110)
	at java.lang.Double.parseDouble(Double.java:538)
	at gpsUtil.GpsUtil.getUserLocation(GpsUtil.java:30)
	at tourGuide.service.TourGuideService.trackUserLocation(TourGuideService.java:84)
	at tourGuide.service.TourGuideService$1.run(TourGuideService.java:103)
Exception in thread "Thread-100" java.lang.NumberFormatException: For input string: "115,461189"
	at sun.misc.FloatingDecimal.readJavaFormatString(FloatingDecimal.java:2043)
	at sun.misc.FloatingDecimal.parseDouble(FloatingDecimal.java:110)
	at java.lang.Double.parseDouble(Double.java:538)
	at gpsUtil.GpsUtil.getUserLocation(GpsUtil.java:30)
	at tourGuide.service.TourGuideService.trackUserLocation(TourGuideService.java:84)
	at tourGuide.service.TourGuideService$1.run(TourGuideService.java:103)
Exception in thread "Thread-118" java.lang.NumberFormatException: For input string: "114,971641"
	at sun.misc.FloatingDecimal.readJavaFormatString(FloatingDecimal.java:2043)
	at sun.misc.FloatingDecimal.parseDouble(FloatingDecimal.java:110)
	at java.lang.Double.parseDouble(Double.java:538)
	at gpsUtil.GpsUtil.getUserLocation(GpsUtil.java:30)
	at tourGuide.service.TourGuideService.trackUserLocation(TourGuideService.java:84)
	at tourGuide.service.TourGuideService$1.run(TourGuideService.java:103)
Exception in thread "Thread-158" java.lang.NumberFormatException: For input string: "-25,424534"
	at sun.misc.FloatingDecimal.readJavaFormatString(FloatingDecimal.java:2043)
	at sun.misc.FloatingDecimal.parseDouble(FloatingDecimal.java:110)
	at java.lang.Double.parseDouble(Double.java:538)
	at gpsUtil.GpsUtil.getUserLocation(GpsUtil.java:30)
	at tourGuide.service.TourGuideService.trackUserLocation(TourGuideService.java:84)
	at tourGuide.service.TourGuideService$1.run(TourGuideService.java:103)
Exception in thread "Thread-115" java.lang.NumberFormatException: For input string: "27,803086"
	at sun.misc.FloatingDecimal.readJavaFormatString(FloatingDecimal.java:2043)
	at sun.misc.FloatingDecimal.parseDouble(FloatingDecimal.java:110)
	at java.lang.Double.parseDouble(Double.java:538)
	at gpsUtil.GpsUtil.getUserLocation(GpsUtil.java:30)
	at tourGuide.service.TourGuideService.trackUserLocation(TourGuideService.java:84)
	at tourGuide.service.TourGuideService$1.run(TourGuideService.java:103)
Exception in thread "Thread-82" java.lang.NumberFormatException: For input string: "19,380645"
	at sun.misc.FloatingDecimal.readJavaFormatString(FloatingDecimal.java:2043)
	at sun.misc.FloatingDecimal.parseDouble(FloatingDecimal.java:110)
	at java.lang.Double.parseDouble(Double.java:538)
	at gpsUtil.GpsUtil.getUserLocation(GpsUtil.java:30)
	at tourGuide.service.TourGuideService.trackUserLocation(TourGuideService.java:84)
	at tourGuide.service.TourGuideService$1.run(TourGuideService.java:103)
Exception in thread "Thread-130" java.lang.NumberFormatException: For input string: "46,427282"
	at sun.misc.FloatingDecimal.readJavaFormatString(FloatingDecimal.java:2043)
	at sun.misc.FloatingDecimal.parseDouble(FloatingDecimal.java:110)
	at java.lang.Double.parseDouble(Double.java:538)
	at gpsUtil.GpsUtil.getUserLocation(GpsUtil.java:30)
	at tourGuide.service.TourGuideService.trackUserLocation(TourGuideService.java:84)
	at tourGuide.service.TourGuideService$1.run(TourGuideService.java:103)
Exception in thread "Thread-442" java.lang.NumberFormatException: For input string: "97,390659"
	at sun.misc.FloatingDecimal.readJavaFormatString(FloatingDecimal.java:2043)
	at sun.misc.FloatingDecimal.parseDouble(FloatingDecimal.java:110)
	at java.lang.Double.parseDouble(Double.java:538)
	at gpsUtil.GpsUtil.getUserLocation(GpsUtil.java:30)
	at tourGuide.service.TourGuideService.trackUserLocation(TourGuideService.java:84)
	at tourGuide.service.TourGuideService$1.run(TourGuideService.java:103)
Exception in thread "Thread-235" java.lang.NumberFormatException: For input string: "104,374895"
	at sun.misc.FloatingDecimal.readJavaFormatString(FloatingDecimal.java:2043)
	at sun.misc.FloatingDecimal.parseDouble(FloatingDecimal.java:110)
	at java.lang.Double.parseDouble(Double.java:538)
	at gpsUtil.GpsUtil.getUserLocation(GpsUtil.java:30)
	at tourGuide.service.TourGuideService.trackUserLocation(TourGuideService.java:84)
	at tourGuide.service.TourGuideService$1.run(TourGuideService.java:103)
Exception in thread "Thread-59" java.lang.NumberFormatException: For input string: "-27,592384"
	at sun.misc.FloatingDecimal.readJavaFormatString(FloatingDecimal.java:2043)
	at sun.misc.FloatingDecimal.parseDouble(FloatingDecimal.java:110)
	at java.lang.Double.parseDouble(Double.java:538)
	at gpsUtil.GpsUtil.getUserLocation(GpsUtil.java:30)
	at tourGuide.service.TourGuideService.trackUserLocation(TourGuideService.java:84)
	at tourGuide.service.TourGuideService$1.run(TourGuideService.java:103)
Exception in thread "Thread-203" java.lang.NumberFormatException: For input string: "-140,875499"
	at sun.misc.FloatingDecimal.readJavaFormatString(FloatingDecimal.java:2043)
	at sun.misc.FloatingDecimal.parseDouble(FloatingDecimal.java:110)
	at java.lang.Double.parseDouble(Double.java:538)
	at gpsUtil.GpsUtil.getUserLocation(GpsUtil.java:30)
	at tourGuide.service.TourGuideService.trackUserLocation(TourGuideService.java:84)
	at tourGuide.service.TourGuideService$1.run(TourGuideService.java:103)
Exception in thread "Thread-234" java.lang.NumberFormatException: For input string: "-77,890554"
	at sun.misc.FloatingDecimal.readJavaFormatString(FloatingDecimal.java:2043)
	at sun.misc.FloatingDecimal.parseDouble(FloatingDecimal.java:110)
	at java.lang.Double.parseDouble(Double.java:538)
	at gpsUtil.GpsUtil.getUserLocation(GpsUtil.java:30)
	at tourGuide.service.TourGuideService.trackUserLocation(TourGuideService.java:84)
	at tourGuide.service.TourGuideService$1.run(TourGuideService.java:103)
Exception in thread "Thread-219" java.lang.NumberFormatException: For input string: "-111,988983"
	at sun.misc.FloatingDecimal.readJavaFormatString(FloatingDecimal.java:2043)
	at sun.misc.FloatingDecimal.parseDouble(FloatingDecimal.java:110)
	at java.lang.Double.parseDouble(Double.java:538)
	at gpsUtil.GpsUtil.getUserLocation(GpsUtil.java:30)
	at tourGuide.service.TourGuideService.trackUserLocation(TourGuideService.java:84)
	at tourGuide.service.TourGuideService$1.run(TourGuideService.java:103)
Exception in thread "Thread-386" java.lang.NumberFormatException: For input string: "-171,146467"
	at sun.misc.FloatingDecimal.readJavaFormatString(FloatingDecimal.java:2043)
	at sun.misc.FloatingDecimal.parseDouble(FloatingDecimal.java:110)
	at java.lang.Double.parseDouble(Double.java:538)
	at gpsUtil.GpsUtil.getUserLocation(GpsUtil.java:30)
	at tourGuide.service.TourGuideService.trackUserLocation(TourGuideService.java:84)
	at tourGuide.service.TourGuideService$1.run(TourGuideService.java:103)
Exception in thread "Thread-282" java.lang.NumberFormatException: For input string: "39,963648"
	at sun.misc.FloatingDecimal.readJavaFormatString(FloatingDecimal.java:2043)
	at sun.misc.FloatingDecimal.parseDouble(FloatingDecimal.java:110)
	at java.lang.Double.parseDouble(Double.java:538)
	at gpsUtil.GpsUtil.getUserLocation(GpsUtil.java:30)
	at tourGuide.service.TourGuideService.trackUserLocation(TourGuideService.java:84)
	at tourGuide.service.TourGuideService$1.run(TourGuideService.java:103)
Exception in thread "Thread-83" java.lang.NumberFormatException: For input string: "119,655183"
	at sun.misc.FloatingDecimal.readJavaFormatString(FloatingDecimal.java:2043)
	at sun.misc.FloatingDecimal.parseDouble(FloatingDecimal.java:110)
	at java.lang.Double.parseDouble(Double.java:538)
	at gpsUtil.GpsUtil.getUserLocation(GpsUtil.java:30)
	at tourGuide.service.TourGuideService.trackUserLocation(TourGuideService.java:84)
	at tourGuide.service.TourGuideService$1.run(TourGuideService.java:103)
Exception in thread "Thread-145" java.lang.NumberFormatException: For input string: "79,051100"
	at sun.misc.FloatingDecimal.readJavaFormatString(FloatingDecimal.java:2043)
	at sun.misc.FloatingDecimal.parseDouble(FloatingDecimal.java:110)
	at java.lang.Double.parseDouble(Double.java:538)
	at gpsUtil.GpsUtil.getUserLocation(GpsUtil.java:30)
	at tourGuide.service.TourGuideService.trackUserLocation(TourGuideService.java:84)
	at tourGuide.service.TourGuideService$1.run(TourGuideService.java:103)
Exception in thread "Thread-160" java.lang.NumberFormatException: For input string: "107,894759"
	at sun.misc.FloatingDecimal.readJavaFormatString(FloatingDecimal.java:2043)
	at sun.misc.FloatingDecimal.parseDouble(FloatingDecimal.java:110)
	at java.lang.Double.parseDouble(Double.java:538)
	at gpsUtil.GpsUtil.getUserLocation(GpsUtil.java:30)
	at tourGuide.service.TourGuideService.trackUserLocation(TourGuideService.java:84)
	at tourGuide.service.TourGuideService$1.run(TourGuideService.java:103)
Exception in thread "Thread-176" java.lang.NumberFormatException: For input string: "13,922834"
	at sun.misc.FloatingDecimal.readJavaFormatString(FloatingDecimal.java:2043)
	at sun.misc.FloatingDecimal.parseDouble(FloatingDecimal.java:110)
	at java.lang.Double.parseDouble(Double.java:538)
	at gpsUtil.GpsUtil.getUserLocation(GpsUtil.java:30)
	at tourGuide.service.TourGuideService.trackUserLocation(TourGuideService.java:84)
	at tourGuide.service.TourGuideService$1.run(TourGuideService.java:103)
Exception in thread "Thread-497" java.lang.NumberFormatException: For input string: "-146,868973"
	at sun.misc.FloatingDecimal.readJavaFormatString(FloatingDecimal.java:2043)
	at sun.misc.FloatingDecimal.parseDouble(FloatingDecimal.java:110)
	at java.lang.Double.parseDouble(Double.java:538)
	at gpsUtil.GpsUtil.getUserLocation(GpsUtil.java:30)
	at tourGuide.service.TourGuideService.trackUserLocation(TourGuideService.java:84)
	at tourGuide.service.TourGuideService$1.run(TourGuideService.java:103)
Exception in thread "Thread-97" java.lang.NumberFormatException: For input string: "76,446641"
	at sun.misc.FloatingDecimal.readJavaFormatString(FloatingDecimal.java:2043)
	at sun.misc.FloatingDecimal.parseDouble(FloatingDecimal.java:110)
	at java.lang.Double.parseDouble(Double.java:538)
	at gpsUtil.GpsUtil.getUserLocation(GpsUtil.java:30)
	at tourGuide.service.TourGuideService.trackUserLocation(TourGuideService.java:84)
	at tourGuide.service.TourGuideService$1.run(TourGuideService.java:103)
Exception in thread "Thread-296" java.lang.NumberFormatException: For input string: "-38,433064"
	at sun.misc.FloatingDecimal.readJavaFormatString(FloatingDecimal.java:2043)
	at sun.misc.FloatingDecimal.parseDouble(FloatingDecimal.java:110)
	at java.lang.Double.parseDouble(Double.java:538)
	at gpsUtil.GpsUtil.getUserLocation(GpsUtil.java:30)
	at tourGuide.service.TourGuideService.trackUserLocation(TourGuideService.java:84)
	at tourGuide.service.TourGuideService$1.run(TourGuideService.java:103)
Exception in thread "Thread-305" java.lang.NumberFormatException: For input string: "175,881274"
	at sun.misc.FloatingDecimal.readJavaFormatString(FloatingDecimal.java:2043)
	at sun.misc.FloatingDecimal.parseDouble(FloatingDecimal.java:110)
	at java.lang.Double.parseDouble(Double.java:538)
	at gpsUtil.GpsUtil.getUserLocation(GpsUtil.java:30)
	at tourGuide.service.TourGuideService.trackUserLocation(TourGuideService.java:84)
	at tourGuide.service.TourGuideService$1.run(TourGuideService.java:103)
Exception in thread "Thread-385" java.lang.NumberFormatException: For input string: "-1,449261"
	at sun.misc.FloatingDecimal.readJavaFormatString(FloatingDecimal.java:2043)
	at sun.misc.FloatingDecimal.parseDouble(FloatingDecimal.java:110)
	at java.lang.Double.parseDouble(Double.java:538)
	at gpsUtil.GpsUtil.getUserLocation(GpsUtil.java:30)
	at tourGuide.service.TourGuideService.trackUserLocation(TourGuideService.java:84)
	at tourGuide.service.TourGuideService$1.run(TourGuideService.java:103)
Exception in thread "Thread-129" java.lang.NumberFormatException: For input string: "18,344310"
	at sun.misc.FloatingDecimal.readJavaFormatString(FloatingDecimal.java:2043)
	at sun.misc.FloatingDecimal.parseDouble(FloatingDecimal.java:110)
	at java.lang.Double.parseDouble(Double.java:538)
	at gpsUtil.GpsUtil.getUserLocation(GpsUtil.java:30)
	at tourGuide.service.TourGuideService.trackUserLocation(TourGuideService.java:84)
	at tourGuide.service.TourGuideService$1.run(TourGuideService.java:103)
Exception in thread "Thread-103" java.lang.NumberFormatException: For input string: "-126,374913"
	at sun.misc.FloatingDecimal.readJavaFormatString(FloatingDecimal.java:2043)
	at sun.misc.FloatingDecimal.parseDouble(FloatingDecimal.java:110)
	at java.lang.Double.parseDouble(Double.java:538)
	at gpsUtil.GpsUtil.getUserLocation(GpsUtil.java:30)
	at tourGuide.service.TourGuideService.trackUserLocation(TourGuideService.java:84)
	at tourGuide.service.TourGuideService$1.run(TourGuideService.java:103)
Exception in thread "Thread-257" java.lang.NumberFormatException: For input string: "69,744432"
	at sun.misc.FloatingDecimal.readJavaFormatString(FloatingDecimal.java:2043)
	at sun.misc.FloatingDecimal.parseDouble(FloatingDecimal.java:110)
	at java.lang.Double.parseDouble(Double.java:538)
	at gpsUtil.GpsUtil.getUserLocation(GpsUtil.java:30)
	at tourGuide.service.TourGuideService.trackUserLocation(TourGuideService.java:84)
	at tourGuide.service.TourGuideService$1.run(TourGuideService.java:103)
Exception in thread "Thread-192" java.lang.NumberFormatException: For input string: "-60,393361"
	at sun.misc.FloatingDecimal.readJavaFormatString(FloatingDecimal.java:2043)
	at sun.misc.FloatingDecimal.parseDouble(FloatingDecimal.java:110)
	at java.lang.Double.parseDouble(Double.java:538)
	at gpsUtil.GpsUtil.getUserLocation(GpsUtil.java:30)
	at tourGuide.service.TourGuideService.trackUserLocation(TourGuideService.java:84)
	at tourGuide.service.TourGuideService$1.run(TourGuideService.java:103)
Exception in thread "Thread-56" java.lang.NumberFormatException: For input string: "-11,094081"
	at sun.misc.FloatingDecimal.readJavaFormatString(FloatingDecimal.java:2043)
	at sun.misc.FloatingDecimal.parseDouble(FloatingDecimal.java:110)
	at java.lang.Double.parseDouble(Double.java:538)
	at gpsUtil.GpsUtil.getUserLocation(GpsUtil.java:30)
	at tourGuide.service.TourGuideService.trackUserLocation(TourGuideService.java:84)
	at tourGuide.service.TourGuideService$1.run(TourGuideService.java:103)
Exception in thread "Thread-272" java.lang.NumberFormatException: For input string: "29,965578"
	at sun.misc.FloatingDecimal.readJavaFormatString(FloatingDecimal.java:2043)
	at sun.misc.FloatingDecimal.parseDouble(FloatingDecimal.java:110)
	at java.lang.Double.parseDouble(Double.java:538)
	at gpsUtil.GpsUtil.getUserLocation(GpsUtil.java:30)
	at tourGuide.service.TourGuideService.trackUserLocation(TourGuideService.java:84)
	at tourGuide.service.TourGuideService$1.run(TourGuideService.java:103)
Exception in thread "Thread-227" java.lang.NumberFormatException: For input string: "-174,992055"
	at sun.misc.FloatingDecimal.readJavaFormatString(FloatingDecimal.java:2043)
	at sun.misc.FloatingDecimal.parseDouble(FloatingDecimal.java:110)
	at java.lang.Double.parseDouble(Double.java:538)
	at gpsUtil.GpsUtil.getUserLocation(GpsUtil.java:30)
	at tourGuide.service.TourGuideService.trackUserLocation(TourGuideService.java:84)
	at tourGuide.service.TourGuideService$1.run(TourGuideService.java:103)
Exception in thread "Thread-195" java.lang.NumberFormatException: For input string: "-53,532868"
	at sun.misc.FloatingDecimal.readJavaFormatString(FloatingDecimal.java:2043)
	at sun.misc.FloatingDecimal.parseDouble(FloatingDecimal.java:110)
	at java.lang.Double.parseDouble(Double.java:538)
	at gpsUtil.GpsUtil.getUserLocation(GpsUtil.java:30)
	at tourGuide.service.TourGuideService.trackUserLocation(TourGuideService.java:84)
	at tourGuide.service.TourGuideService$1.run(TourGuideService.java:103)
Exception in thread "Thread-67" java.lang.NumberFormatException: For input string: "93,093371"
	at sun.misc.FloatingDecimal.readJavaFormatString(FloatingDecimal.java:2043)
	at sun.misc.FloatingDecimal.parseDouble(FloatingDecimal.java:110)
	at java.lang.Double.parseDouble(Double.java:538)
	at gpsUtil.GpsUtil.getUserLocation(GpsUtil.java:30)
	at tourGuide.service.TourGuideService.trackUserLocation(TourGuideService.java:84)
	at tourGuide.service.TourGuideService$1.run(TourGuideService.java:103)
Exception in thread "Thread-259" java.lang.NumberFormatException: For input string: "-30,245117"
	at sun.misc.FloatingDecimal.readJavaFormatString(FloatingDecimal.java:2043)
	at sun.misc.FloatingDecimal.parseDouble(FloatingDecimal.java:110)
	at java.lang.Double.parseDouble(Double.java:538)
	at gpsUtil.GpsUtil.getUserLocation(GpsUtil.java:30)
	at tourGuide.service.TourGuideService.trackUserLocation(TourGuideService.java:84)
	at tourGuide.service.TourGuideService$1.run(TourGuideService.java:103)
Exception in thread "Thread-243" java.lang.NumberFormatException: For input string: "-145,635757"
	at sun.misc.FloatingDecimal.readJavaFormatString(FloatingDecimal.java:2043)
	at sun.misc.FloatingDecimal.parseDouble(FloatingDecimal.java:110)
	at java.lang.Double.parseDouble(Double.java:538)
	at gpsUtil.GpsUtil.getUserLocation(GpsUtil.java:30)
	at tourGuide.service.TourGuideService.trackUserLocation(TourGuideService.java:84)
	at tourGuide.service.TourGuideService$1.run(TourGuideService.java:103)
Exception in thread "Thread-210" java.lang.NumberFormatException: For input string: "168,822878"
	at sun.misc.FloatingDecimal.readJavaFormatString(FloatingDecimal.java:2043)
	at sun.misc.FloatingDecimal.parseDouble(FloatingDecimal.java:110)
	at java.lang.Double.parseDouble(Double.java:538)
	at gpsUtil.GpsUtil.getUserLocation(GpsUtil.java:30)
	at tourGuide.service.TourGuideService.trackUserLocation(TourGuideService.java:84)
	at tourGuide.service.TourGuideService$1.run(TourGuideService.java:103)
Exception in thread "Thread-89" java.lang.NumberFormatException: For input string: "104,343103"
	at sun.misc.FloatingDecimal.readJavaFormatString(FloatingDecimal.java:2043)
	at sun.misc.FloatingDecimal.parseDouble(FloatingDecimal.java:110)
	at java.lang.Double.parseDouble(Double.java:538)
	at gpsUtil.GpsUtil.getUserLocation(GpsUtil.java:30)
	at tourGuide.service.TourGuideService.trackUserLocation(TourGuideService.java:84)
	at tourGuide.service.TourGuideService$1.run(TourGuideService.java:103)
Exception in thread "Thread-193" java.lang.NumberFormatException: For input string: "109,220794"
	at sun.misc.FloatingDecimal.readJavaFormatString(FloatingDecimal.java:2043)
	at sun.misc.FloatingDecimal.parseDouble(FloatingDecimal.java:110)
	at java.lang.Double.parseDouble(Double.java:538)
	at gpsUtil.GpsUtil.getUserLocation(GpsUtil.java:30)
	at tourGuide.service.TourGuideService.trackUserLocation(TourGuideService.java:84)
	at tourGuide.service.TourGuideService$1.run(TourGuideService.java:103)
Exception in thread "Thread-244" java.lang.NumberFormatException: For input string: "-152,114695"
	at sun.misc.FloatingDecimal.readJavaFormatString(FloatingDecimal.java:2043)
	at sun.misc.FloatingDecimal.parseDouble(FloatingDecimal.java:110)
	at java.lang.Double.parseDouble(Double.java:538)
	at gpsUtil.GpsUtil.getUserLocation(GpsUtil.java:30)
	at tourGuide.service.TourGuideService.trackUserLocation(TourGuideService.java:84)
	at tourGuide.service.TourGuideService$1.run(TourGuideService.java:103)
Exception in thread "Thread-288" java.lang.NumberFormatException: For input string: "-59,512594"
	at sun.misc.FloatingDecimal.readJavaFormatString(FloatingDecimal.java:2043)
	at sun.misc.FloatingDecimal.parseDouble(FloatingDecimal.java:110)
	at java.lang.Double.parseDouble(Double.java:538)
	at gpsUtil.GpsUtil.getUserLocation(GpsUtil.java:30)
	at tourGuide.service.TourGuideService.trackUserLocation(TourGuideService.java:84)
	at tourGuide.service.TourGuideService$1.run(TourGuideService.java:103)
Exception in thread "Thread-232" java.lang.NumberFormatException: For input string: "-76,316777"
	at sun.misc.FloatingDecimal.readJavaFormatString(FloatingDecimal.java:2043)
	at sun.misc.FloatingDecimal.parseDouble(FloatingDecimal.java:110)
	at java.lang.Double.parseDouble(Double.java:538)
	at gpsUtil.GpsUtil.getUserLocation(GpsUtil.java:30)
	at tourGuide.service.TourGuideService.trackUserLocation(TourGuideService.java:84)
	at tourGuide.service.TourGuideService$1.run(TourGuideService.java:103)
Exception in thread "Thread-65" java.lang.NumberFormatException: For input string: "123,550772"
	at sun.misc.FloatingDecimal.readJavaFormatString(FloatingDecimal.java:2043)
	at sun.misc.FloatingDecimal.parseDouble(FloatingDecimal.java:110)
	at java.lang.Double.parseDouble(Double.java:538)
	at gpsUtil.GpsUtil.getUserLocation(GpsUtil.java:30)
	at tourGuide.service.TourGuideService.trackUserLocation(TourGuideService.java:84)
	at tourGuide.service.TourGuideService$1.run(TourGuideService.java:103)
Exception in thread "Thread-280" java.lang.NumberFormatException: For input string: "-130,553386"
	at sun.misc.FloatingDecimal.readJavaFormatString(FloatingDecimal.java:2043)
	at sun.misc.FloatingDecimal.parseDouble(FloatingDecimal.java:110)
	at java.lang.Double.parseDouble(Double.java:538)
	at gpsUtil.GpsUtil.getUserLocation(GpsUtil.java:30)
	at tourGuide.service.TourGuideService.trackUserLocation(TourGuideService.java:84)
	at tourGuide.service.TourGuideService$1.run(TourGuideService.java:103)
Exception in thread "Thread-104" java.lang.NumberFormatException: For input string: "-136,683004"
	at sun.misc.FloatingDecimal.readJavaFormatString(FloatingDecimal.java:2043)
	at sun.misc.FloatingDecimal.parseDouble(FloatingDecimal.java:110)
	at java.lang.Double.parseDouble(Double.java:538)
	at gpsUtil.GpsUtil.getUserLocation(GpsUtil.java:30)
	at tourGuide.service.TourGuideService.trackUserLocation(TourGuideService.java:84)
	at tourGuide.service.TourGuideService$1.run(TourGuideService.java:103)
Exception in thread "Thread-75" java.lang.NumberFormatException: For input string: "25,551547"
	at sun.misc.FloatingDecimal.readJavaFormatString(FloatingDecimal.java:2043)
	at sun.misc.FloatingDecimal.parseDouble(FloatingDecimal.java:110)
	at java.lang.Double.parseDouble(Double.java:538)
	at gpsUtil.GpsUtil.getUserLocation(GpsUtil.java:30)
	at tourGuide.service.TourGuideService.trackUserLocation(TourGuideService.java:84)
	at tourGuide.service.TourGuideService$1.run(TourGuideService.java:103)
Exception in thread "Thread-242" java.lang.NumberFormatException: For input string: "-177,036716"
	at sun.misc.FloatingDecimal.readJavaFormatString(FloatingDecimal.java:2043)
	at sun.misc.FloatingDecimal.parseDouble(FloatingDecimal.java:110)
	at java.lang.Double.parseDouble(Double.java:538)
	at gpsUtil.GpsUtil.getUserLocation(GpsUtil.java:30)
	at tourGuide.service.TourGuideService.trackUserLocation(TourGuideService.java:84)
	at tourGuide.service.TourGuideService$1.run(TourGuideService.java:103)
Exception in thread "Thread-98" java.lang.NumberFormatException: For input string: "-54,945927"
	at sun.misc.FloatingDecimal.readJavaFormatString(FloatingDecimal.java:2043)
	at sun.misc.FloatingDecimal.parseDouble(FloatingDecimal.java:110)
	at java.lang.Double.parseDouble(Double.java:538)
	at gpsUtil.GpsUtil.getUserLocation(GpsUtil.java:30)
	at tourGuide.service.TourGuideService.trackUserLocation(TourGuideService.java:84)
	at tourGuide.service.TourGuideService$1.run(TourGuideService.java:103)
Exception in thread "Thread-178" java.lang.NumberFormatException: For input string: "176,034195"
	at sun.misc.FloatingDecimal.readJavaFormatString(FloatingDecimal.java:2043)
	at sun.misc.FloatingDecimal.parseDouble(FloatingDecimal.java:110)
	at java.lang.Double.parseDouble(Double.java:538)
	at gpsUtil.GpsUtil.getUserLocation(GpsUtil.java:30)
	at tourGuide.service.TourGuideService.trackUserLocation(TourGuideService.java:84)
	at tourGuide.service.TourGuideService$1.run(TourGuideService.java:103)
Exception in thread "Thread-121" java.lang.NumberFormatException: For input string: "165,601991"
	at sun.misc.FloatingDecimal.readJavaFormatString(FloatingDecimal.java:2043)
	at sun.misc.FloatingDecimal.parseDouble(FloatingDecimal.java:110)
	at java.lang.Double.parseDouble(Double.java:538)
	at gpsUtil.GpsUtil.getUserLocation(GpsUtil.java:30)
	at tourGuide.service.TourGuideService.trackUserLocation(TourGuideService.java:84)
	at tourGuide.service.TourGuideService$1.run(TourGuideService.java:103)
Exception in thread "Thread-258" java.lang.NumberFormatException: For input string: "117,547887"
	at sun.misc.FloatingDecimal.readJavaFormatString(FloatingDecimal.java:2043)
	at sun.misc.FloatingDecimal.parseDouble(FloatingDecimal.java:110)
	at java.lang.Double.parseDouble(Double.java:538)
	at gpsUtil.GpsUtil.getUserLocation(GpsUtil.java:30)
	at tourGuide.service.TourGuideService.trackUserLocation(TourGuideService.java:84)
	at tourGuide.service.TourGuideService$1.run(TourGuideService.java:103)
Exception in thread "Thread-162" java.lang.NumberFormatException: For input string: "37,238675"
	at sun.misc.FloatingDecimal.readJavaFormatString(FloatingDecimal.java:2043)
	at sun.misc.FloatingDecimal.parseDouble(FloatingDecimal.java:110)
	at java.lang.Double.parseDouble(Double.java:538)
	at gpsUtil.GpsUtil.getUserLocation(GpsUtil.java:30)
	at tourGuide.service.TourGuideService.trackUserLocation(TourGuideService.java:84)
	at tourGuide.service.TourGuideService$1.run(TourGuideService.java:103)
Exception in thread "Thread-123" java.lang.NumberFormatException: For input string: "151,862176"
	at sun.misc.FloatingDecimal.readJavaFormatString(FloatingDecimal.java:2043)
	at sun.misc.FloatingDecimal.parseDouble(FloatingDecimal.java:110)
	at java.lang.Double.parseDouble(Double.java:538)
	at gpsUtil.GpsUtil.getUserLocation(GpsUtil.java:30)
	at tourGuide.service.TourGuideService.trackUserLocation(TourGuideService.java:84)
	at tourGuide.service.TourGuideService$1.run(TourGuideService.java:103)
Exception in thread "Thread-182" java.lang.NumberFormatException: For input string: "10,623150"
	at sun.misc.FloatingDecimal.readJavaFormatString(FloatingDecimal.java:2043)
	at sun.misc.FloatingDecimal.parseDouble(FloatingDecimal.java:110)
	at java.lang.Double.parseDouble(Double.java:538)
	at gpsUtil.GpsUtil.getUserLocation(GpsUtil.java:30)
	at tourGuide.service.TourGuideService.trackUserLocation(TourGuideService.java:84)
	at tourGuide.service.TourGuideService$1.run(TourGuideService.java:103)
Exception in thread "Thread-166" java.lang.NumberFormatException: For input string: "-132,515268"
	at sun.misc.FloatingDecimal.readJavaFormatString(FloatingDecimal.java:2043)
	at sun.misc.FloatingDecimal.parseDouble(FloatingDecimal.java:110)
	at java.lang.Double.parseDouble(Double.java:538)
	at gpsUtil.GpsUtil.getUserLocation(GpsUtil.java:30)
	at tourGuide.service.TourGuideService.trackUserLocation(TourGuideService.java:84)
	at tourGuide.service.TourGuideService$1.run(TourGuideService.java:103)
Exception in thread "Thread-198" java.lang.NumberFormatException: For input string: "13,373218"
	at sun.misc.FloatingDecimal.readJavaFormatString(FloatingDecimal.java:2043)
	at sun.misc.FloatingDecimal.parseDouble(FloatingDecimal.java:110)
	at java.lang.Double.parseDouble(Double.java:538)
	at gpsUtil.GpsUtil.getUserLocation(GpsUtil.java:30)
	at tourGuide.service.TourGuideService.trackUserLocation(TourGuideService.java:84)
	at tourGuide.service.TourGuideService$1.run(TourGuideService.java:103)
Exception in thread "Thread-55" java.lang.NumberFormatException: For input string: "36,395010"
	at sun.misc.FloatingDecimal.readJavaFormatString(FloatingDecimal.java:2043)
	at sun.misc.FloatingDecimal.parseDouble(FloatingDecimal.java:110)
	at java.lang.Double.parseDouble(Double.java:538)
	at gpsUtil.GpsUtil.getUserLocation(GpsUtil.java:30)
	at tourGuide.service.TourGuideService.trackUserLocation(TourGuideService.java:84)
	at tourGuide.service.TourGuideService$1.run(TourGuideService.java:103)
Exception in thread "Thread-382" java.lang.NumberFormatException: For input string: "-76,066556"
	at sun.misc.FloatingDecimal.readJavaFormatString(FloatingDecimal.java:2043)
	at sun.misc.FloatingDecimal.parseDouble(FloatingDecimal.java:110)
	at java.lang.Double.parseDouble(Double.java:538)
	at gpsUtil.GpsUtil.getUserLocation(GpsUtil.java:30)
	at tourGuide.service.TourGuideService.trackUserLocation(TourGuideService.java:84)
	at tourGuide.service.TourGuideService$1.run(TourGuideService.java:103)
Exception in thread "Thread-143" java.lang.NumberFormatException: For input string: "30,690681"
	at sun.misc.FloatingDecimal.readJavaFormatString(FloatingDecimal.java:2043)
	at sun.misc.FloatingDecimal.parseDouble(FloatingDecimal.java:110)
	at java.lang.Double.parseDouble(Double.java:538)
	at gpsUtil.GpsUtil.getUserLocation(GpsUtil.java:30)
	at tourGuide.service.TourGuideService.trackUserLocation(TourGuideService.java:84)
	at tourGuide.service.TourGuideService$1.run(TourGuideService.java:103)
Exception in thread "Thread-286" java.lang.NumberFormatException: For input string: "-80,536610"
	at sun.misc.FloatingDecimal.readJavaFormatString(FloatingDecimal.java:2043)
	at sun.misc.FloatingDecimal.parseDouble(FloatingDecimal.java:110)
	at java.lang.Double.parseDouble(Double.java:538)
	at gpsUtil.GpsUtil.getUserLocation(GpsUtil.java:30)
	at tourGuide.service.TourGuideService.trackUserLocation(TourGuideService.java:84)
	at tourGuide.service.TourGuideService$1.run(TourGuideService.java:103)
Exception in thread "Thread-175" java.lang.NumberFormatException: For input string: "171,232789"
	at sun.misc.FloatingDecimal.readJavaFormatString(FloatingDecimal.java:2043)
	at sun.misc.FloatingDecimal.parseDouble(FloatingDecimal.java:110)
	at java.lang.Double.parseDouble(Double.java:538)
	at gpsUtil.GpsUtil.getUserLocation(GpsUtil.java:30)
	at tourGuide.service.TourGuideService.trackUserLocation(TourGuideService.java:84)
	at tourGuide.service.TourGuideService$1.run(TourGuideService.java:103)
Exception in thread "Thread-135" java.lang.NumberFormatException: For input string: "-122,532182"
	at sun.misc.FloatingDecimal.readJavaFormatString(FloatingDecimal.java:2043)
	at sun.misc.FloatingDecimal.parseDouble(FloatingDecimal.java:110)
	at java.lang.Double.parseDouble(Double.java:538)
	at gpsUtil.GpsUtil.getUserLocation(GpsUtil.java:30)
	at tourGuide.service.TourGuideService.trackUserLocation(TourGuideService.java:84)
	at tourGuide.service.TourGuideService$1.run(TourGuideService.java:103)
Exception in thread "Thread-95" java.lang.NumberFormatException: For input string: "69,006512"
	at sun.misc.FloatingDecimal.readJavaFormatString(FloatingDecimal.java:2043)
	at sun.misc.FloatingDecimal.parseDouble(FloatingDecimal.java:110)
	at java.lang.Double.parseDouble(Double.java:538)
	at gpsUtil.GpsUtil.getUserLocation(GpsUtil.java:30)
	at tourGuide.service.TourGuideService.trackUserLocation(TourGuideService.java:84)
	at tourGuide.service.TourGuideService$1.run(TourGuideService.java:103)
Exception in thread "Thread-311" java.lang.NumberFormatException: For input string: "85,799749"
	at sun.misc.FloatingDecimal.readJavaFormatString(FloatingDecimal.java:2043)
	at sun.misc.FloatingDecimal.parseDouble(FloatingDecimal.java:110)
	at java.lang.Double.parseDouble(Double.java:538)
	at gpsUtil.GpsUtil.getUserLocation(GpsUtil.java:30)
	at tourGuide.service.TourGuideService.trackUserLocation(TourGuideService.java:84)
	at tourGuide.service.TourGuideService$1.run(TourGuideService.java:103)
Exception in thread "Thread-102" java.lang.NumberFormatException: For input string: "83,997572"
	at sun.misc.FloatingDecimal.readJavaFormatString(FloatingDecimal.java:2043)
	at sun.misc.FloatingDecimal.parseDouble(FloatingDecimal.java:110)
	at java.lang.Double.parseDouble(Double.java:538)
	at gpsUtil.GpsUtil.getUserLocation(GpsUtil.java:30)
	at tourGuide.service.TourGuideService.trackUserLocation(TourGuideService.java:84)
	at tourGuide.service.TourGuideService$1.run(TourGuideService.java:103)
Exception in thread "Thread-310" java.lang.NumberFormatException: For input string: "119,898371"
	at sun.misc.FloatingDecimal.readJavaFormatString(FloatingDecimal.java:2043)
	at sun.misc.FloatingDecimal.parseDouble(FloatingDecimal.java:110)
	at java.lang.Double.parseDouble(Double.java:538)
	at gpsUtil.GpsUtil.getUserLocation(GpsUtil.java:30)
	at tourGuide.service.TourGuideService.trackUserLocation(TourGuideService.java:84)
	at tourGuide.service.TourGuideService$1.run(TourGuideService.java:103)
Exception in thread "Thread-58" java.lang.NumberFormatException: For input string: "-177,400760"
	at sun.misc.FloatingDecimal.readJavaFormatString(FloatingDecimal.java:2043)
	at sun.misc.FloatingDecimal.parseDouble(FloatingDecimal.java:110)
	at java.lang.Double.parseDouble(Double.java:538)
	at gpsUtil.GpsUtil.getUserLocation(GpsUtil.java:30)
	at tourGuide.service.TourGuideService.trackUserLocation(TourGuideService.java:84)
	at tourGuide.service.TourGuideService$1.run(TourGuideService.java:103)
Exception in thread "Thread-154" java.lang.NumberFormatException: For input string: "134,277140"
	at sun.misc.FloatingDecimal.readJavaFormatString(FloatingDecimal.java:2043)
	at sun.misc.FloatingDecimal.parseDouble(FloatingDecimal.java:110)
	at java.lang.Double.parseDouble(Double.java:538)
	at gpsUtil.GpsUtil.getUserLocation(GpsUtil.java:30)
	at tourGuide.service.TourGuideService.trackUserLocation(TourGuideService.java:84)
	at tourGuide.service.TourGuideService$1.run(TourGuideService.java:103)
Exception in thread "Thread-239" java.lang.NumberFormatException: For input string: "30,463003"
	at sun.misc.FloatingDecimal.readJavaFormatString(FloatingDecimal.java:2043)
	at sun.misc.FloatingDecimal.parseDouble(FloatingDecimal.java:110)
	at java.lang.Double.parseDouble(Double.java:538)
	at gpsUtil.GpsUtil.getUserLocation(GpsUtil.java:30)
	at tourGuide.service.TourGuideService.trackUserLocation(TourGuideService.java:84)
	at tourGuide.service.TourGuideService$1.run(TourGuideService.java:103)
Exception in thread "Thread-291" java.lang.NumberFormatException: For input string: "-124,309039"
	at sun.misc.FloatingDecimal.readJavaFormatString(FloatingDecimal.java:2043)
	at sun.misc.FloatingDecimal.parseDouble(FloatingDecimal.java:110)
	at java.lang.Double.parseDouble(Double.java:538)
	at gpsUtil.GpsUtil.getUserLocation(GpsUtil.java:30)
	at tourGuide.service.TourGuideService.trackUserLocation(TourGuideService.java:84)
	at tourGuide.service.TourGuideService$1.run(TourGuideService.java:103)
Exception in thread "Thread-187" java.lang.NumberFormatException: For input string: "-139,437020"
	at sun.misc.FloatingDecimal.readJavaFormatString(FloatingDecimal.java:2043)
	at sun.misc.FloatingDecimal.parseDouble(FloatingDecimal.java:110)
	at java.lang.Double.parseDouble(Double.java:538)
	at gpsUtil.GpsUtil.getUserLocation(GpsUtil.java:30)
	at tourGuide.service.TourGuideService.trackUserLocation(TourGuideService.java:84)
	at tourGuide.service.TourGuideService$1.run(TourGuideService.java:103)
Exception in thread "Thread-238" java.lang.NumberFormatException: For input string: "59,833145"
	at sun.misc.FloatingDecimal.readJavaFormatString(FloatingDecimal.java:2043)
	at sun.misc.FloatingDecimal.parseDouble(FloatingDecimal.java:110)
	at java.lang.Double.parseDouble(Double.java:538)
	at gpsUtil.GpsUtil.getUserLocation(GpsUtil.java:30)
	at tourGuide.service.TourGuideService.trackUserLocation(TourGuideService.java:84)
	at tourGuide.service.TourGuideService$1.run(TourGuideService.java:103)
Exception in thread "Thread-74" java.lang.NumberFormatException: For input string: "133,668110"
	at sun.misc.FloatingDecimal.readJavaFormatString(FloatingDecimal.java:2043)
	at sun.misc.FloatingDecimal.parseDouble(FloatingDecimal.java:110)
	at java.lang.Double.parseDouble(Double.java:538)
	at gpsUtil.GpsUtil.getUserLocation(GpsUtil.java:30)
	at tourGuide.service.TourGuideService.trackUserLocation(TourGuideService.java:84)
	at tourGuide.service.TourGuideService$1.run(TourGuideService.java:103)
Exception in thread "Thread-495" java.lang.NumberFormatException: For input string: "173,709075"
	at sun.misc.FloatingDecimal.readJavaFormatString(FloatingDecimal.java:2043)
	at sun.misc.FloatingDecimal.parseDouble(FloatingDecimal.java:110)
	at java.lang.Double.parseDouble(Double.java:538)
	at gpsUtil.GpsUtil.getUserLocation(GpsUtil.java:30)
	at tourGuide.service.TourGuideService.trackUserLocation(TourGuideService.java:84)
	at tourGuide.service.TourGuideService$1.run(TourGuideService.java:103)
Exception in thread "Thread-337" java.lang.NumberFormatException: For input string: "-74,826343"
	at sun.misc.FloatingDecimal.readJavaFormatString(FloatingDecimal.java:2043)
	at sun.misc.FloatingDecimal.parseDouble(FloatingDecimal.java:110)
	at java.lang.Double.parseDouble(Double.java:538)
	at gpsUtil.GpsUtil.getUserLocation(GpsUtil.java:30)
	at tourGuide.service.TourGuideService.trackUserLocation(TourGuideService.java:84)
	at tourGuide.service.TourGuideService$1.run(TourGuideService.java:103)
Exception in thread "Thread-327" java.lang.NumberFormatException: For input string: "14,922810"
	at sun.misc.FloatingDecimal.readJavaFormatString(FloatingDecimal.java:2043)
	at sun.misc.FloatingDecimal.parseDouble(FloatingDecimal.java:110)
	at java.lang.Double.parseDouble(Double.java:538)
	at gpsUtil.GpsUtil.getUserLocation(GpsUtil.java:30)
	at tourGuide.service.TourGuideService.trackUserLocation(TourGuideService.java:84)
	at tourGuide.service.TourGuideService$1.run(TourGuideService.java:103)
Exception in thread "Thread-90" java.lang.NumberFormatException: For input string: "-120,487453"
	at sun.misc.FloatingDecimal.readJavaFormatString(FloatingDecimal.java:2043)
	at sun.misc.FloatingDecimal.parseDouble(FloatingDecimal.java:110)
	at java.lang.Double.parseDouble(Double.java:538)
	at gpsUtil.GpsUtil.getUserLocation(GpsUtil.java:30)
	at tourGuide.service.TourGuideService.trackUserLocation(TourGuideService.java:84)
	at tourGuide.service.TourGuideService$1.run(TourGuideService.java:103)
Exception in thread "Thread-318" java.lang.NumberFormatException: For input string: "169,495915"
	at sun.misc.FloatingDecimal.readJavaFormatString(FloatingDecimal.java:2043)
	at sun.misc.FloatingDecimal.parseDouble(FloatingDecimal.java:110)
	at java.lang.Double.parseDouble(Double.java:538)
	at gpsUtil.GpsUtil.getUserLocation(GpsUtil.java:30)
	at tourGuide.service.TourGuideService.trackUserLocation(TourGuideService.java:84)
	at tourGuide.service.TourGuideService$1.run(TourGuideService.java:103)
Exception in thread "Thread-281" java.lang.NumberFormatException: For input string: "61,626468"
	at sun.misc.FloatingDecimal.readJavaFormatString(FloatingDecimal.java:2043)
	at sun.misc.FloatingDecimal.parseDouble(FloatingDecimal.java:110)
	at java.lang.Double.parseDouble(Double.java:538)
	at gpsUtil.GpsUtil.getUserLocation(GpsUtil.java:30)
	at tourGuide.service.TourGuideService.trackUserLocation(TourGuideService.java:84)
	at tourGuide.service.TourGuideService$1.run(TourGuideService.java:103)
Exception in thread "Thread-230" java.lang.NumberFormatException: For input string: "127,759879"
	at sun.misc.FloatingDecimal.readJavaFormatString(FloatingDecimal.java:2043)
	at sun.misc.FloatingDecimal.parseDouble(FloatingDecimal.java:110)
	at java.lang.Double.parseDouble(Double.java:538)
	at gpsUtil.GpsUtil.getUserLocation(GpsUtil.java:30)
	at tourGuide.service.TourGuideService.trackUserLocation(TourGuideService.java:84)
	at tourGuide.service.TourGuideService$1.run(TourGuideService.java:103)
Exception in thread "Thread-490" java.lang.NumberFormatException: For input string: "-105,249461"
	at sun.misc.FloatingDecimal.readJavaFormatString(FloatingDecimal.java:2043)
	at sun.misc.FloatingDecimal.parseDouble(FloatingDecimal.java:110)
	at java.lang.Double.parseDouble(Double.java:538)
	at gpsUtil.GpsUtil.getUserLocation(GpsUtil.java:30)
	at tourGuide.service.TourGuideService.trackUserLocation(TourGuideService.java:84)
	at tourGuide.service.TourGuideService$1.run(TourGuideService.java:103)
Exception in thread "Thread-395" java.lang.NumberFormatException: For input string: "109,360029"
	at sun.misc.FloatingDecimal.readJavaFormatString(FloatingDecimal.java:2043)
	at sun.misc.FloatingDecimal.parseDouble(FloatingDecimal.java:110)
	at java.lang.Double.parseDouble(Double.java:538)
	at gpsUtil.GpsUtil.getUserLocation(GpsUtil.java:30)
	at tourGuide.service.TourGuideService.trackUserLocation(TourGuideService.java:84)
	at tourGuide.service.TourGuideService$1.run(TourGuideService.java:103)
Exception in thread "Thread-289" java.lang.NumberFormatException: For input string: "75,292905"
	at sun.misc.FloatingDecimal.readJavaFormatString(FloatingDecimal.java:2043)
	at sun.misc.FloatingDecimal.parseDouble(FloatingDecimal.java:110)
	at java.lang.Double.parseDouble(Double.java:538)
	at gpsUtil.GpsUtil.getUserLocation(GpsUtil.java:30)
	at tourGuide.service.TourGuideService.trackUserLocation(TourGuideService.java:84)
	at tourGuide.service.TourGuideService$1.run(TourGuideService.java:103)
Exception in thread "Thread-360" java.lang.NumberFormatException: For input string: "-42,642184"
	at sun.misc.FloatingDecimal.readJavaFormatString(FloatingDecimal.java:2043)
	at sun.misc.FloatingDecimal.parseDouble(FloatingDecimal.java:110)
	at java.lang.Double.parseDouble(Double.java:538)
	at gpsUtil.GpsUtil.getUserLocation(GpsUtil.java:30)
	at tourGuide.service.TourGuideService.trackUserLocation(TourGuideService.java:84)
	at tourGuide.service.TourGuideService$1.run(TourGuideService.java:103)
Exception in thread "Thread-206" java.lang.NumberFormatException: For input string: "-90,453991"
	at sun.misc.FloatingDecimal.readJavaFormatString(FloatingDecimal.java:2043)
	at sun.misc.FloatingDecimal.parseDouble(FloatingDecimal.java:110)
	at java.lang.Double.parseDouble(Double.java:538)
	at gpsUtil.GpsUtil.getUserLocation(GpsUtil.java:30)
	at tourGuide.service.TourGuideService.trackUserLocation(TourGuideService.java:84)
	at tourGuide.service.TourGuideService$1.run(TourGuideService.java:103)
Exception in thread "Thread-217" java.lang.NumberFormatException: For input string: "-24,493400"
	at sun.misc.FloatingDecimal.readJavaFormatString(FloatingDecimal.java:2043)
	at sun.misc.FloatingDecimal.parseDouble(FloatingDecimal.java:110)
	at java.lang.Double.parseDouble(Double.java:538)
	at gpsUtil.GpsUtil.getUserLocation(GpsUtil.java:30)
	at tourGuide.service.TourGuideService.trackUserLocation(TourGuideService.java:84)
	at tourGuide.service.TourGuideService$1.run(TourGuideService.java:103)
Exception in thread "Thread-283" java.lang.NumberFormatException: For input string: "114,680326"
	at sun.misc.FloatingDecimal.readJavaFormatString(FloatingDecimal.java:2043)
	at sun.misc.FloatingDecimal.parseDouble(FloatingDecimal.java:110)
	at java.lang.Double.parseDouble(Double.java:538)
	at gpsUtil.GpsUtil.getUserLocation(GpsUtil.java:30)
	at tourGuide.service.TourGuideService.trackUserLocation(TourGuideService.java:84)
	at tourGuide.service.TourGuideService$1.run(TourGuideService.java:103)
Exception in thread "Thread-443" java.lang.NumberFormatException: For input string: "80,461597"
	at sun.misc.FloatingDecimal.readJavaFormatString(FloatingDecimal.java:2043)
	at sun.misc.FloatingDecimal.parseDouble(FloatingDecimal.java:110)
	at java.lang.Double.parseDouble(Double.java:538)
	at gpsUtil.GpsUtil.getUserLocation(GpsUtil.java:30)
	at tourGuide.service.TourGuideService.trackUserLocation(TourGuideService.java:84)
	at tourGuide.service.TourGuideService$1.run(TourGuideService.java:103)
Exception in thread "Thread-377" java.lang.NumberFormatException: For input string: "-179,092496"
	at sun.misc.FloatingDecimal.readJavaFormatString(FloatingDecimal.java:2043)
	at sun.misc.FloatingDecimal.parseDouble(FloatingDecimal.java:110)
	at java.lang.Double.parseDouble(Double.java:538)
	at gpsUtil.GpsUtil.getUserLocation(GpsUtil.java:30)
	at tourGuide.service.TourGuideService.trackUserLocation(TourGuideService.java:84)
	at tourGuide.service.TourGuideService$1.run(TourGuideService.java:103)
Exception in thread "Thread-346" java.lang.NumberFormatException: For input string: "130,180545"
	at sun.misc.FloatingDecimal.readJavaFormatString(FloatingDecimal.java:2043)
	at sun.misc.FloatingDecimal.parseDouble(FloatingDecimal.java:110)
	at java.lang.Double.parseDouble(Double.java:538)
	at gpsUtil.GpsUtil.getUserLocation(GpsUtil.java:30)
	at tourGuide.service.TourGuideService.trackUserLocation(TourGuideService.java:84)
	at tourGuide.service.TourGuideService$1.run(TourGuideService.java:103)
Exception in thread "Thread-155" java.lang.NumberFormatException: For input string: "68,589759"
	at sun.misc.FloatingDecimal.readJavaFormatString(FloatingDecimal.java:2043)
	at sun.misc.FloatingDecimal.parseDouble(FloatingDecimal.java:110)
	at java.lang.Double.parseDouble(Double.java:538)
	at gpsUtil.GpsUtil.getUserLocation(GpsUtil.java:30)
	at tourGuide.service.TourGuideService.trackUserLocation(TourGuideService.java:84)
	at tourGuide.service.TourGuideService$1.run(TourGuideService.java:103)
Exception in thread "Thread-170" java.lang.NumberFormatException: For input string: "121,884338"
	at sun.misc.FloatingDecimal.readJavaFormatString(FloatingDecimal.java:2043)
	at sun.misc.FloatingDecimal.parseDouble(FloatingDecimal.java:110)
	at java.lang.Double.parseDouble(Double.java:538)
	at gpsUtil.GpsUtil.getUserLocation(GpsUtil.java:30)
	at tourGuide.service.TourGuideService.trackUserLocation(TourGuideService.java:84)
	at tourGuide.service.TourGuideService$1.run(TourGuideService.java:103)
Exception in thread "Thread-138" java.lang.NumberFormatException: For input string: "169,097598"
	at sun.misc.FloatingDecimal.readJavaFormatString(FloatingDecimal.java:2043)
	at sun.misc.FloatingDecimal.parseDouble(FloatingDecimal.java:110)
	at java.lang.Double.parseDouble(Double.java:538)
	at gpsUtil.GpsUtil.getUserLocation(GpsUtil.java:30)
	at tourGuide.service.TourGuideService.trackUserLocation(TourGuideService.java:84)
	at tourGuide.service.TourGuideService$1.run(TourGuideService.java:103)
Exception in thread "Thread-347" java.lang.NumberFormatException: For input string: "79,732456"
	at sun.misc.FloatingDecimal.readJavaFormatString(FloatingDecimal.java:2043)
	at sun.misc.FloatingDecimal.parseDouble(FloatingDecimal.java:110)
	at java.lang.Double.parseDouble(Double.java:538)
	at gpsUtil.GpsUtil.getUserLocation(GpsUtil.java:30)
	at tourGuide.service.TourGuideService.trackUserLocation(TourGuideService.java:84)
	at tourGuide.service.TourGuideService$1.run(TourGuideService.java:103)
Exception in thread "Thread-209" java.lang.NumberFormatException: For input string: "96,545052"
	at sun.misc.FloatingDecimal.readJavaFormatString(FloatingDecimal.java:2043)
	at sun.misc.FloatingDecimal.parseDouble(FloatingDecimal.java:110)
	at java.lang.Double.parseDouble(Double.java:538)
	at gpsUtil.GpsUtil.getUserLocation(GpsUtil.java:30)
	at tourGuide.service.TourGuideService.trackUserLocation(TourGuideService.java:84)
	at tourGuide.service.TourGuideService$1.run(TourGuideService.java:103)
Exception in thread "Thread-84" java.lang.NumberFormatException: For input string: "-133,906869"
	at sun.misc.FloatingDecimal.readJavaFormatString(FloatingDecimal.java:2043)
	at sun.misc.FloatingDecimal.parseDouble(FloatingDecimal.java:110)
	at java.lang.Double.parseDouble(Double.java:538)
	at gpsUtil.GpsUtil.getUserLocation(GpsUtil.java:30)
	at tourGuide.service.TourGuideService.trackUserLocation(TourGuideService.java:84)
	at tourGuide.service.TourGuideService$1.run(TourGuideService.java:103)
Exception in thread "Thread-224" java.lang.NumberFormatException: For input string: "168,161803"
	at sun.misc.FloatingDecimal.readJavaFormatString(FloatingDecimal.java:2043)
	at sun.misc.FloatingDecimal.parseDouble(FloatingDecimal.java:110)
	at java.lang.Double.parseDouble(Double.java:538)
	at gpsUtil.GpsUtil.getUserLocation(GpsUtil.java:30)
	at tourGuide.service.TourGuideService.trackUserLocation(TourGuideService.java:84)
	at tourGuide.service.TourGuideService$1.run(TourGuideService.java:103)
Exception in thread "Thread-197" java.lang.NumberFormatException: For input string: "143,249994"
	at sun.misc.FloatingDecimal.readJavaFormatString(FloatingDecimal.java:2043)
	at sun.misc.FloatingDecimal.parseDouble(FloatingDecimal.java:110)
	at java.lang.Double.parseDouble(Double.java:538)
	at gpsUtil.GpsUtil.getUserLocation(GpsUtil.java:30)
	at tourGuide.service.TourGuideService.trackUserLocation(TourGuideService.java:84)
	at tourGuide.service.TourGuideService$1.run(TourGuideService.java:103)
Exception in thread "Thread-194" java.lang.NumberFormatException: For input string: "131,616988"
	at sun.misc.FloatingDecimal.readJavaFormatString(FloatingDecimal.java:2043)
	at sun.misc.FloatingDecimal.parseDouble(FloatingDecimal.java:110)
	at java.lang.Double.parseDouble(Double.java:538)
	at gpsUtil.GpsUtil.getUserLocation(GpsUtil.java:30)
	at tourGuide.service.TourGuideService.trackUserLocation(TourGuideService.java:84)
	at tourGuide.service.TourGuideService$1.run(TourGuideService.java:103)
Exception in thread "Thread-200" java.lang.NumberFormatException: For input string: "-3,324920"
	at sun.misc.FloatingDecimal.readJavaFormatString(FloatingDecimal.java:2043)
	at sun.misc.FloatingDecimal.parseDouble(FloatingDecimal.java:110)
	at java.lang.Double.parseDouble(Double.java:538)
	at gpsUtil.GpsUtil.getUserLocation(GpsUtil.java:30)
	at tourGuide.service.TourGuideService.trackUserLocation(TourGuideService.java:84)
	at tourGuide.service.TourGuideService$1.run(TourGuideService.java:103)
Exception in thread "Thread-228" java.lang.NumberFormatException: For input string: "-103,448976"
	at sun.misc.FloatingDecimal.readJavaFormatString(FloatingDecimal.java:2043)
	at sun.misc.FloatingDecimal.parseDouble(FloatingDecimal.java:110)
	at java.lang.Double.parseDouble(Double.java:538)
	at gpsUtil.GpsUtil.getUserLocation(GpsUtil.java:30)
	at tourGuide.service.TourGuideService.trackUserLocation(TourGuideService.java:84)
	at tourGuide.service.TourGuideService$1.run(TourGuideService.java:103)
Exception in thread "Thread-225" java.lang.NumberFormatException: For input string: "132,889944"
	at sun.misc.FloatingDecimal.readJavaFormatString(FloatingDecimal.java:2043)
	at sun.misc.FloatingDecimal.parseDouble(FloatingDecimal.java:110)
	at java.lang.Double.parseDouble(Double.java:538)
	at gpsUtil.GpsUtil.getUserLocation(GpsUtil.java:30)
	at tourGuide.service.TourGuideService.trackUserLocation(TourGuideService.java:84)
	at tourGuide.service.TourGuideService$1.run(TourGuideService.java:103)
Exception in thread "Thread-304" java.lang.NumberFormatException: For input string: "20,993247"
	at sun.misc.FloatingDecimal.readJavaFormatString(FloatingDecimal.java:2043)
	at sun.misc.FloatingDecimal.parseDouble(FloatingDecimal.java:110)
	at java.lang.Double.parseDouble(Double.java:538)
	at gpsUtil.GpsUtil.getUserLocation(GpsUtil.java:30)
	at tourGuide.service.TourGuideService.trackUserLocation(TourGuideService.java:84)
	at tourGuide.service.TourGuideService$1.run(TourGuideService.java:103)
Exception in thread "Thread-276" java.lang.NumberFormatException: For input string: "149,805282"
	at sun.misc.FloatingDecimal.readJavaFormatString(FloatingDecimal.java:2043)
	at sun.misc.FloatingDecimal.parseDouble(FloatingDecimal.java:110)
	at java.lang.Double.parseDouble(Double.java:538)
	at gpsUtil.GpsUtil.getUserLocation(GpsUtil.java:30)
	at tourGuide.service.TourGuideService.trackUserLocation(TourGuideService.java:84)
	at tourGuide.service.TourGuideService$1.run(TourGuideService.java:103)
Exception in thread "Thread-208" java.lang.NumberFormatException: For input string: "53,738131"
	at sun.misc.FloatingDecimal.readJavaFormatString(FloatingDecimal.java:2043)
	at sun.misc.FloatingDecimal.parseDouble(FloatingDecimal.java:110)
	at java.lang.Double.parseDouble(Double.java:538)
	at gpsUtil.GpsUtil.getUserLocation(GpsUtil.java:30)
	at tourGuide.service.TourGuideService.trackUserLocation(TourGuideService.java:84)
	at tourGuide.service.TourGuideService$1.run(TourGuideService.java:103)
Exception in thread "Thread-179" java.lang.NumberFormatException: For input string: "-157,518323"
	at sun.misc.FloatingDecimal.readJavaFormatString(FloatingDecimal.java:2043)
	at sun.misc.FloatingDecimal.parseDouble(FloatingDecimal.java:110)
	at java.lang.Double.parseDouble(Double.java:538)
	at gpsUtil.GpsUtil.getUserLocation(GpsUtil.java:30)
	at tourGuide.service.TourGuideService.trackUserLocation(TourGuideService.java:84)
	at tourGuide.service.TourGuideService$1.run(TourGuideService.java:103)
Exception in thread "Thread-96" java.lang.NumberFormatException: For input string: "5,910968"
	at sun.misc.FloatingDecimal.readJavaFormatString(FloatingDecimal.java:2043)
	at sun.misc.FloatingDecimal.parseDouble(FloatingDecimal.java:110)
	at java.lang.Double.parseDouble(Double.java:538)
	at gpsUtil.GpsUtil.getUserLocation(GpsUtil.java:30)
	at tourGuide.service.TourGuideService.trackUserLocation(TourGuideService.java:84)
	at tourGuide.service.TourGuideService$1.run(TourGuideService.java:103)
Exception in thread "Thread-168" java.lang.NumberFormatException: For input string: "161,466203"
	at sun.misc.FloatingDecimal.readJavaFormatString(FloatingDecimal.java:2043)
	at sun.misc.FloatingDecimal.parseDouble(FloatingDecimal.java:110)
	at java.lang.Double.parseDouble(Double.java:538)
	at gpsUtil.GpsUtil.getUserLocation(GpsUtil.java:30)
	at tourGuide.service.TourGuideService.trackUserLocation(TourGuideService.java:84)
	at tourGuide.service.TourGuideService$1.run(TourGuideService.java:103)
Exception in thread "Thread-202" java.lang.NumberFormatException: For input string: "7,417718"
	at sun.misc.FloatingDecimal.readJavaFormatString(FloatingDecimal.java:2043)
	at sun.misc.FloatingDecimal.parseDouble(FloatingDecimal.java:110)
	at java.lang.Double.parseDouble(Double.java:538)
	at gpsUtil.GpsUtil.getUserLocation(GpsUtil.java:30)
	at tourGuide.service.TourGuideService.trackUserLocation(TourGuideService.java:84)
	at tourGuide.service.TourGuideService$1.run(TourGuideService.java:103)
Exception in thread "Thread-264" java.lang.NumberFormatException: For input string: "154,315949"
	at sun.misc.FloatingDecimal.readJavaFormatString(FloatingDecimal.java:2043)
	at sun.misc.FloatingDecimal.parseDouble(FloatingDecimal.java:110)
	at java.lang.Double.parseDouble(Double.java:538)
	at gpsUtil.GpsUtil.getUserLocation(GpsUtil.java:30)
	at tourGuide.service.TourGuideService.trackUserLocation(TourGuideService.java:84)
	at tourGuide.service.TourGuideService$1.run(TourGuideService.java:103)
Exception in thread "Thread-335" java.lang.NumberFormatException: For input string: "150,545697"
	at sun.misc.FloatingDecimal.readJavaFormatString(FloatingDecimal.java:2043)
	at sun.misc.FloatingDecimal.parseDouble(FloatingDecimal.java:110)
	at java.lang.Double.parseDouble(Double.java:538)
	at gpsUtil.GpsUtil.getUserLocation(GpsUtil.java:30)
	at tourGuide.service.TourGuideService.trackUserLocation(TourGuideService.java:84)
	at tourGuide.service.TourGuideService$1.run(TourGuideService.java:103)
Exception in thread "Thread-321" java.lang.NumberFormatException: For input string: "45,434214"
	at sun.misc.FloatingDecimal.readJavaFormatString(FloatingDecimal.java:2043)
	at sun.misc.FloatingDecimal.parseDouble(FloatingDecimal.java:110)
	at java.lang.Double.parseDouble(Double.java:538)
	at gpsUtil.GpsUtil.getUserLocation(GpsUtil.java:30)
	at tourGuide.service.TourGuideService.trackUserLocation(TourGuideService.java:84)
	at tourGuide.service.TourGuideService$1.run(TourGuideService.java:103)
Exception in thread "Thread-274" java.lang.NumberFormatException: For input string: "-46,202712"
	at sun.misc.FloatingDecimal.readJavaFormatString(FloatingDecimal.java:2043)
	at sun.misc.FloatingDecimal.parseDouble(FloatingDecimal.java:110)
	at java.lang.Double.parseDouble(Double.java:538)
	at gpsUtil.GpsUtil.getUserLocation(GpsUtil.java:30)
	at tourGuide.service.TourGuideService.trackUserLocation(TourGuideService.java:84)
	at tourGuide.service.TourGuideService$1.run(TourGuideService.java:103)
Exception in thread "Thread-128" java.lang.NumberFormatException: For input string: "-110,369092"
	at sun.misc.FloatingDecimal.readJavaFormatString(FloatingDecimal.java:2043)
	at sun.misc.FloatingDecimal.parseDouble(FloatingDecimal.java:110)
	at java.lang.Double.parseDouble(Double.java:538)
	at gpsUtil.GpsUtil.getUserLocation(GpsUtil.java:30)
	at tourGuide.service.TourGuideService.trackUserLocation(TourGuideService.java:84)
	at tourGuide.service.TourGuideService$1.run(TourGuideService.java:103)
Exception in thread "Thread-338" java.lang.NumberFormatException: For input string: "62,386074"
	at sun.misc.FloatingDecimal.readJavaFormatString(FloatingDecimal.java:2043)
	at sun.misc.FloatingDecimal.parseDouble(FloatingDecimal.java:110)
	at java.lang.Double.parseDouble(Double.java:538)
	at gpsUtil.GpsUtil.getUserLocation(GpsUtil.java:30)
	at tourGuide.service.TourGuideService.trackUserLocation(TourGuideService.java:84)
	at tourGuide.service.TourGuideService$1.run(TourGuideService.java:103)
Exception in thread "Thread-131" java.lang.NumberFormatException: For input string: "-7,738634"
	at sun.misc.FloatingDecimal.readJavaFormatString(FloatingDecimal.java:2043)
	at sun.misc.FloatingDecimal.parseDouble(FloatingDecimal.java:110)
	at java.lang.Double.parseDouble(Double.java:538)
	at gpsUtil.GpsUtil.getUserLocation(GpsUtil.java:30)
	at tourGuide.service.TourGuideService.trackUserLocation(TourGuideService.java:84)
	at tourGuide.service.TourGuideService$1.run(TourGuideService.java:103)
Exception in thread "Thread-92" java.lang.NumberFormatException: For input string: "-6,615001"
	at sun.misc.FloatingDecimal.readJavaFormatString(FloatingDecimal.java:2043)
	at sun.misc.FloatingDecimal.parseDouble(FloatingDecimal.java:110)
	at java.lang.Double.parseDouble(Double.java:538)
	at gpsUtil.GpsUtil.getUserLocation(GpsUtil.java:30)
	at tourGuide.service.TourGuideService.trackUserLocation(TourGuideService.java:84)
	at tourGuide.service.TourGuideService$1.run(TourGuideService.java:103)
Exception in thread "Thread-62" java.lang.NumberFormatException: For input string: "-143,042590"
	at sun.misc.FloatingDecimal.readJavaFormatString(FloatingDecimal.java:2043)
	at sun.misc.FloatingDecimal.parseDouble(FloatingDecimal.java:110)
	at java.lang.Double.parseDouble(Double.java:538)
	at gpsUtil.GpsUtil.getUserLocation(GpsUtil.java:30)
	at tourGuide.service.TourGuideService.trackUserLocation(TourGuideService.java:84)
	at tourGuide.service.TourGuideService$1.run(TourGuideService.java:103)
Exception in thread "Thread-139" java.lang.NumberFormatException: For input string: "144,632090"
	at sun.misc.FloatingDecimal.readJavaFormatString(FloatingDecimal.java:2043)
	at sun.misc.FloatingDecimal.parseDouble(FloatingDecimal.java:110)
	at java.lang.Double.parseDouble(Double.java:538)
	at gpsUtil.GpsUtil.getUserLocation(GpsUtil.java:30)
	at tourGuide.service.TourGuideService.trackUserLocation(TourGuideService.java:84)
	at tourGuide.service.TourGuideService$1.run(TourGuideService.java:103)
Exception in thread "Thread-253" java.lang.NumberFormatException: For input string: "-56,669459"
	at sun.misc.FloatingDecimal.readJavaFormatString(FloatingDecimal.java:2043)
	at sun.misc.FloatingDecimal.parseDouble(FloatingDecimal.java:110)
	at java.lang.Double.parseDouble(Double.java:538)
	at gpsUtil.GpsUtil.getUserLocation(GpsUtil.java:30)
	at tourGuide.service.TourGuideService.trackUserLocation(TourGuideService.java:84)
	at tourGuide.service.TourGuideService$1.run(TourGuideService.java:103)
Exception in thread "Thread-307" java.lang.NumberFormatException: For input string: "-93,483058"
	at sun.misc.FloatingDecimal.readJavaFormatString(FloatingDecimal.java:2043)
	at sun.misc.FloatingDecimal.parseDouble(FloatingDecimal.java:110)
	at java.lang.Double.parseDouble(Double.java:538)
	at gpsUtil.GpsUtil.getUserLocation(GpsUtil.java:30)
	at tourGuide.service.TourGuideService.trackUserLocation(TourGuideService.java:84)
	at tourGuide.service.TourGuideService$1.run(TourGuideService.java:103)
Exception in thread "Thread-140" java.lang.NumberFormatException: For input string: "-66,391404"
	at sun.misc.FloatingDecimal.readJavaFormatString(FloatingDecimal.java:2043)
	at sun.misc.FloatingDecimal.parseDouble(FloatingDecimal.java:110)
	at java.lang.Double.parseDouble(Double.java:538)
	at gpsUtil.GpsUtil.getUserLocation(GpsUtil.java:30)
	at tourGuide.service.TourGuideService.trackUserLocation(TourGuideService.java:84)
	at tourGuide.service.TourGuideService$1.run(TourGuideService.java:103)
Exception in thread "Thread-141" java.lang.NumberFormatException: For input string: "158,549384"
	at sun.misc.FloatingDecimal.readJavaFormatString(FloatingDecimal.java:2043)
	at sun.misc.FloatingDecimal.parseDouble(FloatingDecimal.java:110)
	at java.lang.Double.parseDouble(Double.java:538)
	at gpsUtil.GpsUtil.getUserLocation(GpsUtil.java:30)
	at tourGuide.service.TourGuideService.trackUserLocation(TourGuideService.java:84)
	at tourGuide.service.TourGuideService$1.run(TourGuideService.java:103)
Exception in thread "Thread-323" java.lang.NumberFormatException: For input string: "-111,037522"
	at sun.misc.FloatingDecimal.readJavaFormatString(FloatingDecimal.java:2043)
	at sun.misc.FloatingDecimal.parseDouble(FloatingDecimal.java:110)
	at java.lang.Double.parseDouble(Double.java:538)
	at gpsUtil.GpsUtil.getUserLocation(GpsUtil.java:30)
	at tourGuide.service.TourGuideService.trackUserLocation(TourGuideService.java:84)
	at tourGuide.service.TourGuideService$1.run(TourGuideService.java:103)
Exception in thread "Thread-315" java.lang.NumberFormatException: For input string: "69,095084"
	at sun.misc.FloatingDecimal.readJavaFormatString(FloatingDecimal.java:2043)
	at sun.misc.FloatingDecimal.parseDouble(FloatingDecimal.java:110)
	at java.lang.Double.parseDouble(Double.java:538)
	at gpsUtil.GpsUtil.getUserLocation(GpsUtil.java:30)
	at tourGuide.service.TourGuideService.trackUserLocation(TourGuideService.java:84)
	at tourGuide.service.TourGuideService$1.run(TourGuideService.java:103)
Exception in thread "Thread-418" java.lang.NumberFormatException: For input string: "-86,585416"
	at sun.misc.FloatingDecimal.readJavaFormatString(FloatingDecimal.java:2043)
	at sun.misc.FloatingDecimal.parseDouble(FloatingDecimal.java:110)
	at java.lang.Double.parseDouble(Double.java:538)
	at gpsUtil.GpsUtil.getUserLocation(GpsUtil.java:30)
	at tourGuide.service.TourGuideService.trackUserLocation(TourGuideService.java:84)
	at tourGuide.service.TourGuideService$1.run(TourGuideService.java:103)
Exception in thread "Thread-379" java.lang.NumberFormatException: For input string: "173,831223"
	at sun.misc.FloatingDecimal.readJavaFormatString(FloatingDecimal.java:2043)
	at sun.misc.FloatingDecimal.parseDouble(FloatingDecimal.java:110)
	at java.lang.Double.parseDouble(Double.java:538)
	at gpsUtil.GpsUtil.getUserLocation(GpsUtil.java:30)
	at tourGuide.service.TourGuideService.trackUserLocation(TourGuideService.java:84)
	at tourGuide.service.TourGuideService$1.run(TourGuideService.java:103)
Exception in thread "Thread-403" java.lang.NumberFormatException: For input string: "-174,031095"
	at sun.misc.FloatingDecimal.readJavaFormatString(FloatingDecimal.java:2043)
	at sun.misc.FloatingDecimal.parseDouble(FloatingDecimal.java:110)
	at java.lang.Double.parseDouble(Double.java:538)
	at gpsUtil.GpsUtil.getUserLocation(GpsUtil.java:30)
	at tourGuide.service.TourGuideService.trackUserLocation(TourGuideService.java:84)
	at tourGuide.service.TourGuideService$1.run(TourGuideService.java:103)
Exception in thread "Thread-427" java.lang.NumberFormatException: For input string: "131,856236"
	at sun.misc.FloatingDecimal.readJavaFormatString(FloatingDecimal.java:2043)
	at sun.misc.FloatingDecimal.parseDouble(FloatingDecimal.java:110)
	at java.lang.Double.parseDouble(Double.java:538)
	at gpsUtil.GpsUtil.getUserLocation(GpsUtil.java:30)
	at tourGuide.service.TourGuideService.trackUserLocation(TourGuideService.java:84)
	at tourGuide.service.TourGuideService$1.run(TourGuideService.java:103)
Exception in thread "Thread-186" java.lang.NumberFormatException: For input string: "-10,349253"
	at sun.misc.FloatingDecimal.readJavaFormatString(FloatingDecimal.java:2043)
	at sun.misc.FloatingDecimal.parseDouble(FloatingDecimal.java:110)
	at java.lang.Double.parseDouble(Double.java:538)
	at gpsUtil.GpsUtil.getUserLocation(GpsUtil.java:30)
	at tourGuide.service.TourGuideService.trackUserLocation(TourGuideService.java:84)
	at tourGuide.service.TourGuideService$1.run(TourGuideService.java:103)
Exception in thread "Thread-122" java.lang.NumberFormatException: For input string: "-166,659645"
	at sun.misc.FloatingDecimal.readJavaFormatString(FloatingDecimal.java:2043)
	at sun.misc.FloatingDecimal.parseDouble(FloatingDecimal.java:110)
	at java.lang.Double.parseDouble(Double.java:538)
	at gpsUtil.GpsUtil.getUserLocation(GpsUtil.java:30)
	at tourGuide.service.TourGuideService.trackUserLocation(TourGuideService.java:84)
	at tourGuide.service.TourGuideService$1.run(TourGuideService.java:103)
Exception in thread "Thread-411" java.lang.NumberFormatException: For input string: "81,019026"
	at sun.misc.FloatingDecimal.readJavaFormatString(FloatingDecimal.java:2043)
	at sun.misc.FloatingDecimal.parseDouble(FloatingDecimal.java:110)
	at java.lang.Double.parseDouble(Double.java:538)
	at gpsUtil.GpsUtil.getUserLocation(GpsUtil.java:30)
	at tourGuide.service.TourGuideService.trackUserLocation(TourGuideService.java:84)
	at tourGuide.service.TourGuideService$1.run(TourGuideService.java:103)
Exception in thread "Thread-362" java.lang.NumberFormatException: For input string: "1,841263"
	at sun.misc.FloatingDecimal.readJavaFormatString(FloatingDecimal.java:2043)
	at sun.misc.FloatingDecimal.parseDouble(FloatingDecimal.java:110)
	at java.lang.Double.parseDouble(Double.java:538)
	at gpsUtil.GpsUtil.getUserLocation(GpsUtil.java:30)
	at tourGuide.service.TourGuideService.trackUserLocation(TourGuideService.java:84)
	at tourGuide.service.TourGuideService$1.run(TourGuideService.java:103)
Exception in thread "Thread-391" java.lang.NumberFormatException: For input string: "36,285703"
	at sun.misc.FloatingDecimal.readJavaFormatString(FloatingDecimal.java:2043)
	at sun.misc.FloatingDecimal.parseDouble(FloatingDecimal.java:110)
	at java.lang.Double.parseDouble(Double.java:538)
	at gpsUtil.GpsUtil.getUserLocation(GpsUtil.java:30)
	at tourGuide.service.TourGuideService.trackUserLocation(TourGuideService.java:84)
	at tourGuide.service.TourGuideService$1.run(TourGuideService.java:103)
Exception in thread "Thread-181" java.lang.NumberFormatException: For input string: "55,270192"
	at sun.misc.FloatingDecimal.readJavaFormatString(FloatingDecimal.java:2043)
	at sun.misc.FloatingDecimal.parseDouble(FloatingDecimal.java:110)
	at java.lang.Double.parseDouble(Double.java:538)
	at gpsUtil.GpsUtil.getUserLocation(GpsUtil.java:30)
	at tourGuide.service.TourGuideService.trackUserLocation(TourGuideService.java:84)
	at tourGuide.service.TourGuideService$1.run(TourGuideService.java:103)
Exception in thread "Thread-125" java.lang.NumberFormatException: For input string: "128,857991"
	at sun.misc.FloatingDecimal.readJavaFormatString(FloatingDecimal.java:2043)
	at sun.misc.FloatingDecimal.parseDouble(FloatingDecimal.java:110)
	at java.lang.Double.parseDouble(Double.java:538)
	at gpsUtil.GpsUtil.getUserLocation(GpsUtil.java:30)
	at tourGuide.service.TourGuideService.trackUserLocation(TourGuideService.java:84)
	at tourGuide.service.TourGuideService$1.run(TourGuideService.java:103)
Exception in thread "Thread-482" java.lang.NumberFormatException: For input string: "53,424591"
	at sun.misc.FloatingDecimal.readJavaFormatString(FloatingDecimal.java:2043)
	at sun.misc.FloatingDecimal.parseDouble(FloatingDecimal.java:110)
	at java.lang.Double.parseDouble(Double.java:538)
	at gpsUtil.GpsUtil.getUserLocation(GpsUtil.java:30)
	at tourGuide.service.TourGuideService.trackUserLocation(TourGuideService.java:84)
	at tourGuide.service.TourGuideService$1.run(TourGuideService.java:103)
Exception in thread "Thread-332" java.lang.NumberFormatException: For input string: "-88,469755"
	at sun.misc.FloatingDecimal.readJavaFormatString(FloatingDecimal.java:2043)
	at sun.misc.FloatingDecimal.parseDouble(FloatingDecimal.java:110)
	at java.lang.Double.parseDouble(Double.java:538)
	at gpsUtil.GpsUtil.getUserLocation(GpsUtil.java:30)
	at tourGuide.service.TourGuideService.trackUserLocation(TourGuideService.java:84)
	at tourGuide.service.TourGuideService$1.run(TourGuideService.java:103)
Exception in thread "Thread-205" java.lang.NumberFormatException: For input string: "-30,314445"
	at sun.misc.FloatingDecimal.readJavaFormatString(FloatingDecimal.java:2043)
	at sun.misc.FloatingDecimal.parseDouble(FloatingDecimal.java:110)
	at java.lang.Double.parseDouble(Double.java:538)
	at gpsUtil.GpsUtil.getUserLocation(GpsUtil.java:30)
	at tourGuide.service.TourGuideService.trackUserLocation(TourGuideService.java:84)
	at tourGuide.service.TourGuideService$1.run(TourGuideService.java:103)
Exception in thread "Thread-402" java.lang.NumberFormatException: For input string: "75,238226"
	at sun.misc.FloatingDecimal.readJavaFormatString(FloatingDecimal.java:2043)
	at sun.misc.FloatingDecimal.parseDouble(FloatingDecimal.java:110)
	at java.lang.Double.parseDouble(Double.java:538)
	at gpsUtil.GpsUtil.getUserLocation(GpsUtil.java:30)
	at tourGuide.service.TourGuideService.trackUserLocation(TourGuideService.java:84)
	at tourGuide.service.TourGuideService$1.run(TourGuideService.java:103)
Exception in thread "Thread-220" java.lang.NumberFormatException: For input string: "12,380019"
	at sun.misc.FloatingDecimal.readJavaFormatString(FloatingDecimal.java:2043)
	at sun.misc.FloatingDecimal.parseDouble(FloatingDecimal.java:110)
	at java.lang.Double.parseDouble(Double.java:538)
	at gpsUtil.GpsUtil.getUserLocation(GpsUtil.java:30)
	at tourGuide.service.TourGuideService.trackUserLocation(TourGuideService.java:84)
	at tourGuide.service.TourGuideService$1.run(TourGuideService.java:103)
Exception in thread "Thread-261" java.lang.NumberFormatException: For input string: "7,733502"
	at sun.misc.FloatingDecimal.readJavaFormatString(FloatingDecimal.java:2043)
	at sun.misc.FloatingDecimal.parseDouble(FloatingDecimal.java:110)
	at java.lang.Double.parseDouble(Double.java:538)
	at gpsUtil.GpsUtil.getUserLocation(GpsUtil.java:30)
	at tourGuide.service.TourGuideService.trackUserLocation(TourGuideService.java:84)
	at tourGuide.service.TourGuideService$1.run(TourGuideService.java:103)
Exception in thread "Thread-309" java.lang.NumberFormatException: For input string: "119,592226"
	at sun.misc.FloatingDecimal.readJavaFormatString(FloatingDecimal.java:2043)
	at sun.misc.FloatingDecimal.parseDouble(FloatingDecimal.java:110)
	at java.lang.Double.parseDouble(Double.java:538)
	at gpsUtil.GpsUtil.getUserLocation(GpsUtil.java:30)
	at tourGuide.service.TourGuideService.trackUserLocation(TourGuideService.java:84)
	at tourGuide.service.TourGuideService$1.run(TourGuideService.java:103)
Exception in thread "Thread-333" java.lang.NumberFormatException: For input string: "-0,203593"
	at sun.misc.FloatingDecimal.readJavaFormatString(FloatingDecimal.java:2043)
	at sun.misc.FloatingDecimal.parseDouble(FloatingDecimal.java:110)
	at java.lang.Double.parseDouble(Double.java:538)
	at gpsUtil.GpsUtil.getUserLocation(GpsUtil.java:30)
	at tourGuide.service.TourGuideService.trackUserLocation(TourGuideService.java:84)
	at tourGuide.service.TourGuideService$1.run(TourGuideService.java:103)
Exception in thread "Thread-188" java.lang.NumberFormatException: For input string: "33,262081"
	at sun.misc.FloatingDecimal.readJavaFormatString(FloatingDecimal.java:2043)
	at sun.misc.FloatingDecimal.parseDouble(FloatingDecimal.java:110)
	at java.lang.Double.parseDouble(Double.java:538)
	at gpsUtil.GpsUtil.getUserLocation(GpsUtil.java:30)
	at tourGuide.service.TourGuideService.trackUserLocation(TourGuideService.java:84)
	at tourGuide.service.TourGuideService$1.run(TourGuideService.java:103)
Exception in thread "Thread-301" java.lang.NumberFormatException: For input string: "-27,309215"
	at sun.misc.FloatingDecimal.readJavaFormatString(FloatingDecimal.java:2043)
	at sun.misc.FloatingDecimal.parseDouble(FloatingDecimal.java:110)
	at java.lang.Double.parseDouble(Double.java:538)
	at gpsUtil.GpsUtil.getUserLocation(GpsUtil.java:30)
	at tourGuide.service.TourGuideService.trackUserLocation(TourGuideService.java:84)
	at tourGuide.service.TourGuideService$1.run(TourGuideService.java:103)
Exception in thread "Thread-372" java.lang.NumberFormatException: For input string: "60,830402"
	at sun.misc.FloatingDecimal.readJavaFormatString(FloatingDecimal.java:2043)
	at sun.misc.FloatingDecimal.parseDouble(FloatingDecimal.java:110)
	at java.lang.Double.parseDouble(Double.java:538)
	at gpsUtil.GpsUtil.getUserLocation(GpsUtil.java:30)
	at tourGuide.service.TourGuideService.trackUserLocation(TourGuideService.java:84)
	at tourGuide.service.TourGuideService$1.run(TourGuideService.java:103)
Exception in thread "Thread-101" java.lang.NumberFormatException: For input string: "-101,583265"
	at sun.misc.FloatingDecimal.readJavaFormatString(FloatingDecimal.java:2043)
	at sun.misc.FloatingDecimal.parseDouble(FloatingDecimal.java:110)
	at java.lang.Double.parseDouble(Double.java:538)
	at gpsUtil.GpsUtil.getUserLocation(GpsUtil.java:30)
	at tourGuide.service.TourGuideService.trackUserLocation(TourGuideService.java:84)
	at tourGuide.service.TourGuideService$1.run(TourGuideService.java:103)
Exception in thread "Thread-173" java.lang.NumberFormatException: For input string: "-168,809526"
	at sun.misc.FloatingDecimal.readJavaFormatString(FloatingDecimal.java:2043)
	at sun.misc.FloatingDecimal.parseDouble(FloatingDecimal.java:110)
	at java.lang.Double.parseDouble(Double.java:538)
	at gpsUtil.GpsUtil.getUserLocation(GpsUtil.java:30)
	at tourGuide.service.TourGuideService.trackUserLocation(TourGuideService.java:84)
	at tourGuide.service.TourGuideService$1.run(TourGuideService.java:103)
Exception in thread "Thread-250" java.lang.NumberFormatException: For input string: "-176,547157"
	at sun.misc.FloatingDecimal.readJavaFormatString(FloatingDecimal.java:2043)
	at sun.misc.FloatingDecimal.parseDouble(FloatingDecimal.java:110)
	at java.lang.Double.parseDouble(Double.java:538)
	at gpsUtil.GpsUtil.getUserLocation(GpsUtil.java:30)
	at tourGuide.service.TourGuideService.trackUserLocation(TourGuideService.java:84)
	at tourGuide.service.TourGuideService$1.run(TourGuideService.java:103)
Exception in thread "Thread-52" java.lang.NumberFormatException: For input string: "-128,045865"
	at sun.misc.FloatingDecimal.readJavaFormatString(FloatingDecimal.java:2043)
	at sun.misc.FloatingDecimal.parseDouble(FloatingDecimal.java:110)
	at java.lang.Double.parseDouble(Double.java:538)
	at gpsUtil.GpsUtil.getUserLocation(GpsUtil.java:30)
	at tourGuide.service.TourGuideService.trackUserLocation(TourGuideService.java:84)
	at tourGuide.service.TourGuideService$1.run(TourGuideService.java:103)
Exception in thread "Thread-394" java.lang.NumberFormatException: For input string: "154,503121"
	at sun.misc.FloatingDecimal.readJavaFormatString(FloatingDecimal.java:2043)
	at sun.misc.FloatingDecimal.parseDouble(FloatingDecimal.java:110)
	at java.lang.Double.parseDouble(Double.java:538)
	at gpsUtil.GpsUtil.getUserLocation(GpsUtil.java:30)
	at tourGuide.service.TourGuideService.trackUserLocation(TourGuideService.java:84)
	at tourGuide.service.TourGuideService$1.run(TourGuideService.java:103)
Exception in thread "Thread-317" java.lang.NumberFormatException: For input string: "-127,222667"
	at sun.misc.FloatingDecimal.readJavaFormatString(FloatingDecimal.java:2043)
	at sun.misc.FloatingDecimal.parseDouble(FloatingDecimal.java:110)
	at java.lang.Double.parseDouble(Double.java:538)
	at gpsUtil.GpsUtil.getUserLocation(GpsUtil.java:30)
	at tourGuide.service.TourGuideService.trackUserLocation(TourGuideService.java:84)
	at tourGuide.service.TourGuideService$1.run(TourGuideService.java:103)
Exception in thread "Thread-331" java.lang.NumberFormatException: For input string: "-89,057164"
	at sun.misc.FloatingDecimal.readJavaFormatString(FloatingDecimal.java:2043)
	at sun.misc.FloatingDecimal.parseDouble(FloatingDecimal.java:110)
	at java.lang.Double.parseDouble(Double.java:538)
	at gpsUtil.GpsUtil.getUserLocation(GpsUtil.java:30)
	at tourGuide.service.TourGuideService.trackUserLocation(TourGuideService.java:84)
	at tourGuide.service.TourGuideService$1.run(TourGuideService.java:103)
Exception in thread "Thread-149" java.lang.NumberFormatException: For input string: "-131,162905"
	at sun.misc.FloatingDecimal.readJavaFormatString(FloatingDecimal.java:2043)
	at sun.misc.FloatingDecimal.parseDouble(FloatingDecimal.java:110)
	at java.lang.Double.parseDouble(Double.java:538)
	at gpsUtil.GpsUtil.getUserLocation(GpsUtil.java:30)
	at tourGuide.service.TourGuideService.trackUserLocation(TourGuideService.java:84)
	at tourGuide.service.TourGuideService$1.run(TourGuideService.java:103)
Exception in thread "Thread-340" java.lang.NumberFormatException: For input string: "76,052123"
	at sun.misc.FloatingDecimal.readJavaFormatString(FloatingDecimal.java:2043)
	at sun.misc.FloatingDecimal.parseDouble(FloatingDecimal.java:110)
	at java.lang.Double.parseDouble(Double.java:538)
	at gpsUtil.GpsUtil.getUserLocation(GpsUtil.java:30)
	at tourGuide.service.TourGuideService.trackUserLocation(TourGuideService.java:84)
	at tourGuide.service.TourGuideService$1.run(TourGuideService.java:103)
Exception in thread "Thread-266" java.lang.NumberFormatException: For input string: "-10,631499"
	at sun.misc.FloatingDecimal.readJavaFormatString(FloatingDecimal.java:2043)
	at sun.misc.FloatingDecimal.parseDouble(FloatingDecimal.java:110)
	at java.lang.Double.parseDouble(Double.java:538)
	at gpsUtil.GpsUtil.getUserLocation(GpsUtil.java:30)
	at tourGuide.service.TourGuideService.trackUserLocation(TourGuideService.java:84)
	at tourGuide.service.TourGuideService$1.run(TourGuideService.java:103)
Exception in thread "Thread-322" java.lang.NumberFormatException: For input string: "99,451403"
	at sun.misc.FloatingDecimal.readJavaFormatString(FloatingDecimal.java:2043)
	at sun.misc.FloatingDecimal.parseDouble(FloatingDecimal.java:110)
	at java.lang.Double.parseDouble(Double.java:538)
	at gpsUtil.GpsUtil.getUserLocation(GpsUtil.java:30)
	at tourGuide.service.TourGuideService.trackUserLocation(TourGuideService.java:84)
	at tourGuide.service.TourGuideService$1.run(TourGuideService.java:103)
Exception in thread "Thread-267" java.lang.NumberFormatException: For input string: "-87,084065"
	at sun.misc.FloatingDecimal.readJavaFormatString(FloatingDecimal.java:2043)
	at sun.misc.FloatingDecimal.parseDouble(FloatingDecimal.java:110)
	at java.lang.Double.parseDouble(Double.java:538)
	at gpsUtil.GpsUtil.getUserLocation(GpsUtil.java:30)
	at tourGuide.service.TourGuideService.trackUserLocation(TourGuideService.java:84)
	at tourGuide.service.TourGuideService$1.run(TourGuideService.java:103)
Exception in thread "Thread-275" java.lang.NumberFormatException: For input string: "-138,698574"
	at sun.misc.FloatingDecimal.readJavaFormatString(FloatingDecimal.java:2043)
	at sun.misc.FloatingDecimal.parseDouble(FloatingDecimal.java:110)
	at java.lang.Double.parseDouble(Double.java:538)
	at gpsUtil.GpsUtil.getUserLocation(GpsUtil.java:30)
	at tourGuide.service.TourGuideService.trackUserLocation(TourGuideService.java:84)
	at tourGuide.service.TourGuideService$1.run(TourGuideService.java:103)
Exception in thread "Thread-314" java.lang.NumberFormatException: For input string: "24,326584"
	at sun.misc.FloatingDecimal.readJavaFormatString(FloatingDecimal.java:2043)
	at sun.misc.FloatingDecimal.parseDouble(FloatingDecimal.java:110)
	at java.lang.Double.parseDouble(Double.java:538)
	at gpsUtil.GpsUtil.getUserLocation(GpsUtil.java:30)
	at tourGuide.service.TourGuideService.trackUserLocation(TourGuideService.java:84)
	at tourGuide.service.TourGuideService$1.run(TourGuideService.java:103)
Exception in thread "Thread-251" java.lang.NumberFormatException: For input string: "178,486514"
	at sun.misc.FloatingDecimal.readJavaFormatString(FloatingDecimal.java:2043)
	at sun.misc.FloatingDecimal.parseDouble(FloatingDecimal.java:110)
	at java.lang.Double.parseDouble(Double.java:538)
	at gpsUtil.GpsUtil.getUserLocation(GpsUtil.java:30)
	at tourGuide.service.TourGuideService.trackUserLocation(TourGuideService.java:84)
	at tourGuide.service.TourGuideService$1.run(TourGuideService.java:103)
Exception in thread "Thread-110" java.lang.NumberFormatException: For input string: "109,202362"
	at sun.misc.FloatingDecimal.readJavaFormatString(FloatingDecimal.java:2043)
	at sun.misc.FloatingDecimal.parseDouble(FloatingDecimal.java:110)
	at java.lang.Double.parseDouble(Double.java:538)
	at gpsUtil.GpsUtil.getUserLocation(GpsUtil.java:30)
	at tourGuide.service.TourGuideService.trackUserLocation(TourGuideService.java:84)
	at tourGuide.service.TourGuideService$1.run(TourGuideService.java:103)
Exception in thread "Thread-439" java.lang.NumberFormatException: For input string: "-55,821489"
	at sun.misc.FloatingDecimal.readJavaFormatString(FloatingDecimal.java:2043)
	at sun.misc.FloatingDecimal.parseDouble(FloatingDecimal.java:110)
	at java.lang.Double.parseDouble(Double.java:538)
	at gpsUtil.GpsUtil.getUserLocation(GpsUtil.java:30)
	at tourGuide.service.TourGuideService.trackUserLocation(TourGuideService.java:84)
	at tourGuide.service.TourGuideService$1.run(TourGuideService.java:103)
Exception in thread "Thread-406" java.lang.NumberFormatException: For input string: "-154,357671"
	at sun.misc.FloatingDecimal.readJavaFormatString(FloatingDecimal.java:2043)
	at sun.misc.FloatingDecimal.parseDouble(FloatingDecimal.java:110)
	at java.lang.Double.parseDouble(Double.java:538)
	at gpsUtil.GpsUtil.getUserLocation(GpsUtil.java:30)
	at tourGuide.service.TourGuideService.trackUserLocation(TourGuideService.java:84)
	at tourGuide.service.TourGuideService$1.run(TourGuideService.java:103)
Exception in thread "Thread-306" java.lang.NumberFormatException: For input string: "-53,365763"
	at sun.misc.FloatingDecimal.readJavaFormatString(FloatingDecimal.java:2043)
	at sun.misc.FloatingDecimal.parseDouble(FloatingDecimal.java:110)
	at java.lang.Double.parseDouble(Double.java:538)
	at gpsUtil.GpsUtil.getUserLocation(GpsUtil.java:30)
	at tourGuide.service.TourGuideService.trackUserLocation(TourGuideService.java:84)
	at tourGuide.service.TourGuideService$1.run(TourGuideService.java:103)
Exception in thread "Thread-374" java.lang.NumberFormatException: For input string: "112,092535"
	at sun.misc.FloatingDecimal.readJavaFormatString(FloatingDecimal.java:2043)
	at sun.misc.FloatingDecimal.parseDouble(FloatingDecimal.java:110)
	at java.lang.Double.parseDouble(Double.java:538)
	at gpsUtil.GpsUtil.getUserLocation(GpsUtil.java:30)
	at tourGuide.service.TourGuideService.trackUserLocation(TourGuideService.java:84)
	at tourGuide.service.TourGuideService$1.run(TourGuideService.java:103)
Exception in thread "Thread-370" java.lang.NumberFormatException: For input string: "166,545051"
	at sun.misc.FloatingDecimal.readJavaFormatString(FloatingDecimal.java:2043)
	at sun.misc.FloatingDecimal.parseDouble(FloatingDecimal.java:110)
	at java.lang.Double.parseDouble(Double.java:538)
	at gpsUtil.GpsUtil.getUserLocation(GpsUtil.java:30)
	at tourGuide.service.TourGuideService.trackUserLocation(TourGuideService.java:84)
	at tourGuide.service.TourGuideService$1.run(TourGuideService.java:103)
Exception in thread "Thread-302" java.lang.NumberFormatException: For input string: "-18,394699"
	at sun.misc.FloatingDecimal.readJavaFormatString(FloatingDecimal.java:2043)
	at sun.misc.FloatingDecimal.parseDouble(FloatingDecimal.java:110)
	at java.lang.Double.parseDouble(Double.java:538)
	at gpsUtil.GpsUtil.getUserLocation(GpsUtil.java:30)
	at tourGuide.service.TourGuideService.trackUserLocation(TourGuideService.java:84)
	at tourGuide.service.TourGuideService$1.run(TourGuideService.java:103)
Exception in thread "Thread-303" java.lang.NumberFormatException: For input string: "-147,096008"
	at sun.misc.FloatingDecimal.readJavaFormatString(FloatingDecimal.java:2043)
	at sun.misc.FloatingDecimal.parseDouble(FloatingDecimal.java:110)
	at java.lang.Double.parseDouble(Double.java:538)
	at gpsUtil.GpsUtil.getUserLocation(GpsUtil.java:30)
	at tourGuide.service.TourGuideService.trackUserLocation(TourGuideService.java:84)
	at tourGuide.service.TourGuideService$1.run(TourGuideService.java:103)
Exception in thread "Thread-79" java.lang.NumberFormatException: For input string: "169,449003"
	at sun.misc.FloatingDecimal.readJavaFormatString(FloatingDecimal.java:2043)
	at sun.misc.FloatingDecimal.parseDouble(FloatingDecimal.java:110)
	at java.lang.Double.parseDouble(Double.java:538)
	at gpsUtil.GpsUtil.getUserLocation(GpsUtil.java:30)
	at tourGuide.service.TourGuideService.trackUserLocation(TourGuideService.java:84)
	at tourGuide.service.TourGuideService$1.run(TourGuideService.java:103)
Exception in thread "Thread-405" java.lang.NumberFormatException: For input string: "-3,831178"
	at sun.misc.FloatingDecimal.readJavaFormatString(FloatingDecimal.java:2043)
	at sun.misc.FloatingDecimal.parseDouble(FloatingDecimal.java:110)
	at java.lang.Double.parseDouble(Double.java:538)
	at gpsUtil.GpsUtil.getUserLocation(GpsUtil.java:30)
	at tourGuide.service.TourGuideService.trackUserLocation(TourGuideService.java:84)
	at tourGuide.service.TourGuideService$1.run(TourGuideService.java:103)
Exception in thread "Thread-223" java.lang.NumberFormatException: For input string: "-1,979763"
	at sun.misc.FloatingDecimal.readJavaFormatString(FloatingDecimal.java:2043)
	at sun.misc.FloatingDecimal.parseDouble(FloatingDecimal.java:110)
	at java.lang.Double.parseDouble(Double.java:538)
	at gpsUtil.GpsUtil.getUserLocation(GpsUtil.java:30)
	at tourGuide.service.TourGuideService.trackUserLocation(TourGuideService.java:84)
	at tourGuide.service.TourGuideService$1.run(TourGuideService.java:103)
Exception in thread "Thread-86" java.lang.NumberFormatException: For input string: "-63,807183"
	at sun.misc.FloatingDecimal.readJavaFormatString(FloatingDecimal.java:2043)
	at sun.misc.FloatingDecimal.parseDouble(FloatingDecimal.java:110)
	at java.lang.Double.parseDouble(Double.java:538)
	at gpsUtil.GpsUtil.getUserLocation(GpsUtil.java:30)
	at tourGuide.service.TourGuideService.trackUserLocation(TourGuideService.java:84)
	at tourGuide.service.TourGuideService$1.run(TourGuideService.java:103)
Exception in thread "Thread-247" java.lang.NumberFormatException: For input string: "-148,586745"
	at sun.misc.FloatingDecimal.readJavaFormatString(FloatingDecimal.java:2043)
	at sun.misc.FloatingDecimal.parseDouble(FloatingDecimal.java:110)
	at java.lang.Double.parseDouble(Double.java:538)
	at gpsUtil.GpsUtil.getUserLocation(GpsUtil.java:30)
	at tourGuide.service.TourGuideService.trackUserLocation(TourGuideService.java:84)
	at tourGuide.service.TourGuideService$1.run(TourGuideService.java:103)
Exception in thread "Thread-343" java.lang.NumberFormatException: For input string: "129,245662"
	at sun.misc.FloatingDecimal.readJavaFormatString(FloatingDecimal.java:2043)
	at sun.misc.FloatingDecimal.parseDouble(FloatingDecimal.java:110)
	at java.lang.Double.parseDouble(Double.java:538)
	at gpsUtil.GpsUtil.getUserLocation(GpsUtil.java:30)
	at tourGuide.service.TourGuideService.trackUserLocation(TourGuideService.java:84)
	at tourGuide.service.TourGuideService$1.run(TourGuideService.java:103)
Exception in thread "Thread-126" java.lang.NumberFormatException: For input string: "-48,059885"
	at sun.misc.FloatingDecimal.readJavaFormatString(FloatingDecimal.java:2043)
	at sun.misc.FloatingDecimal.parseDouble(FloatingDecimal.java:110)
	at java.lang.Double.parseDouble(Double.java:538)
	at gpsUtil.GpsUtil.getUserLocation(GpsUtil.java:30)
	at tourGuide.service.TourGuideService.trackUserLocation(TourGuideService.java:84)
	at tourGuide.service.TourGuideService$1.run(TourGuideService.java:103)
Exception in thread "Thread-222" java.lang.NumberFormatException: For input string: "146,414724"
	at sun.misc.FloatingDecimal.readJavaFormatString(FloatingDecimal.java:2043)
	at sun.misc.FloatingDecimal.parseDouble(FloatingDecimal.java:110)
	at java.lang.Double.parseDouble(Double.java:538)
	at gpsUtil.GpsUtil.getUserLocation(GpsUtil.java:30)
	at tourGuide.service.TourGuideService.trackUserLocation(TourGuideService.java:84)
	at tourGuide.service.TourGuideService$1.run(TourGuideService.java:103)
Exception in thread "Thread-183" java.lang.NumberFormatException: For input string: "-42,888884"
	at sun.misc.FloatingDecimal.readJavaFormatString(FloatingDecimal.java:2043)
	at sun.misc.FloatingDecimal.parseDouble(FloatingDecimal.java:110)
	at java.lang.Double.parseDouble(Double.java:538)
	at gpsUtil.GpsUtil.getUserLocation(GpsUtil.java:30)
	at tourGuide.service.TourGuideService.trackUserLocation(TourGuideService.java:84)
	at tourGuide.service.TourGuideService$1.run(TourGuideService.java:103)
Exception in thread "Thread-111" java.lang.NumberFormatException: For input string: "-163,865459"
	at sun.misc.FloatingDecimal.readJavaFormatString(FloatingDecimal.java:2043)
	at sun.misc.FloatingDecimal.parseDouble(FloatingDecimal.java:110)
	at java.lang.Double.parseDouble(Double.java:538)
	at gpsUtil.GpsUtil.getUserLocation(GpsUtil.java:30)
	at tourGuide.service.TourGuideService.trackUserLocation(TourGuideService.java:84)
	at tourGuide.service.TourGuideService$1.run(TourGuideService.java:103)
Exception in thread "Thread-319" java.lang.NumberFormatException: For input string: "27,779331"
	at sun.misc.FloatingDecimal.readJavaFormatString(FloatingDecimal.java:2043)
	at sun.misc.FloatingDecimal.parseDouble(FloatingDecimal.java:110)
	at java.lang.Double.parseDouble(Double.java:538)
	at gpsUtil.GpsUtil.getUserLocation(GpsUtil.java:30)
	at tourGuide.service.TourGuideService.trackUserLocation(TourGuideService.java:84)
	at tourGuide.service.TourGuideService$1.run(TourGuideService.java:103)
Exception in thread "Thread-134" java.lang.NumberFormatException: For input string: "22,320006"
	at sun.misc.FloatingDecimal.readJavaFormatString(FloatingDecimal.java:2043)
	at sun.misc.FloatingDecimal.parseDouble(FloatingDecimal.java:110)
	at java.lang.Double.parseDouble(Double.java:538)
	at gpsUtil.GpsUtil.getUserLocation(GpsUtil.java:30)
	at tourGuide.service.TourGuideService.trackUserLocation(TourGuideService.java:84)
	at tourGuide.service.TourGuideService$1.run(TourGuideService.java:103)
Exception in thread "Thread-294" java.lang.NumberFormatException: For input string: "99,415949"
	at sun.misc.FloatingDecimal.readJavaFormatString(FloatingDecimal.java:2043)
	at sun.misc.FloatingDecimal.parseDouble(FloatingDecimal.java:110)
	at java.lang.Double.parseDouble(Double.java:538)
	at gpsUtil.GpsUtil.getUserLocation(GpsUtil.java:30)
	at tourGuide.service.TourGuideService.trackUserLocation(TourGuideService.java:84)
	at tourGuide.service.TourGuideService$1.run(TourGuideService.java:103)
Exception in thread "Thread-350" java.lang.NumberFormatException: For input string: "32,526617"
	at sun.misc.FloatingDecimal.readJavaFormatString(FloatingDecimal.java:2043)
	at sun.misc.FloatingDecimal.parseDouble(FloatingDecimal.java:110)
	at java.lang.Double.parseDouble(Double.java:538)
	at gpsUtil.GpsUtil.getUserLocation(GpsUtil.java:30)
	at tourGuide.service.TourGuideService.trackUserLocation(TourGuideService.java:84)
	at tourGuide.service.TourGuideService$1.run(TourGuideService.java:103)
Exception in thread "Thread-199" java.lang.NumberFormatException: For input string: "-49,513293"
	at sun.misc.FloatingDecimal.readJavaFormatString(FloatingDecimal.java:2043)
	at sun.misc.FloatingDecimal.parseDouble(FloatingDecimal.java:110)
	at java.lang.Double.parseDouble(Double.java:538)
	at gpsUtil.GpsUtil.getUserLocation(GpsUtil.java:30)
	at tourGuide.service.TourGuideService.trackUserLocation(TourGuideService.java:84)
	at tourGuide.service.TourGuideService$1.run(TourGuideService.java:103)
Exception in thread "Thread-191" java.lang.NumberFormatException: For input string: "-135,529040"
	at sun.misc.FloatingDecimal.readJavaFormatString(FloatingDecimal.java:2043)
	at sun.misc.FloatingDecimal.parseDouble(FloatingDecimal.java:110)
	at java.lang.Double.parseDouble(Double.java:538)
	at gpsUtil.GpsUtil.getUserLocation(GpsUtil.java:30)
	at tourGuide.service.TourGuideService.trackUserLocation(TourGuideService.java:84)
	at tourGuide.service.TourGuideService$1.run(TourGuideService.java:103)
Exception in thread "Thread-334" java.lang.NumberFormatException: For input string: "71,275004"
	at sun.misc.FloatingDecimal.readJavaFormatString(FloatingDecimal.java:2043)
	at sun.misc.FloatingDecimal.parseDouble(FloatingDecimal.java:110)
	at java.lang.Double.parseDouble(Double.java:538)
	at gpsUtil.GpsUtil.getUserLocation(GpsUtil.java:30)
	at tourGuide.service.TourGuideService.trackUserLocation(TourGuideService.java:84)
	at tourGuide.service.TourGuideService$1.run(TourGuideService.java:103)
Exception in thread "Thread-422" java.lang.NumberFormatException: For input string: "75,622329"
	at sun.misc.FloatingDecimal.readJavaFormatString(FloatingDecimal.java:2043)
	at sun.misc.FloatingDecimal.parseDouble(FloatingDecimal.java:110)
	at java.lang.Double.parseDouble(Double.java:538)
	at gpsUtil.GpsUtil.getUserLocation(GpsUtil.java:30)
	at tourGuide.service.TourGuideService.trackUserLocation(TourGuideService.java:84)
	at tourGuide.service.TourGuideService$1.run(TourGuideService.java:103)
Exception in thread "Thread-189" java.lang.NumberFormatException: For input string: "-27,743701"
	at sun.misc.FloatingDecimal.readJavaFormatString(FloatingDecimal.java:2043)
	at sun.misc.FloatingDecimal.parseDouble(FloatingDecimal.java:110)
	at java.lang.Double.parseDouble(Double.java:538)
	at gpsUtil.GpsUtil.getUserLocation(GpsUtil.java:30)
	at tourGuide.service.TourGuideService.trackUserLocation(TourGuideService.java:84)
	at tourGuide.service.TourGuideService$1.run(TourGuideService.java:103)
Exception in thread "Thread-211" java.lang.NumberFormatException: For input string: "155,035099"
	at sun.misc.FloatingDecimal.readJavaFormatString(FloatingDecimal.java:2043)
	at sun.misc.FloatingDecimal.parseDouble(FloatingDecimal.java:110)
	at java.lang.Double.parseDouble(Double.java:538)
	at gpsUtil.GpsUtil.getUserLocation(GpsUtil.java:30)
	at tourGuide.service.TourGuideService.trackUserLocation(TourGuideService.java:84)
	at tourGuide.service.TourGuideService$1.run(TourGuideService.java:103)
Exception in thread "Thread-368" java.lang.NumberFormatException: For input string: "-40,719900"
	at sun.misc.FloatingDecimal.readJavaFormatString(FloatingDecimal.java:2043)
	at sun.misc.FloatingDecimal.parseDouble(FloatingDecimal.java:110)
	at java.lang.Double.parseDouble(Double.java:538)
	at gpsUtil.GpsUtil.getUserLocation(GpsUtil.java:30)
	at tourGuide.service.TourGuideService.trackUserLocation(TourGuideService.java:84)
	at tourGuide.service.TourGuideService$1.run(TourGuideService.java:103)
Exception in thread "Thread-432" java.lang.NumberFormatException: For input string: "-176,740420"
	at sun.misc.FloatingDecimal.readJavaFormatString(FloatingDecimal.java:2043)
	at sun.misc.FloatingDecimal.parseDouble(FloatingDecimal.java:110)
	at java.lang.Double.parseDouble(Double.java:538)
	at gpsUtil.GpsUtil.getUserLocation(GpsUtil.java:30)
	at tourGuide.service.TourGuideService.trackUserLocation(TourGuideService.java:84)
	at tourGuide.service.TourGuideService$1.run(TourGuideService.java:103)
Exception in thread "Thread-216" java.lang.NumberFormatException: For input string: "-33,439234"
	at sun.misc.FloatingDecimal.readJavaFormatString(FloatingDecimal.java:2043)
	at sun.misc.FloatingDecimal.parseDouble(FloatingDecimal.java:110)
	at java.lang.Double.parseDouble(Double.java:538)
	at gpsUtil.GpsUtil.getUserLocation(GpsUtil.java:30)
	at tourGuide.service.TourGuideService.trackUserLocation(TourGuideService.java:84)
	at tourGuide.service.TourGuideService$1.run(TourGuideService.java:103)
Exception in thread "Thread-389" java.lang.NumberFormatException: For input string: "-126,643747"
	at sun.misc.FloatingDecimal.readJavaFormatString(FloatingDecimal.java:2043)
	at sun.misc.FloatingDecimal.parseDouble(FloatingDecimal.java:110)
	at java.lang.Double.parseDouble(Double.java:538)
	at gpsUtil.GpsUtil.getUserLocation(GpsUtil.java:30)
	at tourGuide.service.TourGuideService.trackUserLocation(TourGuideService.java:84)
	at tourGuide.service.TourGuideService$1.run(TourGuideService.java:103)
Exception in thread "Thread-153" java.lang.NumberFormatException: For input string: "-69,031600"
	at sun.misc.FloatingDecimal.readJavaFormatString(FloatingDecimal.java:2043)
	at sun.misc.FloatingDecimal.parseDouble(FloatingDecimal.java:110)
	at java.lang.Double.parseDouble(Double.java:538)
	at gpsUtil.GpsUtil.getUserLocation(GpsUtil.java:30)
	at tourGuide.service.TourGuideService.trackUserLocation(TourGuideService.java:84)
	at tourGuide.service.TourGuideService$1.run(TourGuideService.java:103)
Exception in thread "Thread-384" java.lang.NumberFormatException: For input string: "24,113211"
	at sun.misc.FloatingDecimal.readJavaFormatString(FloatingDecimal.java:2043)
	at sun.misc.FloatingDecimal.parseDouble(FloatingDecimal.java:110)
	at java.lang.Double.parseDouble(Double.java:538)
	at gpsUtil.GpsUtil.getUserLocation(GpsUtil.java:30)
	at tourGuide.service.TourGuideService.trackUserLocation(TourGuideService.java:84)
	at tourGuide.service.TourGuideService$1.run(TourGuideService.java:103)
Exception in thread "Thread-151" java.lang.NumberFormatException: For input string: "34,072332"
	at sun.misc.FloatingDecimal.readJavaFormatString(FloatingDecimal.java:2043)
	at sun.misc.FloatingDecimal.parseDouble(FloatingDecimal.java:110)
	at java.lang.Double.parseDouble(Double.java:538)
	at gpsUtil.GpsUtil.getUserLocation(GpsUtil.java:30)
	at tourGuide.service.TourGuideService.trackUserLocation(TourGuideService.java:84)
	at tourGuide.service.TourGuideService$1.run(TourGuideService.java:103)
Exception in thread "Thread-390" java.lang.NumberFormatException: For input string: "-4,744166"
	at sun.misc.FloatingDecimal.readJavaFormatString(FloatingDecimal.java:2043)
	at sun.misc.FloatingDecimal.parseDouble(FloatingDecimal.java:110)
	at java.lang.Double.parseDouble(Double.java:538)
	at gpsUtil.GpsUtil.getUserLocation(GpsUtil.java:30)
	at tourGuide.service.TourGuideService.trackUserLocation(TourGuideService.java:84)
	at tourGuide.service.TourGuideService$1.run(TourGuideService.java:103)
Exception in thread "Thread-388" java.lang.NumberFormatException: For input string: "-154,352484"
	at sun.misc.FloatingDecimal.readJavaFormatString(FloatingDecimal.java:2043)
	at sun.misc.FloatingDecimal.parseDouble(FloatingDecimal.java:110)
	at java.lang.Double.parseDouble(Double.java:538)
	at gpsUtil.GpsUtil.getUserLocation(GpsUtil.java:30)
	at tourGuide.service.TourGuideService.trackUserLocation(TourGuideService.java:84)
	at tourGuide.service.TourGuideService$1.run(TourGuideService.java:103)
Exception in thread "Thread-342" java.lang.NumberFormatException: For input string: "-144,062774"
	at sun.misc.FloatingDecimal.readJavaFormatString(FloatingDecimal.java:2043)
	at sun.misc.FloatingDecimal.parseDouble(FloatingDecimal.java:110)
	at java.lang.Double.parseDouble(Double.java:538)
	at gpsUtil.GpsUtil.getUserLocation(GpsUtil.java:30)
	at tourGuide.service.TourGuideService.trackUserLocation(TourGuideService.java:84)
	at tourGuide.service.TourGuideService$1.run(TourGuideService.java:103)
Exception in thread "Thread-174" java.lang.NumberFormatException: For input string: "156,014359"
	at sun.misc.FloatingDecimal.readJavaFormatString(FloatingDecimal.java:2043)
	at sun.misc.FloatingDecimal.parseDouble(FloatingDecimal.java:110)
	at java.lang.Double.parseDouble(Double.java:538)
	at gpsUtil.GpsUtil.getUserLocation(GpsUtil.java:30)
	at tourGuide.service.TourGuideService.trackUserLocation(TourGuideService.java:84)
	at tourGuide.service.TourGuideService$1.run(TourGuideService.java:103)
Exception in thread "Thread-358" java.lang.NumberFormatException: For input string: "162,046420"
	at sun.misc.FloatingDecimal.readJavaFormatString(FloatingDecimal.java:2043)
	at sun.misc.FloatingDecimal.parseDouble(FloatingDecimal.java:110)
	at java.lang.Double.parseDouble(Double.java:538)
	at gpsUtil.GpsUtil.getUserLocation(GpsUtil.java:30)
	at tourGuide.service.TourGuideService.trackUserLocation(TourGuideService.java:84)
	at tourGuide.service.TourGuideService$1.run(TourGuideService.java:103)
Exception in thread "Thread-446" java.lang.NumberFormatException: For input string: "-50,068369"
	at sun.misc.FloatingDecimal.readJavaFormatString(FloatingDecimal.java:2043)
	at sun.misc.FloatingDecimal.parseDouble(FloatingDecimal.java:110)
	at java.lang.Double.parseDouble(Double.java:538)
	at gpsUtil.GpsUtil.getUserLocation(GpsUtil.java:30)
	at tourGuide.service.TourGuideService.trackUserLocation(TourGuideService.java:84)
	at tourGuide.service.TourGuideService$1.run(TourGuideService.java:103)
Exception in thread "Thread-359" java.lang.NumberFormatException: For input string: "87,995720"
	at sun.misc.FloatingDecimal.readJavaFormatString(FloatingDecimal.java:2043)
	at sun.misc.FloatingDecimal.parseDouble(FloatingDecimal.java:110)
	at java.lang.Double.parseDouble(Double.java:538)
	at gpsUtil.GpsUtil.getUserLocation(GpsUtil.java:30)
	at tourGuide.service.TourGuideService.trackUserLocation(TourGuideService.java:84)
	at tourGuide.service.TourGuideService$1.run(TourGuideService.java:103)
Exception in thread "Thread-351" java.lang.NumberFormatException: For input string: "-179,872363"
	at sun.misc.FloatingDecimal.readJavaFormatString(FloatingDecimal.java:2043)
	at sun.misc.FloatingDecimal.parseDouble(FloatingDecimal.java:110)
	at java.lang.Double.parseDouble(Double.java:538)
	at gpsUtil.GpsUtil.getUserLocation(GpsUtil.java:30)
	at tourGuide.service.TourGuideService.trackUserLocation(TourGuideService.java:84)
	at tourGuide.service.TourGuideService$1.run(TourGuideService.java:103)
Exception in thread "Thread-159" java.lang.NumberFormatException: For input string: "121,530688"
	at sun.misc.FloatingDecimal.readJavaFormatString(FloatingDecimal.java:2043)
	at sun.misc.FloatingDecimal.parseDouble(FloatingDecimal.java:110)
	at java.lang.Double.parseDouble(Double.java:538)
	at gpsUtil.GpsUtil.getUserLocation(GpsUtil.java:30)
	at tourGuide.service.TourGuideService.trackUserLocation(TourGuideService.java:84)
	at tourGuide.service.TourGuideService$1.run(TourGuideService.java:103)
Exception in thread "Thread-263" java.lang.NumberFormatException: For input string: "-144,092293"
	at sun.misc.FloatingDecimal.readJavaFormatString(FloatingDecimal.java:2043)
	at sun.misc.FloatingDecimal.parseDouble(FloatingDecimal.java:110)
	at java.lang.Double.parseDouble(Double.java:538)
	at gpsUtil.GpsUtil.getUserLocation(GpsUtil.java:30)
	at tourGuide.service.TourGuideService.trackUserLocation(TourGuideService.java:84)
	at tourGuide.service.TourGuideService$1.run(TourGuideService.java:103)
Exception in thread "Thread-415" java.lang.NumberFormatException: For input string: "172,757877"
	at sun.misc.FloatingDecimal.readJavaFormatString(FloatingDecimal.java:2043)
	at sun.misc.FloatingDecimal.parseDouble(FloatingDecimal.java:110)
	at java.lang.Double.parseDouble(Double.java:538)
	at gpsUtil.GpsUtil.getUserLocation(GpsUtil.java:30)
	at tourGuide.service.TourGuideService.trackUserLocation(TourGuideService.java:84)
	at tourGuide.service.TourGuideService$1.run(TourGuideService.java:103)
Exception in thread "Thread-339" java.lang.NumberFormatException: For input string: "122,953215"
	at sun.misc.FloatingDecimal.readJavaFormatString(FloatingDecimal.java:2043)
	at sun.misc.FloatingDecimal.parseDouble(FloatingDecimal.java:110)
	at java.lang.Double.parseDouble(Double.java:538)
	at gpsUtil.GpsUtil.getUserLocation(GpsUtil.java:30)
	at tourGuide.service.TourGuideService.trackUserLocation(TourGuideService.java:84)
	at tourGuide.service.TourGuideService$1.run(TourGuideService.java:103)
Exception in thread "Thread-156" java.lang.NumberFormatException: For input string: "-176,484385"
	at sun.misc.FloatingDecimal.readJavaFormatString(FloatingDecimal.java:2043)
	at sun.misc.FloatingDecimal.parseDouble(FloatingDecimal.java:110)
	at java.lang.Double.parseDouble(Double.java:538)
	at gpsUtil.GpsUtil.getUserLocation(GpsUtil.java:30)
	at tourGuide.service.TourGuideService.trackUserLocation(TourGuideService.java:84)
	at tourGuide.service.TourGuideService$1.run(TourGuideService.java:103)
Exception in thread "Thread-434" java.lang.NumberFormatException: For input string: "-72,311051"
	at sun.misc.FloatingDecimal.readJavaFormatString(FloatingDecimal.java:2043)
	at sun.misc.FloatingDecimal.parseDouble(FloatingDecimal.java:110)
	at java.lang.Double.parseDouble(Double.java:538)
	at gpsUtil.GpsUtil.getUserLocation(GpsUtil.java:30)
	at tourGuide.service.TourGuideService.trackUserLocation(TourGuideService.java:84)
	at tourGuide.service.TourGuideService$1.run(TourGuideService.java:103)
Exception in thread "Thread-371" java.lang.NumberFormatException: For input string: "122,668002"
	at sun.misc.FloatingDecimal.readJavaFormatString(FloatingDecimal.java:2043)
	at sun.misc.FloatingDecimal.parseDouble(FloatingDecimal.java:110)
	at java.lang.Double.parseDouble(Double.java:538)
	at gpsUtil.GpsUtil.getUserLocation(GpsUtil.java:30)
	at tourGuide.service.TourGuideService.trackUserLocation(TourGuideService.java:84)
	at tourGuide.service.TourGuideService$1.run(TourGuideService.java:103)
Exception in thread "Thread-369" java.lang.NumberFormatException: For input string: "-112,314777"
	at sun.misc.FloatingDecimal.readJavaFormatString(FloatingDecimal.java:2043)
	at sun.misc.FloatingDecimal.parseDouble(FloatingDecimal.java:110)
	at java.lang.Double.parseDouble(Double.java:538)
	at gpsUtil.GpsUtil.getUserLocation(GpsUtil.java:30)
	at tourGuide.service.TourGuideService.trackUserLocation(TourGuideService.java:84)
	at tourGuide.service.TourGuideService$1.run(TourGuideService.java:103)
Exception in thread "Thread-355" java.lang.NumberFormatException: For input string: "128,141448"
	at sun.misc.FloatingDecimal.readJavaFormatString(FloatingDecimal.java:2043)
	at sun.misc.FloatingDecimal.parseDouble(FloatingDecimal.java:110)
	at java.lang.Double.parseDouble(Double.java:538)
	at gpsUtil.GpsUtil.getUserLocation(GpsUtil.java:30)
	at tourGuide.service.TourGuideService.trackUserLocation(TourGuideService.java:84)
	at tourGuide.service.TourGuideService$1.run(TourGuideService.java:103)
Exception in thread "Thread-417" java.lang.NumberFormatException: For input string: "-61,714903"
	at sun.misc.FloatingDecimal.readJavaFormatString(FloatingDecimal.java:2043)
	at sun.misc.FloatingDecimal.parseDouble(FloatingDecimal.java:110)
	at java.lang.Double.parseDouble(Double.java:538)
	at gpsUtil.GpsUtil.getUserLocation(GpsUtil.java:30)
	at tourGuide.service.TourGuideService.trackUserLocation(TourGuideService.java:84)
	at tourGuide.service.TourGuideService$1.run(TourGuideService.java:103)
Exception in thread "Thread-412" java.lang.NumberFormatException: For input string: "4,088614"
	at sun.misc.FloatingDecimal.readJavaFormatString(FloatingDecimal.java:2043)
	at sun.misc.FloatingDecimal.parseDouble(FloatingDecimal.java:110)
	at java.lang.Double.parseDouble(Double.java:538)
	at gpsUtil.GpsUtil.getUserLocation(GpsUtil.java:30)
	at tourGuide.service.TourGuideService.trackUserLocation(TourGuideService.java:84)
	at tourGuide.service.TourGuideService$1.run(TourGuideService.java:103)
Exception in thread "Thread-380" java.lang.NumberFormatException: For input string: "85,715999"
	at sun.misc.FloatingDecimal.readJavaFormatString(FloatingDecimal.java:2043)
	at sun.misc.FloatingDecimal.parseDouble(FloatingDecimal.java:110)
	at java.lang.Double.parseDouble(Double.java:538)
	at gpsUtil.GpsUtil.getUserLocation(GpsUtil.java:30)
	at tourGuide.service.TourGuideService.trackUserLocation(TourGuideService.java:84)
	at tourGuide.service.TourGuideService$1.run(TourGuideService.java:103)
Exception in thread "Thread-299" java.lang.NumberFormatException: For input string: "41,297063"
	at sun.misc.FloatingDecimal.readJavaFormatString(FloatingDecimal.java:2043)
	at sun.misc.FloatingDecimal.parseDouble(FloatingDecimal.java:110)
	at java.lang.Double.parseDouble(Double.java:538)
	at gpsUtil.GpsUtil.getUserLocation(GpsUtil.java:30)
	at tourGuide.service.TourGuideService.trackUserLocation(TourGuideService.java:84)
	at tourGuide.service.TourGuideService$1.run(TourGuideService.java:103)
Exception in thread "Thread-341" java.lang.NumberFormatException: For input string: "56,947433"
	at sun.misc.FloatingDecimal.readJavaFormatString(FloatingDecimal.java:2043)
	at sun.misc.FloatingDecimal.parseDouble(FloatingDecimal.java:110)
	at java.lang.Double.parseDouble(Double.java:538)
	at gpsUtil.GpsUtil.getUserLocation(GpsUtil.java:30)
	at tourGuide.service.TourGuideService.trackUserLocation(TourGuideService.java:84)
	at tourGuide.service.TourGuideService$1.run(TourGuideService.java:103)
Exception in thread "Thread-419" java.lang.NumberFormatException: For input string: "19,981798"
	at sun.misc.FloatingDecimal.readJavaFormatString(FloatingDecimal.java:2043)
	at sun.misc.FloatingDecimal.parseDouble(FloatingDecimal.java:110)
	at java.lang.Double.parseDouble(Double.java:538)
	at gpsUtil.GpsUtil.getUserLocation(GpsUtil.java:30)
	at tourGuide.service.TourGuideService.trackUserLocation(TourGuideService.java:84)
	at tourGuide.service.TourGuideService$1.run(TourGuideService.java:103)
Exception in thread "Thread-116" java.lang.NumberFormatException: For input string: "60,103692"
	at sun.misc.FloatingDecimal.readJavaFormatString(FloatingDecimal.java:2043)
	at sun.misc.FloatingDecimal.parseDouble(FloatingDecimal.java:110)
	at java.lang.Double.parseDouble(Double.java:538)
	at gpsUtil.GpsUtil.getUserLocation(GpsUtil.java:30)
	at tourGuide.service.TourGuideService.trackUserLocation(TourGuideService.java:84)
	at tourGuide.service.TourGuideService$1.run(TourGuideService.java:103)
Exception in thread "Thread-285" java.lang.NumberFormatException: For input string: "32,719088"
	at sun.misc.FloatingDecimal.readJavaFormatString(FloatingDecimal.java:2043)
	at sun.misc.FloatingDecimal.parseDouble(FloatingDecimal.java:110)
	at java.lang.Double.parseDouble(Double.java:538)
	at gpsUtil.GpsUtil.getUserLocation(GpsUtil.java:30)
	at tourGuide.service.TourGuideService.trackUserLocation(TourGuideService.java:84)
	at tourGuide.service.TourGuideService$1.run(TourGuideService.java:103)
Exception in thread "Thread-364" java.lang.NumberFormatException: For input string: "-43,362622"
	at sun.misc.FloatingDecimal.readJavaFormatString(FloatingDecimal.java:2043)
	at sun.misc.FloatingDecimal.parseDouble(FloatingDecimal.java:110)
	at java.lang.Double.parseDouble(Double.java:538)
	at gpsUtil.GpsUtil.getUserLocation(GpsUtil.java:30)
	at tourGuide.service.TourGuideService.trackUserLocation(TourGuideService.java:84)
	at tourGuide.service.TourGuideService$1.run(TourGuideService.java:103)
Exception in thread "Thread-363" java.lang.NumberFormatException: For input string: "-81,439205"
	at sun.misc.FloatingDecimal.readJavaFormatString(FloatingDecimal.java:2043)
	at sun.misc.FloatingDecimal.parseDouble(FloatingDecimal.java:110)
	at java.lang.Double.parseDouble(Double.java:538)
	at gpsUtil.GpsUtil.getUserLocation(GpsUtil.java:30)
	at tourGuide.service.TourGuideService.trackUserLocation(TourGuideService.java:84)
	at tourGuide.service.TourGuideService$1.run(TourGuideService.java:103)
Exception in thread "Thread-396" java.lang.NumberFormatException: For input string: "-171,171441"
	at sun.misc.FloatingDecimal.readJavaFormatString(FloatingDecimal.java:2043)
	at sun.misc.FloatingDecimal.parseDouble(FloatingDecimal.java:110)
	at java.lang.Double.parseDouble(Double.java:538)
	at gpsUtil.GpsUtil.getUserLocation(GpsUtil.java:30)
	at tourGuide.service.TourGuideService.trackUserLocation(TourGuideService.java:84)
	at tourGuide.service.TourGuideService$1.run(TourGuideService.java:103)
Exception in thread "Thread-245" java.lang.NumberFormatException: For input string: "-134,187927"
	at sun.misc.FloatingDecimal.readJavaFormatString(FloatingDecimal.java:2043)
	at sun.misc.FloatingDecimal.parseDouble(FloatingDecimal.java:110)
	at java.lang.Double.parseDouble(Double.java:538)
	at gpsUtil.GpsUtil.getUserLocation(GpsUtil.java:30)
	at tourGuide.service.TourGuideService.trackUserLocation(TourGuideService.java:84)
	at tourGuide.service.TourGuideService$1.run(TourGuideService.java:103)
Exception in thread "Thread-237" java.lang.NumberFormatException: For input string: "30,068616"
	at sun.misc.FloatingDecimal.readJavaFormatString(FloatingDecimal.java:2043)
	at sun.misc.FloatingDecimal.parseDouble(FloatingDecimal.java:110)
	at java.lang.Double.parseDouble(Double.java:538)
	at gpsUtil.GpsUtil.getUserLocation(GpsUtil.java:30)
	at tourGuide.service.TourGuideService.trackUserLocation(TourGuideService.java:84)
	at tourGuide.service.TourGuideService$1.run(TourGuideService.java:103)
Exception in thread "Thread-293" java.lang.NumberFormatException: For input string: "-62,766044"
	at sun.misc.FloatingDecimal.readJavaFormatString(FloatingDecimal.java:2043)
	at sun.misc.FloatingDecimal.parseDouble(FloatingDecimal.java:110)
	at java.lang.Double.parseDouble(Double.java:538)
	at gpsUtil.GpsUtil.getUserLocation(GpsUtil.java:30)
	at tourGuide.service.TourGuideService.trackUserLocation(TourGuideService.java:84)
	at tourGuide.service.TourGuideService$1.run(TourGuideService.java:103)
Exception in thread "Thread-204" java.lang.NumberFormatException: For input string: "178,369614"
	at sun.misc.FloatingDecimal.readJavaFormatString(FloatingDecimal.java:2043)
	at sun.misc.FloatingDecimal.parseDouble(FloatingDecimal.java:110)
	at java.lang.Double.parseDouble(Double.java:538)
	at gpsUtil.GpsUtil.getUserLocation(GpsUtil.java:30)
	at tourGuide.service.TourGuideService.trackUserLocation(TourGuideService.java:84)
	at tourGuide.service.TourGuideService$1.run(TourGuideService.java:103)
Exception in thread "Thread-236" java.lang.NumberFormatException: For input string: "-131,565779"
	at sun.misc.FloatingDecimal.readJavaFormatString(FloatingDecimal.java:2043)
	at sun.misc.FloatingDecimal.parseDouble(FloatingDecimal.java:110)
	at java.lang.Double.parseDouble(Double.java:538)
	at gpsUtil.GpsUtil.getUserLocation(GpsUtil.java:30)
	at tourGuide.service.TourGuideService.trackUserLocation(TourGuideService.java:84)
	at tourGuide.service.TourGuideService$1.run(TourGuideService.java:103)
Exception in thread "Thread-180" java.lang.NumberFormatException: For input string: "0,781000"
	at sun.misc.FloatingDecimal.readJavaFormatString(FloatingDecimal.java:2043)
	at sun.misc.FloatingDecimal.parseDouble(FloatingDecimal.java:110)
	at java.lang.Double.parseDouble(Double.java:538)
	at gpsUtil.GpsUtil.getUserLocation(GpsUtil.java:30)
	at tourGuide.service.TourGuideService.trackUserLocation(TourGuideService.java:84)
	at tourGuide.service.TourGuideService$1.run(TourGuideService.java:103)
Exception in thread "Thread-252" java.lang.NumberFormatException: For input string: "-42,428611"
	at sun.misc.FloatingDecimal.readJavaFormatString(FloatingDecimal.java:2043)
	at sun.misc.FloatingDecimal.parseDouble(FloatingDecimal.java:110)
	at java.lang.Double.parseDouble(Double.java:538)
	at gpsUtil.GpsUtil.getUserLocation(GpsUtil.java:30)
	at tourGuide.service.TourGuideService.trackUserLocation(TourGuideService.java:84)
	at tourGuide.service.TourGuideService$1.run(TourGuideService.java:103)
Exception in thread "Thread-354" java.lang.NumberFormatException: For input string: "100,070496"
	at sun.misc.FloatingDecimal.readJavaFormatString(FloatingDecimal.java:2043)
	at sun.misc.FloatingDecimal.parseDouble(FloatingDecimal.java:110)
	at java.lang.Double.parseDouble(Double.java:538)
	at gpsUtil.GpsUtil.getUserLocation(GpsUtil.java:30)
	at tourGuide.service.TourGuideService.trackUserLocation(TourGuideService.java:84)
	at tourGuide.service.TourGuideService$1.run(TourGuideService.java:103)
Exception in thread "Thread-255" java.lang.NumberFormatException: For input string: "-166,765889"
	at sun.misc.FloatingDecimal.readJavaFormatString(FloatingDecimal.java:2043)
	at sun.misc.FloatingDecimal.parseDouble(FloatingDecimal.java:110)
	at java.lang.Double.parseDouble(Double.java:538)
	at gpsUtil.GpsUtil.getUserLocation(GpsUtil.java:30)
	at tourGuide.service.TourGuideService.trackUserLocation(TourGuideService.java:84)
	at tourGuide.service.TourGuideService$1.run(TourGuideService.java:103)
Exception in thread "Thread-438" java.lang.NumberFormatException: For input string: "139,203768"
	at sun.misc.FloatingDecimal.readJavaFormatString(FloatingDecimal.java:2043)
	at sun.misc.FloatingDecimal.parseDouble(FloatingDecimal.java:110)
	at java.lang.Double.parseDouble(Double.java:538)
	at gpsUtil.GpsUtil.getUserLocation(GpsUtil.java:30)
	at tourGuide.service.TourGuideService.trackUserLocation(TourGuideService.java:84)
	at tourGuide.service.TourGuideService$1.run(TourGuideService.java:103)
Exception in thread "Thread-336" java.lang.NumberFormatException: For input string: "97,515351"
	at sun.misc.FloatingDecimal.readJavaFormatString(FloatingDecimal.java:2043)
	at sun.misc.FloatingDecimal.parseDouble(FloatingDecimal.java:110)
	at java.lang.Double.parseDouble(Double.java:538)
	at gpsUtil.GpsUtil.getUserLocation(GpsUtil.java:30)
	at tourGuide.service.TourGuideService.trackUserLocation(TourGuideService.java:84)
	at tourGuide.service.TourGuideService$1.run(TourGuideService.java:103)
Exception in thread "Thread-290" java.lang.NumberFormatException: For input string: "82,711598"
	at sun.misc.FloatingDecimal.readJavaFormatString(FloatingDecimal.java:2043)
	at sun.misc.FloatingDecimal.parseDouble(FloatingDecimal.java:110)
	at java.lang.Double.parseDouble(Double.java:538)
	at gpsUtil.GpsUtil.getUserLocation(GpsUtil.java:30)
	at tourGuide.service.TourGuideService.trackUserLocation(TourGuideService.java:84)
	at tourGuide.service.TourGuideService$1.run(TourGuideService.java:103)
Exception in thread "Thread-349" java.lang.NumberFormatException: For input string: "128,432334"
	at sun.misc.FloatingDecimal.readJavaFormatString(FloatingDecimal.java:2043)
	at sun.misc.FloatingDecimal.parseDouble(FloatingDecimal.java:110)
	at java.lang.Double.parseDouble(Double.java:538)
	at gpsUtil.GpsUtil.getUserLocation(GpsUtil.java:30)
	at tourGuide.service.TourGuideService.trackUserLocation(TourGuideService.java:84)
	at tourGuide.service.TourGuideService$1.run(TourGuideService.java:103)
Exception in thread "Thread-378" java.lang.NumberFormatException: For input string: "-137,874683"
	at sun.misc.FloatingDecimal.readJavaFormatString(FloatingDecimal.java:2043)
	at sun.misc.FloatingDecimal.parseDouble(FloatingDecimal.java:110)
	at java.lang.Double.parseDouble(Double.java:538)
	at gpsUtil.GpsUtil.getUserLocation(GpsUtil.java:30)
	at tourGuide.service.TourGuideService.trackUserLocation(TourGuideService.java:84)
	at tourGuide.service.TourGuideService$1.run(TourGuideService.java:103)
Exception in thread "Thread-410" java.lang.NumberFormatException: For input string: "-138,238351"
	at sun.misc.FloatingDecimal.readJavaFormatString(FloatingDecimal.java:2043)
	at sun.misc.FloatingDecimal.parseDouble(FloatingDecimal.java:110)
	at java.lang.Double.parseDouble(Double.java:538)
	at gpsUtil.GpsUtil.getUserLocation(GpsUtil.java:30)
	at tourGuide.service.TourGuideService.trackUserLocation(TourGuideService.java:84)
	at tourGuide.service.TourGuideService$1.run(TourGuideService.java:103)
Exception in thread "Thread-107" java.lang.NumberFormatException: For input string: "72,968895"
	at sun.misc.FloatingDecimal.readJavaFormatString(FloatingDecimal.java:2043)
	at sun.misc.FloatingDecimal.parseDouble(FloatingDecimal.java:110)
	at java.lang.Double.parseDouble(Double.java:538)
	at gpsUtil.GpsUtil.getUserLocation(GpsUtil.java:30)
	at tourGuide.service.TourGuideService.trackUserLocation(TourGuideService.java:84)
	at tourGuide.service.TourGuideService$1.run(TourGuideService.java:103)
Exception in thread "Thread-298" java.lang.NumberFormatException: For input string: "-23,252990"
	at sun.misc.FloatingDecimal.readJavaFormatString(FloatingDecimal.java:2043)
	at sun.misc.FloatingDecimal.parseDouble(FloatingDecimal.java:110)
	at java.lang.Double.parseDouble(Double.java:538)
	at gpsUtil.GpsUtil.getUserLocation(GpsUtil.java:30)
	at tourGuide.service.TourGuideService.trackUserLocation(TourGuideService.java:84)
	at tourGuide.service.TourGuideService$1.run(TourGuideService.java:103)
Exception in thread "Thread-212" java.lang.NumberFormatException: For input string: "105,897345"
	at sun.misc.FloatingDecimal.readJavaFormatString(FloatingDecimal.java:2043)
	at sun.misc.FloatingDecimal.parseDouble(FloatingDecimal.java:110)
	at java.lang.Double.parseDouble(Double.java:538)
	at gpsUtil.GpsUtil.getUserLocation(GpsUtil.java:30)
	at tourGuide.service.TourGuideService.trackUserLocation(TourGuideService.java:84)
	at tourGuide.service.TourGuideService$1.run(TourGuideService.java:103)
Exception in thread "Thread-226" java.lang.NumberFormatException: For input string: "119,295174"
	at sun.misc.FloatingDecimal.readJavaFormatString(FloatingDecimal.java:2043)
	at sun.misc.FloatingDecimal.parseDouble(FloatingDecimal.java:110)
	at java.lang.Double.parseDouble(Double.java:538)
	at gpsUtil.GpsUtil.getUserLocation(GpsUtil.java:30)
	at tourGuide.service.TourGuideService.trackUserLocation(TourGuideService.java:84)
	at tourGuide.service.TourGuideService$1.run(TourGuideService.java:103)
Exception in thread "Thread-381" java.lang.NumberFormatException: For input string: "-148,587157"
	at sun.misc.FloatingDecimal.readJavaFormatString(FloatingDecimal.java:2043)
	at sun.misc.FloatingDecimal.parseDouble(FloatingDecimal.java:110)
	at java.lang.Double.parseDouble(Double.java:538)
	at gpsUtil.GpsUtil.getUserLocation(GpsUtil.java:30)
	at tourGuide.service.TourGuideService.trackUserLocation(TourGuideService.java:84)
	at tourGuide.service.TourGuideService$1.run(TourGuideService.java:103)
Exception in thread "Thread-109" java.lang.NumberFormatException: For input string: "137,906817"
	at sun.misc.FloatingDecimal.readJavaFormatString(FloatingDecimal.java:2043)
	at sun.misc.FloatingDecimal.parseDouble(FloatingDecimal.java:110)
	at java.lang.Double.parseDouble(Double.java:538)
	at gpsUtil.GpsUtil.getUserLocation(GpsUtil.java:30)
	at tourGuide.service.TourGuideService.trackUserLocation(TourGuideService.java:84)
	at tourGuide.service.TourGuideService$1.run(TourGuideService.java:103)
Exception in thread "Thread-324" java.lang.NumberFormatException: For input string: "154,301967"
	at sun.misc.FloatingDecimal.readJavaFormatString(FloatingDecimal.java:2043)
	at sun.misc.FloatingDecimal.parseDouble(FloatingDecimal.java:110)
	at java.lang.Double.parseDouble(Double.java:538)
	at gpsUtil.GpsUtil.getUserLocation(GpsUtil.java:30)
	at tourGuide.service.TourGuideService.trackUserLocation(TourGuideService.java:84)
	at tourGuide.service.TourGuideService$1.run(TourGuideService.java:103)
Exception in thread "Thread-312" java.lang.NumberFormatException: For input string: "131,537027"
	at sun.misc.FloatingDecimal.readJavaFormatString(FloatingDecimal.java:2043)
	at sun.misc.FloatingDecimal.parseDouble(FloatingDecimal.java:110)
	at java.lang.Double.parseDouble(Double.java:538)
	at gpsUtil.GpsUtil.getUserLocation(GpsUtil.java:30)
	at tourGuide.service.TourGuideService.trackUserLocation(TourGuideService.java:84)
	at tourGuide.service.TourGuideService$1.run(TourGuideService.java:103)
Exception in thread "Thread-240" java.lang.NumberFormatException: For input string: "-84,143636"
	at sun.misc.FloatingDecimal.readJavaFormatString(FloatingDecimal.java:2043)
	at sun.misc.FloatingDecimal.parseDouble(FloatingDecimal.java:110)
	at java.lang.Double.parseDouble(Double.java:538)
	at gpsUtil.GpsUtil.getUserLocation(GpsUtil.java:30)
	at tourGuide.service.TourGuideService.trackUserLocation(TourGuideService.java:84)
	at tourGuide.service.TourGuideService$1.run(TourGuideService.java:103)
Exception in thread "Thread-256" java.lang.NumberFormatException: For input string: "74,282293"
	at sun.misc.FloatingDecimal.readJavaFormatString(FloatingDecimal.java:2043)
	at sun.misc.FloatingDecimal.parseDouble(FloatingDecimal.java:110)
	at java.lang.Double.parseDouble(Double.java:538)
	at gpsUtil.GpsUtil.getUserLocation(GpsUtil.java:30)
	at tourGuide.service.TourGuideService.trackUserLocation(TourGuideService.java:84)
	at tourGuide.service.TourGuideService$1.run(TourGuideService.java:103)
Exception in thread "Thread-248" java.lang.NumberFormatException: For input string: "-31,779192"
	at sun.misc.FloatingDecimal.readJavaFormatString(FloatingDecimal.java:2043)
	at sun.misc.FloatingDecimal.parseDouble(FloatingDecimal.java:110)
	at java.lang.Double.parseDouble(Double.java:538)
	at gpsUtil.GpsUtil.getUserLocation(GpsUtil.java:30)
	at tourGuide.service.TourGuideService.trackUserLocation(TourGuideService.java:84)
	at tourGuide.service.TourGuideService$1.run(TourGuideService.java:103)
Exception in thread "Thread-273" java.lang.NumberFormatException: For input string: "-32,627795"
	at sun.misc.FloatingDecimal.readJavaFormatString(FloatingDecimal.java:2043)
	at sun.misc.FloatingDecimal.parseDouble(FloatingDecimal.java:110)
	at java.lang.Double.parseDouble(Double.java:538)
	at gpsUtil.GpsUtil.getUserLocation(GpsUtil.java:30)
	at tourGuide.service.TourGuideService.trackUserLocation(TourGuideService.java:84)
	at tourGuide.service.TourGuideService$1.run(TourGuideService.java:103)
Exception in thread "Thread-249" java.lang.NumberFormatException: For input string: "30,366905"
	at sun.misc.FloatingDecimal.readJavaFormatString(FloatingDecimal.java:2043)
	at sun.misc.FloatingDecimal.parseDouble(FloatingDecimal.java:110)
	at java.lang.Double.parseDouble(Double.java:538)
	at gpsUtil.GpsUtil.getUserLocation(GpsUtil.java:30)
	at tourGuide.service.TourGuideService.trackUserLocation(TourGuideService.java:84)
	at tourGuide.service.TourGuideService$1.run(TourGuideService.java:103)
Exception in thread "Thread-345" java.lang.NumberFormatException: For input string: "9,733786"
	at sun.misc.FloatingDecimal.readJavaFormatString(FloatingDecimal.java:2043)
	at sun.misc.FloatingDecimal.parseDouble(FloatingDecimal.java:110)
	at java.lang.Double.parseDouble(Double.java:538)
	at gpsUtil.GpsUtil.getUserLocation(GpsUtil.java:30)
	at tourGuide.service.TourGuideService.trackUserLocation(TourGuideService.java:84)
	at tourGuide.service.TourGuideService$1.run(TourGuideService.java:103)
Exception in thread "Thread-329" java.lang.NumberFormatException: For input string: "175,941618"
	at sun.misc.FloatingDecimal.readJavaFormatString(FloatingDecimal.java:2043)
	at sun.misc.FloatingDecimal.parseDouble(FloatingDecimal.java:110)
	at java.lang.Double.parseDouble(Double.java:538)
	at gpsUtil.GpsUtil.getUserLocation(GpsUtil.java:30)
	at tourGuide.service.TourGuideService.trackUserLocation(TourGuideService.java:84)
	at tourGuide.service.TourGuideService$1.run(TourGuideService.java:103)
Exception in thread "Thread-169" java.lang.NumberFormatException: For input string: "10,679708"
	at sun.misc.FloatingDecimal.readJavaFormatString(FloatingDecimal.java:2043)
	at sun.misc.FloatingDecimal.parseDouble(FloatingDecimal.java:110)
	at java.lang.Double.parseDouble(Double.java:538)
	at gpsUtil.GpsUtil.getUserLocation(GpsUtil.java:30)
	at tourGuide.service.TourGuideService.trackUserLocation(TourGuideService.java:84)
	at tourGuide.service.TourGuideService$1.run(TourGuideService.java:103)
Exception in thread "Thread-308" java.lang.NumberFormatException: For input string: "53,244263"
	at sun.misc.FloatingDecimal.readJavaFormatString(FloatingDecimal.java:2043)
	at sun.misc.FloatingDecimal.parseDouble(FloatingDecimal.java:110)
	at java.lang.Double.parseDouble(Double.java:538)
	at gpsUtil.GpsUtil.getUserLocation(GpsUtil.java:30)
	at tourGuide.service.TourGuideService.trackUserLocation(TourGuideService.java:84)
	at tourGuide.service.TourGuideService$1.run(TourGuideService.java:103)
Exception in thread "Thread-260" java.lang.NumberFormatException: For input string: "91,274692"
	at sun.misc.FloatingDecimal.readJavaFormatString(FloatingDecimal.java:2043)
	at sun.misc.FloatingDecimal.parseDouble(FloatingDecimal.java:110)
	at java.lang.Double.parseDouble(Double.java:538)
	at gpsUtil.GpsUtil.getUserLocation(GpsUtil.java:30)
	at tourGuide.service.TourGuideService.trackUserLocation(TourGuideService.java:84)
	at tourGuide.service.TourGuideService$1.run(TourGuideService.java:103)
Exception in thread "Thread-144" java.lang.NumberFormatException: For input string: "-55,227369"
	at sun.misc.FloatingDecimal.readJavaFormatString(FloatingDecimal.java:2043)
	at sun.misc.FloatingDecimal.parseDouble(FloatingDecimal.java:110)
	at java.lang.Double.parseDouble(Double.java:538)
	at gpsUtil.GpsUtil.getUserLocation(GpsUtil.java:30)
	at tourGuide.service.TourGuideService.trackUserLocation(TourGuideService.java:84)
	at tourGuide.service.TourGuideService$1.run(TourGuideService.java:103)
Exception in thread "Thread-284" java.lang.NumberFormatException: For input string: "-168,867615"
	at sun.misc.FloatingDecimal.readJavaFormatString(FloatingDecimal.java:2043)
	at sun.misc.FloatingDecimal.parseDouble(FloatingDecimal.java:110)
	at java.lang.Double.parseDouble(Double.java:538)
	at gpsUtil.GpsUtil.getUserLocation(GpsUtil.java:30)
	at tourGuide.service.TourGuideService.trackUserLocation(TourGuideService.java:84)
	at tourGuide.service.TourGuideService$1.run(TourGuideService.java:103)
Exception in thread "Thread-366" java.lang.NumberFormatException: For input string: "-21,484528"
	at sun.misc.FloatingDecimal.readJavaFormatString(FloatingDecimal.java:2043)
	at sun.misc.FloatingDecimal.parseDouble(FloatingDecimal.java:110)
	at java.lang.Double.parseDouble(Double.java:538)
	at gpsUtil.GpsUtil.getUserLocation(GpsUtil.java:30)
	at tourGuide.service.TourGuideService.trackUserLocation(TourGuideService.java:84)
	at tourGuide.service.TourGuideService$1.run(TourGuideService.java:103)
Exception in thread "Thread-277" java.lang.NumberFormatException: For input string: "-116,562036"
	at sun.misc.FloatingDecimal.readJavaFormatString(FloatingDecimal.java:2043)
	at sun.misc.FloatingDecimal.parseDouble(FloatingDecimal.java:110)
	at java.lang.Double.parseDouble(Double.java:538)
	at gpsUtil.GpsUtil.getUserLocation(GpsUtil.java:30)
	at tourGuide.service.TourGuideService.trackUserLocation(TourGuideService.java:84)
	at tourGuide.service.TourGuideService$1.run(TourGuideService.java:103)
Exception in thread "Thread-357" java.lang.NumberFormatException: For input string: "87,973730"
	at sun.misc.FloatingDecimal.readJavaFormatString(FloatingDecimal.java:2043)
	at sun.misc.FloatingDecimal.parseDouble(FloatingDecimal.java:110)
	at java.lang.Double.parseDouble(Double.java:538)
	at gpsUtil.GpsUtil.getUserLocation(GpsUtil.java:30)
	at tourGuide.service.TourGuideService.trackUserLocation(TourGuideService.java:84)
	at tourGuide.service.TourGuideService$1.run(TourGuideService.java:103)
Exception in thread "Thread-114" java.lang.NumberFormatException: For input string: "109,395521"
	at sun.misc.FloatingDecimal.readJavaFormatString(FloatingDecimal.java:2043)
	at sun.misc.FloatingDecimal.parseDouble(FloatingDecimal.java:110)
	at java.lang.Double.parseDouble(Double.java:538)
	at gpsUtil.GpsUtil.getUserLocation(GpsUtil.java:30)
	at tourGuide.service.TourGuideService.trackUserLocation(TourGuideService.java:84)
	at tourGuide.service.TourGuideService$1.run(TourGuideService.java:103)
Exception in thread "Thread-184" java.lang.NumberFormatException: For input string: "-2,578488"
	at sun.misc.FloatingDecimal.readJavaFormatString(FloatingDecimal.java:2043)
	at sun.misc.FloatingDecimal.parseDouble(FloatingDecimal.java:110)
	at java.lang.Double.parseDouble(Double.java:538)
	at gpsUtil.GpsUtil.getUserLocation(GpsUtil.java:30)
	at tourGuide.service.TourGuideService.trackUserLocation(TourGuideService.java:84)
	at tourGuide.service.TourGuideService$1.run(TourGuideService.java:103)
Exception in thread "Thread-387" java.lang.NumberFormatException: For input string: "45,087996"
	at sun.misc.FloatingDecimal.readJavaFormatString(FloatingDecimal.java:2043)
	at sun.misc.FloatingDecimal.parseDouble(FloatingDecimal.java:110)
	at java.lang.Double.parseDouble(Double.java:538)
	at gpsUtil.GpsUtil.getUserLocation(GpsUtil.java:30)
	at tourGuide.service.TourGuideService.trackUserLocation(TourGuideService.java:84)
	at tourGuide.service.TourGuideService$1.run(TourGuideService.java:103)
Exception in thread "Thread-414" java.lang.NumberFormatException: For input string: "-84,554504"
	at sun.misc.FloatingDecimal.readJavaFormatString(FloatingDecimal.java:2043)
	at sun.misc.FloatingDecimal.parseDouble(FloatingDecimal.java:110)
	at java.lang.Double.parseDouble(Double.java:538)
	at gpsUtil.GpsUtil.getUserLocation(GpsUtil.java:30)
	at tourGuide.service.TourGuideService.trackUserLocation(TourGuideService.java:84)
	at tourGuide.service.TourGuideService$1.run(TourGuideService.java:103)
Exception in thread "Thread-348" java.lang.NumberFormatException: For input string: "-3,552318"
	at sun.misc.FloatingDecimal.readJavaFormatString(FloatingDecimal.java:2043)
	at sun.misc.FloatingDecimal.parseDouble(FloatingDecimal.java:110)
	at java.lang.Double.parseDouble(Double.java:538)
	at gpsUtil.GpsUtil.getUserLocation(GpsUtil.java:30)
	at tourGuide.service.TourGuideService.trackUserLocation(TourGuideService.java:84)
	at tourGuide.service.TourGuideService$1.run(TourGuideService.java:103)
Exception in thread "Thread-213" java.lang.NumberFormatException: For input string: "-140,413525"
	at sun.misc.FloatingDecimal.readJavaFormatString(FloatingDecimal.java:2043)
	at sun.misc.FloatingDecimal.parseDouble(FloatingDecimal.java:110)
	at java.lang.Double.parseDouble(Double.java:538)
	at gpsUtil.GpsUtil.getUserLocation(GpsUtil.java:30)
	at tourGuide.service.TourGuideService.trackUserLocation(TourGuideService.java:84)
	at tourGuide.service.TourGuideService$1.run(TourGuideService.java:103)
Exception in thread "Thread-440" java.lang.NumberFormatException: For input string: "138,141510"
	at sun.misc.FloatingDecimal.readJavaFormatString(FloatingDecimal.java:2043)
	at sun.misc.FloatingDecimal.parseDouble(FloatingDecimal.java:110)
	at java.lang.Double.parseDouble(Double.java:538)
	at gpsUtil.GpsUtil.getUserLocation(GpsUtil.java:30)
	at tourGuide.service.TourGuideService.trackUserLocation(TourGuideService.java:84)
	at tourGuide.service.TourGuideService$1.run(TourGuideService.java:103)
Exception in thread "Thread-279" java.lang.NumberFormatException: For input string: "109,387526"
	at sun.misc.FloatingDecimal.readJavaFormatString(FloatingDecimal.java:2043)
	at sun.misc.FloatingDecimal.parseDouble(FloatingDecimal.java:110)
	at java.lang.Double.parseDouble(Double.java:538)
	at gpsUtil.GpsUtil.getUserLocation(GpsUtil.java:30)
	at tourGuide.service.TourGuideService.trackUserLocation(TourGuideService.java:84)
	at tourGuide.service.TourGuideService$1.run(TourGuideService.java:103)
Exception in thread "Thread-148" java.lang.NumberFormatException: For input string: "-178,557668"
	at sun.misc.FloatingDecimal.readJavaFormatString(FloatingDecimal.java:2043)
	at sun.misc.FloatingDecimal.parseDouble(FloatingDecimal.java:110)
	at java.lang.Double.parseDouble(Double.java:538)
	at gpsUtil.GpsUtil.getUserLocation(GpsUtil.java:30)
	at tourGuide.service.TourGuideService.trackUserLocation(TourGuideService.java:84)
	at tourGuide.service.TourGuideService$1.run(TourGuideService.java:103)
Exception in thread "Thread-142" java.lang.NumberFormatException: For input string: "135,156838"
	at sun.misc.FloatingDecimal.readJavaFormatString(FloatingDecimal.java:2043)
	at sun.misc.FloatingDecimal.parseDouble(FloatingDecimal.java:110)
	at java.lang.Double.parseDouble(Double.java:538)
	at gpsUtil.GpsUtil.getUserLocation(GpsUtil.java:30)
	at tourGuide.service.TourGuideService.trackUserLocation(TourGuideService.java:84)
	at tourGuide.service.TourGuideService$1.run(TourGuideService.java:103)
Exception in thread "Thread-127" java.lang.NumberFormatException: For input string: "-80,640600"
	at sun.misc.FloatingDecimal.readJavaFormatString(FloatingDecimal.java:2043)
	at sun.misc.FloatingDecimal.parseDouble(FloatingDecimal.java:110)
	at java.lang.Double.parseDouble(Double.java:538)
	at gpsUtil.GpsUtil.getUserLocation(GpsUtil.java:30)
	at tourGuide.service.TourGuideService.trackUserLocation(TourGuideService.java:84)
	at tourGuide.service.TourGuideService$1.run(TourGuideService.java:103)
Exception in thread "Thread-416" java.lang.NumberFormatException: For input string: "130,292949"
	at sun.misc.FloatingDecimal.readJavaFormatString(FloatingDecimal.java:2043)
	at sun.misc.FloatingDecimal.parseDouble(FloatingDecimal.java:110)
	at java.lang.Double.parseDouble(Double.java:538)
	at gpsUtil.GpsUtil.getUserLocation(GpsUtil.java:30)
	at tourGuide.service.TourGuideService.trackUserLocation(TourGuideService.java:84)
	at tourGuide.service.TourGuideService$1.run(TourGuideService.java:103)
Exception in thread "Thread-190" java.lang.NumberFormatException: For input string: "-21,309570"
	at sun.misc.FloatingDecimal.readJavaFormatString(FloatingDecimal.java:2043)
	at sun.misc.FloatingDecimal.parseDouble(FloatingDecimal.java:110)
	at java.lang.Double.parseDouble(Double.java:538)
	at gpsUtil.GpsUtil.getUserLocation(GpsUtil.java:30)
	at tourGuide.service.TourGuideService.trackUserLocation(TourGuideService.java:84)
	at tourGuide.service.TourGuideService$1.run(TourGuideService.java:103)
Exception in thread "Thread-268" java.lang.NumberFormatException: For input string: "-133,336983"
	at sun.misc.FloatingDecimal.readJavaFormatString(FloatingDecimal.java:2043)
	at sun.misc.FloatingDecimal.parseDouble(FloatingDecimal.java:110)
	at java.lang.Double.parseDouble(Double.java:538)
	at gpsUtil.GpsUtil.getUserLocation(GpsUtil.java:30)
	at tourGuide.service.TourGuideService.trackUserLocation(TourGuideService.java:84)
	at tourGuide.service.TourGuideService$1.run(TourGuideService.java:103)
Exception in thread "Thread-157" java.lang.NumberFormatException: For input string: "-138,391883"
	at sun.misc.FloatingDecimal.readJavaFormatString(FloatingDecimal.java:2043)
	at sun.misc.FloatingDecimal.parseDouble(FloatingDecimal.java:110)
	at java.lang.Double.parseDouble(Double.java:538)
	at gpsUtil.GpsUtil.getUserLocation(GpsUtil.java:30)
	at tourGuide.service.TourGuideService.trackUserLocation(TourGuideService.java:84)
	at tourGuide.service.TourGuideService$1.run(TourGuideService.java:103)
Exception in thread "Thread-124" java.lang.NumberFormatException: For input string: "160,883988"
	at sun.misc.FloatingDecimal.readJavaFormatString(FloatingDecimal.java:2043)
	at sun.misc.FloatingDecimal.parseDouble(FloatingDecimal.java:110)
	at java.lang.Double.parseDouble(Double.java:538)
	at gpsUtil.GpsUtil.getUserLocation(GpsUtil.java:30)
	at tourGuide.service.TourGuideService.trackUserLocation(TourGuideService.java:84)
	at tourGuide.service.TourGuideService$1.run(TourGuideService.java:103)
Exception in thread "Thread-108" java.lang.NumberFormatException: For input string: "94,341164"
	at sun.misc.FloatingDecimal.readJavaFormatString(FloatingDecimal.java:2043)
	at sun.misc.FloatingDecimal.parseDouble(FloatingDecimal.java:110)
	at java.lang.Double.parseDouble(Double.java:538)
	at gpsUtil.GpsUtil.getUserLocation(GpsUtil.java:30)
	at tourGuide.service.TourGuideService.trackUserLocation(TourGuideService.java:84)
	at tourGuide.service.TourGuideService$1.run(TourGuideService.java:103)
Exception in thread "Thread-165" java.lang.NumberFormatException: For input string: "171,420841"
	at sun.misc.FloatingDecimal.readJavaFormatString(FloatingDecimal.java:2043)
	at sun.misc.FloatingDecimal.parseDouble(FloatingDecimal.java:110)
	at java.lang.Double.parseDouble(Double.java:538)
	at gpsUtil.GpsUtil.getUserLocation(GpsUtil.java:30)
	at tourGuide.service.TourGuideService.trackUserLocation(TourGuideService.java:84)
	at tourGuide.service.TourGuideService$1.run(TourGuideService.java:103)
Exception in thread "Thread-436" java.lang.NumberFormatException: For input string: "114,785942"
	at sun.misc.FloatingDecimal.readJavaFormatString(FloatingDecimal.java:2043)
	at sun.misc.FloatingDecimal.parseDouble(FloatingDecimal.java:110)
	at java.lang.Double.parseDouble(Double.java:538)
	at gpsUtil.GpsUtil.getUserLocation(GpsUtil.java:30)
	at tourGuide.service.TourGuideService.trackUserLocation(TourGuideService.java:84)
	at tourGuide.service.TourGuideService$1.run(TourGuideService.java:103)
Exception in thread "Thread-164" java.lang.NumberFormatException: For input string: "40,924016"
	at sun.misc.FloatingDecimal.readJavaFormatString(FloatingDecimal.java:2043)
	at sun.misc.FloatingDecimal.parseDouble(FloatingDecimal.java:110)
	at java.lang.Double.parseDouble(Double.java:538)
	at gpsUtil.GpsUtil.getUserLocation(GpsUtil.java:30)
	at tourGuide.service.TourGuideService.trackUserLocation(TourGuideService.java:84)
	at tourGuide.service.TourGuideService$1.run(TourGuideService.java:103)
Exception in thread "Thread-365" java.lang.NumberFormatException: For input string: "-105,194235"
	at sun.misc.FloatingDecimal.readJavaFormatString(FloatingDecimal.java:2043)
	at sun.misc.FloatingDecimal.parseDouble(FloatingDecimal.java:110)
	at java.lang.Double.parseDouble(Double.java:538)
	at gpsUtil.GpsUtil.getUserLocation(GpsUtil.java:30)
	at tourGuide.service.TourGuideService.trackUserLocation(TourGuideService.java:84)
	at tourGuide.service.TourGuideService$1.run(TourGuideService.java:103)
Exception in thread "Thread-426" java.lang.NumberFormatException: For input string: "-141,568450"
	at sun.misc.FloatingDecimal.readJavaFormatString(FloatingDecimal.java:2043)
	at sun.misc.FloatingDecimal.parseDouble(FloatingDecimal.java:110)
	at java.lang.Double.parseDouble(Double.java:538)
	at gpsUtil.GpsUtil.getUserLocation(GpsUtil.java:30)
	at tourGuide.service.TourGuideService.trackUserLocation(TourGuideService.java:84)
	at tourGuide.service.TourGuideService$1.run(TourGuideService.java:103)
Exception in thread "Thread-133" java.lang.NumberFormatException: For input string: "13,747145"
	at sun.misc.FloatingDecimal.readJavaFormatString(FloatingDecimal.java:2043)
	at sun.misc.FloatingDecimal.parseDouble(FloatingDecimal.java:110)
	at java.lang.Double.parseDouble(Double.java:538)
	at gpsUtil.GpsUtil.getUserLocation(GpsUtil.java:30)
	at tourGuide.service.TourGuideService.trackUserLocation(TourGuideService.java:84)
	at tourGuide.service.TourGuideService$1.run(TourGuideService.java:103)
Exception in thread "Thread-196" java.lang.NumberFormatException: For input string: "25,339877"
	at sun.misc.FloatingDecimal.readJavaFormatString(FloatingDecimal.java:2043)
	at sun.misc.FloatingDecimal.parseDouble(FloatingDecimal.java:110)
	at java.lang.Double.parseDouble(Double.java:538)
	at gpsUtil.GpsUtil.getUserLocation(GpsUtil.java:30)
	at tourGuide.service.TourGuideService.trackUserLocation(TourGuideService.java:84)
	at tourGuide.service.TourGuideService$1.run(TourGuideService.java:103)
Exception in thread "Thread-376" java.lang.NumberFormatException: For input string: "85,137550"
	at sun.misc.FloatingDecimal.readJavaFormatString(FloatingDecimal.java:2043)
	at sun.misc.FloatingDecimal.parseDouble(FloatingDecimal.java:110)
	at java.lang.Double.parseDouble(Double.java:538)
	at gpsUtil.GpsUtil.getUserLocation(GpsUtil.java:30)
	at tourGuide.service.TourGuideService.trackUserLocation(TourGuideService.java:84)
	at tourGuide.service.TourGuideService$1.run(TourGuideService.java:103)
Exception in thread "Thread-409" java.lang.NumberFormatException: For input string: "-117,535222"
	at sun.misc.FloatingDecimal.readJavaFormatString(FloatingDecimal.java:2043)
	at sun.misc.FloatingDecimal.parseDouble(FloatingDecimal.java:110)
	at java.lang.Double.parseDouble(Double.java:538)
	at gpsUtil.GpsUtil.getUserLocation(GpsUtil.java:30)
	at tourGuide.service.TourGuideService.trackUserLocation(TourGuideService.java:84)
	at tourGuide.service.TourGuideService$1.run(TourGuideService.java:103)
Exception in thread "Thread-441" java.lang.NumberFormatException: For input string: "-41,756931"
	at sun.misc.FloatingDecimal.readJavaFormatString(FloatingDecimal.java:2043)
	at sun.misc.FloatingDecimal.parseDouble(FloatingDecimal.java:110)
	at java.lang.Double.parseDouble(Double.java:538)
	at gpsUtil.GpsUtil.getUserLocation(GpsUtil.java:30)
	at tourGuide.service.TourGuideService.trackUserLocation(TourGuideService.java:84)
	at tourGuide.service.TourGuideService$1.run(TourGuideService.java:103)
Exception in thread "Thread-269" java.lang.NumberFormatException: For input string: "-100,094460"
	at sun.misc.FloatingDecimal.readJavaFormatString(FloatingDecimal.java:2043)
	at sun.misc.FloatingDecimal.parseDouble(FloatingDecimal.java:110)
	at java.lang.Double.parseDouble(Double.java:538)
	at gpsUtil.GpsUtil.getUserLocation(GpsUtil.java:30)
	at tourGuide.service.TourGuideService.trackUserLocation(TourGuideService.java:84)
	at tourGuide.service.TourGuideService$1.run(TourGuideService.java:103)
Exception in thread "Thread-373" java.lang.NumberFormatException: For input string: "40,328701"
	at sun.misc.FloatingDecimal.readJavaFormatString(FloatingDecimal.java:2043)
	at sun.misc.FloatingDecimal.parseDouble(FloatingDecimal.java:110)
	at java.lang.Double.parseDouble(Double.java:538)
	at gpsUtil.GpsUtil.getUserLocation(GpsUtil.java:30)
	at tourGuide.service.TourGuideService.trackUserLocation(TourGuideService.java:84)
	at tourGuide.service.TourGuideService$1.run(TourGuideService.java:103)
Exception in thread "Thread-132" java.lang.NumberFormatException: For input string: "-101,244435"
	at sun.misc.FloatingDecimal.readJavaFormatString(FloatingDecimal.java:2043)
	at sun.misc.FloatingDecimal.parseDouble(FloatingDecimal.java:110)
	at java.lang.Double.parseDouble(Double.java:538)
	at gpsUtil.GpsUtil.getUserLocation(GpsUtil.java:30)
	at tourGuide.service.TourGuideService.trackUserLocation(TourGuideService.java:84)
	at tourGuide.service.TourGuideService$1.run(TourGuideService.java:103)
Exception in thread "Thread-325" java.lang.NumberFormatException: For input string: "-39,940963"
	at sun.misc.FloatingDecimal.readJavaFormatString(FloatingDecimal.java:2043)
	at sun.misc.FloatingDecimal.parseDouble(FloatingDecimal.java:110)
	at java.lang.Double.parseDouble(Double.java:538)
	at gpsUtil.GpsUtil.getUserLocation(GpsUtil.java:30)
	at tourGuide.service.TourGuideService.trackUserLocation(TourGuideService.java:84)
	at tourGuide.service.TourGuideService$1.run(TourGuideService.java:103)
Exception in thread "Thread-316" java.lang.NumberFormatException: For input string: "117,277456"
	at sun.misc.FloatingDecimal.readJavaFormatString(FloatingDecimal.java:2043)
	at sun.misc.FloatingDecimal.parseDouble(FloatingDecimal.java:110)
	at java.lang.Double.parseDouble(Double.java:538)
	at gpsUtil.GpsUtil.getUserLocation(GpsUtil.java:30)
	at tourGuide.service.TourGuideService.trackUserLocation(TourGuideService.java:84)
	at tourGuide.service.TourGuideService$1.run(TourGuideService.java:103)
Exception in thread "Thread-172" java.lang.NumberFormatException: For input string: "-114,079846"
	at sun.misc.FloatingDecimal.readJavaFormatString(FloatingDecimal.java:2043)
	at sun.misc.FloatingDecimal.parseDouble(FloatingDecimal.java:110)
	at java.lang.Double.parseDouble(Double.java:538)
	at gpsUtil.GpsUtil.getUserLocation(GpsUtil.java:30)
	at tourGuide.service.TourGuideService.trackUserLocation(TourGuideService.java:84)
	at tourGuide.service.TourGuideService$1.run(TourGuideService.java:103)
Exception in thread "Thread-404" java.lang.NumberFormatException: For input string: "148,959181"
	at sun.misc.FloatingDecimal.readJavaFormatString(FloatingDecimal.java:2043)
	at sun.misc.FloatingDecimal.parseDouble(FloatingDecimal.java:110)
	at java.lang.Double.parseDouble(Double.java:538)
	at gpsUtil.GpsUtil.getUserLocation(GpsUtil.java:30)
	at tourGuide.service.TourGuideService.trackUserLocation(TourGuideService.java:84)
	at tourGuide.service.TourGuideService$1.run(TourGuideService.java:103)
Exception in thread "Thread-270" java.lang.NumberFormatException: For input string: "178,030653"
	at sun.misc.FloatingDecimal.readJavaFormatString(FloatingDecimal.java:2043)
	at sun.misc.FloatingDecimal.parseDouble(FloatingDecimal.java:110)
	at java.lang.Double.parseDouble(Double.java:538)
	at gpsUtil.GpsUtil.getUserLocation(GpsUtil.java:30)
	at tourGuide.service.TourGuideService.trackUserLocation(TourGuideService.java:84)
	at tourGuide.service.TourGuideService$1.run(TourGuideService.java:103)
Exception in thread "Thread-117" java.lang.NumberFormatException: For input string: "-117,196373"
	at sun.misc.FloatingDecimal.readJavaFormatString(FloatingDecimal.java:2043)
	at sun.misc.FloatingDecimal.parseDouble(FloatingDecimal.java:110)
	at java.lang.Double.parseDouble(Double.java:538)
	at gpsUtil.GpsUtil.getUserLocation(GpsUtil.java:30)
	at tourGuide.service.TourGuideService.trackUserLocation(TourGuideService.java:84)
	at tourGuide.service.TourGuideService$1.run(TourGuideService.java:103)
Exception in thread "Thread-214" java.lang.NumberFormatException: For input string: "-131,480335"
	at sun.misc.FloatingDecimal.readJavaFormatString(FloatingDecimal.java:2043)
	at sun.misc.FloatingDecimal.parseDouble(FloatingDecimal.java:110)
	at java.lang.Double.parseDouble(Double.java:538)
	at gpsUtil.GpsUtil.getUserLocation(GpsUtil.java:30)
	at tourGuide.service.TourGuideService.trackUserLocation(TourGuideService.java:84)
	at tourGuide.service.TourGuideService$1.run(TourGuideService.java:103)
Exception in thread "Thread-246" java.lang.NumberFormatException: For input string: "146,285021"
	at sun.misc.FloatingDecimal.readJavaFormatString(FloatingDecimal.java:2043)
	at sun.misc.FloatingDecimal.parseDouble(FloatingDecimal.java:110)
	at java.lang.Double.parseDouble(Double.java:538)
	at gpsUtil.GpsUtil.getUserLocation(GpsUtil.java:30)
	at tourGuide.service.TourGuideService.trackUserLocation(TourGuideService.java:84)
	at tourGuide.service.TourGuideService$1.run(TourGuideService.java:103)
Exception in thread "Thread-430" java.lang.NumberFormatException: For input string: "-13,016376"
	at sun.misc.FloatingDecimal.readJavaFormatString(FloatingDecimal.java:2043)
	at sun.misc.FloatingDecimal.parseDouble(FloatingDecimal.java:110)
	at java.lang.Double.parseDouble(Double.java:538)
	at gpsUtil.GpsUtil.getUserLocation(GpsUtil.java:30)
	at tourGuide.service.TourGuideService.trackUserLocation(TourGuideService.java:84)
	at tourGuide.service.TourGuideService$1.run(TourGuideService.java:103)
Exception in thread "Thread-254" java.lang.NumberFormatException: For input string: "104,201254"
	at sun.misc.FloatingDecimal.readJavaFormatString(FloatingDecimal.java:2043)
	at sun.misc.FloatingDecimal.parseDouble(FloatingDecimal.java:110)
	at java.lang.Double.parseDouble(Double.java:538)
	at gpsUtil.GpsUtil.getUserLocation(GpsUtil.java:30)
	at tourGuide.service.TourGuideService.trackUserLocation(TourGuideService.java:84)
	at tourGuide.service.TourGuideService$1.run(TourGuideService.java:103)
Exception in thread "Thread-383" java.lang.NumberFormatException: For input string: "-99,384607"
	at sun.misc.FloatingDecimal.readJavaFormatString(FloatingDecimal.java:2043)
	at sun.misc.FloatingDecimal.parseDouble(FloatingDecimal.java:110)
	at java.lang.Double.parseDouble(Double.java:538)
	at gpsUtil.GpsUtil.getUserLocation(GpsUtil.java:30)
	at tourGuide.service.TourGuideService.trackUserLocation(TourGuideService.java:84)
	at tourGuide.service.TourGuideService$1.run(TourGuideService.java:103)
Exception in thread "Thread-271" java.lang.NumberFormatException: For input string: "83,297435"
	at sun.misc.FloatingDecimal.readJavaFormatString(FloatingDecimal.java:2043)
	at sun.misc.FloatingDecimal.parseDouble(FloatingDecimal.java:110)
	at java.lang.Double.parseDouble(Double.java:538)
	at gpsUtil.GpsUtil.getUserLocation(GpsUtil.java:30)
	at tourGuide.service.TourGuideService.trackUserLocation(TourGuideService.java:84)
	at tourGuide.service.TourGuideService$1.run(TourGuideService.java:103)
Exception in thread "Thread-150" java.lang.NumberFormatException: For input string: "-125,567105"
	at sun.misc.FloatingDecimal.readJavaFormatString(FloatingDecimal.java:2043)
	at sun.misc.FloatingDecimal.parseDouble(FloatingDecimal.java:110)
	at java.lang.Double.parseDouble(Double.java:538)
	at gpsUtil.GpsUtil.getUserLocation(GpsUtil.java:30)
	at tourGuide.service.TourGuideService.trackUserLocation(TourGuideService.java:84)
	at tourGuide.service.TourGuideService$1.run(TourGuideService.java:103)
Exception in thread "Thread-399" java.lang.NumberFormatException: For input string: "-100,555272"
	at sun.misc.FloatingDecimal.readJavaFormatString(FloatingDecimal.java:2043)
	at sun.misc.FloatingDecimal.parseDouble(FloatingDecimal.java:110)
	at java.lang.Double.parseDouble(Double.java:538)
	at gpsUtil.GpsUtil.getUserLocation(GpsUtil.java:30)
	at tourGuide.service.TourGuideService.trackUserLocation(TourGuideService.java:84)
	at tourGuide.service.TourGuideService$1.run(TourGuideService.java:103)
Exception in thread "Thread-367" java.lang.NumberFormatException: For input string: "63,444420"
	at sun.misc.FloatingDecimal.readJavaFormatString(FloatingDecimal.java:2043)
	at sun.misc.FloatingDecimal.parseDouble(FloatingDecimal.java:110)
	at java.lang.Double.parseDouble(Double.java:538)
	at gpsUtil.GpsUtil.getUserLocation(GpsUtil.java:30)
	at tourGuide.service.TourGuideService.trackUserLocation(TourGuideService.java:84)
	at tourGuide.service.TourGuideService$1.run(TourGuideService.java:103)
Exception in thread "Thread-407" java.lang.NumberFormatException: For input string: "-84,961581"
	at sun.misc.FloatingDecimal.readJavaFormatString(FloatingDecimal.java:2043)
	at sun.misc.FloatingDecimal.parseDouble(FloatingDecimal.java:110)
	at java.lang.Double.parseDouble(Double.java:538)
	at gpsUtil.GpsUtil.getUserLocation(GpsUtil.java:30)
	at tourGuide.service.TourGuideService.trackUserLocation(TourGuideService.java:84)
	at tourGuide.service.TourGuideService$1.run(TourGuideService.java:103)
Exception in thread "Thread-167" java.lang.NumberFormatException: For input string: "31,769798"
	at sun.misc.FloatingDecimal.readJavaFormatString(FloatingDecimal.java:2043)
	at sun.misc.FloatingDecimal.parseDouble(FloatingDecimal.java:110)
	at java.lang.Double.parseDouble(Double.java:538)
	at gpsUtil.GpsUtil.getUserLocation(GpsUtil.java:30)
	at tourGuide.service.TourGuideService.trackUserLocation(TourGuideService.java:84)
	at tourGuide.service.TourGuideService$1.run(TourGuideService.java:103)
Exception in thread "Thread-326" java.lang.NumberFormatException: For input string: "-35,058881"
	at sun.misc.FloatingDecimal.readJavaFormatString(FloatingDecimal.java:2043)
	at sun.misc.FloatingDecimal.parseDouble(FloatingDecimal.java:110)
	at java.lang.Double.parseDouble(Double.java:538)
	at gpsUtil.GpsUtil.getUserLocation(GpsUtil.java:30)
	at tourGuide.service.TourGuideService.trackUserLocation(TourGuideService.java:84)
	at tourGuide.service.TourGuideService$1.run(TourGuideService.java:103)
Exception in thread "Thread-207" java.lang.NumberFormatException: For input string: "148,863326"
	at sun.misc.FloatingDecimal.readJavaFormatString(FloatingDecimal.java:2043)
	at sun.misc.FloatingDecimal.parseDouble(FloatingDecimal.java:110)
	at java.lang.Double.parseDouble(Double.java:538)
	at gpsUtil.GpsUtil.getUserLocation(GpsUtil.java:30)
	at tourGuide.service.TourGuideService.trackUserLocation(TourGuideService.java:84)
	at tourGuide.service.TourGuideService$1.run(TourGuideService.java:103)
Exception in thread "Thread-375" java.lang.NumberFormatException: For input string: "-171,747283"
	at sun.misc.FloatingDecimal.readJavaFormatString(FloatingDecimal.java:2043)
	at sun.misc.FloatingDecimal.parseDouble(FloatingDecimal.java:110)
	at java.lang.Double.parseDouble(Double.java:538)
	at gpsUtil.GpsUtil.getUserLocation(GpsUtil.java:30)
	at tourGuide.service.TourGuideService.trackUserLocation(TourGuideService.java:84)
	at tourGuide.service.TourGuideService$1.run(TourGuideService.java:103)
Exception in thread "Thread-278" java.lang.NumberFormatException: For input string: "91,092675"
	at sun.misc.FloatingDecimal.readJavaFormatString(FloatingDecimal.java:2043)
	at sun.misc.FloatingDecimal.parseDouble(FloatingDecimal.java:110)
	at java.lang.Double.parseDouble(Double.java:538)
	at gpsUtil.GpsUtil.getUserLocation(GpsUtil.java:30)
	at tourGuide.service.TourGuideService.trackUserLocation(TourGuideService.java:84)
	at tourGuide.service.TourGuideService$1.run(TourGuideService.java:103)
Exception in thread "Thread-262" java.lang.NumberFormatException: For input string: "-24,182214"
	at sun.misc.FloatingDecimal.readJavaFormatString(FloatingDecimal.java:2043)
	at sun.misc.FloatingDecimal.parseDouble(FloatingDecimal.java:110)
	at java.lang.Double.parseDouble(Double.java:538)
	at gpsUtil.GpsUtil.getUserLocation(GpsUtil.java:30)
	at tourGuide.service.TourGuideService.trackUserLocation(TourGuideService.java:84)
	at tourGuide.service.TourGuideService$1.run(TourGuideService.java:103)
Exception in thread "Thread-93" java.lang.NumberFormatException: For input string: "-62,497446"
	at sun.misc.FloatingDecimal.readJavaFormatString(FloatingDecimal.java:2043)
	at sun.misc.FloatingDecimal.parseDouble(FloatingDecimal.java:110)
	at java.lang.Double.parseDouble(Double.java:538)
	at gpsUtil.GpsUtil.getUserLocation(GpsUtil.java:30)
	at tourGuide.service.TourGuideService.trackUserLocation(TourGuideService.java:84)
	at tourGuide.service.TourGuideService$1.run(TourGuideService.java:103)
Exception in thread "Thread-425" java.lang.NumberFormatException: For input string: "66,740693"
	at sun.misc.FloatingDecimal.readJavaFormatString(FloatingDecimal.java:2043)
	at sun.misc.FloatingDecimal.parseDouble(FloatingDecimal.java:110)
	at java.lang.Double.parseDouble(Double.java:538)
	at gpsUtil.GpsUtil.getUserLocation(GpsUtil.java:30)
	at tourGuide.service.TourGuideService.trackUserLocation(TourGuideService.java:84)
	at tourGuide.service.TourGuideService$1.run(TourGuideService.java:103)
Exception in thread "Thread-201" java.lang.NumberFormatException: For input string: "-92,266806"
	at sun.misc.FloatingDecimal.readJavaFormatString(FloatingDecimal.java:2043)
	at sun.misc.FloatingDecimal.parseDouble(FloatingDecimal.java:110)
	at java.lang.Double.parseDouble(Double.java:538)
	at gpsUtil.GpsUtil.getUserLocation(GpsUtil.java:30)
	at tourGuide.service.TourGuideService.trackUserLocation(TourGuideService.java:84)
	at tourGuide.service.TourGuideService$1.run(TourGuideService.java:103)
Exception in thread "Thread-177" java.lang.NumberFormatException: For input string: "-20,194027"
	at sun.misc.FloatingDecimal.readJavaFormatString(FloatingDecimal.java:2043)
	at sun.misc.FloatingDecimal.parseDouble(FloatingDecimal.java:110)
	at java.lang.Double.parseDouble(Double.java:538)
	at gpsUtil.GpsUtil.getUserLocation(GpsUtil.java:30)
	at tourGuide.service.TourGuideService.trackUserLocation(TourGuideService.java:84)
	at tourGuide.service.TourGuideService$1.run(TourGuideService.java:103)
Exception in thread "Thread-328" java.lang.NumberFormatException: For input string: "111,676644"
	at sun.misc.FloatingDecimal.readJavaFormatString(FloatingDecimal.java:2043)
	at sun.misc.FloatingDecimal.parseDouble(FloatingDecimal.java:110)
	at java.lang.Double.parseDouble(Double.java:538)
	at gpsUtil.GpsUtil.getUserLocation(GpsUtil.java:30)
	at tourGuide.service.TourGuideService.trackUserLocation(TourGuideService.java:84)
	at tourGuide.service.TourGuideService$1.run(TourGuideService.java:103)
Exception in thread "Thread-313" java.lang.NumberFormatException: For input string: "-167,375488"
	at sun.misc.FloatingDecimal.readJavaFormatString(FloatingDecimal.java:2043)
	at sun.misc.FloatingDecimal.parseDouble(FloatingDecimal.java:110)
	at java.lang.Double.parseDouble(Double.java:538)
	at gpsUtil.GpsUtil.getUserLocation(GpsUtil.java:30)
	at tourGuide.service.TourGuideService.trackUserLocation(TourGuideService.java:84)
	at tourGuide.service.TourGuideService$1.run(TourGuideService.java:103)
Exception in thread "Thread-233" java.lang.NumberFormatException: For input string: "53,903325"
	at sun.misc.FloatingDecimal.readJavaFormatString(FloatingDecimal.java:2043)
	at sun.misc.FloatingDecimal.parseDouble(FloatingDecimal.java:110)
	at java.lang.Double.parseDouble(Double.java:538)
	at gpsUtil.GpsUtil.getUserLocation(GpsUtil.java:30)
	at tourGuide.service.TourGuideService.trackUserLocation(TourGuideService.java:84)
	at tourGuide.service.TourGuideService$1.run(TourGuideService.java:103)
Exception in thread "Thread-136" java.lang.NumberFormatException: For input string: "-140,905253"
	at sun.misc.FloatingDecimal.readJavaFormatString(FloatingDecimal.java:2043)
	at sun.misc.FloatingDecimal.parseDouble(FloatingDecimal.java:110)
	at java.lang.Double.parseDouble(Double.java:538)
	at gpsUtil.GpsUtil.getUserLocation(GpsUtil.java:30)
	at tourGuide.service.TourGuideService.trackUserLocation(TourGuideService.java:84)
	at tourGuide.service.TourGuideService$1.run(TourGuideService.java:103)
Exception in thread "Thread-265" java.lang.NumberFormatException: For input string: "-23,426484"
	at sun.misc.FloatingDecimal.readJavaFormatString(FloatingDecimal.java:2043)
	at sun.misc.FloatingDecimal.parseDouble(FloatingDecimal.java:110)
	at java.lang.Double.parseDouble(Double.java:538)
	at gpsUtil.GpsUtil.getUserLocation(GpsUtil.java:30)
	at tourGuide.service.TourGuideService.trackUserLocation(TourGuideService.java:84)
	at tourGuide.service.TourGuideService$1.run(TourGuideService.java:103)
Exception in thread "Thread-352" java.lang.NumberFormatException: For input string: "139,499417"
	at sun.misc.FloatingDecimal.readJavaFormatString(FloatingDecimal.java:2043)
	at sun.misc.FloatingDecimal.parseDouble(FloatingDecimal.java:110)
	at java.lang.Double.parseDouble(Double.java:538)
	at gpsUtil.GpsUtil.getUserLocation(GpsUtil.java:30)
	at tourGuide.service.TourGuideService.trackUserLocation(TourGuideService.java:84)
	at tourGuide.service.TourGuideService$1.run(TourGuideService.java:103)
Exception in thread "Thread-353" java.lang.NumberFormatException: For input string: "-63,272001"
	at sun.misc.FloatingDecimal.readJavaFormatString(FloatingDecimal.java:2043)
	at sun.misc.FloatingDecimal.parseDouble(FloatingDecimal.java:110)
	at java.lang.Double.parseDouble(Double.java:538)
	at gpsUtil.GpsUtil.getUserLocation(GpsUtil.java:30)
	at tourGuide.service.TourGuideService.trackUserLocation(TourGuideService.java:84)
	at tourGuide.service.TourGuideService$1.run(TourGuideService.java:103)
Exception in thread "Thread-320" java.lang.NumberFormatException: For input string: "36,011111"
	at sun.misc.FloatingDecimal.readJavaFormatString(FloatingDecimal.java:2043)
	at sun.misc.FloatingDecimal.parseDouble(FloatingDecimal.java:110)
	at java.lang.Double.parseDouble(Double.java:538)
	at gpsUtil.GpsUtil.getUserLocation(GpsUtil.java:30)
	at tourGuide.service.TourGuideService.trackUserLocation(TourGuideService.java:84)
	at tourGuide.service.TourGuideService$1.run(TourGuideService.java:103)
Exception in thread "Thread-344" java.lang.NumberFormatException: For input string: "-32,648744"
	at sun.misc.FloatingDecimal.readJavaFormatString(FloatingDecimal.java:2043)
	at sun.misc.FloatingDecimal.parseDouble(FloatingDecimal.java:110)
	at java.lang.Double.parseDouble(Double.java:538)
	at gpsUtil.GpsUtil.getUserLocation(GpsUtil.java:30)
	at tourGuide.service.TourGuideService.trackUserLocation(TourGuideService.java:84)
	at tourGuide.service.TourGuideService$1.run(TourGuideService.java:103)
Exception in thread "Thread-392" java.lang.NumberFormatException: For input string: "80,142922"
	at sun.misc.FloatingDecimal.readJavaFormatString(FloatingDecimal.java:2043)
	at sun.misc.FloatingDecimal.parseDouble(FloatingDecimal.java:110)
	at java.lang.Double.parseDouble(Double.java:538)
	at gpsUtil.GpsUtil.getUserLocation(GpsUtil.java:30)
	at tourGuide.service.TourGuideService.trackUserLocation(TourGuideService.java:84)
	at tourGuide.service.TourGuideService$1.run(TourGuideService.java:103)
Exception in thread "Thread-393" java.lang.NumberFormatException: For input string: "-10,871493"
	at sun.misc.FloatingDecimal.readJavaFormatString(FloatingDecimal.java:2043)
	at sun.misc.FloatingDecimal.parseDouble(FloatingDecimal.java:110)
	at java.lang.Double.parseDouble(Double.java:538)
	at gpsUtil.GpsUtil.getUserLocation(GpsUtil.java:30)
	at tourGuide.service.TourGuideService.trackUserLocation(TourGuideService.java:84)
	at tourGuide.service.TourGuideService$1.run(TourGuideService.java:103)
Exception in thread "Thread-401" java.lang.NumberFormatException: For input string: "156,675893"
	at sun.misc.FloatingDecimal.readJavaFormatString(FloatingDecimal.java:2043)
	at sun.misc.FloatingDecimal.parseDouble(FloatingDecimal.java:110)
	at java.lang.Double.parseDouble(Double.java:538)
	at gpsUtil.GpsUtil.getUserLocation(GpsUtil.java:30)
	at tourGuide.service.TourGuideService.trackUserLocation(TourGuideService.java:84)
	at tourGuide.service.TourGuideService$1.run(TourGuideService.java:103)
Exception in thread "Thread-161" java.lang.NumberFormatException: For input string: "67,395061"
	at sun.misc.FloatingDecimal.readJavaFormatString(FloatingDecimal.java:2043)
	at sun.misc.FloatingDecimal.parseDouble(FloatingDecimal.java:110)
	at java.lang.Double.parseDouble(Double.java:538)
	at gpsUtil.GpsUtil.getUserLocation(GpsUtil.java:30)
	at tourGuide.service.TourGuideService.trackUserLocation(TourGuideService.java:84)
	at tourGuide.service.TourGuideService$1.run(TourGuideService.java:103)
Exception in thread "Thread-241" java.lang.NumberFormatException: For input string: "-133,625421"
	at sun.misc.FloatingDecimal.readJavaFormatString(FloatingDecimal.java:2043)
	at sun.misc.FloatingDecimal.parseDouble(FloatingDecimal.java:110)
	at java.lang.Double.parseDouble(Double.java:538)
	at gpsUtil.GpsUtil.getUserLocation(GpsUtil.java:30)
	at tourGuide.service.TourGuideService.trackUserLocation(TourGuideService.java:84)
	at tourGuide.service.TourGuideService$1.run(TourGuideService.java:103)
Exception in thread "Thread-152" java.lang.NumberFormatException: For input string: "91,825957"
	at sun.misc.FloatingDecimal.readJavaFormatString(FloatingDecimal.java:2043)
	at sun.misc.FloatingDecimal.parseDouble(FloatingDecimal.java:110)
	at java.lang.Double.parseDouble(Double.java:538)
	at gpsUtil.GpsUtil.getUserLocation(GpsUtil.java:30)
	at tourGuide.service.TourGuideService.trackUserLocation(TourGuideService.java:84)
	at tourGuide.service.TourGuideService$1.run(TourGuideService.java:103)
Exception in thread "Thread-433" java.lang.NumberFormatException: For input string: "100,862163"
	at sun.misc.FloatingDecimal.readJavaFormatString(FloatingDecimal.java:2043)
	at sun.misc.FloatingDecimal.parseDouble(FloatingDecimal.java:110)
	at java.lang.Double.parseDouble(Double.java:538)
	at gpsUtil.GpsUtil.getUserLocation(GpsUtil.java:30)
	at tourGuide.service.TourGuideService.trackUserLocation(TourGuideService.java:84)
	at tourGuide.service.TourGuideService$1.run(TourGuideService.java:103)
Exception in thread "Thread-424" java.lang.NumberFormatException: For input string: "-96,568859"
	at sun.misc.FloatingDecimal.readJavaFormatString(FloatingDecimal.java:2043)
	at sun.misc.FloatingDecimal.parseDouble(FloatingDecimal.java:110)
	at java.lang.Double.parseDouble(Double.java:538)
	at gpsUtil.GpsUtil.getUserLocation(GpsUtil.java:30)
	at tourGuide.service.TourGuideService.trackUserLocation(TourGuideService.java:84)
	at tourGuide.service.TourGuideService$1.run(TourGuideService.java:103)
Exception in thread "Thread-400" java.lang.NumberFormatException: For input string: "-170,884691"
	at sun.misc.FloatingDecimal.readJavaFormatString(FloatingDecimal.java:2043)
	at sun.misc.FloatingDecimal.parseDouble(FloatingDecimal.java:110)
	at java.lang.Double.parseDouble(Double.java:538)
	at gpsUtil.GpsUtil.getUserLocation(GpsUtil.java:30)
	at tourGuide.service.TourGuideService.trackUserLocation(TourGuideService.java:84)
	at tourGuide.service.TourGuideService$1.run(TourGuideService.java:103)
Exception in thread "Thread-361" java.lang.NumberFormatException: For input string: "-78,190035"
	at sun.misc.FloatingDecimal.readJavaFormatString(FloatingDecimal.java:2043)
	at sun.misc.FloatingDecimal.parseDouble(FloatingDecimal.java:110)
	at java.lang.Double.parseDouble(Double.java:538)
	at gpsUtil.GpsUtil.getUserLocation(GpsUtil.java:30)
	at tourGuide.service.TourGuideService.trackUserLocation(TourGuideService.java:84)
	at tourGuide.service.TourGuideService$1.run(TourGuideService.java:103)
Exception in thread "Thread-297" java.lang.NumberFormatException: For input string: "-87,340665"
	at sun.misc.FloatingDecimal.readJavaFormatString(FloatingDecimal.java:2043)
	at sun.misc.FloatingDecimal.parseDouble(FloatingDecimal.java:110)
	at java.lang.Double.parseDouble(Double.java:538)
	at gpsUtil.GpsUtil.getUserLocation(GpsUtil.java:30)
	at tourGuide.service.TourGuideService.trackUserLocation(TourGuideService.java:84)
	at tourGuide.service.TourGuideService$1.run(TourGuideService.java:103)
Exception in thread "Thread-498" java.lang.NumberFormatException: For input string: "132,615747"
	at sun.misc.FloatingDecimal.readJavaFormatString(FloatingDecimal.java:2043)
	at sun.misc.FloatingDecimal.parseDouble(FloatingDecimal.java:110)
	at java.lang.Double.parseDouble(Double.java:538)
	at gpsUtil.GpsUtil.getUserLocation(GpsUtil.java:30)
	at tourGuide.service.TourGuideService.trackUserLocation(TourGuideService.java:84)
	at tourGuide.service.TourGuideService$1.run(TourGuideService.java:103)
Exception in thread "Thread-501" java.lang.NumberFormatException: For input string: "-64,246050"
	at sun.misc.FloatingDecimal.readJavaFormatString(FloatingDecimal.java:2043)
	at sun.misc.FloatingDecimal.parseDouble(FloatingDecimal.java:110)
	at java.lang.Double.parseDouble(Double.java:538)
	at gpsUtil.GpsUtil.getUserLocation(GpsUtil.java:30)
	at tourGuide.service.TourGuideService.trackUserLocation(TourGuideService.java:84)
	at tourGuide.service.TourGuideService$1.run(TourGuideService.java:103)
Exception in thread "Thread-218" java.lang.NumberFormatException: For input string: "-99,797090"
	at sun.misc.FloatingDecimal.readJavaFormatString(FloatingDecimal.java:2043)
	at sun.misc.FloatingDecimal.parseDouble(FloatingDecimal.java:110)
	at java.lang.Double.parseDouble(Double.java:538)
	at gpsUtil.GpsUtil.getUserLocation(GpsUtil.java:30)
	at tourGuide.service.TourGuideService.trackUserLocation(TourGuideService.java:84)
	at tourGuide.service.TourGuideService$1.run(TourGuideService.java:103)
Exception in thread "Thread-423" java.lang.NumberFormatException: For input string: "-96,562306"
	at sun.misc.FloatingDecimal.readJavaFormatString(FloatingDecimal.java:2043)
	at sun.misc.FloatingDecimal.parseDouble(FloatingDecimal.java:110)
	at java.lang.Double.parseDouble(Double.java:538)
	at gpsUtil.GpsUtil.getUserLocation(GpsUtil.java:30)
	at tourGuide.service.TourGuideService.trackUserLocation(TourGuideService.java:84)
	at tourGuide.service.TourGuideService$1.run(TourGuideService.java:103)
Exception in thread "Thread-447" java.lang.NumberFormatException: For input string: "137,376099"
	at sun.misc.FloatingDecimal.readJavaFormatString(FloatingDecimal.java:2043)
	at sun.misc.FloatingDecimal.parseDouble(FloatingDecimal.java:110)
	at java.lang.Double.parseDouble(Double.java:538)
	at gpsUtil.GpsUtil.getUserLocation(GpsUtil.java:30)
	at tourGuide.service.TourGuideService.trackUserLocation(TourGuideService.java:84)
	at tourGuide.service.TourGuideService$1.run(TourGuideService.java:103)
Exception in thread "Thread-330" java.lang.NumberFormatException: For input string: "106,174658"
	at sun.misc.FloatingDecimal.readJavaFormatString(FloatingDecimal.java:2043)
	at sun.misc.FloatingDecimal.parseDouble(FloatingDecimal.java:110)
	at java.lang.Double.parseDouble(Double.java:538)
	at gpsUtil.GpsUtil.getUserLocation(GpsUtil.java:30)
	at tourGuide.service.TourGuideService.trackUserLocation(TourGuideService.java:84)
	at tourGuide.service.TourGuideService$1.run(TourGuideService.java:103)
Exception in thread "Thread-431" java.lang.NumberFormatException: For input string: "89,556887"
	at sun.misc.FloatingDecimal.readJavaFormatString(FloatingDecimal.java:2043)
	at sun.misc.FloatingDecimal.parseDouble(FloatingDecimal.java:110)
	at java.lang.Double.parseDouble(Double.java:538)
	at gpsUtil.GpsUtil.getUserLocation(GpsUtil.java:30)
	at tourGuide.service.TourGuideService.trackUserLocation(TourGuideService.java:84)
	at tourGuide.service.TourGuideService$1.run(TourGuideService.java:103)
Exception in thread "Thread-119" java.lang.NumberFormatException: For input string: "-19,384575"
	at sun.misc.FloatingDecimal.readJavaFormatString(FloatingDecimal.java:2043)
	at sun.misc.FloatingDecimal.parseDouble(FloatingDecimal.java:110)
	at java.lang.Double.parseDouble(Double.java:538)
	at gpsUtil.GpsUtil.getUserLocation(GpsUtil.java:30)
	at tourGuide.service.TourGuideService.trackUserLocation(TourGuideService.java:84)
	at tourGuide.service.TourGuideService$1.run(TourGuideService.java:103)
Exception in thread "Thread-449" java.lang.NumberFormatException: For input string: "148,570983"
	at sun.misc.FloatingDecimal.readJavaFormatString(FloatingDecimal.java:2043)
	at sun.misc.FloatingDecimal.parseDouble(FloatingDecimal.java:110)
	at java.lang.Double.parseDouble(Double.java:538)
	at gpsUtil.GpsUtil.getUserLocation(GpsUtil.java:30)
	at tourGuide.service.TourGuideService.trackUserLocation(TourGuideService.java:84)
	at tourGuide.service.TourGuideService$1.run(TourGuideService.java:103)
Exception in thread "Thread-466" java.lang.NumberFormatException: For input string: "110,992351"
	at sun.misc.FloatingDecimal.readJavaFormatString(FloatingDecimal.java:2043)
	at sun.misc.FloatingDecimal.parseDouble(FloatingDecimal.java:110)
	at java.lang.Double.parseDouble(Double.java:538)
	at gpsUtil.GpsUtil.getUserLocation(GpsUtil.java:30)
	at tourGuide.service.TourGuideService.trackUserLocation(TourGuideService.java:84)
	at tourGuide.service.TourGuideService$1.run(TourGuideService.java:103)
Exception in thread "Thread-470" java.lang.NumberFormatException: For input string: "-127,100408"
	at sun.misc.FloatingDecimal.readJavaFormatString(FloatingDecimal.java:2043)
	at sun.misc.FloatingDecimal.parseDouble(FloatingDecimal.java:110)
	at java.lang.Double.parseDouble(Double.java:538)
	at gpsUtil.GpsUtil.getUserLocation(GpsUtil.java:30)
	at tourGuide.service.TourGuideService.trackUserLocation(TourGuideService.java:84)
	at tourGuide.service.TourGuideService$1.run(TourGuideService.java:103)
Exception in thread "Thread-453" java.lang.NumberFormatException: For input string: "113,008290"
	at sun.misc.FloatingDecimal.readJavaFormatString(FloatingDecimal.java:2043)
	at sun.misc.FloatingDecimal.parseDouble(FloatingDecimal.java:110)
	at java.lang.Double.parseDouble(Double.java:538)
	at gpsUtil.GpsUtil.getUserLocation(GpsUtil.java:30)
	at tourGuide.service.TourGuideService.trackUserLocation(TourGuideService.java:84)
	at tourGuide.service.TourGuideService$1.run(TourGuideService.java:103)
Exception in thread "Thread-472" java.lang.NumberFormatException: For input string: "-65,059519"
	at sun.misc.FloatingDecimal.readJavaFormatString(FloatingDecimal.java:2043)
	at sun.misc.FloatingDecimal.parseDouble(FloatingDecimal.java:110)
	at java.lang.Double.parseDouble(Double.java:538)
	at gpsUtil.GpsUtil.getUserLocation(GpsUtil.java:30)
	at tourGuide.service.TourGuideService.trackUserLocation(TourGuideService.java:84)
	at tourGuide.service.TourGuideService$1.run(TourGuideService.java:103)
Exception in thread "Thread-493" java.lang.NumberFormatException: For input string: "-37,186585"
	at sun.misc.FloatingDecimal.readJavaFormatString(FloatingDecimal.java:2043)
	at sun.misc.FloatingDecimal.parseDouble(FloatingDecimal.java:110)
	at java.lang.Double.parseDouble(Double.java:538)
	at gpsUtil.GpsUtil.getUserLocation(GpsUtil.java:30)
	at tourGuide.service.TourGuideService.trackUserLocation(TourGuideService.java:84)
	at tourGuide.service.TourGuideService$1.run(TourGuideService.java:103)
Exception in thread "Thread-413" java.lang.NumberFormatException: For input string: "-138,929301"
	at sun.misc.FloatingDecimal.readJavaFormatString(FloatingDecimal.java:2043)
	at sun.misc.FloatingDecimal.parseDouble(FloatingDecimal.java:110)
	at java.lang.Double.parseDouble(Double.java:538)
	at gpsUtil.GpsUtil.getUserLocation(GpsUtil.java:30)
	at tourGuide.service.TourGuideService.trackUserLocation(TourGuideService.java:84)
	at tourGuide.service.TourGuideService$1.run(TourGuideService.java:103)
Exception in thread "Thread-295" java.lang.NumberFormatException: For input string: "85,391660"
	at sun.misc.FloatingDecimal.readJavaFormatString(FloatingDecimal.java:2043)
	at sun.misc.FloatingDecimal.parseDouble(FloatingDecimal.java:110)
	at java.lang.Double.parseDouble(Double.java:538)
	at gpsUtil.GpsUtil.getUserLocation(GpsUtil.java:30)
	at tourGuide.service.TourGuideService.trackUserLocation(TourGuideService.java:84)
	at tourGuide.service.TourGuideService$1.run(TourGuideService.java:103)
Exception in thread "Thread-491" java.lang.NumberFormatException: For input string: "-82,349827"
	at sun.misc.FloatingDecimal.readJavaFormatString(FloatingDecimal.java:2043)
	at sun.misc.FloatingDecimal.parseDouble(FloatingDecimal.java:110)
	at java.lang.Double.parseDouble(Double.java:538)
	at gpsUtil.GpsUtil.getUserLocation(GpsUtil.java:30)
	at tourGuide.service.TourGuideService.trackUserLocation(TourGuideService.java:84)
	at tourGuide.service.TourGuideService$1.run(TourGuideService.java:103)
Exception in thread "Thread-231" java.lang.NumberFormatException: For input string: "-170,845161"
	at sun.misc.FloatingDecimal.readJavaFormatString(FloatingDecimal.java:2043)
	at sun.misc.FloatingDecimal.parseDouble(FloatingDecimal.java:110)
	at java.lang.Double.parseDouble(Double.java:538)
	at gpsUtil.GpsUtil.getUserLocation(GpsUtil.java:30)
	at tourGuide.service.TourGuideService.trackUserLocation(TourGuideService.java:84)
	at tourGuide.service.TourGuideService$1.run(TourGuideService.java:103)
Exception in thread "Thread-462" java.lang.NumberFormatException: For input string: "-144,521965"
	at sun.misc.FloatingDecimal.readJavaFormatString(FloatingDecimal.java:2043)
	at sun.misc.FloatingDecimal.parseDouble(FloatingDecimal.java:110)
	at java.lang.Double.parseDouble(Double.java:538)
	at gpsUtil.GpsUtil.getUserLocation(GpsUtil.java:30)
	at tourGuide.service.TourGuideService.trackUserLocation(TourGuideService.java:84)
	at tourGuide.service.TourGuideService$1.run(TourGuideService.java:103)
Exception in thread "Thread-429" java.lang.NumberFormatException: For input string: "59,026821"
	at sun.misc.FloatingDecimal.readJavaFormatString(FloatingDecimal.java:2043)
	at sun.misc.FloatingDecimal.parseDouble(FloatingDecimal.java:110)
	at java.lang.Double.parseDouble(Double.java:538)
	at gpsUtil.GpsUtil.getUserLocation(GpsUtil.java:30)
	at tourGuide.service.TourGuideService.trackUserLocation(TourGuideService.java:84)
	at tourGuide.service.TourGuideService$1.run(TourGuideService.java:103)
Exception in thread "Thread-481" java.lang.NumberFormatException: For input string: "122,059490"
	at sun.misc.FloatingDecimal.readJavaFormatString(FloatingDecimal.java:2043)
	at sun.misc.FloatingDecimal.parseDouble(FloatingDecimal.java:110)
	at java.lang.Double.parseDouble(Double.java:538)
	at gpsUtil.GpsUtil.getUserLocation(GpsUtil.java:30)
	at tourGuide.service.TourGuideService.trackUserLocation(TourGuideService.java:84)
	at tourGuide.service.TourGuideService$1.run(TourGuideService.java:103)
Exception in thread "Thread-215" java.lang.NumberFormatException: For input string: "22,781321"
	at sun.misc.FloatingDecimal.readJavaFormatString(FloatingDecimal.java:2043)
	at sun.misc.FloatingDecimal.parseDouble(FloatingDecimal.java:110)
	at java.lang.Double.parseDouble(Double.java:538)
	at gpsUtil.GpsUtil.getUserLocation(GpsUtil.java:30)
	at tourGuide.service.TourGuideService.trackUserLocation(TourGuideService.java:84)
	at tourGuide.service.TourGuideService$1.run(TourGuideService.java:103)
Exception in thread "Thread-465" java.lang.NumberFormatException: For input string: "108,267888"
	at sun.misc.FloatingDecimal.readJavaFormatString(FloatingDecimal.java:2043)
	at sun.misc.FloatingDecimal.parseDouble(FloatingDecimal.java:110)
	at java.lang.Double.parseDouble(Double.java:538)
	at gpsUtil.GpsUtil.getUserLocation(GpsUtil.java:30)
	at tourGuide.service.TourGuideService.trackUserLocation(TourGuideService.java:84)
	at tourGuide.service.TourGuideService$1.run(TourGuideService.java:103)
Exception in thread "Thread-459" java.lang.NumberFormatException: For input string: "149,827386"
	at sun.misc.FloatingDecimal.readJavaFormatString(FloatingDecimal.java:2043)
	at sun.misc.FloatingDecimal.parseDouble(FloatingDecimal.java:110)
	at java.lang.Double.parseDouble(Double.java:538)
	at gpsUtil.GpsUtil.getUserLocation(GpsUtil.java:30)
	at tourGuide.service.TourGuideService.trackUserLocation(TourGuideService.java:84)
	at tourGuide.service.TourGuideService$1.run(TourGuideService.java:103)
Exception in thread "Thread-444" java.lang.NumberFormatException: For input string: "120,161313"
	at sun.misc.FloatingDecimal.readJavaFormatString(FloatingDecimal.java:2043)
	at sun.misc.FloatingDecimal.parseDouble(FloatingDecimal.java:110)
	at java.lang.Double.parseDouble(Double.java:538)
	at gpsUtil.GpsUtil.getUserLocation(GpsUtil.java:30)
	at tourGuide.service.TourGuideService.trackUserLocation(TourGuideService.java:84)
	at tourGuide.service.TourGuideService$1.run(TourGuideService.java:103)
Exception in thread "Thread-478" java.lang.NumberFormatException: For input string: "64,325004"
	at sun.misc.FloatingDecimal.readJavaFormatString(FloatingDecimal.java:2043)
	at sun.misc.FloatingDecimal.parseDouble(FloatingDecimal.java:110)
	at java.lang.Double.parseDouble(Double.java:538)
	at gpsUtil.GpsUtil.getUserLocation(GpsUtil.java:30)
	at tourGuide.service.TourGuideService.trackUserLocation(TourGuideService.java:84)
	at tourGuide.service.TourGuideService$1.run(TourGuideService.java:103)
Exception in thread "Thread-479" java.lang.NumberFormatException: For input string: "99,768607"
	at sun.misc.FloatingDecimal.readJavaFormatString(FloatingDecimal.java:2043)
	at sun.misc.FloatingDecimal.parseDouble(FloatingDecimal.java:110)
	at java.lang.Double.parseDouble(Double.java:538)
	at gpsUtil.GpsUtil.getUserLocation(GpsUtil.java:30)
	at tourGuide.service.TourGuideService.trackUserLocation(TourGuideService.java:84)
	at tourGuide.service.TourGuideService$1.run(TourGuideService.java:103)
Exception in thread "Thread-457" java.lang.NumberFormatException: For input string: "159,098013"
	at sun.misc.FloatingDecimal.readJavaFormatString(FloatingDecimal.java:2043)
	at sun.misc.FloatingDecimal.parseDouble(FloatingDecimal.java:110)
	at java.lang.Double.parseDouble(Double.java:538)
	at gpsUtil.GpsUtil.getUserLocation(GpsUtil.java:30)
	at tourGuide.service.TourGuideService.trackUserLocation(TourGuideService.java:84)
	at tourGuide.service.TourGuideService$1.run(TourGuideService.java:103)
Exception in thread "Thread-445" java.lang.NumberFormatException: For input string: "-91,977117"
	at sun.misc.FloatingDecimal.readJavaFormatString(FloatingDecimal.java:2043)
	at sun.misc.FloatingDecimal.parseDouble(FloatingDecimal.java:110)
	at java.lang.Double.parseDouble(Double.java:538)
	at gpsUtil.GpsUtil.getUserLocation(GpsUtil.java:30)
	at tourGuide.service.TourGuideService.trackUserLocation(TourGuideService.java:84)
	at tourGuide.service.TourGuideService$1.run(TourGuideService.java:103)
Exception in thread "Thread-435" java.lang.NumberFormatException: For input string: "-83,599268"
	at sun.misc.FloatingDecimal.readJavaFormatString(FloatingDecimal.java:2043)
	at sun.misc.FloatingDecimal.parseDouble(FloatingDecimal.java:110)
	at java.lang.Double.parseDouble(Double.java:538)
	at gpsUtil.GpsUtil.getUserLocation(GpsUtil.java:30)
	at tourGuide.service.TourGuideService.trackUserLocation(TourGuideService.java:84)
	at tourGuide.service.TourGuideService$1.run(TourGuideService.java:103)
Exception in thread "Thread-448" java.lang.NumberFormatException: For input string: "165,293280"
	at sun.misc.FloatingDecimal.readJavaFormatString(FloatingDecimal.java:2043)
	at sun.misc.FloatingDecimal.parseDouble(FloatingDecimal.java:110)
	at java.lang.Double.parseDouble(Double.java:538)
	at gpsUtil.GpsUtil.getUserLocation(GpsUtil.java:30)
	at tourGuide.service.TourGuideService.trackUserLocation(TourGuideService.java:84)
	at tourGuide.service.TourGuideService$1.run(TourGuideService.java:103)
Exception in thread "Thread-499" java.lang.NumberFormatException: For input string: "80,727348"
	at sun.misc.FloatingDecimal.readJavaFormatString(FloatingDecimal.java:2043)
	at sun.misc.FloatingDecimal.parseDouble(FloatingDecimal.java:110)
	at java.lang.Double.parseDouble(Double.java:538)
	at gpsUtil.GpsUtil.getUserLocation(GpsUtil.java:30)
	at tourGuide.service.TourGuideService.trackUserLocation(TourGuideService.java:84)
	at tourGuide.service.TourGuideService$1.run(TourGuideService.java:103)
Exception in thread "Thread-421" java.lang.NumberFormatException: For input string: "-157,624258"
	at sun.misc.FloatingDecimal.readJavaFormatString(FloatingDecimal.java:2043)
	at sun.misc.FloatingDecimal.parseDouble(FloatingDecimal.java:110)
	at java.lang.Double.parseDouble(Double.java:538)
	at gpsUtil.GpsUtil.getUserLocation(GpsUtil.java:30)
	at tourGuide.service.TourGuideService.trackUserLocation(TourGuideService.java:84)
	at tourGuide.service.TourGuideService$1.run(TourGuideService.java:103)
Exception in thread "Thread-506" java.lang.NumberFormatException: For input string: "-13,856979"
	at sun.misc.FloatingDecimal.readJavaFormatString(FloatingDecimal.java:2043)
	at sun.misc.FloatingDecimal.parseDouble(FloatingDecimal.java:110)
	at java.lang.Double.parseDouble(Double.java:538)
	at gpsUtil.GpsUtil.getUserLocation(GpsUtil.java:30)
	at tourGuide.service.TourGuideService.trackUserLocation(TourGuideService.java:84)
	at tourGuide.service.TourGuideService$1.run(TourGuideService.java:103)
Exception in thread "Thread-487" java.lang.NumberFormatException: For input string: "-32,088287"
	at sun.misc.FloatingDecimal.readJavaFormatString(FloatingDecimal.java:2043)
	at sun.misc.FloatingDecimal.parseDouble(FloatingDecimal.java:110)
	at java.lang.Double.parseDouble(Double.java:538)
	at gpsUtil.GpsUtil.getUserLocation(GpsUtil.java:30)
	at tourGuide.service.TourGuideService.trackUserLocation(TourGuideService.java:84)
	at tourGuide.service.TourGuideService$1.run(TourGuideService.java:103)
Exception in thread "Thread-221" java.lang.NumberFormatException: For input string: "77,221896"
	at sun.misc.FloatingDecimal.readJavaFormatString(FloatingDecimal.java:2043)
	at sun.misc.FloatingDecimal.parseDouble(FloatingDecimal.java:110)
	at java.lang.Double.parseDouble(Double.java:538)
	at gpsUtil.GpsUtil.getUserLocation(GpsUtil.java:30)
	at tourGuide.service.TourGuideService.trackUserLocation(TourGuideService.java:84)
	at tourGuide.service.TourGuideService$1.run(TourGuideService.java:103)
Exception in thread "Thread-458" java.lang.NumberFormatException: For input string: "138,225429"
	at sun.misc.FloatingDecimal.readJavaFormatString(FloatingDecimal.java:2043)
	at sun.misc.FloatingDecimal.parseDouble(FloatingDecimal.java:110)
	at java.lang.Double.parseDouble(Double.java:538)
	at gpsUtil.GpsUtil.getUserLocation(GpsUtil.java:30)
	at tourGuide.service.TourGuideService.trackUserLocation(TourGuideService.java:84)
	at tourGuide.service.TourGuideService$1.run(TourGuideService.java:103)
Exception in thread "Thread-460" java.lang.NumberFormatException: For input string: "-111,698535"
	at sun.misc.FloatingDecimal.readJavaFormatString(FloatingDecimal.java:2043)
	at sun.misc.FloatingDecimal.parseDouble(FloatingDecimal.java:110)
	at java.lang.Double.parseDouble(Double.java:538)
	at gpsUtil.GpsUtil.getUserLocation(GpsUtil.java:30)
	at tourGuide.service.TourGuideService.trackUserLocation(TourGuideService.java:84)
	at tourGuide.service.TourGuideService$1.run(TourGuideService.java:103)
Exception in thread "Thread-480" java.lang.NumberFormatException: For input string: "20,590704"
	at sun.misc.FloatingDecimal.readJavaFormatString(FloatingDecimal.java:2043)
	at sun.misc.FloatingDecimal.parseDouble(FloatingDecimal.java:110)
	at java.lang.Double.parseDouble(Double.java:538)
	at gpsUtil.GpsUtil.getUserLocation(GpsUtil.java:30)
	at tourGuide.service.TourGuideService.trackUserLocation(TourGuideService.java:84)
	at tourGuide.service.TourGuideService$1.run(TourGuideService.java:103)
Exception in thread "Thread-467" java.lang.NumberFormatException: For input string: "146,354525"
	at sun.misc.FloatingDecimal.readJavaFormatString(FloatingDecimal.java:2043)
	at sun.misc.FloatingDecimal.parseDouble(FloatingDecimal.java:110)
	at java.lang.Double.parseDouble(Double.java:538)
	at gpsUtil.GpsUtil.getUserLocation(GpsUtil.java:30)
	at tourGuide.service.TourGuideService.trackUserLocation(TourGuideService.java:84)
	at tourGuide.service.TourGuideService$1.run(TourGuideService.java:103)
Exception in thread "Thread-408" java.lang.NumberFormatException: For input string: "-139,131262"
	at sun.misc.FloatingDecimal.readJavaFormatString(FloatingDecimal.java:2043)
	at sun.misc.FloatingDecimal.parseDouble(FloatingDecimal.java:110)
	at java.lang.Double.parseDouble(Double.java:538)
	at gpsUtil.GpsUtil.getUserLocation(GpsUtil.java:30)
	at tourGuide.service.TourGuideService.trackUserLocation(TourGuideService.java:84)
	at tourGuide.service.TourGuideService$1.run(TourGuideService.java:103)
Exception in thread "Thread-494" java.lang.NumberFormatException: For input string: "-134,069382"
	at sun.misc.FloatingDecimal.readJavaFormatString(FloatingDecimal.java:2043)
	at sun.misc.FloatingDecimal.parseDouble(FloatingDecimal.java:110)
	at java.lang.Double.parseDouble(Double.java:538)
	at gpsUtil.GpsUtil.getUserLocation(GpsUtil.java:30)
	at tourGuide.service.TourGuideService.trackUserLocation(TourGuideService.java:84)
	at tourGuide.service.TourGuideService$1.run(TourGuideService.java:103)
Exception in thread "Thread-397" java.lang.NumberFormatException: For input string: "130,569620"
	at sun.misc.FloatingDecimal.readJavaFormatString(FloatingDecimal.java:2043)
	at sun.misc.FloatingDecimal.parseDouble(FloatingDecimal.java:110)
	at java.lang.Double.parseDouble(Double.java:538)
	at gpsUtil.GpsUtil.getUserLocation(GpsUtil.java:30)
	at tourGuide.service.TourGuideService.trackUserLocation(TourGuideService.java:84)
	at tourGuide.service.TourGuideService$1.run(TourGuideService.java:103)
Exception in thread "Thread-451" java.lang.NumberFormatException: For input string: "-118,033461"
	at sun.misc.FloatingDecimal.readJavaFormatString(FloatingDecimal.java:2043)
	at sun.misc.FloatingDecimal.parseDouble(FloatingDecimal.java:110)
	at java.lang.Double.parseDouble(Double.java:538)
	at gpsUtil.GpsUtil.getUserLocation(GpsUtil.java:30)
	at tourGuide.service.TourGuideService.trackUserLocation(TourGuideService.java:84)
	at tourGuide.service.TourGuideService$1.run(TourGuideService.java:103)
Exception in thread "Thread-87" java.lang.NumberFormatException: For input string: "14,119999"
	at sun.misc.FloatingDecimal.readJavaFormatString(FloatingDecimal.java:2043)
	at sun.misc.FloatingDecimal.parseDouble(FloatingDecimal.java:110)
	at java.lang.Double.parseDouble(Double.java:538)
	at gpsUtil.GpsUtil.getUserLocation(GpsUtil.java:30)
	at tourGuide.service.TourGuideService.trackUserLocation(TourGuideService.java:84)
	at tourGuide.service.TourGuideService$1.run(TourGuideService.java:103)
Exception in thread "Thread-488" java.lang.NumberFormatException: For input string: "-76,510964"
	at sun.misc.FloatingDecimal.readJavaFormatString(FloatingDecimal.java:2043)
	at sun.misc.FloatingDecimal.parseDouble(FloatingDecimal.java:110)
	at java.lang.Double.parseDouble(Double.java:538)
	at gpsUtil.GpsUtil.getUserLocation(GpsUtil.java:30)
	at tourGuide.service.TourGuideService.trackUserLocation(TourGuideService.java:84)
	at tourGuide.service.TourGuideService$1.run(TourGuideService.java:103)
Exception in thread "Thread-489" java.lang.NumberFormatException: For input string: "-152,187093"
	at sun.misc.FloatingDecimal.readJavaFormatString(FloatingDecimal.java:2043)
	at sun.misc.FloatingDecimal.parseDouble(FloatingDecimal.java:110)
	at java.lang.Double.parseDouble(Double.java:538)
	at gpsUtil.GpsUtil.getUserLocation(GpsUtil.java:30)
	at tourGuide.service.TourGuideService.trackUserLocation(TourGuideService.java:84)
	at tourGuide.service.TourGuideService$1.run(TourGuideService.java:103)
Exception in thread "Thread-452" java.lang.NumberFormatException: For input string: "-99,983546"
	at sun.misc.FloatingDecimal.readJavaFormatString(FloatingDecimal.java:2043)
	at sun.misc.FloatingDecimal.parseDouble(FloatingDecimal.java:110)
	at java.lang.Double.parseDouble(Double.java:538)
	at gpsUtil.GpsUtil.getUserLocation(GpsUtil.java:30)
	at tourGuide.service.TourGuideService.trackUserLocation(TourGuideService.java:84)
	at tourGuide.service.TourGuideService$1.run(TourGuideService.java:103)
Exception in thread "Thread-474" java.lang.NumberFormatException: For input string: "-158,932055"
	at sun.misc.FloatingDecimal.readJavaFormatString(FloatingDecimal.java:2043)
	at sun.misc.FloatingDecimal.parseDouble(FloatingDecimal.java:110)
	at java.lang.Double.parseDouble(Double.java:538)
	at gpsUtil.GpsUtil.getUserLocation(GpsUtil.java:30)
	at tourGuide.service.TourGuideService.trackUserLocation(TourGuideService.java:84)
	at tourGuide.service.TourGuideService$1.run(TourGuideService.java:103)
Exception in thread "Thread-229" java.lang.NumberFormatException: For input string: "141,572755"
	at sun.misc.FloatingDecimal.readJavaFormatString(FloatingDecimal.java:2043)
	at sun.misc.FloatingDecimal.parseDouble(FloatingDecimal.java:110)
	at java.lang.Double.parseDouble(Double.java:538)
	at gpsUtil.GpsUtil.getUserLocation(GpsUtil.java:30)
	at tourGuide.service.TourGuideService.trackUserLocation(TourGuideService.java:84)
	at tourGuide.service.TourGuideService$1.run(TourGuideService.java:103)
Exception in thread "Thread-464" java.lang.NumberFormatException: For input string: "-54,378065"
	at sun.misc.FloatingDecimal.readJavaFormatString(FloatingDecimal.java:2043)
	at sun.misc.FloatingDecimal.parseDouble(FloatingDecimal.java:110)
	at java.lang.Double.parseDouble(Double.java:538)
	at gpsUtil.GpsUtil.getUserLocation(GpsUtil.java:30)
	at tourGuide.service.TourGuideService.trackUserLocation(TourGuideService.java:84)
	at tourGuide.service.TourGuideService$1.run(TourGuideService.java:103)
Exception in thread "Thread-461" java.lang.NumberFormatException: For input string: "-171,739770"
	at sun.misc.FloatingDecimal.readJavaFormatString(FloatingDecimal.java:2043)
	at sun.misc.FloatingDecimal.parseDouble(FloatingDecimal.java:110)
	at java.lang.Double.parseDouble(Double.java:538)
	at gpsUtil.GpsUtil.getUserLocation(GpsUtil.java:30)
	at tourGuide.service.TourGuideService.trackUserLocation(TourGuideService.java:84)
	at tourGuide.service.TourGuideService$1.run(TourGuideService.java:103)
Exception in thread "Thread-502" java.lang.NumberFormatException: For input string: "136,212071"
	at sun.misc.FloatingDecimal.readJavaFormatString(FloatingDecimal.java:2043)
	at sun.misc.FloatingDecimal.parseDouble(FloatingDecimal.java:110)
	at java.lang.Double.parseDouble(Double.java:538)
	at gpsUtil.GpsUtil.getUserLocation(GpsUtil.java:30)
	at tourGuide.service.TourGuideService.trackUserLocation(TourGuideService.java:84)
	at tourGuide.service.TourGuideService$1.run(TourGuideService.java:103)
Exception in thread "Thread-477" java.lang.NumberFormatException: For input string: "-22,880360"
	at sun.misc.FloatingDecimal.readJavaFormatString(FloatingDecimal.java:2043)
	at sun.misc.FloatingDecimal.parseDouble(FloatingDecimal.java:110)
	at java.lang.Double.parseDouble(Double.java:538)
	at gpsUtil.GpsUtil.getUserLocation(GpsUtil.java:30)
	at tourGuide.service.TourGuideService.trackUserLocation(TourGuideService.java:84)
	at tourGuide.service.TourGuideService$1.run(TourGuideService.java:103)
Exception in thread "Thread-496" java.lang.NumberFormatException: For input string: "159,752288"
	at sun.misc.FloatingDecimal.readJavaFormatString(FloatingDecimal.java:2043)
	at sun.misc.FloatingDecimal.parseDouble(FloatingDecimal.java:110)
	at java.lang.Double.parseDouble(Double.java:538)
	at gpsUtil.GpsUtil.getUserLocation(GpsUtil.java:30)
	at tourGuide.service.TourGuideService.trackUserLocation(TourGuideService.java:84)
	at tourGuide.service.TourGuideService$1.run(TourGuideService.java:103)
Exception in thread "Thread-504" java.lang.NumberFormatException: For input string: "-92,302330"
	at sun.misc.FloatingDecimal.readJavaFormatString(FloatingDecimal.java:2043)
	at sun.misc.FloatingDecimal.parseDouble(FloatingDecimal.java:110)
	at java.lang.Double.parseDouble(Double.java:538)
	at gpsUtil.GpsUtil.getUserLocation(GpsUtil.java:30)
	at tourGuide.service.TourGuideService.trackUserLocation(TourGuideService.java:84)
	at tourGuide.service.TourGuideService$1.run(TourGuideService.java:103)
Exception in thread "Thread-455" java.lang.NumberFormatException: For input string: "-58,934411"
	at sun.misc.FloatingDecimal.readJavaFormatString(FloatingDecimal.java:2043)
	at sun.misc.FloatingDecimal.parseDouble(FloatingDecimal.java:110)
	at java.lang.Double.parseDouble(Double.java:538)
	at gpsUtil.GpsUtil.getUserLocation(GpsUtil.java:30)
	at tourGuide.service.TourGuideService.trackUserLocation(TourGuideService.java:84)
	at tourGuide.service.TourGuideService$1.run(TourGuideService.java:103)
Exception in thread "Thread-471" java.lang.NumberFormatException: For input string: "35,518901"
	at sun.misc.FloatingDecimal.readJavaFormatString(FloatingDecimal.java:2043)
	at sun.misc.FloatingDecimal.parseDouble(FloatingDecimal.java:110)
	at java.lang.Double.parseDouble(Double.java:538)
	at gpsUtil.GpsUtil.getUserLocation(GpsUtil.java:30)
	at tourGuide.service.TourGuideService.trackUserLocation(TourGuideService.java:84)
	at tourGuide.service.TourGuideService$1.run(TourGuideService.java:103)
Exception in thread "Thread-492" java.lang.NumberFormatException: For input string: "154,234696"
	at sun.misc.FloatingDecimal.readJavaFormatString(FloatingDecimal.java:2043)
	at sun.misc.FloatingDecimal.parseDouble(FloatingDecimal.java:110)
	at java.lang.Double.parseDouble(Double.java:538)
	at gpsUtil.GpsUtil.getUserLocation(GpsUtil.java:30)
	at tourGuide.service.TourGuideService.trackUserLocation(TourGuideService.java:84)
	at tourGuide.service.TourGuideService$1.run(TourGuideService.java:103)
Exception in thread "Thread-456" java.lang.NumberFormatException: For input string: "-120,229713"
	at sun.misc.FloatingDecimal.readJavaFormatString(FloatingDecimal.java:2043)
	at sun.misc.FloatingDecimal.parseDouble(FloatingDecimal.java:110)
	at java.lang.Double.parseDouble(Double.java:538)
	at gpsUtil.GpsUtil.getUserLocation(GpsUtil.java:30)
	at tourGuide.service.TourGuideService.trackUserLocation(TourGuideService.java:84)
	at tourGuide.service.TourGuideService$1.run(TourGuideService.java:103)
Exception in thread "Thread-476" java.lang.NumberFormatException: For input string: "-75,384093"
	at sun.misc.FloatingDecimal.readJavaFormatString(FloatingDecimal.java:2043)
	at sun.misc.FloatingDecimal.parseDouble(FloatingDecimal.java:110)
	at java.lang.Double.parseDouble(Double.java:538)
	at gpsUtil.GpsUtil.getUserLocation(GpsUtil.java:30)
	at tourGuide.service.TourGuideService.trackUserLocation(TourGuideService.java:84)
	at tourGuide.service.TourGuideService$1.run(TourGuideService.java:103)
Exception in thread "Thread-483" java.lang.NumberFormatException: For input string: "-96,171576"
	at sun.misc.FloatingDecimal.readJavaFormatString(FloatingDecimal.java:2043)
	at sun.misc.FloatingDecimal.parseDouble(FloatingDecimal.java:110)
	at java.lang.Double.parseDouble(Double.java:538)
	at gpsUtil.GpsUtil.getUserLocation(GpsUtil.java:30)
	at tourGuide.service.TourGuideService.trackUserLocation(TourGuideService.java:84)
	at tourGuide.service.TourGuideService$1.run(TourGuideService.java:103)
Exception in thread "Thread-468" java.lang.NumberFormatException: For input string: "79,306578"
	at sun.misc.FloatingDecimal.readJavaFormatString(FloatingDecimal.java:2043)
	at sun.misc.FloatingDecimal.parseDouble(FloatingDecimal.java:110)
	at java.lang.Double.parseDouble(Double.java:538)
	at gpsUtil.GpsUtil.getUserLocation(GpsUtil.java:30)
	at tourGuide.service.TourGuideService.trackUserLocation(TourGuideService.java:84)
	at tourGuide.service.TourGuideService$1.run(TourGuideService.java:103)
Exception in thread "Thread-428" java.lang.NumberFormatException: For input string: "2,011902"
	at sun.misc.FloatingDecimal.readJavaFormatString(FloatingDecimal.java:2043)
	at sun.misc.FloatingDecimal.parseDouble(FloatingDecimal.java:110)
	at java.lang.Double.parseDouble(Double.java:538)
	at gpsUtil.GpsUtil.getUserLocation(GpsUtil.java:30)
	at tourGuide.service.TourGuideService.trackUserLocation(TourGuideService.java:84)
	at tourGuide.service.TourGuideService$1.run(TourGuideService.java:103)
Exception in thread "Thread-484" java.lang.NumberFormatException: For input string: "67,184794"
	at sun.misc.FloatingDecimal.readJavaFormatString(FloatingDecimal.java:2043)
	at sun.misc.FloatingDecimal.parseDouble(FloatingDecimal.java:110)
	at java.lang.Double.parseDouble(Double.java:538)
	at gpsUtil.GpsUtil.getUserLocation(GpsUtil.java:30)
	at tourGuide.service.TourGuideService.trackUserLocation(TourGuideService.java:84)
	at tourGuide.service.TourGuideService$1.run(TourGuideService.java:103)
Exception in thread "Thread-469" java.lang.NumberFormatException: For input string: "-58,084992"
	at sun.misc.FloatingDecimal.readJavaFormatString(FloatingDecimal.java:2043)
	at sun.misc.FloatingDecimal.parseDouble(FloatingDecimal.java:110)
	at java.lang.Double.parseDouble(Double.java:538)
	at gpsUtil.GpsUtil.getUserLocation(GpsUtil.java:30)
	at tourGuide.service.TourGuideService.trackUserLocation(TourGuideService.java:84)
	at tourGuide.service.TourGuideService$1.run(TourGuideService.java:103)
Exception in thread "Thread-500" java.lang.NumberFormatException: For input string: "-21,831402"
	at sun.misc.FloatingDecimal.readJavaFormatString(FloatingDecimal.java:2043)
	at sun.misc.FloatingDecimal.parseDouble(FloatingDecimal.java:110)
	at java.lang.Double.parseDouble(Double.java:538)
	at gpsUtil.GpsUtil.getUserLocation(GpsUtil.java:30)
	at tourGuide.service.TourGuideService.trackUserLocation(TourGuideService.java:84)
	at tourGuide.service.TourGuideService$1.run(TourGuideService.java:103)
Exception in thread "Thread-398" java.lang.NumberFormatException: For input string: "-122,224047"
	at sun.misc.FloatingDecimal.readJavaFormatString(FloatingDecimal.java:2043)
	at sun.misc.FloatingDecimal.parseDouble(FloatingDecimal.java:110)
	at java.lang.Double.parseDouble(Double.java:538)
	at gpsUtil.GpsUtil.getUserLocation(GpsUtil.java:30)
	at tourGuide.service.TourGuideService.trackUserLocation(TourGuideService.java:84)
	at tourGuide.service.TourGuideService$1.run(TourGuideService.java:103)
Exception in thread "Thread-356" java.lang.NumberFormatException: For input string: "145,737016"
	at sun.misc.FloatingDecimal.readJavaFormatString(FloatingDecimal.java:2043)
	at sun.misc.FloatingDecimal.parseDouble(FloatingDecimal.java:110)
	at java.lang.Double.parseDouble(Double.java:538)
	at gpsUtil.GpsUtil.getUserLocation(GpsUtil.java:30)
	at tourGuide.service.TourGuideService.trackUserLocation(TourGuideService.java:84)
	at tourGuide.service.TourGuideService$1.run(TourGuideService.java:103)
Exception in thread "Thread-505" java.lang.NumberFormatException: For input string: "45,197748"
	at sun.misc.FloatingDecimal.readJavaFormatString(FloatingDecimal.java:2043)
	at sun.misc.FloatingDecimal.parseDouble(FloatingDecimal.java:110)
	at java.lang.Double.parseDouble(Double.java:538)
	at gpsUtil.GpsUtil.getUserLocation(GpsUtil.java:30)
	at tourGuide.service.TourGuideService.trackUserLocation(TourGuideService.java:84)
	at tourGuide.service.TourGuideService$1.run(TourGuideService.java:103)
Exception in thread "Thread-300" java.lang.NumberFormatException: For input string: "-38,621437"
	at sun.misc.FloatingDecimal.readJavaFormatString(FloatingDecimal.java:2043)
	at sun.misc.FloatingDecimal.parseDouble(FloatingDecimal.java:110)
	at java.lang.Double.parseDouble(Double.java:538)
	at gpsUtil.GpsUtil.getUserLocation(GpsUtil.java:30)
	at tourGuide.service.TourGuideService.trackUserLocation(TourGuideService.java:84)
	at tourGuide.service.TourGuideService$1.run(TourGuideService.java:103)
Exception in thread "Thread-437" java.lang.NumberFormatException: For input string: "-96,817457"
	at sun.misc.FloatingDecimal.readJavaFormatString(FloatingDecimal.java:2043)
	at sun.misc.FloatingDecimal.parseDouble(FloatingDecimal.java:110)
	at java.lang.Double.parseDouble(Double.java:538)
	at gpsUtil.GpsUtil.getUserLocation(GpsUtil.java:30)
	at tourGuide.service.TourGuideService.trackUserLocation(TourGuideService.java:84)
	at tourGuide.service.TourGuideService$1.run(TourGuideService.java:103)
Exception in thread "Thread-454" java.lang.NumberFormatException: For input string: "72,595413"
	at sun.misc.FloatingDecimal.readJavaFormatString(FloatingDecimal.java:2043)
	at sun.misc.FloatingDecimal.parseDouble(FloatingDecimal.java:110)
	at java.lang.Double.parseDouble(Double.java:538)
	at gpsUtil.GpsUtil.getUserLocation(GpsUtil.java:30)
	at tourGuide.service.TourGuideService.trackUserLocation(TourGuideService.java:84)
	at tourGuide.service.TourGuideService$1.run(TourGuideService.java:103)
Exception in thread "Thread-486" java.lang.NumberFormatException: For input string: "-34,489529"
	at sun.misc.FloatingDecimal.readJavaFormatString(FloatingDecimal.java:2043)
	at sun.misc.FloatingDecimal.parseDouble(FloatingDecimal.java:110)
	at java.lang.Double.parseDouble(Double.java:538)
	at gpsUtil.GpsUtil.getUserLocation(GpsUtil.java:30)
	at tourGuide.service.TourGuideService.trackUserLocation(TourGuideService.java:84)
	at tourGuide.service.TourGuideService$1.run(TourGuideService.java:103)
Exception in thread "Thread-503" java.lang.NumberFormatException: For input string: "-146,046092"
	at sun.misc.FloatingDecimal.readJavaFormatString(FloatingDecimal.java:2043)
	at sun.misc.FloatingDecimal.parseDouble(FloatingDecimal.java:110)
	at java.lang.Double.parseDouble(Double.java:538)
	at gpsUtil.GpsUtil.getUserLocation(GpsUtil.java:30)
	at tourGuide.service.TourGuideService.trackUserLocation(TourGuideService.java:84)
	at tourGuide.service.TourGuideService$1.run(TourGuideService.java:103)
Exception in thread "Thread-473" java.lang.NumberFormatException: For input string: "146,490064"
	at sun.misc.FloatingDecimal.readJavaFormatString(FloatingDecimal.java:2043)
	at sun.misc.FloatingDecimal.parseDouble(FloatingDecimal.java:110)
	at java.lang.Double.parseDouble(Double.java:538)
	at gpsUtil.GpsUtil.getUserLocation(GpsUtil.java:30)
	at tourGuide.service.TourGuideService.trackUserLocation(TourGuideService.java:84)
	at tourGuide.service.TourGuideService$1.run(TourGuideService.java:103)
Exception in thread "Thread-420" java.lang.NumberFormatException: For input string: "172,170425"
	at sun.misc.FloatingDecimal.readJavaFormatString(FloatingDecimal.java:2043)
	at sun.misc.FloatingDecimal.parseDouble(FloatingDecimal.java:110)
	at java.lang.Double.parseDouble(Double.java:538)
	at gpsUtil.GpsUtil.getUserLocation(GpsUtil.java:30)
	at tourGuide.service.TourGuideService.trackUserLocation(TourGuideService.java:84)
	at tourGuide.service.TourGuideService$1.run(TourGuideService.java:103)
Exception in thread "Thread-485" java.lang.NumberFormatException: For input string: "-125,071226"
	at sun.misc.FloatingDecimal.readJavaFormatString(FloatingDecimal.java:2043)
	at sun.misc.FloatingDecimal.parseDouble(FloatingDecimal.java:110)
	at java.lang.Double.parseDouble(Double.java:538)
	at gpsUtil.GpsUtil.getUserLocation(GpsUtil.java:30)
	at tourGuide.service.TourGuideService.trackUserLocation(TourGuideService.java:84)
	at tourGuide.service.TourGuideService$1.run(TourGuideService.java:103)
Exception in thread "Thread-287" java.lang.NumberFormatException: For input string: "65,699816"
	at sun.misc.FloatingDecimal.readJavaFormatString(FloatingDecimal.java:2043)
	at sun.misc.FloatingDecimal.parseDouble(FloatingDecimal.java:110)
	at java.lang.Double.parseDouble(Double.java:538)
	at gpsUtil.GpsUtil.getUserLocation(GpsUtil.java:30)
	at tourGuide.service.TourGuideService.trackUserLocation(TourGuideService.java:84)
	at tourGuide.service.TourGuideService$1.run(TourGuideService.java:103)
Exception in thread "Thread-475" java.lang.NumberFormatException: For input string: "44,214391"
	at sun.misc.FloatingDecimal.readJavaFormatString(FloatingDecimal.java:2043)
	at sun.misc.FloatingDecimal.parseDouble(FloatingDecimal.java:110)
	at java.lang.Double.parseDouble(Double.java:538)
	at gpsUtil.GpsUtil.getUserLocation(GpsUtil.java:30)
	at tourGuide.service.TourGuideService.trackUserLocation(TourGuideService.java:84)
	at tourGuide.service.TourGuideService$1.run(TourGuideService.java:103)
Exception in thread "Thread-463" java.lang.NumberFormatException: For input string: "3,248384"
	at sun.misc.FloatingDecimal.readJavaFormatString(FloatingDecimal.java:2043)
	at sun.misc.FloatingDecimal.parseDouble(FloatingDecimal.java:110)
	at java.lang.Double.parseDouble(Double.java:538)
	at gpsUtil.GpsUtil.getUserLocation(GpsUtil.java:30)
	at tourGuide.service.TourGuideService.trackUserLocation(TourGuideService.java:84)
	at tourGuide.service.TourGuideService$1.run(TourGuideService.java:103)
Exception in thread "Thread-450" java.lang.NumberFormatException: For input string: "142,545588"
	at sun.misc.FloatingDecimal.readJavaFormatString(FloatingDecimal.java:2043)
	at sun.misc.FloatingDecimal.parseDouble(FloatingDecimal.java:110)
	at java.lang.Double.parseDouble(Double.java:538)
	at gpsUtil.GpsUtil.getUserLocation(GpsUtil.java:30)
	at tourGuide.service.TourGuideService.trackUserLocation(TourGuideService.java:84)
	at tourGuide.service.TourGuideService$1.run(TourGuideService.java:103)
]]></system-err>
</testsuite>
