<?xml version="1.0" encoding="UTF-8"?>
<testsuite name="tourGuide.TestRewardsService" tests="3" skipped="1" failures="0" errors="0" timestamp="2022-06-17T10:58:45" hostname="fv-az445-409" time="1.046">
  <properties/>
  <testcase name="nearAllAttractions" classname="tourGuide.TestRewardsService" time="0.001">
    <skipped/>
  </testcase>
  <testcase name="userGetRewards" classname="tourGuide.TestRewardsService" time="1.016"/>
  <testcase name="isWithinAttractionProximity" classname="tourGuide.TestRewardsService" time="0.021"/>
  <system-out><![CDATA[10:58:45.993 [Test worker] INFO tourGuide.service.TourGuideService - TestMode enabled
10:58:46.002 [Test worker] DEBUG tourGuide.service.TourGuideService - Initializing users
10:58:46.015 [Test worker] DEBUG tourGuide.service.TourGuideService - Created 0 internal test users.
10:58:46.017 [Test worker] DEBUG tourGuide.service.TourGuideService - Finished initializing users
10:58:46.054 [pool-1-thread-1] DEBUG tourGuide.tracker.Tracker - Begin Tracker. Tracking 0 users.
10:58:46.060 [pool-1-thread-1] DEBUG tourGuide.tracker.Tracker - Tracker Time Elapsed: 0 seconds.
10:58:46.061 [pool-1-thread-1] DEBUG tourGuide.tracker.Tracker - Tracker sleeping
]]></system-out>
  <system-err><![CDATA[Jun 17, 2022 10:58:46 AM org.javamoney.moneta.DefaultMonetaryContextFactory createMonetaryContextNonNullConfig
INFO: Using custom MathContext: precision=256, roundingMode=HALF_EVEN
]]></system-err>
</testsuite>
