<?xml version="1.0" encoding="UTF-8"?>
<testsuite name="tourGuide.TestPerformance" tests="1" skipped="0" failures="0" errors="0" timestamp="2022-06-10T12:31:11" hostname="ALIENWARE-M15R4" time="1.125">
  <properties/>
  <testcase name="highVolumeTrackLocation" classname="tourGuide.TestPerformance" time="1.125"/>
  <system-out><![CDATA[14:31:12.009 [Test worker] INFO tourGuide.service.TourGuideService - TestMode enabled
14:31:12.018 [Test worker] DEBUG tourGuide.service.TourGuideService - Initializing users
14:31:12.216 [Test worker] DEBUG tourGuide.service.TourGuideService - Created 1000 internal test users.
14:31:12.216 [Test worker] DEBUG tourGuide.service.TourGuideService - Finished initializing users
14:31:12.224 [pool-1-thread-1] DEBUG tourGuide.tracker.Tracker - Begin Tracker. Tracking 1000 users.
highVolumeTrackLocation: Time Elapsed: 0 seconds.
]]></system-out>
  <system-err><![CDATA[juin 10, 2022 2:31:12 PM org.javamoney.moneta.DefaultMonetaryContextFactory createMonetaryContextNonNullConfig
INFOS: Using custom MathContext: precision=256, roundingMode=HALF_EVEN
]]></system-err>
</testsuite>
