<?xml version="1.0" encoding="UTF-8"?>
<testsuite name="tourGuide.TestPerformance" tests="2" skipped="0" failures="0" errors="0" timestamp="2022-06-15T18:33:18" hostname="fv-az139-986" time="213.784">
  <properties/>
  <testcase name="highVolumeTrackLocation" classname="tourGuide.TestPerformance" time="100.878"/>
  <testcase name="highVolumeGetRewards" classname="tourGuide.TestPerformance" time="112.906"/>
  <system-out><![CDATA[18:33:18.239 [Test worker] INFO tourGuide.service.TourGuideService - TestMode enabled
18:33:18.250 [Test worker] DEBUG tourGuide.service.TourGuideService - Initializing users
18:33:19.443 [Test worker] DEBUG tourGuide.service.TourGuideService - Created 100000 internal test users.
18:33:19.444 [Test worker] DEBUG tourGuide.service.TourGuideService - Finished initializing users
18:33:19.483 [pool-1-thread-1] DEBUG tourGuide.tracker.Tracker - Begin Tracker. Tracking 100000 users.
highVolumeTrackLocation: Time Elapsed: 99 seconds.
18:34:58.902 [Test worker] INFO tourGuide.service.TourGuideService - TestMode enabled
18:34:58.903 [Test worker] DEBUG tourGuide.service.TourGuideService - Initializing users
18:34:59.306 [Test worker] DEBUG tourGuide.service.TourGuideService - Created 100000 internal test users.
18:34:59.307 [Test worker] DEBUG tourGuide.service.TourGuideService - Finished initializing users
18:34:59.315 [pool-2-thread-1] DEBUG tourGuide.tracker.Tracker - Begin Tracker. Tracking 100000 users.
highVolumeGetRewards: Time Elapsed: 112 seconds.
]]></system-out>
  <system-err><![CDATA[Jun 15, 2022 6:33:18 PM org.javamoney.moneta.DefaultMonetaryContextFactory createMonetaryContextNonNullConfig
INFO: Using custom MathContext: precision=256, roundingMode=HALF_EVEN
]]></system-err>
</testsuite>
