<?xml version="1.0" encoding="UTF-8"?>
<testsuite name="tourGuide.TestTourGuideService" tests="5" skipped="1" failures="0" errors="0" timestamp="2022-09-30T10:31:14" hostname="ALIENWARE-M15R4" time="0.216">
  <properties/>
  <testcase name="getUserLocation" classname="tourGuide.TestTourGuideService" time="0.072"/>
  <testcase name="addUser" classname="tourGuide.TestTourGuideService" time="0.02"/>
  <testcase name="getAllUsers" classname="tourGuide.TestTourGuideService" time="0.015"/>
  <testcase name="trackUser" classname="tourGuide.TestTourGuideService" time="0.108"/>
  <testcase name="getNearbyAttractions" classname="tourGuide.TestTourGuideService" time="0.0">
    <skipped/>
  </testcase>
  <system-out><![CDATA[12:31:14.445 [Test worker] INFO tourGuide.service.TourGuideService - TestMode enabled
12:31:14.445 [Test worker] DEBUG tourGuide.service.TourGuideService - Initializing users
12:31:14.445 [Test worker] DEBUG tourGuide.service.TourGuideService - Created 0 internal test users.
12:31:14.445 [Test worker] DEBUG tourGuide.service.TourGuideService - Finished initializing users
12:31:14.446 [pool-4-thread-1] DEBUG tourGuide.tracker.Tracker - Begin Tracker. Tracking 0 users.
12:31:14.446 [pool-4-thread-1] DEBUG tourGuide.tracker.Tracker - Tracker Time Elapsed: 0 seconds.
12:31:14.446 [pool-4-thread-1] DEBUG tourGuide.tracker.Tracker - Tracker sleeping
jon
12:31:14.523 [Test worker] INFO tourGuide.service.TourGuideService - TestMode enabled
12:31:14.523 [Test worker] DEBUG tourGuide.service.TourGuideService - Initializing users
12:31:14.523 [Test worker] DEBUG tourGuide.service.TourGuideService - Created 0 internal test users.
12:31:14.523 [Test worker] DEBUG tourGuide.service.TourGuideService - Finished initializing users
12:31:14.524 [pool-5-thread-1] DEBUG tourGuide.tracker.Tracker - Tracker stopping
12:31:14.538 [Test worker] INFO tourGuide.service.TourGuideService - TestMode enabled
12:31:14.538 [Test worker] DEBUG tourGuide.service.TourGuideService - Initializing users
12:31:14.538 [Test worker] DEBUG tourGuide.service.TourGuideService - Created 0 internal test users.
12:31:14.538 [Test worker] DEBUG tourGuide.service.TourGuideService - Finished initializing users
12:31:14.539 [pool-6-thread-1] DEBUG tourGuide.tracker.Tracker - Tracker stopping
12:31:14.554 [Test worker] INFO tourGuide.service.TourGuideService - TestMode enabled
12:31:14.554 [Test worker] DEBUG tourGuide.service.TourGuideService - Initializing users
12:31:14.554 [Test worker] DEBUG tourGuide.service.TourGuideService - Created 0 internal test users.
12:31:14.554 [Test worker] DEBUG tourGuide.service.TourGuideService - Finished initializing users
12:31:14.554 [pool-7-thread-1] DEBUG tourGuide.tracker.Tracker - Begin Tracker. Tracking 0 users.
12:31:14.554 [pool-7-thread-1] DEBUG tourGuide.tracker.Tracker - Tracker Time Elapsed: 0 seconds.
12:31:14.554 [pool-7-thread-1] DEBUG tourGuide.tracker.Tracker - Tracker sleeping
jon
]]></system-out>
  <system-err><![CDATA[]]></system-err>
</testsuite>
