<?xml version="1.0" encoding="UTF-8"?>
<testsuite name="tourGuide.TestTourGuideService" tests="5" skipped="1" failures="0" errors="0" timestamp="2022-05-28T10:21:56" hostname="ALIENWARE-M15R4" time="0.225">
  <properties/>
  <testcase name="getUserLocation" classname="tourGuide.TestTourGuideService" time="0.108"/>
  <testcase name="addUser" classname="tourGuide.TestTourGuideService" time="0.011"/>
  <testcase name="getAllUsers" classname="tourGuide.TestTourGuideService" time="0.011"/>
  <testcase name="trackUser" classname="tourGuide.TestTourGuideService" time="0.094"/>
  <testcase name="getNearbyAttractions" classname="tourGuide.TestTourGuideService" time="0.0">
    <skipped/>
  </testcase>
  <system-out><![CDATA[12:21:56.425 [Test worker] INFO tourGuide.service.TourGuideService - TestMode enabled
12:21:56.425 [Test worker] DEBUG tourGuide.service.TourGuideService - Initializing users
12:21:56.425 [Test worker] DEBUG tourGuide.service.TourGuideService - Created 0 internal test users.
12:21:56.425 [Test worker] DEBUG tourGuide.service.TourGuideService - Finished initializing users
12:21:56.426 [pool-4-thread-1] DEBUG tourGuide.tracker.Tracker - Begin Tracker. Tracking 0 users.
12:21:56.426 [pool-4-thread-1] DEBUG tourGuide.tracker.Tracker - Tracker Time Elapsed: 0 seconds.
12:21:56.426 [pool-4-thread-1] DEBUG tourGuide.tracker.Tracker - Tracker sleeping
12:21:56.535 [Test worker] INFO tourGuide.service.TourGuideService - TestMode enabled
12:21:56.535 [Test worker] DEBUG tourGuide.service.TourGuideService - Initializing users
12:21:56.535 [Test worker] DEBUG tourGuide.service.TourGuideService - Created 0 internal test users.
12:21:56.535 [Test worker] DEBUG tourGuide.service.TourGuideService - Finished initializing users
12:21:56.536 [pool-5-thread-1] DEBUG tourGuide.tracker.Tracker - Tracker stopping
12:21:56.546 [Test worker] INFO tourGuide.service.TourGuideService - TestMode enabled
12:21:56.546 [Test worker] DEBUG tourGuide.service.TourGuideService - Initializing users
12:21:56.546 [Test worker] DEBUG tourGuide.service.TourGuideService - Created 0 internal test users.
12:21:56.546 [Test worker] DEBUG tourGuide.service.TourGuideService - Finished initializing users
12:21:56.547 [pool-6-thread-1] DEBUG tourGuide.tracker.Tracker - Tracker stopping
12:21:56.558 [Test worker] INFO tourGuide.service.TourGuideService - TestMode enabled
12:21:56.558 [Test worker] DEBUG tourGuide.service.TourGuideService - Initializing users
12:21:56.558 [Test worker] DEBUG tourGuide.service.TourGuideService - Created 0 internal test users.
12:21:56.558 [Test worker] DEBUG tourGuide.service.TourGuideService - Finished initializing users
12:21:56.558 [pool-7-thread-1] DEBUG tourGuide.tracker.Tracker - Begin Tracker. Tracking 0 users.
12:21:56.558 [pool-7-thread-1] DEBUG tourGuide.tracker.Tracker - Tracker Time Elapsed: 0 seconds.
12:21:56.559 [pool-7-thread-1] DEBUG tourGuide.tracker.Tracker - Tracker sleeping
]]></system-out>
  <system-err><![CDATA[]]></system-err>
</testsuite>
