<?xml version="1.0" encoding="UTF-8"?>
<testsuite name="tourGuide.TestPerformance" tests="1" skipped="0" failures="0" errors="0" timestamp="2022-05-13T18:11:09" hostname="ALIENWARE-M15R4" time="37.917">
  <properties/>
  <testcase name="highVolumeTrackLocation" classname="tourGuide.TestPerformance" time="37.917"/>
  <system-out><![CDATA[Cores : 16
20:11:09.948 [Test worker] INFO tourGuide.service.TourGuideService - TestMode enabled
20:11:09.948 [Test worker] DEBUG tourGuide.service.TourGuideService - Initializing users
20:11:10.135 [Test worker] DEBUG tourGuide.service.TourGuideService - Created 200 internal test users.
20:11:10.135 [Test worker] DEBUG tourGuide.service.TourGuideService - Finished initializing users
20:11:10.135 [pool-1-thread-1] DEBUG tourGuide.tracker.Tracker - Begin Tracker. Tracking 200 users.
20:11:26.612 [pool-1-thread-1] DEBUG tourGuide.tracker.Tracker - Tracker Time Elapsed: 16 seconds.
20:11:26.612 [pool-1-thread-1] DEBUG tourGuide.tracker.Tracker - Tracker sleeping
highVolumeTrackLocation: Time Elapsed: 37 seconds.
]]></system-out>
  <system-err><![CDATA[mai 13, 2022 8:11:10 PM org.javamoney.moneta.DefaultMonetaryContextFactory createMonetaryContextNonNullConfig
INFOS: Using custom MathContext: precision=256, roundingMode=HALF_EVEN
]]></system-err>
</testsuite>
