<?xml version="1.0" encoding="UTF-8"?>
<testsuite name="tourGuide.TestPerformance" tests="1" skipped="0" failures="0" errors="0" timestamp="2022-05-21T10:24:39" hostname="ALIENWARE-M15R4" time="8.126">
  <properties/>
  <testcase name="highVolumeGetRewards" classname="tourGuide.TestPerformance" time="8.126"/>
  <system-out><![CDATA[12:24:39.718 [Test worker] INFO tourGuide.service.TourGuideService - TestMode enabled
12:24:39.726 [Test worker] DEBUG tourGuide.service.TourGuideService - Initializing users
12:24:39.974 [Test worker] DEBUG tourGuide.service.TourGuideService - Created 10000 internal test users.
12:24:39.975 [Test worker] DEBUG tourGuide.service.TourGuideService - Finished initializing users
12:24:39.983 [pool-1-thread-1] DEBUG tourGuide.tracker.Tracker - Begin Tracker. Tracking 10000 users.
highVolumeGetRewards: Time Elapsed: 8 seconds.
]]></system-out>
  <system-err><![CDATA[mai 21, 2022 12:24:39 PM org.javamoney.moneta.DefaultMonetaryContextFactory createMonetaryContextNonNullConfig
INFOS: Using custom MathContext: precision=256, roundingMode=HALF_EVEN
]]></system-err>
</testsuite>
