<?xml version="1.0" encoding="UTF-8"?>
<testsuite name="tourGuide.TestPerformance" tests="2" skipped="0" failures="0" errors="0" timestamp="2022-05-28T10:21:46" hostname="ALIENWARE-M15R4" time="9.192">
  <properties/>
  <testcase name="highVolumeTrackLocation" classname="tourGuide.TestPerformance" time="1.066"/>
  <testcase name="highVolumeGetRewards" classname="tourGuide.TestPerformance" time="8.126"/>
  <system-out><![CDATA[Cores : 16
12:21:46.393 [Test worker] INFO tourGuide.service.TourGuideService - TestMode enabled
12:21:46.401 [Test worker] DEBUG tourGuide.service.TourGuideService - Initializing users
12:21:46.559 [Test worker] DEBUG tourGuide.service.TourGuideService - Created 50 internal test users.
12:21:46.559 [Test worker] DEBUG tourGuide.service.TourGuideService - Finished initializing users
12:21:46.571 [pool-1-thread-1] DEBUG tourGuide.tracker.Tracker - Begin Tracker. Tracking 50 users.
highVolumeTrackLocation: Time Elapsed: 0 seconds.
12:21:47.281 [Test worker] INFO tourGuide.service.TourGuideService - TestMode enabled
12:21:47.281 [Test worker] DEBUG tourGuide.service.TourGuideService - Initializing users
12:21:47.463 [Test worker] DEBUG tourGuide.service.TourGuideService - Created 10000 internal test users.
12:21:47.463 [Test worker] DEBUG tourGuide.service.TourGuideService - Finished initializing users
12:21:47.467 [pool-2-thread-1] DEBUG tourGuide.tracker.Tracker - Begin Tracker. Tracking 10000 users.
12:21:49.694 [pool-1-thread-1] DEBUG tourGuide.tracker.Tracker - Tracker Time Elapsed: 3 seconds.
12:21:49.694 [pool-1-thread-1] DEBUG tourGuide.tracker.Tracker - Tracker sleeping
highVolumeGetRewards: Time Elapsed: 8 seconds.
]]></system-out>
  <system-err><![CDATA[mai 28, 2022 12:21:46 PM org.javamoney.moneta.DefaultMonetaryContextFactory createMonetaryContextNonNullConfig
INFOS: Using custom MathContext: precision=256, roundingMode=HALF_EVEN
]]></system-err>
</testsuite>
