<?xml version="1.0" encoding="UTF-8"?>
<testsuite name="tourGuide.TestPerformance" tests="1" skipped="0" failures="0" errors="0" timestamp="2022-05-14T10:13:06" hostname="ALIENWARE-M15R4" time="11.222">
  <properties/>
  <testcase name="highVolumeTrackLocation" classname="tourGuide.TestPerformance" time="11.222"/>
  <system-out><![CDATA[Cores : 16
12:13:06.457 [Test worker] INFO tourGuide.service.TourGuideService - TestMode enabled
12:13:06.465 [Test worker] DEBUG tourGuide.service.TourGuideService - Initializing users
12:13:06.563 [Test worker] DEBUG tourGuide.service.TourGuideService - Created 50 internal test users.
12:13:06.563 [Test worker] DEBUG tourGuide.service.TourGuideService - Finished initializing users
12:13:06.573 [pool-1-thread-1] DEBUG tourGuide.tracker.Tracker - Begin Tracker. Tracking 50 users.
internalUser38
internalUser38
internalUser13
internalUser9
internalUser49
internalUser27
internalUser37
internalUser39
internalUser34
internalUser33
internalUser36
internalUser35
internalUser30
internalUser32
internalUser31
internalUser49
internalUser48
internalUser8
internalUser3
internalUser37
internalUser45
internalUser48
internalUser26
internalUser44
internalUser47
internalUser46
internalUser41
internalUser40
internalUser43
internalUser42
internalUser9
internalUser8
internalUser19
internalUser16
internalUser39
internalUser15
internalUser45
internalUser2
internalUser19
internalUser18
internalUser29
internalUser17
internalUser12
internalUser11
internalUser14
internalUser13
internalUser3
internalUser2
internalUser1
internalUser10
internalUser0
internalUser7
internalUser34
internalUser1
internalUser44
internalUser16
internalUser6
internalUser5
internalUser28
internalUser4
internalUser27
internalUser26
internalUser29
internalUser28
internalUser23
internalUser22
internalUser25
internalUser24
internalUser33
internalUser21
internalUser47
internalUser20
12:13:10.980 [pool-1-thread-1] DEBUG tourGuide.tracker.Tracker - Tracker Time Elapsed: 4 seconds.
12:13:10.980 [pool-1-thread-1] DEBUG tourGuide.tracker.Tracker - Tracker sleeping
internalUser10
internalUser15
internalUser23
internalUser36
internalUser46
internalUser0
internalUser18
internalUser22
internalUser35
internalUser41
internalUser17
internalUser7
internalUser25
internalUser30
internalUser40
internalUser12
internalUser6
internalUser24
internalUser32
internalUser43
internalUser5
internalUser11
internalUser21
internalUser31
internalUser42
internalUser4
internalUser14
internalUser20
highVolumeTrackLocation: Time Elapsed: 10 seconds.
]]></system-out>
  <system-err><![CDATA[mai 14, 2022 12:13:06 PM org.javamoney.moneta.DefaultMonetaryContextFactory createMonetaryContextNonNullConfig
INFOS: Using custom MathContext: precision=256, roundingMode=HALF_EVEN
]]></system-err>
</testsuite>
