<?xml version="1.0" encoding="UTF-8"?>
<testsuite name="tourGuide.TestRewardsService" tests="3" skipped="1" failures="0" errors="0" timestamp="2022-05-28T10:21:55" hostname="ALIENWARE-M15R4" time="1.013">
  <properties/>
  <testcase name="nearAllAttractions" classname="tourGuide.TestRewardsService" time="0.0">
    <skipped/>
  </testcase>
  <testcase name="userGetRewards" classname="tourGuide.TestRewardsService" time="0.992"/>
  <testcase name="isWithinAttractionProximity" classname="tourGuide.TestRewardsService" time="0.021"/>
  <system-out><![CDATA[12:21:55.411 [Test worker] INFO tourGuide.service.TourGuideService - TestMode enabled
12:21:55.411 [Test worker] DEBUG tourGuide.service.TourGuideService - Initializing users
12:21:55.412 [Test worker] DEBUG tourGuide.service.TourGuideService - Created 0 internal test users.
12:21:55.412 [Test worker] DEBUG tourGuide.service.TourGuideService - Finished initializing users
12:21:55.413 [pool-3-thread-1] DEBUG tourGuide.tracker.Tracker - Begin Tracker. Tracking 0 users.
12:21:55.413 [pool-3-thread-1] DEBUG tourGuide.tracker.Tracker - Tracker Time Elapsed: 0 seconds.
12:21:55.413 [pool-3-thread-1] DEBUG tourGuide.tracker.Tracker - Tracker sleeping
]]></system-out>
  <system-err><![CDATA[]]></system-err>
</testsuite>
